CRITICAL - 2022-03-06 11:05:40 --> syntax error, unexpected ';', expecting ']'
#0 D:\xammp\htdocs\ci4\system\Autoloader\Autoloader.php(241): CodeIgniter\Autoloader\Autoloader->includeFile('D:\\xammp\\htdocs...')
#1 D:\xammp\htdocs\ci4\system\Autoloader\Autoloader.php(219): CodeIgniter\Autoloader\Autoloader->loadInNamespace('App\\Controllers...')
#2 [internal function]: CodeIgniter\Autoloader\Autoloader->loadClass('App\\Controllers...')
#3 [internal function]: spl_autoload_call('App\\Controllers...')
#4 D:\xammp\htdocs\ci4\system\CodeIgniter.php(790): class_exists('\\App\\Controller...', true)
#5 D:\xammp\htdocs\ci4\system\CodeIgniter.php(399): CodeIgniter\CodeIgniter->startController()
#6 D:\xammp\htdocs\ci4\system\CodeIgniter.php(320): CodeIgniter\CodeIgniter->handleRequest(NULL, Object(Config\Cache), false)
#7 D:\xammp\htdocs\ci4\index.php(37): CodeIgniter\CodeIgniter->run()
#8 {main}
CRITICAL - 2022-03-06 11:05:49 --> syntax error, unexpected 'else' (T_ELSE)
#0 D:\xammp\htdocs\ci4\system\Autoloader\Autoloader.php(241): CodeIgniter\Autoloader\Autoloader->includeFile('D:\\xammp\\htdocs...')
#1 D:\xammp\htdocs\ci4\system\Autoloader\Autoloader.php(219): CodeIgniter\Autoloader\Autoloader->loadInNamespace('App\\Controllers...')
#2 [internal function]: CodeIgniter\Autoloader\Autoloader->loadClass('App\\Controllers...')
#3 [internal function]: spl_autoload_call('App\\Controllers...')
#4 D:\xammp\htdocs\ci4\system\CodeIgniter.php(790): class_exists('\\App\\Controller...', true)
#5 D:\xammp\htdocs\ci4\system\CodeIgniter.php(399): CodeIgniter\CodeIgniter->startController()
#6 D:\xammp\htdocs\ci4\system\CodeIgniter.php(320): CodeIgniter\CodeIgniter->handleRequest(NULL, Object(Config\Cache), false)
#7 D:\xammp\htdocs\ci4\index.php(37): CodeIgniter\CodeIgniter->run()
#8 {main}
CRITICAL - 2022-03-06 11:05:51 --> syntax error, unexpected 'else' (T_ELSE)
#0 D:\xammp\htdocs\ci4\system\Autoloader\Autoloader.php(241): CodeIgniter\Autoloader\Autoloader->includeFile('D:\\xammp\\htdocs...')
#1 D:\xammp\htdocs\ci4\system\Autoloader\Autoloader.php(219): CodeIgniter\Autoloader\Autoloader->loadInNamespace('App\\Controllers...')
#2 [internal function]: CodeIgniter\Autoloader\Autoloader->loadClass('App\\Controllers...')
#3 [internal function]: spl_autoload_call('App\\Controllers...')
#4 D:\xammp\htdocs\ci4\system\CodeIgniter.php(790): class_exists('\\App\\Controller...', true)
#5 D:\xammp\htdocs\ci4\system\CodeIgniter.php(399): CodeIgniter\CodeIgniter->startController()
#6 D:\xammp\htdocs\ci4\system\CodeIgniter.php(320): CodeIgniter\CodeIgniter->handleRequest(NULL, Object(Config\Cache), false)
#7 D:\xammp\htdocs\ci4\index.php(37): CodeIgniter\CodeIgniter->run()
#8 {main}
CRITICAL - 2022-03-06 11:06:00 --> syntax error, unexpected 'else' (T_ELSE)
#0 D:\xammp\htdocs\ci4\system\Autoloader\Autoloader.php(241): CodeIgniter\Autoloader\Autoloader->includeFile('D:\\xammp\\htdocs...')
#1 D:\xammp\htdocs\ci4\system\Autoloader\Autoloader.php(219): CodeIgniter\Autoloader\Autoloader->loadInNamespace('App\\Controllers...')
#2 [internal function]: CodeIgniter\Autoloader\Autoloader->loadClass('App\\Controllers...')
#3 [internal function]: spl_autoload_call('App\\Controllers...')
#4 D:\xammp\htdocs\ci4\system\CodeIgniter.php(790): class_exists('\\App\\Controller...', true)
#5 D:\xammp\htdocs\ci4\system\CodeIgniter.php(399): CodeIgniter\CodeIgniter->startController()
#6 D:\xammp\htdocs\ci4\system\CodeIgniter.php(320): CodeIgniter\CodeIgniter->handleRequest(NULL, Object(Config\Cache), false)
#7 D:\xammp\htdocs\ci4\index.php(37): CodeIgniter\CodeIgniter->run()
#8 {main}
INFO - 2022-03-06 11:06:09 --> Session: Class initialized using 'CodeIgniter\Session\Handlers\FileHandler' driver.
INFO - 2022-03-06 11:06:24 --> Session: Class initialized using 'CodeIgniter\Session\Handlers\FileHandler' driver.
INFO - 2022-03-06 11:06:24 --> Session: Class initialized using 'CodeIgniter\Session\Handlers\FileHandler' driver.
INFO - 2022-03-06 11:06:28 --> Session: Class initialized using 'CodeIgniter\Session\Handlers\FileHandler' driver.
CRITICAL - 2022-03-06 11:06:39 --> syntax error, unexpected 'else' (T_ELSE)
#0 D:\xammp\htdocs\ci4\system\Autoloader\Autoloader.php(241): CodeIgniter\Autoloader\Autoloader->includeFile('D:\\xammp\\htdocs...')
#1 D:\xammp\htdocs\ci4\system\Autoloader\Autoloader.php(219): CodeIgniter\Autoloader\Autoloader->loadInNamespace('App\\Controllers...')
#2 [internal function]: CodeIgniter\Autoloader\Autoloader->loadClass('App\\Controllers...')
#3 [internal function]: spl_autoload_call('App\\Controllers...')
#4 D:\xammp\htdocs\ci4\system\CodeIgniter.php(790): class_exists('\\App\\Controller...', true)
#5 D:\xammp\htdocs\ci4\system\CodeIgniter.php(399): CodeIgniter\CodeIgniter->startController()
#6 D:\xammp\htdocs\ci4\system\CodeIgniter.php(320): CodeIgniter\CodeIgniter->handleRequest(NULL, Object(Config\Cache), false)
#7 D:\xammp\htdocs\ci4\index.php(37): CodeIgniter\CodeIgniter->run()
#8 {main}
CRITICAL - 2022-03-06 11:06:48 --> syntax error, unexpected 'else' (T_ELSE)
#0 D:\xammp\htdocs\ci4\system\Autoloader\Autoloader.php(241): CodeIgniter\Autoloader\Autoloader->includeFile('D:\\xammp\\htdocs...')
#1 D:\xammp\htdocs\ci4\system\Autoloader\Autoloader.php(219): CodeIgniter\Autoloader\Autoloader->loadInNamespace('App\\Controllers...')
#2 [internal function]: CodeIgniter\Autoloader\Autoloader->loadClass('App\\Controllers...')
#3 [internal function]: spl_autoload_call('App\\Controllers...')
#4 D:\xammp\htdocs\ci4\system\CodeIgniter.php(790): class_exists('\\App\\Controller...', true)
#5 D:\xammp\htdocs\ci4\system\CodeIgniter.php(399): CodeIgniter\CodeIgniter->startController()
#6 D:\xammp\htdocs\ci4\system\CodeIgniter.php(320): CodeIgniter\CodeIgniter->handleRequest(NULL, Object(Config\Cache), false)
#7 D:\xammp\htdocs\ci4\index.php(37): CodeIgniter\CodeIgniter->run()
#8 {main}
CRITICAL - 2022-03-06 11:11:01 --> syntax error, unexpected 'else' (T_ELSE)
#0 D:\xammp\htdocs\ci4\system\Autoloader\Autoloader.php(241): CodeIgniter\Autoloader\Autoloader->includeFile('D:\\xammp\\htdocs...')
#1 D:\xammp\htdocs\ci4\system\Autoloader\Autoloader.php(219): CodeIgniter\Autoloader\Autoloader->loadInNamespace('App\\Controllers...')
#2 [internal function]: CodeIgniter\Autoloader\Autoloader->loadClass('App\\Controllers...')
#3 [internal function]: spl_autoload_call('App\\Controllers...')
#4 D:\xammp\htdocs\ci4\system\CodeIgniter.php(790): class_exists('\\App\\Controller...', true)
#5 D:\xammp\htdocs\ci4\system\CodeIgniter.php(399): CodeIgniter\CodeIgniter->startController()
#6 D:\xammp\htdocs\ci4\system\CodeIgniter.php(320): CodeIgniter\CodeIgniter->handleRequest(NULL, Object(Config\Cache), false)
#7 D:\xammp\htdocs\ci4\index.php(37): CodeIgniter\CodeIgniter->run()
#8 {main}
CRITICAL - 2022-03-06 11:11:10 --> syntax error, unexpected 'else' (T_ELSE)
#0 D:\xammp\htdocs\ci4\system\Autoloader\Autoloader.php(241): CodeIgniter\Autoloader\Autoloader->includeFile('D:\\xammp\\htdocs...')
#1 D:\xammp\htdocs\ci4\system\Autoloader\Autoloader.php(219): CodeIgniter\Autoloader\Autoloader->loadInNamespace('App\\Controllers...')
#2 [internal function]: CodeIgniter\Autoloader\Autoloader->loadClass('App\\Controllers...')
#3 [internal function]: spl_autoload_call('App\\Controllers...')
#4 D:\xammp\htdocs\ci4\system\CodeIgniter.php(790): class_exists('\\App\\Controller...', true)
#5 D:\xammp\htdocs\ci4\system\CodeIgniter.php(399): CodeIgniter\CodeIgniter->startController()
#6 D:\xammp\htdocs\ci4\system\CodeIgniter.php(320): CodeIgniter\CodeIgniter->handleRequest(NULL, Object(Config\Cache), false)
#7 D:\xammp\htdocs\ci4\index.php(37): CodeIgniter\CodeIgniter->run()
#8 {main}
CRITICAL - 2022-03-06 11:11:11 --> syntax error, unexpected 'else' (T_ELSE)
#0 D:\xammp\htdocs\ci4\system\Autoloader\Autoloader.php(241): CodeIgniter\Autoloader\Autoloader->includeFile('D:\\xammp\\htdocs...')
#1 D:\xammp\htdocs\ci4\system\Autoloader\Autoloader.php(219): CodeIgniter\Autoloader\Autoloader->loadInNamespace('App\\Controllers...')
#2 [internal function]: CodeIgniter\Autoloader\Autoloader->loadClass('App\\Controllers...')
#3 [internal function]: spl_autoload_call('App\\Controllers...')
#4 D:\xammp\htdocs\ci4\system\CodeIgniter.php(790): class_exists('\\App\\Controller...', true)
#5 D:\xammp\htdocs\ci4\system\CodeIgniter.php(399): CodeIgniter\CodeIgniter->startController()
#6 D:\xammp\htdocs\ci4\system\CodeIgniter.php(320): CodeIgniter\CodeIgniter->handleRequest(NULL, Object(Config\Cache), false)
#7 D:\xammp\htdocs\ci4\index.php(37): CodeIgniter\CodeIgniter->run()
#8 {main}
CRITICAL - 2022-03-06 11:11:11 --> syntax error, unexpected 'else' (T_ELSE)
#0 D:\xammp\htdocs\ci4\system\Autoloader\Autoloader.php(241): CodeIgniter\Autoloader\Autoloader->includeFile('D:\\xammp\\htdocs...')
#1 D:\xammp\htdocs\ci4\system\Autoloader\Autoloader.php(219): CodeIgniter\Autoloader\Autoloader->loadInNamespace('App\\Controllers...')
#2 [internal function]: CodeIgniter\Autoloader\Autoloader->loadClass('App\\Controllers...')
#3 [internal function]: spl_autoload_call('App\\Controllers...')
#4 D:\xammp\htdocs\ci4\system\CodeIgniter.php(790): class_exists('\\App\\Controller...', true)
#5 D:\xammp\htdocs\ci4\system\CodeIgniter.php(399): CodeIgniter\CodeIgniter->startController()
#6 D:\xammp\htdocs\ci4\system\CodeIgniter.php(320): CodeIgniter\CodeIgniter->handleRequest(NULL, Object(Config\Cache), false)
#7 D:\xammp\htdocs\ci4\index.php(37): CodeIgniter\CodeIgniter->run()
#8 {main}
CRITICAL - 2022-03-06 11:11:20 --> syntax error, unexpected 'else' (T_ELSE)
#0 D:\xammp\htdocs\ci4\system\Autoloader\Autoloader.php(241): CodeIgniter\Autoloader\Autoloader->includeFile('D:\\xammp\\htdocs...')
#1 D:\xammp\htdocs\ci4\system\Autoloader\Autoloader.php(219): CodeIgniter\Autoloader\Autoloader->loadInNamespace('App\\Controllers...')
#2 [internal function]: CodeIgniter\Autoloader\Autoloader->loadClass('App\\Controllers...')
#3 [internal function]: spl_autoload_call('App\\Controllers...')
#4 D:\xammp\htdocs\ci4\system\CodeIgniter.php(790): class_exists('\\App\\Controller...', true)
#5 D:\xammp\htdocs\ci4\system\CodeIgniter.php(399): CodeIgniter\CodeIgniter->startController()
#6 D:\xammp\htdocs\ci4\system\CodeIgniter.php(320): CodeIgniter\CodeIgniter->handleRequest(NULL, Object(Config\Cache), false)
#7 D:\xammp\htdocs\ci4\index.php(37): CodeIgniter\CodeIgniter->run()
#8 {main}
CRITICAL - 2022-03-06 11:11:21 --> syntax error, unexpected 'else' (T_ELSE)
#0 D:\xammp\htdocs\ci4\system\Autoloader\Autoloader.php(241): CodeIgniter\Autoloader\Autoloader->includeFile('D:\\xammp\\htdocs...')
#1 D:\xammp\htdocs\ci4\system\Autoloader\Autoloader.php(219): CodeIgniter\Autoloader\Autoloader->loadInNamespace('App\\Controllers...')
#2 [internal function]: CodeIgniter\Autoloader\Autoloader->loadClass('App\\Controllers...')
#3 [internal function]: spl_autoload_call('App\\Controllers...')
#4 D:\xammp\htdocs\ci4\system\CodeIgniter.php(790): class_exists('\\App\\Controller...', true)
#5 D:\xammp\htdocs\ci4\system\CodeIgniter.php(399): CodeIgniter\CodeIgniter->startController()
#6 D:\xammp\htdocs\ci4\system\CodeIgniter.php(320): CodeIgniter\CodeIgniter->handleRequest(NULL, Object(Config\Cache), false)
#7 D:\xammp\htdocs\ci4\index.php(37): CodeIgniter\CodeIgniter->run()
#8 {main}
CRITICAL - 2022-03-06 11:11:21 --> syntax error, unexpected 'else' (T_ELSE)
#0 D:\xammp\htdocs\ci4\system\Autoloader\Autoloader.php(241): CodeIgniter\Autoloader\Autoloader->includeFile('D:\\xammp\\htdocs...')
#1 D:\xammp\htdocs\ci4\system\Autoloader\Autoloader.php(219): CodeIgniter\Autoloader\Autoloader->loadInNamespace('App\\Controllers...')
#2 [internal function]: CodeIgniter\Autoloader\Autoloader->loadClass('App\\Controllers...')
#3 [internal function]: spl_autoload_call('App\\Controllers...')
#4 D:\xammp\htdocs\ci4\system\CodeIgniter.php(790): class_exists('\\App\\Controller...', true)
#5 D:\xammp\htdocs\ci4\system\CodeIgniter.php(399): CodeIgniter\CodeIgniter->startController()
#6 D:\xammp\htdocs\ci4\system\CodeIgniter.php(320): CodeIgniter\CodeIgniter->handleRequest(NULL, Object(Config\Cache), false)
#7 D:\xammp\htdocs\ci4\index.php(37): CodeIgniter\CodeIgniter->run()
#8 {main}
CRITICAL - 2022-03-06 11:11:41 --> syntax error, unexpected 'else' (T_ELSE)
#0 D:\xammp\htdocs\ci4\system\Autoloader\Autoloader.php(241): CodeIgniter\Autoloader\Autoloader->includeFile('D:\\xammp\\htdocs...')
#1 D:\xammp\htdocs\ci4\system\Autoloader\Autoloader.php(219): CodeIgniter\Autoloader\Autoloader->loadInNamespace('App\\Controllers...')
#2 [internal function]: CodeIgniter\Autoloader\Autoloader->loadClass('App\\Controllers...')
#3 [internal function]: spl_autoload_call('App\\Controllers...')
#4 D:\xammp\htdocs\ci4\system\CodeIgniter.php(790): class_exists('\\App\\Controller...', true)
#5 D:\xammp\htdocs\ci4\system\CodeIgniter.php(399): CodeIgniter\CodeIgniter->startController()
#6 D:\xammp\htdocs\ci4\system\CodeIgniter.php(320): CodeIgniter\CodeIgniter->handleRequest(NULL, Object(Config\Cache), false)
#7 D:\xammp\htdocs\ci4\index.php(37): CodeIgniter\CodeIgniter->run()
#8 {main}
CRITICAL - 2022-03-06 11:11:42 --> syntax error, unexpected 'else' (T_ELSE)
#0 D:\xammp\htdocs\ci4\system\Autoloader\Autoloader.php(241): CodeIgniter\Autoloader\Autoloader->includeFile('D:\\xammp\\htdocs...')
#1 D:\xammp\htdocs\ci4\system\Autoloader\Autoloader.php(219): CodeIgniter\Autoloader\Autoloader->loadInNamespace('App\\Controllers...')
#2 [internal function]: CodeIgniter\Autoloader\Autoloader->loadClass('App\\Controllers...')
#3 [internal function]: spl_autoload_call('App\\Controllers...')
#4 D:\xammp\htdocs\ci4\system\CodeIgniter.php(790): class_exists('\\App\\Controller...', true)
#5 D:\xammp\htdocs\ci4\system\CodeIgniter.php(399): CodeIgniter\CodeIgniter->startController()
#6 D:\xammp\htdocs\ci4\system\CodeIgniter.php(320): CodeIgniter\CodeIgniter->handleRequest(NULL, Object(Config\Cache), false)
#7 D:\xammp\htdocs\ci4\index.php(37): CodeIgniter\CodeIgniter->run()
#8 {main}
CRITICAL - 2022-03-06 11:11:42 --> syntax error, unexpected 'else' (T_ELSE)
#0 D:\xammp\htdocs\ci4\system\Autoloader\Autoloader.php(241): CodeIgniter\Autoloader\Autoloader->includeFile('D:\\xammp\\htdocs...')
#1 D:\xammp\htdocs\ci4\system\Autoloader\Autoloader.php(219): CodeIgniter\Autoloader\Autoloader->loadInNamespace('App\\Controllers...')
#2 [internal function]: CodeIgniter\Autoloader\Autoloader->loadClass('App\\Controllers...')
#3 [internal function]: spl_autoload_call('App\\Controllers...')
#4 D:\xammp\htdocs\ci4\system\CodeIgniter.php(790): class_exists('\\App\\Controller...', true)
#5 D:\xammp\htdocs\ci4\system\CodeIgniter.php(399): CodeIgniter\CodeIgniter->startController()
#6 D:\xammp\htdocs\ci4\system\CodeIgniter.php(320): CodeIgniter\CodeIgniter->handleRequest(NULL, Object(Config\Cache), false)
#7 D:\xammp\htdocs\ci4\index.php(37): CodeIgniter\CodeIgniter->run()
#8 {main}
CRITICAL - 2022-03-06 11:17:00 --> syntax error, unexpected 'else' (T_ELSE)
#0 D:\xammp\htdocs\ci4\system\Autoloader\Autoloader.php(241): CodeIgniter\Autoloader\Autoloader->includeFile('D:\\xammp\\htdocs...')
#1 D:\xammp\htdocs\ci4\system\Autoloader\Autoloader.php(219): CodeIgniter\Autoloader\Autoloader->loadInNamespace('App\\Controllers...')
#2 [internal function]: CodeIgniter\Autoloader\Autoloader->loadClass('App\\Controllers...')
#3 [internal function]: spl_autoload_call('App\\Controllers...')
#4 D:\xammp\htdocs\ci4\system\CodeIgniter.php(790): class_exists('\\App\\Controller...', true)
#5 D:\xammp\htdocs\ci4\system\CodeIgniter.php(399): CodeIgniter\CodeIgniter->startController()
#6 D:\xammp\htdocs\ci4\system\CodeIgniter.php(320): CodeIgniter\CodeIgniter->handleRequest(NULL, Object(Config\Cache), false)
#7 D:\xammp\htdocs\ci4\index.php(37): CodeIgniter\CodeIgniter->run()
#8 {main}
CRITICAL - 2022-03-06 11:17:26 --> syntax error, unexpected '}', expecting end of file
#0 D:\xammp\htdocs\ci4\system\Autoloader\Autoloader.php(241): CodeIgniter\Autoloader\Autoloader->includeFile('D:\\xammp\\htdocs...')
#1 D:\xammp\htdocs\ci4\system\Autoloader\Autoloader.php(219): CodeIgniter\Autoloader\Autoloader->loadInNamespace('App\\Controllers...')
#2 [internal function]: CodeIgniter\Autoloader\Autoloader->loadClass('App\\Controllers...')
#3 [internal function]: spl_autoload_call('App\\Controllers...')
#4 D:\xammp\htdocs\ci4\system\CodeIgniter.php(790): class_exists('\\App\\Controller...', true)
#5 D:\xammp\htdocs\ci4\system\CodeIgniter.php(399): CodeIgniter\CodeIgniter->startController()
#6 D:\xammp\htdocs\ci4\system\CodeIgniter.php(320): CodeIgniter\CodeIgniter->handleRequest(NULL, Object(Config\Cache), false)
#7 D:\xammp\htdocs\ci4\index.php(37): CodeIgniter\CodeIgniter->run()
#8 {main}
INFO - 2022-03-06 11:18:42 --> Session: Class initialized using 'CodeIgniter\Session\Handlers\FileHandler' driver.
CRITICAL - 2022-03-06 11:19:03 --> syntax error, unexpected ';', expecting ']'
#0 D:\xammp\htdocs\ci4\system\Autoloader\Autoloader.php(241): CodeIgniter\Autoloader\Autoloader->includeFile('D:\\xammp\\htdocs...')
#1 D:\xammp\htdocs\ci4\system\Autoloader\Autoloader.php(219): CodeIgniter\Autoloader\Autoloader->loadInNamespace('App\\Controllers...')
#2 [internal function]: CodeIgniter\Autoloader\Autoloader->loadClass('App\\Controllers...')
#3 [internal function]: spl_autoload_call('App\\Controllers...')
#4 D:\xammp\htdocs\ci4\system\CodeIgniter.php(790): class_exists('\\App\\Controller...', true)
#5 D:\xammp\htdocs\ci4\system\CodeIgniter.php(399): CodeIgniter\CodeIgniter->startController()
#6 D:\xammp\htdocs\ci4\system\CodeIgniter.php(320): CodeIgniter\CodeIgniter->handleRequest(NULL, Object(Config\Cache), false)
#7 D:\xammp\htdocs\ci4\index.php(37): CodeIgniter\CodeIgniter->run()
#8 {main}
CRITICAL - 2022-03-06 11:19:29 --> syntax error, unexpected ';', expecting ']'
#0 D:\xammp\htdocs\ci4\system\Autoloader\Autoloader.php(241): CodeIgniter\Autoloader\Autoloader->includeFile('D:\\xammp\\htdocs...')
#1 D:\xammp\htdocs\ci4\system\Autoloader\Autoloader.php(219): CodeIgniter\Autoloader\Autoloader->loadInNamespace('App\\Controllers...')
#2 [internal function]: CodeIgniter\Autoloader\Autoloader->loadClass('App\\Controllers...')
#3 [internal function]: spl_autoload_call('App\\Controllers...')
#4 D:\xammp\htdocs\ci4\system\CodeIgniter.php(790): class_exists('\\App\\Controller...', true)
#5 D:\xammp\htdocs\ci4\system\CodeIgniter.php(399): CodeIgniter\CodeIgniter->startController()
#6 D:\xammp\htdocs\ci4\system\CodeIgniter.php(320): CodeIgniter\CodeIgniter->handleRequest(NULL, Object(Config\Cache), false)
#7 D:\xammp\htdocs\ci4\index.php(37): CodeIgniter\CodeIgniter->run()
#8 {main}
INFO - 2022-03-06 11:20:12 --> Session: Class initialized using 'CodeIgniter\Session\Handlers\FileHandler' driver.
INFO - 2022-03-06 11:20:26 --> Session: Class initialized using 'CodeIgniter\Session\Handlers\FileHandler' driver.
INFO - 2022-03-06 11:21:17 --> Session: Class initialized using 'CodeIgniter\Session\Handlers\FileHandler' driver.
INFO - 2022-03-06 11:21:50 --> Session: Class initialized using 'CodeIgniter\Session\Handlers\FileHandler' driver.
INFO - 2022-03-06 11:22:38 --> Session: Class initialized using 'CodeIgniter\Session\Handlers\FileHandler' driver.
ERROR - 2022-03-06 11:23:36 --> Table 'e-commerce.categores' doesn't exist
CRITICAL - 2022-03-06 11:23:36 --> Table 'e-commerce.categores' doesn't exist
#0 D:\xammp\htdocs\ci4\system\Database\MySQLi\Connection.php(292): mysqli->query('SELECT 1\nFROM `...', 0)
#1 D:\xammp\htdocs\ci4\system\Database\BaseConnection.php(670): CodeIgniter\Database\MySQLi\Connection->execute('SELECT 1\nFROM `...')
#2 D:\xammp\htdocs\ci4\system\Database\BaseConnection.php(598): CodeIgniter\Database\BaseConnection->simpleQuery('SELECT 1\nFROM `...')
#3 D:\xammp\htdocs\ci4\system\Database\BaseBuilder.php(1455): CodeIgniter\Database\BaseConnection->query('SELECT 1\nFROM `...', Array, false)
#4 D:\xammp\htdocs\ci4\system\Validation\Rules.php(142): CodeIgniter\Database\BaseBuilder->get()
#5 D:\xammp\htdocs\ci4\system\Validation\Validation.php(292): CodeIgniter\Validation\Rules->is_unique('Electronics', 'cat_name', Array, NULL)
#6 D:\xammp\htdocs\ci4\system\Validation\Validation.php(157): CodeIgniter\Validation\Validation->processRules('cat_name', 'cat_name', 'Electronics', Array, Array)
#7 D:\xammp\htdocs\ci4\system\Controller.php(160): CodeIgniter\Validation\Validation->run()
#8 D:\xammp\htdocs\ci4\app\Controllers\Admin_Categories.php(58): CodeIgniter\Controller->validate(Array)
#9 D:\xammp\htdocs\ci4\system\CodeIgniter.php(825): App\Controllers\Admin_Categories->addCategories()
#10 D:\xammp\htdocs\ci4\system\CodeIgniter.php(412): CodeIgniter\CodeIgniter->runController(Object(App\Controllers\Admin_Categories))
#11 D:\xammp\htdocs\ci4\system\CodeIgniter.php(320): CodeIgniter\CodeIgniter->handleRequest(NULL, Object(Config\Cache), false)
#12 D:\xammp\htdocs\ci4\index.php(37): CodeIgniter\CodeIgniter->run()
#13 {main}
ERROR - 2022-03-06 11:24:01 --> Table 'e-commerce.categores' doesn't exist
CRITICAL - 2022-03-06 11:24:01 --> Table 'e-commerce.categores' doesn't exist
#0 D:\xammp\htdocs\ci4\system\Database\MySQLi\Connection.php(292): mysqli->query('SELECT 1\nFROM `...', 0)
#1 D:\xammp\htdocs\ci4\system\Database\BaseConnection.php(670): CodeIgniter\Database\MySQLi\Connection->execute('SELECT 1\nFROM `...')
#2 D:\xammp\htdocs\ci4\system\Database\BaseConnection.php(598): CodeIgniter\Database\BaseConnection->simpleQuery('SELECT 1\nFROM `...')
#3 D:\xammp\htdocs\ci4\system\Database\BaseBuilder.php(1455): CodeIgniter\Database\BaseConnection->query('SELECT 1\nFROM `...', Array, false)
#4 D:\xammp\htdocs\ci4\system\Validation\Rules.php(142): CodeIgniter\Database\BaseBuilder->get()
#5 D:\xammp\htdocs\ci4\system\Validation\Validation.php(292): CodeIgniter\Validation\Rules->is_unique('Electronics', 'cat_name', Array, NULL)
#6 D:\xammp\htdocs\ci4\system\Validation\Validation.php(157): CodeIgniter\Validation\Validation->processRules('cat_name', 'cat_name', 'Electronics', Array, Array)
#7 D:\xammp\htdocs\ci4\system\Controller.php(160): CodeIgniter\Validation\Validation->run()
#8 D:\xammp\htdocs\ci4\app\Controllers\Admin_Categories.php(58): CodeIgniter\Controller->validate(Array)
#9 D:\xammp\htdocs\ci4\system\CodeIgniter.php(825): App\Controllers\Admin_Categories->addCategories()
#10 D:\xammp\htdocs\ci4\system\CodeIgniter.php(412): CodeIgniter\CodeIgniter->runController(Object(App\Controllers\Admin_Categories))
#11 D:\xammp\htdocs\ci4\system\CodeIgniter.php(320): CodeIgniter\CodeIgniter->handleRequest(NULL, Object(Config\Cache), false)
#12 D:\xammp\htdocs\ci4\index.php(37): CodeIgniter\CodeIgniter->run()
#13 {main}
ERROR - 2022-03-06 11:24:19 --> Table 'e-commerce.categores' doesn't exist
CRITICAL - 2022-03-06 11:24:19 --> Table 'e-commerce.categores' doesn't exist
#0 D:\xammp\htdocs\ci4\system\Database\MySQLi\Connection.php(292): mysqli->query('SELECT 1\nFROM `...', 0)
#1 D:\xammp\htdocs\ci4\system\Database\BaseConnection.php(670): CodeIgniter\Database\MySQLi\Connection->execute('SELECT 1\nFROM `...')
#2 D:\xammp\htdocs\ci4\system\Database\BaseConnection.php(598): CodeIgniter\Database\BaseConnection->simpleQuery('SELECT 1\nFROM `...')
#3 D:\xammp\htdocs\ci4\system\Database\BaseBuilder.php(1455): CodeIgniter\Database\BaseConnection->query('SELECT 1\nFROM `...', Array, false)
#4 D:\xammp\htdocs\ci4\system\Validation\Rules.php(142): CodeIgniter\Database\BaseBuilder->get()
#5 D:\xammp\htdocs\ci4\system\Validation\Validation.php(292): CodeIgniter\Validation\Rules->is_unique('Electronics', 'cat_name', Array, NULL)
#6 D:\xammp\htdocs\ci4\system\Validation\Validation.php(157): CodeIgniter\Validation\Validation->processRules('cat_name', 'cat_name', 'Electronics', Array, Array)
#7 D:\xammp\htdocs\ci4\system\Controller.php(160): CodeIgniter\Validation\Validation->run()
#8 D:\xammp\htdocs\ci4\app\Controllers\Admin_Categories.php(58): CodeIgniter\Controller->validate(Array)
#9 D:\xammp\htdocs\ci4\system\CodeIgniter.php(825): App\Controllers\Admin_Categories->addCategories()
#10 D:\xammp\htdocs\ci4\system\CodeIgniter.php(412): CodeIgniter\CodeIgniter->runController(Object(App\Controllers\Admin_Categories))
#11 D:\xammp\htdocs\ci4\system\CodeIgniter.php(320): CodeIgniter\CodeIgniter->handleRequest(NULL, Object(Config\Cache), false)
#12 D:\xammp\htdocs\ci4\index.php(37): CodeIgniter\CodeIgniter->run()
#13 {main}
ERROR - 2022-03-06 11:25:50 --> Table 'e-commerce.categores' doesn't exist
CRITICAL - 2022-03-06 11:25:50 --> Table 'e-commerce.categores' doesn't exist
#0 D:\xammp\htdocs\ci4\system\Database\MySQLi\Connection.php(292): mysqli->query('SELECT 1\nFROM `...', 0)
#1 D:\xammp\htdocs\ci4\system\Database\BaseConnection.php(670): CodeIgniter\Database\MySQLi\Connection->execute('SELECT 1\nFROM `...')
#2 D:\xammp\htdocs\ci4\system\Database\BaseConnection.php(598): CodeIgniter\Database\BaseConnection->simpleQuery('SELECT 1\nFROM `...')
#3 D:\xammp\htdocs\ci4\system\Database\BaseBuilder.php(1455): CodeIgniter\Database\BaseConnection->query('SELECT 1\nFROM `...', Array, false)
#4 D:\xammp\htdocs\ci4\system\Validation\Rules.php(142): CodeIgniter\Database\BaseBuilder->get()
#5 D:\xammp\htdocs\ci4\system\Validation\Validation.php(292): CodeIgniter\Validation\Rules->is_unique('Electronics', 'cat_name', Array, NULL)
#6 D:\xammp\htdocs\ci4\system\Validation\Validation.php(157): CodeIgniter\Validation\Validation->processRules('cat_name', 'cat_name', 'Electronics', Array, Array)
#7 D:\xammp\htdocs\ci4\system\Controller.php(160): CodeIgniter\Validation\Validation->run()
#8 D:\xammp\htdocs\ci4\app\Controllers\Admin_Categories.php(59): CodeIgniter\Controller->validate(Array)
#9 D:\xammp\htdocs\ci4\system\CodeIgniter.php(825): App\Controllers\Admin_Categories->addCategories()
#10 D:\xammp\htdocs\ci4\system\CodeIgniter.php(412): CodeIgniter\CodeIgniter->runController(Object(App\Controllers\Admin_Categories))
#11 D:\xammp\htdocs\ci4\system\CodeIgniter.php(320): CodeIgniter\CodeIgniter->handleRequest(NULL, Object(Config\Cache), false)
#12 D:\xammp\htdocs\ci4\index.php(37): CodeIgniter\CodeIgniter->run()
#13 {main}
ERROR - 2022-03-06 11:26:34 --> Table 'e-commerce.categores' doesn't exist
CRITICAL - 2022-03-06 11:26:34 --> Table 'e-commerce.categores' doesn't exist
#0 D:\xammp\htdocs\ci4\system\Database\MySQLi\Connection.php(292): mysqli->query('SELECT 1\nFROM `...', 0)
#1 D:\xammp\htdocs\ci4\system\Database\BaseConnection.php(670): CodeIgniter\Database\MySQLi\Connection->execute('SELECT 1\nFROM `...')
#2 D:\xammp\htdocs\ci4\system\Database\BaseConnection.php(598): CodeIgniter\Database\BaseConnection->simpleQuery('SELECT 1\nFROM `...')
#3 D:\xammp\htdocs\ci4\system\Database\BaseBuilder.php(1455): CodeIgniter\Database\BaseConnection->query('SELECT 1\nFROM `...', Array, false)
#4 D:\xammp\htdocs\ci4\system\Validation\Rules.php(142): CodeIgniter\Database\BaseBuilder->get()
#5 D:\xammp\htdocs\ci4\system\Validation\Validation.php(292): CodeIgniter\Validation\Rules->is_unique('Electronics', 'cat_name', Array, NULL)
#6 D:\xammp\htdocs\ci4\system\Validation\Validation.php(157): CodeIgniter\Validation\Validation->processRules('cat_name', 'cat_name', 'Electronics', Array, Array)
#7 D:\xammp\htdocs\ci4\system\Controller.php(160): CodeIgniter\Validation\Validation->run()
#8 D:\xammp\htdocs\ci4\app\Controllers\Admin_Categories.php(59): CodeIgniter\Controller->validate(Array)
#9 D:\xammp\htdocs\ci4\system\CodeIgniter.php(825): App\Controllers\Admin_Categories->addCategories()
#10 D:\xammp\htdocs\ci4\system\CodeIgniter.php(412): CodeIgniter\CodeIgniter->runController(Object(App\Controllers\Admin_Categories))
#11 D:\xammp\htdocs\ci4\system\CodeIgniter.php(320): CodeIgniter\CodeIgniter->handleRequest(NULL, Object(Config\Cache), false)
#12 D:\xammp\htdocs\ci4\index.php(37): CodeIgniter\CodeIgniter->run()
#13 {main}
ERROR - 2022-03-06 11:26:57 --> Table 'e-commerce.categores' doesn't exist
CRITICAL - 2022-03-06 11:26:57 --> Table 'e-commerce.categores' doesn't exist
#0 D:\xammp\htdocs\ci4\system\Database\MySQLi\Connection.php(292): mysqli->query('SELECT 1\nFROM `...', 0)
#1 D:\xammp\htdocs\ci4\system\Database\BaseConnection.php(670): CodeIgniter\Database\MySQLi\Connection->execute('SELECT 1\nFROM `...')
#2 D:\xammp\htdocs\ci4\system\Database\BaseConnection.php(598): CodeIgniter\Database\BaseConnection->simpleQuery('SELECT 1\nFROM `...')
#3 D:\xammp\htdocs\ci4\system\Database\BaseBuilder.php(1455): CodeIgniter\Database\BaseConnection->query('SELECT 1\nFROM `...', Array, false)
#4 D:\xammp\htdocs\ci4\system\Validation\Rules.php(142): CodeIgniter\Database\BaseBuilder->get()
#5 D:\xammp\htdocs\ci4\system\Validation\Validation.php(292): CodeIgniter\Validation\Rules->is_unique('Electronics', 'cat_name', Array, NULL)
#6 D:\xammp\htdocs\ci4\system\Validation\Validation.php(157): CodeIgniter\Validation\Validation->processRules('cat_name', 'cat_name', 'Electronics', Array, Array)
#7 D:\xammp\htdocs\ci4\system\Controller.php(160): CodeIgniter\Validation\Validation->run()
#8 D:\xammp\htdocs\ci4\app\Controllers\Admin_Categories.php(59): CodeIgniter\Controller->validate(Array)
#9 D:\xammp\htdocs\ci4\system\CodeIgniter.php(825): App\Controllers\Admin_Categories->addCategories()
#10 D:\xammp\htdocs\ci4\system\CodeIgniter.php(412): CodeIgniter\CodeIgniter->runController(Object(App\Controllers\Admin_Categories))
#11 D:\xammp\htdocs\ci4\system\CodeIgniter.php(320): CodeIgniter\CodeIgniter->handleRequest(NULL, Object(Config\Cache), false)
#12 D:\xammp\htdocs\ci4\index.php(37): CodeIgniter\CodeIgniter->run()
#13 {main}
ERROR - 2022-03-06 11:27:40 --> Table 'e-commerce.categores' doesn't exist
CRITICAL - 2022-03-06 11:27:40 --> Table 'e-commerce.categores' doesn't exist
#0 D:\xammp\htdocs\ci4\system\Database\MySQLi\Connection.php(292): mysqli->query('SELECT 1\nFROM `...', 0)
#1 D:\xammp\htdocs\ci4\system\Database\BaseConnection.php(670): CodeIgniter\Database\MySQLi\Connection->execute('SELECT 1\nFROM `...')
#2 D:\xammp\htdocs\ci4\system\Database\BaseConnection.php(598): CodeIgniter\Database\BaseConnection->simpleQuery('SELECT 1\nFROM `...')
#3 D:\xammp\htdocs\ci4\system\Database\BaseBuilder.php(1455): CodeIgniter\Database\BaseConnection->query('SELECT 1\nFROM `...', Array, false)
#4 D:\xammp\htdocs\ci4\system\Validation\Rules.php(142): CodeIgniter\Database\BaseBuilder->get()
#5 D:\xammp\htdocs\ci4\system\Validation\Validation.php(292): CodeIgniter\Validation\Rules->is_unique('Electronics', 'cat_name', Array, NULL)
#6 D:\xammp\htdocs\ci4\system\Validation\Validation.php(157): CodeIgniter\Validation\Validation->processRules('cat_name', 'cat_name', 'Electronics', Array, Array)
#7 D:\xammp\htdocs\ci4\system\Controller.php(160): CodeIgniter\Validation\Validation->run()
#8 D:\xammp\htdocs\ci4\app\Controllers\Admin_Categories.php(59): CodeIgniter\Controller->validate(Array)
#9 D:\xammp\htdocs\ci4\system\CodeIgniter.php(825): App\Controllers\Admin_Categories->addCategories()
#10 D:\xammp\htdocs\ci4\system\CodeIgniter.php(412): CodeIgniter\CodeIgniter->runController(Object(App\Controllers\Admin_Categories))
#11 D:\xammp\htdocs\ci4\system\CodeIgniter.php(320): CodeIgniter\CodeIgniter->handleRequest(NULL, Object(Config\Cache), false)
#12 D:\xammp\htdocs\ci4\index.php(37): CodeIgniter\CodeIgniter->run()
#13 {main}
CRITICAL - 2022-03-06 11:28:09 --> syntax error, unexpected '?>', expecting function (T_FUNCTION) or const (T_CONST)
#0 D:\xammp\htdocs\ci4\system\Autoloader\Autoloader.php(241): CodeIgniter\Autoloader\Autoloader->includeFile('D:\\xammp\\htdocs...')
#1 D:\xammp\htdocs\ci4\system\Autoloader\Autoloader.php(219): CodeIgniter\Autoloader\Autoloader->loadInNamespace('App\\Controllers...')
#2 [internal function]: CodeIgniter\Autoloader\Autoloader->loadClass('App\\Controllers...')
#3 [internal function]: spl_autoload_call('App\\Controllers...')
#4 D:\xammp\htdocs\ci4\system\CodeIgniter.php(790): class_exists('\\App\\Controller...', true)
#5 D:\xammp\htdocs\ci4\system\CodeIgniter.php(399): CodeIgniter\CodeIgniter->startController()
#6 D:\xammp\htdocs\ci4\system\CodeIgniter.php(320): CodeIgniter\CodeIgniter->handleRequest(NULL, Object(Config\Cache), false)
#7 D:\xammp\htdocs\ci4\index.php(37): CodeIgniter\CodeIgniter->run()
#8 {main}
CRITICAL - 2022-03-06 11:28:26 --> syntax error, unexpected '?>', expecting function (T_FUNCTION) or const (T_CONST)
#0 D:\xammp\htdocs\ci4\system\Autoloader\Autoloader.php(241): CodeIgniter\Autoloader\Autoloader->includeFile('D:\\xammp\\htdocs...')
#1 D:\xammp\htdocs\ci4\system\Autoloader\Autoloader.php(219): CodeIgniter\Autoloader\Autoloader->loadInNamespace('App\\Controllers...')
#2 [internal function]: CodeIgniter\Autoloader\Autoloader->loadClass('App\\Controllers...')
#3 [internal function]: spl_autoload_call('App\\Controllers...')
#4 D:\xammp\htdocs\ci4\system\CodeIgniter.php(790): class_exists('\\App\\Controller...', true)
#5 D:\xammp\htdocs\ci4\system\CodeIgniter.php(399): CodeIgniter\CodeIgniter->startController()
#6 D:\xammp\htdocs\ci4\system\CodeIgniter.php(320): CodeIgniter\CodeIgniter->handleRequest(NULL, Object(Config\Cache), false)
#7 D:\xammp\htdocs\ci4\index.php(37): CodeIgniter\CodeIgniter->run()
#8 {main}
CRITICAL - 2022-03-06 11:28:28 --> syntax error, unexpected '?>', expecting function (T_FUNCTION) or const (T_CONST)
#0 D:\xammp\htdocs\ci4\system\Autoloader\Autoloader.php(241): CodeIgniter\Autoloader\Autoloader->includeFile('D:\\xammp\\htdocs...')
#1 D:\xammp\htdocs\ci4\system\Autoloader\Autoloader.php(219): CodeIgniter\Autoloader\Autoloader->loadInNamespace('App\\Controllers...')
#2 [internal function]: CodeIgniter\Autoloader\Autoloader->loadClass('App\\Controllers...')
#3 [internal function]: spl_autoload_call('App\\Controllers...')
#4 D:\xammp\htdocs\ci4\system\CodeIgniter.php(790): class_exists('\\App\\Controller...', true)
#5 D:\xammp\htdocs\ci4\system\CodeIgniter.php(399): CodeIgniter\CodeIgniter->startController()
#6 D:\xammp\htdocs\ci4\system\CodeIgniter.php(320): CodeIgniter\CodeIgniter->handleRequest(NULL, Object(Config\Cache), false)
#7 D:\xammp\htdocs\ci4\index.php(37): CodeIgniter\CodeIgniter->run()
#8 {main}
CRITICAL - 2022-03-06 11:28:30 --> syntax error, unexpected '?>', expecting function (T_FUNCTION) or const (T_CONST)
#0 D:\xammp\htdocs\ci4\system\Autoloader\Autoloader.php(241): CodeIgniter\Autoloader\Autoloader->includeFile('D:\\xammp\\htdocs...')
#1 D:\xammp\htdocs\ci4\system\Autoloader\Autoloader.php(219): CodeIgniter\Autoloader\Autoloader->loadInNamespace('App\\Controllers...')
#2 [internal function]: CodeIgniter\Autoloader\Autoloader->loadClass('App\\Controllers...')
#3 [internal function]: spl_autoload_call('App\\Controllers...')
#4 D:\xammp\htdocs\ci4\system\CodeIgniter.php(790): class_exists('\\App\\Controller...', true)
#5 D:\xammp\htdocs\ci4\system\CodeIgniter.php(399): CodeIgniter\CodeIgniter->startController()
#6 D:\xammp\htdocs\ci4\system\CodeIgniter.php(320): CodeIgniter\CodeIgniter->handleRequest(NULL, Object(Config\Cache), false)
#7 D:\xammp\htdocs\ci4\index.php(37): CodeIgniter\CodeIgniter->run()
#8 {main}
INFO - 2022-03-06 11:29:11 --> Session: Class initialized using 'CodeIgniter\Session\Handlers\FileHandler' driver.
INFO - 2022-03-06 11:29:14 --> Session: Class initialized using 'CodeIgniter\Session\Handlers\FileHandler' driver.
ERROR - 2022-03-06 11:29:25 --> Table 'e-commerce.categores' doesn't exist
CRITICAL - 2022-03-06 11:29:25 --> Table 'e-commerce.categores' doesn't exist
#0 D:\xammp\htdocs\ci4\system\Database\MySQLi\Connection.php(292): mysqli->query('SELECT 1\nFROM `...', 0)
#1 D:\xammp\htdocs\ci4\system\Database\BaseConnection.php(670): CodeIgniter\Database\MySQLi\Connection->execute('SELECT 1\nFROM `...')
#2 D:\xammp\htdocs\ci4\system\Database\BaseConnection.php(598): CodeIgniter\Database\BaseConnection->simpleQuery('SELECT 1\nFROM `...')
#3 D:\xammp\htdocs\ci4\system\Database\BaseBuilder.php(1455): CodeIgniter\Database\BaseConnection->query('SELECT 1\nFROM `...', Array, false)
#4 D:\xammp\htdocs\ci4\system\Validation\Rules.php(142): CodeIgniter\Database\BaseBuilder->get()
#5 D:\xammp\htdocs\ci4\system\Validation\Validation.php(292): CodeIgniter\Validation\Rules->is_unique('Electronics', 'cat_name', Array, NULL)
#6 D:\xammp\htdocs\ci4\system\Validation\Validation.php(157): CodeIgniter\Validation\Validation->processRules('cat_name', 'cat_name', 'Electronics', Array, Array)
#7 D:\xammp\htdocs\ci4\system\Controller.php(160): CodeIgniter\Validation\Validation->run()
#8 D:\xammp\htdocs\ci4\app\Controllers\Admin_Categories.php(59): CodeIgniter\Controller->validate(Array)
#9 D:\xammp\htdocs\ci4\system\CodeIgniter.php(825): App\Controllers\Admin_Categories->addCategories()
#10 D:\xammp\htdocs\ci4\system\CodeIgniter.php(412): CodeIgniter\CodeIgniter->runController(Object(App\Controllers\Admin_Categories))
#11 D:\xammp\htdocs\ci4\system\CodeIgniter.php(320): CodeIgniter\CodeIgniter->handleRequest(NULL, Object(Config\Cache), false)
#12 D:\xammp\htdocs\ci4\index.php(37): CodeIgniter\CodeIgniter->run()
#13 {main}
