CRITICAL - 2022-02-22 00:35:56 --> include(../../includes/head.php): failed to open stream: No such file or directory
#0 D:\xammp\htdocs\ci4\app\Views\panel\seller\dashboard.php(3): CodeIgniter\Debug\Exceptions->errorHandler(2, 'include(../../i...', 'D:\\xammp\\htdocs...', 3, Array)
#1 D:\xammp\htdocs\ci4\app\Views\panel\seller\dashboard.php(3): include()
#2 D:\xammp\htdocs\ci4\system\View\View.php(210): include('D:\\xammp\\htdocs...')
#3 D:\xammp\htdocs\ci4\system\View\View.php(213): CodeIgniter\View\View->CodeIgniter\View\{closure}()
#4 D:\xammp\htdocs\ci4\system\Common.php(1089): CodeIgniter\View\View->render('panel/seller/da...', Array, true)
#5 D:\xammp\htdocs\ci4\app\Controllers\Seller_Dashboard.php(10): view('panel/seller/da...')
#6 D:\xammp\htdocs\ci4\system\CodeIgniter.php(825): App\Controllers\Seller_Dashboard->index()
#7 D:\xammp\htdocs\ci4\system\CodeIgniter.php(412): CodeIgniter\CodeIgniter->runController(Object(App\Controllers\Seller_Dashboard))
#8 D:\xammp\htdocs\ci4\system\CodeIgniter.php(320): CodeIgniter\CodeIgniter->handleRequest(NULL, Object(Config\Cache), false)
#9 D:\xammp\htdocs\ci4\index.php(37): CodeIgniter\CodeIgniter->run()
#10 {main}
CRITICAL - 2022-02-22 02:23:37 --> include(../../includes/head.php): failed to open stream: No such file or directory
#0 D:\xammp\htdocs\ci4\app\Views\panel\seller\dashboard.php(3): CodeIgniter\Debug\Exceptions->errorHandler(2, 'include(../../i...', 'D:\\xammp\\htdocs...', 3, Array)
#1 D:\xammp\htdocs\ci4\app\Views\panel\seller\dashboard.php(3): include()
#2 D:\xammp\htdocs\ci4\system\View\View.php(210): include('D:\\xammp\\htdocs...')
#3 D:\xammp\htdocs\ci4\system\View\View.php(213): CodeIgniter\View\View->CodeIgniter\View\{closure}()
#4 D:\xammp\htdocs\ci4\system\Common.php(1089): CodeIgniter\View\View->render('panel/seller/da...', Array, true)
#5 D:\xammp\htdocs\ci4\app\Controllers\Seller_Dashboard.php(10): view('panel/seller/da...')
#6 D:\xammp\htdocs\ci4\system\CodeIgniter.php(825): App\Controllers\Seller_Dashboard->index()
#7 D:\xammp\htdocs\ci4\system\CodeIgniter.php(412): CodeIgniter\CodeIgniter->runController(Object(App\Controllers\Seller_Dashboard))
#8 D:\xammp\htdocs\ci4\system\CodeIgniter.php(320): CodeIgniter\CodeIgniter->handleRequest(NULL, Object(Config\Cache), false)
#9 D:\xammp\htdocs\ci4\index.php(37): CodeIgniter\CodeIgniter->run()
#10 {main}
CRITICAL - 2022-02-22 02:40:55 --> include(../../includes/head.php): failed to open stream: No such file or directory
#0 D:\xammp\htdocs\ci4\app\Views\seller\dashboard.php(3): CodeIgniter\Debug\Exceptions->errorHandler(2, 'include(../../i...', 'D:\\xammp\\htdocs...', 3, Array)
#1 D:\xammp\htdocs\ci4\app\Views\seller\dashboard.php(3): include()
#2 D:\xammp\htdocs\ci4\system\View\View.php(210): include('D:\\xammp\\htdocs...')
#3 D:\xammp\htdocs\ci4\system\View\View.php(213): CodeIgniter\View\View->CodeIgniter\View\{closure}()
#4 D:\xammp\htdocs\ci4\system\Common.php(1089): CodeIgniter\View\View->render('seller/dashboar...', Array, true)
#5 D:\xammp\htdocs\ci4\app\Controllers\Seller_Dashboard.php(10): view('seller/dashboar...')
#6 D:\xammp\htdocs\ci4\system\CodeIgniter.php(825): App\Controllers\Seller_Dashboard->index()
#7 D:\xammp\htdocs\ci4\system\CodeIgniter.php(412): CodeIgniter\CodeIgniter->runController(Object(App\Controllers\Seller_Dashboard))
#8 D:\xammp\htdocs\ci4\system\CodeIgniter.php(320): CodeIgniter\CodeIgniter->handleRequest(NULL, Object(Config\Cache), false)
#9 D:\xammp\htdocs\ci4\index.php(37): CodeIgniter\CodeIgniter->run()
#10 {main}
CRITICAL - 2022-02-22 02:40:56 --> include(../../includes/head.php): failed to open stream: No such file or directory
#0 D:\xammp\htdocs\ci4\app\Views\seller\dashboard.php(3): CodeIgniter\Debug\Exceptions->errorHandler(2, 'include(../../i...', 'D:\\xammp\\htdocs...', 3, Array)
#1 D:\xammp\htdocs\ci4\app\Views\seller\dashboard.php(3): include()
#2 D:\xammp\htdocs\ci4\system\View\View.php(210): include('D:\\xammp\\htdocs...')
#3 D:\xammp\htdocs\ci4\system\View\View.php(213): CodeIgniter\View\View->CodeIgniter\View\{closure}()
#4 D:\xammp\htdocs\ci4\system\Common.php(1089): CodeIgniter\View\View->render('seller/dashboar...', Array, true)
#5 D:\xammp\htdocs\ci4\app\Controllers\Seller_Dashboard.php(10): view('seller/dashboar...')
#6 D:\xammp\htdocs\ci4\system\CodeIgniter.php(825): App\Controllers\Seller_Dashboard->index()
#7 D:\xammp\htdocs\ci4\system\CodeIgniter.php(412): CodeIgniter\CodeIgniter->runController(Object(App\Controllers\Seller_Dashboard))
#8 D:\xammp\htdocs\ci4\system\CodeIgniter.php(320): CodeIgniter\CodeIgniter->handleRequest(NULL, Object(Config\Cache), false)
#9 D:\xammp\htdocs\ci4\index.php(37): CodeIgniter\CodeIgniter->run()
#10 {main}
CRITICAL - 2022-02-22 02:40:57 --> include(../../includes/head.php): failed to open stream: No such file or directory
#0 D:\xammp\htdocs\ci4\app\Views\seller\dashboard.php(3): CodeIgniter\Debug\Exceptions->errorHandler(2, 'include(../../i...', 'D:\\xammp\\htdocs...', 3, Array)
#1 D:\xammp\htdocs\ci4\app\Views\seller\dashboard.php(3): include()
#2 D:\xammp\htdocs\ci4\system\View\View.php(210): include('D:\\xammp\\htdocs...')
#3 D:\xammp\htdocs\ci4\system\View\View.php(213): CodeIgniter\View\View->CodeIgniter\View\{closure}()
#4 D:\xammp\htdocs\ci4\system\Common.php(1089): CodeIgniter\View\View->render('seller/dashboar...', Array, true)
#5 D:\xammp\htdocs\ci4\app\Controllers\Seller_Dashboard.php(10): view('seller/dashboar...')
#6 D:\xammp\htdocs\ci4\system\CodeIgniter.php(825): App\Controllers\Seller_Dashboard->index()
#7 D:\xammp\htdocs\ci4\system\CodeIgniter.php(412): CodeIgniter\CodeIgniter->runController(Object(App\Controllers\Seller_Dashboard))
#8 D:\xammp\htdocs\ci4\system\CodeIgniter.php(320): CodeIgniter\CodeIgniter->handleRequest(NULL, Object(Config\Cache), false)
#9 D:\xammp\htdocs\ci4\index.php(37): CodeIgniter\CodeIgniter->run()
#10 {main}
CRITICAL - 2022-02-22 02:40:57 --> include(../../includes/head.php): failed to open stream: No such file or directory
#0 D:\xammp\htdocs\ci4\app\Views\seller\dashboard.php(3): CodeIgniter\Debug\Exceptions->errorHandler(2, 'include(../../i...', 'D:\\xammp\\htdocs...', 3, Array)
#1 D:\xammp\htdocs\ci4\app\Views\seller\dashboard.php(3): include()
#2 D:\xammp\htdocs\ci4\system\View\View.php(210): include('D:\\xammp\\htdocs...')
#3 D:\xammp\htdocs\ci4\system\View\View.php(213): CodeIgniter\View\View->CodeIgniter\View\{closure}()
#4 D:\xammp\htdocs\ci4\system\Common.php(1089): CodeIgniter\View\View->render('seller/dashboar...', Array, true)
#5 D:\xammp\htdocs\ci4\app\Controllers\Seller_Dashboard.php(10): view('seller/dashboar...')
#6 D:\xammp\htdocs\ci4\system\CodeIgniter.php(825): App\Controllers\Seller_Dashboard->index()
#7 D:\xammp\htdocs\ci4\system\CodeIgniter.php(412): CodeIgniter\CodeIgniter->runController(Object(App\Controllers\Seller_Dashboard))
#8 D:\xammp\htdocs\ci4\system\CodeIgniter.php(320): CodeIgniter\CodeIgniter->handleRequest(NULL, Object(Config\Cache), false)
#9 D:\xammp\htdocs\ci4\index.php(37): CodeIgniter\CodeIgniter->run()
#10 {main}
INFO - 2022-02-22 02:40:58 --> Session: Class initialized using 'CodeIgniter\Session\Handlers\FileHandler' driver.
INFO - 2022-02-22 02:41:35 --> Session: Class initialized using 'CodeIgniter\Session\Handlers\FileHandler' driver.
INFO - 2022-02-22 02:41:40 --> Session: Class initialized using 'CodeIgniter\Session\Handlers\FileHandler' driver.
CRITICAL - 2022-02-22 02:41:40 --> include(../../includes/head.php): failed to open stream: No such file or directory
#0 D:\xammp\htdocs\ci4\app\Views\seller\dashboard.php(3): CodeIgniter\Debug\Exceptions->errorHandler(2, 'include(../../i...', 'D:\\xammp\\htdocs...', 3, Array)
#1 D:\xammp\htdocs\ci4\app\Views\seller\dashboard.php(3): include()
#2 D:\xammp\htdocs\ci4\system\View\View.php(210): include('D:\\xammp\\htdocs...')
#3 D:\xammp\htdocs\ci4\system\View\View.php(213): CodeIgniter\View\View->CodeIgniter\View\{closure}()
#4 D:\xammp\htdocs\ci4\system\Common.php(1089): CodeIgniter\View\View->render('seller/dashboar...', Array, true)
#5 D:\xammp\htdocs\ci4\app\Controllers\Seller_Dashboard.php(10): view('seller/dashboar...')
#6 D:\xammp\htdocs\ci4\system\CodeIgniter.php(825): App\Controllers\Seller_Dashboard->index()
#7 D:\xammp\htdocs\ci4\system\CodeIgniter.php(412): CodeIgniter\CodeIgniter->runController(Object(App\Controllers\Seller_Dashboard))
#8 D:\xammp\htdocs\ci4\system\CodeIgniter.php(320): CodeIgniter\CodeIgniter->handleRequest(NULL, Object(Config\Cache), false)
#9 D:\xammp\htdocs\ci4\index.php(37): CodeIgniter\CodeIgniter->run()
#10 {main}
CRITICAL - 2022-02-22 02:44:06 --> Invalid file: dashboard.php
#0 D:\xammp\htdocs\ci4\system\View\View.php(198): CodeIgniter\Exceptions\FrameworkException::forInvalidFile('dashboard.php')
#1 D:\xammp\htdocs\ci4\system\Common.php(1089): CodeIgniter\View\View->render('dashboard', Array, true)
#2 D:\xammp\htdocs\ci4\app\Controllers\Seller_Dashboard.php(10): view('dashboard')
#3 D:\xammp\htdocs\ci4\system\CodeIgniter.php(825): App\Controllers\Seller_Dashboard->index()
#4 D:\xammp\htdocs\ci4\system\CodeIgniter.php(412): CodeIgniter\CodeIgniter->runController(Object(App\Controllers\Seller_Dashboard))
#5 D:\xammp\htdocs\ci4\system\CodeIgniter.php(320): CodeIgniter\CodeIgniter->handleRequest(NULL, Object(Config\Cache), false)
#6 D:\xammp\htdocs\ci4\index.php(37): CodeIgniter\CodeIgniter->run()
#7 {main}
CRITICAL - 2022-02-22 02:44:07 --> Invalid file: dashboard.php
#0 D:\xammp\htdocs\ci4\system\View\View.php(198): CodeIgniter\Exceptions\FrameworkException::forInvalidFile('dashboard.php')
#1 D:\xammp\htdocs\ci4\system\Common.php(1089): CodeIgniter\View\View->render('dashboard', Array, true)
#2 D:\xammp\htdocs\ci4\app\Controllers\Seller_Dashboard.php(10): view('dashboard')
#3 D:\xammp\htdocs\ci4\system\CodeIgniter.php(825): App\Controllers\Seller_Dashboard->index()
#4 D:\xammp\htdocs\ci4\system\CodeIgniter.php(412): CodeIgniter\CodeIgniter->runController(Object(App\Controllers\Seller_Dashboard))
#5 D:\xammp\htdocs\ci4\system\CodeIgniter.php(320): CodeIgniter\CodeIgniter->handleRequest(NULL, Object(Config\Cache), false)
#6 D:\xammp\htdocs\ci4\index.php(37): CodeIgniter\CodeIgniter->run()
#7 {main}
CRITICAL - 2022-02-22 02:45:21 --> include(../../includes/head.php): failed to open stream: No such file or directory
#0 D:\xammp\htdocs\ci4\app\Views\seller\index.php(3): CodeIgniter\Debug\Exceptions->errorHandler(2, 'include(../../i...', 'D:\\xammp\\htdocs...', 3, Array)
#1 D:\xammp\htdocs\ci4\app\Views\seller\index.php(3): include()
#2 D:\xammp\htdocs\ci4\system\View\View.php(210): include('D:\\xammp\\htdocs...')
#3 D:\xammp\htdocs\ci4\system\View\View.php(213): CodeIgniter\View\View->CodeIgniter\View\{closure}()
#4 D:\xammp\htdocs\ci4\system\Common.php(1089): CodeIgniter\View\View->render('seller/index', Array, true)
#5 D:\xammp\htdocs\ci4\app\Controllers\Seller_Dashboard.php(10): view('seller/index')
#6 D:\xammp\htdocs\ci4\system\CodeIgniter.php(825): App\Controllers\Seller_Dashboard->index()
#7 D:\xammp\htdocs\ci4\system\CodeIgniter.php(412): CodeIgniter\CodeIgniter->runController(Object(App\Controllers\Seller_Dashboard))
#8 D:\xammp\htdocs\ci4\system\CodeIgniter.php(320): CodeIgniter\CodeIgniter->handleRequest(NULL, Object(Config\Cache), false)
#9 D:\xammp\htdocs\ci4\index.php(37): CodeIgniter\CodeIgniter->run()
#10 {main}
CRITICAL - 2022-02-22 02:46:11 --> include(../..includes/head.php): failed to open stream: No such file or directory
#0 D:\xammp\htdocs\ci4\app\Views\seller\index.php(3): CodeIgniter\Debug\Exceptions->errorHandler(2, 'include(../..in...', 'D:\\xammp\\htdocs...', 3, Array)
#1 D:\xammp\htdocs\ci4\app\Views\seller\index.php(3): include()
#2 D:\xammp\htdocs\ci4\system\View\View.php(210): include('D:\\xammp\\htdocs...')
#3 D:\xammp\htdocs\ci4\system\View\View.php(213): CodeIgniter\View\View->CodeIgniter\View\{closure}()
#4 D:\xammp\htdocs\ci4\system\Common.php(1089): CodeIgniter\View\View->render('seller/index', Array, true)
#5 D:\xammp\htdocs\ci4\app\Controllers\Seller_Dashboard.php(10): view('seller/index')
#6 D:\xammp\htdocs\ci4\system\CodeIgniter.php(825): App\Controllers\Seller_Dashboard->index()
#7 D:\xammp\htdocs\ci4\system\CodeIgniter.php(412): CodeIgniter\CodeIgniter->runController(Object(App\Controllers\Seller_Dashboard))
#8 D:\xammp\htdocs\ci4\system\CodeIgniter.php(320): CodeIgniter\CodeIgniter->handleRequest(NULL, Object(Config\Cache), false)
#9 D:\xammp\htdocs\ci4\index.php(37): CodeIgniter\CodeIgniter->run()
#10 {main}
CRITICAL - 2022-02-22 02:46:22 --> include(includes/head.php): failed to open stream: No such file or directory
#0 D:\xammp\htdocs\ci4\app\Views\seller\index.php(3): CodeIgniter\Debug\Exceptions->errorHandler(2, 'include(include...', 'D:\\xammp\\htdocs...', 3, Array)
#1 D:\xammp\htdocs\ci4\app\Views\seller\index.php(3): include()
#2 D:\xammp\htdocs\ci4\system\View\View.php(210): include('D:\\xammp\\htdocs...')
#3 D:\xammp\htdocs\ci4\system\View\View.php(213): CodeIgniter\View\View->CodeIgniter\View\{closure}()
#4 D:\xammp\htdocs\ci4\system\Common.php(1089): CodeIgniter\View\View->render('seller/index', Array, true)
#5 D:\xammp\htdocs\ci4\app\Controllers\Seller_Dashboard.php(10): view('seller/index')
#6 D:\xammp\htdocs\ci4\system\CodeIgniter.php(825): App\Controllers\Seller_Dashboard->index()
#7 D:\xammp\htdocs\ci4\system\CodeIgniter.php(412): CodeIgniter\CodeIgniter->runController(Object(App\Controllers\Seller_Dashboard))
#8 D:\xammp\htdocs\ci4\system\CodeIgniter.php(320): CodeIgniter\CodeIgniter->handleRequest(NULL, Object(Config\Cache), false)
#9 D:\xammp\htdocs\ci4\index.php(37): CodeIgniter\CodeIgniter->run()
#10 {main}
CRITICAL - 2022-02-22 02:46:48 --> include(../includes/head.php): failed to open stream: No such file or directory
#0 D:\xammp\htdocs\ci4\app\Views\seller\index.php(3): CodeIgniter\Debug\Exceptions->errorHandler(2, 'include(../incl...', 'D:\\xammp\\htdocs...', 3, Array)
#1 D:\xammp\htdocs\ci4\app\Views\seller\index.php(3): include()
#2 D:\xammp\htdocs\ci4\system\View\View.php(210): include('D:\\xammp\\htdocs...')
#3 D:\xammp\htdocs\ci4\system\View\View.php(213): CodeIgniter\View\View->CodeIgniter\View\{closure}()
#4 D:\xammp\htdocs\ci4\system\Common.php(1089): CodeIgniter\View\View->render('seller/index', Array, true)
#5 D:\xammp\htdocs\ci4\app\Controllers\Seller_Dashboard.php(10): view('seller/index')
#6 D:\xammp\htdocs\ci4\system\CodeIgniter.php(825): App\Controllers\Seller_Dashboard->index()
#7 D:\xammp\htdocs\ci4\system\CodeIgniter.php(412): CodeIgniter\CodeIgniter->runController(Object(App\Controllers\Seller_Dashboard))
#8 D:\xammp\htdocs\ci4\system\CodeIgniter.php(320): CodeIgniter\CodeIgniter->handleRequest(NULL, Object(Config\Cache), false)
#9 D:\xammp\htdocs\ci4\index.php(37): CodeIgniter\CodeIgniter->run()
#10 {main}
CRITICAL - 2022-02-22 02:47:40 --> Invalid file: seller/index.php
#0 D:\xammp\htdocs\ci4\system\View\View.php(198): CodeIgniter\Exceptions\FrameworkException::forInvalidFile('seller/index.ph...')
#1 D:\xammp\htdocs\ci4\system\Common.php(1089): CodeIgniter\View\View->render('seller/index', Array, true)
#2 D:\xammp\htdocs\ci4\app\Controllers\Seller_Dashboard.php(10): view('seller/index')
#3 D:\xammp\htdocs\ci4\system\CodeIgniter.php(825): App\Controllers\Seller_Dashboard->index()
#4 D:\xammp\htdocs\ci4\system\CodeIgniter.php(412): CodeIgniter\CodeIgniter->runController(Object(App\Controllers\Seller_Dashboard))
#5 D:\xammp\htdocs\ci4\system\CodeIgniter.php(320): CodeIgniter\CodeIgniter->handleRequest(NULL, Object(Config\Cache), false)
#6 D:\xammp\htdocs\ci4\index.php(37): CodeIgniter\CodeIgniter->run()
#7 {main}
CRITICAL - 2022-02-22 02:47:42 --> Invalid file: seller/index.php
#0 D:\xammp\htdocs\ci4\system\View\View.php(198): CodeIgniter\Exceptions\FrameworkException::forInvalidFile('seller/index.ph...')
#1 D:\xammp\htdocs\ci4\system\Common.php(1089): CodeIgniter\View\View->render('seller/index', Array, true)
#2 D:\xammp\htdocs\ci4\app\Controllers\Seller_Dashboard.php(10): view('seller/index')
#3 D:\xammp\htdocs\ci4\system\CodeIgniter.php(825): App\Controllers\Seller_Dashboard->index()
#4 D:\xammp\htdocs\ci4\system\CodeIgniter.php(412): CodeIgniter\CodeIgniter->runController(Object(App\Controllers\Seller_Dashboard))
#5 D:\xammp\htdocs\ci4\system\CodeIgniter.php(320): CodeIgniter\CodeIgniter->handleRequest(NULL, Object(Config\Cache), false)
#6 D:\xammp\htdocs\ci4\index.php(37): CodeIgniter\CodeIgniter->run()
#7 {main}
INFO - 2022-02-22 02:58:24 --> Session: Class initialized using 'CodeIgniter\Session\Handlers\FileHandler' driver.
INFO - 2022-02-22 02:59:17 --> Session: Class initialized using 'CodeIgniter\Session\Handlers\FileHandler' driver.
INFO - 2022-02-22 03:00:02 --> Session: Class initialized using 'CodeIgniter\Session\Handlers\FileHandler' driver.
INFO - 2022-02-22 03:00:19 --> Session: Class initialized using 'CodeIgniter\Session\Handlers\FileHandler' driver.
INFO - 2022-02-22 03:15:23 --> Session: Class initialized using 'CodeIgniter\Session\Handlers\FileHandler' driver.
INFO - 2022-02-22 03:17:53 --> Session: Class initialized using 'CodeIgniter\Session\Handlers\FileHandler' driver.
INFO - 2022-02-22 03:18:45 --> Session: Class initialized using 'CodeIgniter\Session\Handlers\FileHandler' driver.
INFO - 2022-02-22 03:19:12 --> Session: Class initialized using 'CodeIgniter\Session\Handlers\FileHandler' driver.
INFO - 2022-02-22 03:20:07 --> Session: Class initialized using 'CodeIgniter\Session\Handlers\FileHandler' driver.
INFO - 2022-02-22 03:22:36 --> Session: Class initialized using 'CodeIgniter\Session\Handlers\FileHandler' driver.
INFO - 2022-02-22 03:23:56 --> Session: Class initialized using 'CodeIgniter\Session\Handlers\FileHandler' driver.
INFO - 2022-02-22 03:33:51 --> Session: Class initialized using 'CodeIgniter\Session\Handlers\FileHandler' driver.
INFO - 2022-02-22 03:42:45 --> Session: Class initialized using 'CodeIgniter\Session\Handlers\FileHandler' driver.
CRITICAL - 2022-02-22 03:43:32 --> syntax error, unexpected 'namespace' (T_NAMESPACE), expecting identifier (T_STRING) or function (T_FUNCTION) or const (T_CONST) or \\ (T_NS_SEPARATOR)
#0 D:\xammp\htdocs\ci4\system\Router\Router.php(175): CodeIgniter\Router\Router->autoRoute('/profile')
#1 D:\xammp\htdocs\ci4\system\CodeIgniter.php(719): CodeIgniter\Router\Router->handle('/profile')
#2 D:\xammp\htdocs\ci4\system\CodeIgniter.php(361): CodeIgniter\CodeIgniter->tryToRouteIt(Object(CodeIgniter\Router\RouteCollection))
#3 D:\xammp\htdocs\ci4\system\CodeIgniter.php(320): CodeIgniter\CodeIgniter->handleRequest(NULL, Object(Config\Cache), false)
#4 D:\xammp\htdocs\ci4\index.php(37): CodeIgniter\CodeIgniter->run()
#5 {main}
CRITICAL - 2022-02-22 03:44:01 --> syntax error, unexpected 'namespace' (T_NAMESPACE), expecting identifier (T_STRING) or function (T_FUNCTION) or const (T_CONST) or \\ (T_NS_SEPARATOR)
#0 D:\xammp\htdocs\ci4\system\Router\Router.php(175): CodeIgniter\Router\Router->autoRoute('/profile')
#1 D:\xammp\htdocs\ci4\system\CodeIgniter.php(719): CodeIgniter\Router\Router->handle('/profile')
#2 D:\xammp\htdocs\ci4\system\CodeIgniter.php(361): CodeIgniter\CodeIgniter->tryToRouteIt(Object(CodeIgniter\Router\RouteCollection))
#3 D:\xammp\htdocs\ci4\system\CodeIgniter.php(320): CodeIgniter\CodeIgniter->handleRequest(NULL, Object(Config\Cache), false)
#4 D:\xammp\htdocs\ci4\index.php(37): CodeIgniter\CodeIgniter->run()
#5 {main}
INFO - 2022-02-22 03:44:03 --> Session: Class initialized using 'CodeIgniter\Session\Handlers\FileHandler' driver.
CRITICAL - 2022-02-22 03:44:57 --> syntax error, unexpected 'namespace' (T_NAMESPACE), expecting identifier (T_STRING) or function (T_FUNCTION) or const (T_CONST) or \\ (T_NS_SEPARATOR)
#0 D:\xammp\htdocs\ci4\system\Autoloader\Autoloader.php(241): CodeIgniter\Autoloader\Autoloader->includeFile('D:\\xammp\\htdocs...')
#1 D:\xammp\htdocs\ci4\system\Autoloader\Autoloader.php(219): CodeIgniter\Autoloader\Autoloader->loadInNamespace('App\\Controllers...')
#2 [internal function]: CodeIgniter\Autoloader\Autoloader->loadClass('App\\Controllers...')
#3 [internal function]: spl_autoload_call('App\\Controllers...')
#4 D:\xammp\htdocs\ci4\system\CodeIgniter.php(790): class_exists('\\App\\Controller...', true)
#5 D:\xammp\htdocs\ci4\system\CodeIgniter.php(399): CodeIgniter\CodeIgniter->startController()
#6 D:\xammp\htdocs\ci4\system\CodeIgniter.php(320): CodeIgniter\CodeIgniter->handleRequest(NULL, Object(Config\Cache), false)
#7 D:\xammp\htdocs\ci4\index.php(37): CodeIgniter\CodeIgniter->run()
#8 {main}
CRITICAL - 2022-02-22 03:46:05 --> syntax error, unexpected 'namespace' (T_NAMESPACE), expecting identifier (T_STRING) or function (T_FUNCTION) or const (T_CONST) or \\ (T_NS_SEPARATOR)
#0 D:\xammp\htdocs\ci4\system\Autoloader\Autoloader.php(241): CodeIgniter\Autoloader\Autoloader->includeFile('D:\\xammp\\htdocs...')
#1 D:\xammp\htdocs\ci4\system\Autoloader\Autoloader.php(219): CodeIgniter\Autoloader\Autoloader->loadInNamespace('App\\Controllers...')
#2 [internal function]: CodeIgniter\Autoloader\Autoloader->loadClass('App\\Controllers...')
#3 [internal function]: spl_autoload_call('App\\Controllers...')
#4 D:\xammp\htdocs\ci4\system\CodeIgniter.php(790): class_exists('\\App\\Controller...', true)
#5 D:\xammp\htdocs\ci4\system\CodeIgniter.php(399): CodeIgniter\CodeIgniter->startController()
#6 D:\xammp\htdocs\ci4\system\CodeIgniter.php(320): CodeIgniter\CodeIgniter->handleRequest(NULL, Object(Config\Cache), false)
#7 D:\xammp\htdocs\ci4\index.php(37): CodeIgniter\CodeIgniter->run()
#8 {main}
CRITICAL - 2022-02-22 03:46:57 --> syntax error, unexpected 'namespace' (T_NAMESPACE), expecting identifier (T_STRING) or function (T_FUNCTION) or const (T_CONST) or \\ (T_NS_SEPARATOR)
#0 D:\xammp\htdocs\ci4\system\Autoloader\Autoloader.php(241): CodeIgniter\Autoloader\Autoloader->includeFile('D:\\xammp\\htdocs...')
#1 D:\xammp\htdocs\ci4\system\Autoloader\Autoloader.php(219): CodeIgniter\Autoloader\Autoloader->loadInNamespace('App\\Controllers...')
#2 [internal function]: CodeIgniter\Autoloader\Autoloader->loadClass('App\\Controllers...')
#3 [internal function]: spl_autoload_call('App\\Controllers...')
#4 D:\xammp\htdocs\ci4\system\CodeIgniter.php(790): class_exists('\\App\\Controller...', true)
#5 D:\xammp\htdocs\ci4\system\CodeIgniter.php(399): CodeIgniter\CodeIgniter->startController()
#6 D:\xammp\htdocs\ci4\system\CodeIgniter.php(320): CodeIgniter\CodeIgniter->handleRequest(NULL, Object(Config\Cache), false)
#7 D:\xammp\htdocs\ci4\index.php(37): CodeIgniter\CodeIgniter->run()
#8 {main}
CRITICAL - 2022-02-22 03:47:35 --> syntax error, unexpected 'namespace' (T_NAMESPACE), expecting identifier (T_STRING) or function (T_FUNCTION) or const (T_CONST) or \\ (T_NS_SEPARATOR)
#0 D:\xammp\htdocs\ci4\system\Autoloader\Autoloader.php(241): CodeIgniter\Autoloader\Autoloader->includeFile('D:\\xammp\\htdocs...')
#1 D:\xammp\htdocs\ci4\system\Autoloader\Autoloader.php(219): CodeIgniter\Autoloader\Autoloader->loadInNamespace('App\\Controllers...')
#2 [internal function]: CodeIgniter\Autoloader\Autoloader->loadClass('App\\Controllers...')
#3 [internal function]: spl_autoload_call('App\\Controllers...')
#4 D:\xammp\htdocs\ci4\system\CodeIgniter.php(790): class_exists('\\App\\Controller...', true)
#5 D:\xammp\htdocs\ci4\system\CodeIgniter.php(399): CodeIgniter\CodeIgniter->startController()
#6 D:\xammp\htdocs\ci4\system\CodeIgniter.php(320): CodeIgniter\CodeIgniter->handleRequest(NULL, Object(Config\Cache), false)
#7 D:\xammp\htdocs\ci4\index.php(37): CodeIgniter\CodeIgniter->run()
#8 {main}
CRITICAL - 2022-02-22 03:48:12 --> syntax error, unexpected 'namespace' (T_NAMESPACE), expecting identifier (T_STRING) or function (T_FUNCTION) or const (T_CONST) or \\ (T_NS_SEPARATOR)
#0 D:\xammp\htdocs\ci4\system\Autoloader\Autoloader.php(241): CodeIgniter\Autoloader\Autoloader->includeFile('D:\\xammp\\htdocs...')
#1 D:\xammp\htdocs\ci4\system\Autoloader\Autoloader.php(219): CodeIgniter\Autoloader\Autoloader->loadInNamespace('App\\Controllers...')
#2 [internal function]: CodeIgniter\Autoloader\Autoloader->loadClass('App\\Controllers...')
#3 [internal function]: spl_autoload_call('App\\Controllers...')
#4 D:\xammp\htdocs\ci4\system\CodeIgniter.php(790): class_exists('\\App\\Controller...', true)
#5 D:\xammp\htdocs\ci4\system\CodeIgniter.php(399): CodeIgniter\CodeIgniter->startController()
#6 D:\xammp\htdocs\ci4\system\CodeIgniter.php(320): CodeIgniter\CodeIgniter->handleRequest(NULL, Object(Config\Cache), false)
#7 D:\xammp\htdocs\ci4\index.php(37): CodeIgniter\CodeIgniter->run()
#8 {main}
INFO - 2022-02-22 03:52:02 --> Session: Class initialized using 'CodeIgniter\Session\Handlers\FileHandler' driver.
INFO - 2022-02-22 03:52:08 --> Session: Class initialized using 'CodeIgniter\Session\Handlers\FileHandler' driver.
INFO - 2022-02-22 03:55:35 --> Session: Class initialized using 'CodeIgniter\Session\Handlers\FileHandler' driver.
CRITICAL - 2022-02-22 03:55:41 --> syntax error, unexpected 'namespace' (T_NAMESPACE), expecting identifier (T_STRING) or function (T_FUNCTION) or const (T_CONST) or \\ (T_NS_SEPARATOR)
#0 D:\xammp\htdocs\ci4\system\Autoloader\Autoloader.php(241): CodeIgniter\Autoloader\Autoloader->includeFile('D:\\xammp\\htdocs...')
#1 D:\xammp\htdocs\ci4\system\Autoloader\Autoloader.php(219): CodeIgniter\Autoloader\Autoloader->loadInNamespace('App\\Controllers...')
#2 [internal function]: CodeIgniter\Autoloader\Autoloader->loadClass('App\\Controllers...')
#3 [internal function]: spl_autoload_call('App\\Controllers...')
#4 D:\xammp\htdocs\ci4\system\CodeIgniter.php(790): class_exists('\\App\\Controller...', true)
#5 D:\xammp\htdocs\ci4\system\CodeIgniter.php(399): CodeIgniter\CodeIgniter->startController()
#6 D:\xammp\htdocs\ci4\system\CodeIgniter.php(320): CodeIgniter\CodeIgniter->handleRequest(NULL, Object(Config\Cache), false)
#7 D:\xammp\htdocs\ci4\index.php(37): CodeIgniter\CodeIgniter->run()
#8 {main}
INFO - 2022-02-22 03:57:10 --> Session: Class initialized using 'CodeIgniter\Session\Handlers\FileHandler' driver.
CRITICAL - 2022-02-22 03:57:18 --> syntax error, unexpected 'namespace' (T_NAMESPACE), expecting identifier (T_STRING) or function (T_FUNCTION) or const (T_CONST) or \\ (T_NS_SEPARATOR)
#0 D:\xammp\htdocs\ci4\system\Router\Router.php(175): CodeIgniter\Router\Router->autoRoute('/Profile')
#1 D:\xammp\htdocs\ci4\system\CodeIgniter.php(719): CodeIgniter\Router\Router->handle('/Profile')
#2 D:\xammp\htdocs\ci4\system\CodeIgniter.php(361): CodeIgniter\CodeIgniter->tryToRouteIt(Object(CodeIgniter\Router\RouteCollection))
#3 D:\xammp\htdocs\ci4\system\CodeIgniter.php(320): CodeIgniter\CodeIgniter->handleRequest(NULL, Object(Config\Cache), false)
#4 D:\xammp\htdocs\ci4\index.php(37): CodeIgniter\CodeIgniter->run()
#5 {main}
INFO - 2022-02-22 03:57:21 --> Session: Class initialized using 'CodeIgniter\Session\Handlers\FileHandler' driver.
CRITICAL - 2022-02-22 03:57:33 --> syntax error, unexpected 'namespace' (T_NAMESPACE), expecting identifier (T_STRING) or function (T_FUNCTION) or const (T_CONST) or \\ (T_NS_SEPARATOR)
#0 D:\xammp\htdocs\ci4\system\Autoloader\Autoloader.php(241): CodeIgniter\Autoloader\Autoloader->includeFile('D:\\xammp\\htdocs...')
#1 D:\xammp\htdocs\ci4\system\Autoloader\Autoloader.php(219): CodeIgniter\Autoloader\Autoloader->loadInNamespace('App\\Controllers...')
#2 [internal function]: CodeIgniter\Autoloader\Autoloader->loadClass('App\\Controllers...')
#3 [internal function]: spl_autoload_call('App\\Controllers...')
#4 D:\xammp\htdocs\ci4\system\CodeIgniter.php(790): class_exists('\\App\\Controller...', true)
#5 D:\xammp\htdocs\ci4\system\CodeIgniter.php(399): CodeIgniter\CodeIgniter->startController()
#6 D:\xammp\htdocs\ci4\system\CodeIgniter.php(320): CodeIgniter\CodeIgniter->handleRequest(NULL, Object(Config\Cache), false)
#7 D:\xammp\htdocs\ci4\index.php(37): CodeIgniter\CodeIgniter->run()
#8 {main}
INFO - 2022-02-22 03:57:35 --> Session: Class initialized using 'CodeIgniter\Session\Handlers\FileHandler' driver.
INFO - 2022-02-22 03:59:39 --> Session: Class initialized using 'CodeIgniter\Session\Handlers\FileHandler' driver.
INFO - 2022-02-22 04:01:15 --> Session: Class initialized using 'CodeIgniter\Session\Handlers\FileHandler' driver.
CRITICAL - 2022-02-22 04:01:15 --> syntax error, unexpected ';', expecting '('
#0 D:\xammp\htdocs\ci4\system\View\View.php(210): include()
#1 D:\xammp\htdocs\ci4\system\View\View.php(213): CodeIgniter\View\View->CodeIgniter\View\{closure}()
#2 D:\xammp\htdocs\ci4\system\Common.php(1089): CodeIgniter\View\View->render('panel/seller/in...', Array, true)
#3 D:\xammp\htdocs\ci4\app\Controllers\Seller_Dashboard.php(9): view('panel/seller/in...')
#4 D:\xammp\htdocs\ci4\system\CodeIgniter.php(825): App\Controllers\Seller_Dashboard->index()
#5 D:\xammp\htdocs\ci4\system\CodeIgniter.php(412): CodeIgniter\CodeIgniter->runController(Object(App\Controllers\Seller_Dashboard))
#6 D:\xammp\htdocs\ci4\system\CodeIgniter.php(320): CodeIgniter\CodeIgniter->handleRequest(NULL, Object(Config\Cache), false)
#7 D:\xammp\htdocs\ci4\index.php(37): CodeIgniter\CodeIgniter->run()
#8 {main}
INFO - 2022-02-22 04:01:41 --> Session: Class initialized using 'CodeIgniter\Session\Handlers\FileHandler' driver.
INFO - 2022-02-22 04:02:31 --> Session: Class initialized using 'CodeIgniter\Session\Handlers\FileHandler' driver.
INFO - 2022-02-22 04:03:05 --> Session: Class initialized using 'CodeIgniter\Session\Handlers\FileHandler' driver.
CRITICAL - 2022-02-22 04:03:34 --> syntax error, unexpected 'namespace' (T_NAMESPACE), expecting identifier (T_STRING) or function (T_FUNCTION) or const (T_CONST) or \\ (T_NS_SEPARATOR)
#0 D:\xammp\htdocs\ci4\system\Autoloader\Autoloader.php(241): CodeIgniter\Autoloader\Autoloader->includeFile('D:\\xammp\\htdocs...')
#1 D:\xammp\htdocs\ci4\system\Autoloader\Autoloader.php(219): CodeIgniter\Autoloader\Autoloader->loadInNamespace('App\\Controllers...')
#2 [internal function]: CodeIgniter\Autoloader\Autoloader->loadClass('App\\Controllers...')
#3 [internal function]: spl_autoload_call('App\\Controllers...')
#4 D:\xammp\htdocs\ci4\system\CodeIgniter.php(790): class_exists('\\App\\Controller...', true)
#5 D:\xammp\htdocs\ci4\system\CodeIgniter.php(399): CodeIgniter\CodeIgniter->startController()
#6 D:\xammp\htdocs\ci4\system\CodeIgniter.php(320): CodeIgniter\CodeIgniter->handleRequest(NULL, Object(Config\Cache), false)
#7 D:\xammp\htdocs\ci4\index.php(37): CodeIgniter\CodeIgniter->run()
#8 {main}
INFO - 2022-02-22 04:03:36 --> Session: Class initialized using 'CodeIgniter\Session\Handlers\FileHandler' driver.
INFO - 2022-02-22 04:05:27 --> Session: Class initialized using 'CodeIgniter\Session\Handlers\FileHandler' driver.
INFO - 2022-02-22 04:05:30 --> Session: Class initialized using 'CodeIgniter\Session\Handlers\FileHandler' driver.
INFO - 2022-02-22 04:13:00 --> Session: Class initialized using 'CodeIgniter\Session\Handlers\FileHandler' driver.
INFO - 2022-02-22 04:13:07 --> Session: Class initialized using 'CodeIgniter\Session\Handlers\FileHandler' driver.
INFO - 2022-02-22 04:16:18 --> Session: Class initialized using 'CodeIgniter\Session\Handlers\FileHandler' driver.
INFO - 2022-02-22 04:16:25 --> Session: Class initialized using 'CodeIgniter\Session\Handlers\FileHandler' driver.
INFO - 2022-02-22 04:20:14 --> Session: Class initialized using 'CodeIgniter\Session\Handlers\FileHandler' driver.
INFO - 2022-02-22 04:20:18 --> Session: Class initialized using 'CodeIgniter\Session\Handlers\FileHandler' driver.
INFO - 2022-02-22 04:25:23 --> Session: Class initialized using 'CodeIgniter\Session\Handlers\FileHandler' driver.
INFO - 2022-02-22 04:26:31 --> Session: Class initialized using 'CodeIgniter\Session\Handlers\FileHandler' driver.
INFO - 2022-02-22 04:26:31 --> Session: Class initialized using 'CodeIgniter\Session\Handlers\FileHandler' driver.
INFO - 2022-02-22 06:27:51 --> Session: Class initialized using 'CodeIgniter\Session\Handlers\FileHandler' driver.
INFO - 2022-02-22 06:29:36 --> Session: Class initialized using 'CodeIgniter\Session\Handlers\FileHandler' driver.
INFO - 2022-02-22 06:30:10 --> Session: Class initialized using 'CodeIgniter\Session\Handlers\FileHandler' driver.
INFO - 2022-02-22 06:32:19 --> Session: Class initialized using 'CodeIgniter\Session\Handlers\FileHandler' driver.
INFO - 2022-02-22 06:33:11 --> Session: Class initialized using 'CodeIgniter\Session\Handlers\FileHandler' driver.
INFO - 2022-02-22 06:33:13 --> Session: Class initialized using 'CodeIgniter\Session\Handlers\FileHandler' driver.
CRITICAL - 2022-02-22 06:37:23 --> Invalid file: admin/login.php
#0 C:\xampp\htdocs\ci4\system\View\View.php(198): CodeIgniter\Exceptions\FrameworkException::forInvalidFile('admin/login.php')
#1 C:\xampp\htdocs\ci4\system\Common.php(1089): CodeIgniter\View\View->render('admin/login', Array, true)
#2 C:\xampp\htdocs\ci4\app\Controllers\Admin.php(14): view('admin/login')
#3 C:\xampp\htdocs\ci4\system\CodeIgniter.php(825): App\Controllers\Admin->index()
#4 C:\xampp\htdocs\ci4\system\CodeIgniter.php(412): CodeIgniter\CodeIgniter->runController(Object(App\Controllers\Admin))
#5 C:\xampp\htdocs\ci4\system\CodeIgniter.php(320): CodeIgniter\CodeIgniter->handleRequest(NULL, Object(Config\Cache), false)
#6 C:\xampp\htdocs\ci4\index.php(37): CodeIgniter\CodeIgniter->run()
#7 {main}
INFO - 2022-02-22 06:47:41 --> Session: Class initialized using 'CodeIgniter\Session\Handlers\FileHandler' driver.
INFO - 2022-02-22 06:47:48 --> Session: Class initialized using 'CodeIgniter\Session\Handlers\FileHandler' driver.
INFO - 2022-02-22 06:47:57 --> Session: Class initialized using 'CodeIgniter\Session\Handlers\FileHandler' driver.
INFO - 2022-02-22 06:50:33 --> Session: Class initialized using 'CodeIgniter\Session\Handlers\FileHandler' driver.
INFO - 2022-02-22 06:50:41 --> Session: Class initialized using 'CodeIgniter\Session\Handlers\FileHandler' driver.
INFO - 2022-02-22 06:50:41 --> Session: Class initialized using 'CodeIgniter\Session\Handlers\FileHandler' driver.
INFO - 2022-02-22 06:51:02 --> Session: Class initialized using 'CodeIgniter\Session\Handlers\FileHandler' driver.
INFO - 2022-02-22 06:51:02 --> Session: Class initialized using 'CodeIgniter\Session\Handlers\FileHandler' driver.
INFO - 2022-02-22 06:54:58 --> Session: Class initialized using 'CodeIgniter\Session\Handlers\FileHandler' driver.
CRITICAL - 2022-02-22 06:55:13 --> Class "App\Libraries\Validation" not found
#0 C:\xampp\htdocs\ci4\system\CodeIgniter.php(825): App\Controllers\Admin->check()
#1 C:\xampp\htdocs\ci4\system\CodeIgniter.php(412): CodeIgniter\CodeIgniter->runController(Object(App\Controllers\Admin))
#2 C:\xampp\htdocs\ci4\system\CodeIgniter.php(320): CodeIgniter\CodeIgniter->handleRequest(NULL, Object(Config\Cache), false)
#3 C:\xampp\htdocs\ci4\index.php(37): CodeIgniter\CodeIgniter->run()
#4 {main}
CRITICAL - 2022-02-22 06:56:46 --> Class "App\Libraries\Validation" not found
#0 C:\xampp\htdocs\ci4\system\CodeIgniter.php(825): App\Controllers\Admin->check()
#1 C:\xampp\htdocs\ci4\system\CodeIgniter.php(412): CodeIgniter\CodeIgniter->runController(Object(App\Controllers\Admin))
#2 C:\xampp\htdocs\ci4\system\CodeIgniter.php(320): CodeIgniter\CodeIgniter->handleRequest(NULL, Object(Config\Cache), false)
#3 C:\xampp\htdocs\ci4\index.php(37): CodeIgniter\CodeIgniter->run()
#4 {main}
CRITICAL - 2022-02-22 06:56:50 --> Class "App\Libraries\Validation" not found
#0 C:\xampp\htdocs\ci4\system\CodeIgniter.php(825): App\Controllers\Admin->check()
#1 C:\xampp\htdocs\ci4\system\CodeIgniter.php(412): CodeIgniter\CodeIgniter->runController(Object(App\Controllers\Admin))
#2 C:\xampp\htdocs\ci4\system\CodeIgniter.php(320): CodeIgniter\CodeIgniter->handleRequest(NULL, Object(Config\Cache), false)
#3 C:\xampp\htdocs\ci4\index.php(37): CodeIgniter\CodeIgniter->run()
#4 {main}
CRITICAL - 2022-02-22 06:57:11 --> Class "App\Libraries\Validation" not found
#0 C:\xampp\htdocs\ci4\system\CodeIgniter.php(825): App\Controllers\Admin->check()
#1 C:\xampp\htdocs\ci4\system\CodeIgniter.php(412): CodeIgniter\CodeIgniter->runController(Object(App\Controllers\Admin))
#2 C:\xampp\htdocs\ci4\system\CodeIgniter.php(320): CodeIgniter\CodeIgniter->handleRequest(NULL, Object(Config\Cache), false)
#3 C:\xampp\htdocs\ci4\index.php(37): CodeIgniter\CodeIgniter->run()
#4 {main}
INFO - 2022-02-22 06:57:40 --> Session: Class initialized using 'CodeIgniter\Session\Handlers\FileHandler' driver.
INFO - 2022-02-22 07:01:13 --> Session: Class initialized using 'CodeIgniter\Session\Handlers\FileHandler' driver.
INFO - 2022-02-22 07:01:27 --> Session: Class initialized using 'CodeIgniter\Session\Handlers\FileHandler' driver.
INFO - 2022-02-22 07:02:54 --> Session: Class initialized using 'CodeIgniter\Session\Handlers\FileHandler' driver.
INFO - 2022-02-22 07:04:39 --> Session: Class initialized using 'CodeIgniter\Session\Handlers\FileHandler' driver.
INFO - 2022-02-22 07:09:42 --> Session: Class initialized using 'CodeIgniter\Session\Handlers\FileHandler' driver.
INFO - 2022-02-22 07:09:46 --> Session: Class initialized using 'CodeIgniter\Session\Handlers\FileHandler' driver.
INFO - 2022-02-22 07:11:55 --> Session: Class initialized using 'CodeIgniter\Session\Handlers\FileHandler' driver.
INFO - 2022-02-22 07:12:02 --> Session: Class initialized using 'CodeIgniter\Session\Handlers\FileHandler' driver.
INFO - 2022-02-22 07:17:02 --> Session: Class initialized using 'CodeIgniter\Session\Handlers\FileHandler' driver.
INFO - 2022-02-22 07:17:07 --> Session: Class initialized using 'CodeIgniter\Session\Handlers\FileHandler' driver.
INFO - 2022-02-22 07:17:43 --> Session: Class initialized using 'CodeIgniter\Session\Handlers\FileHandler' driver.
INFO - 2022-02-22 07:17:49 --> Session: Class initialized using 'CodeIgniter\Session\Handlers\FileHandler' driver.
INFO - 2022-02-22 07:28:43 --> Session: Class initialized using 'CodeIgniter\Session\Handlers\FileHandler' driver.
INFO - 2022-02-22 07:28:43 --> Session: Class initialized using 'CodeIgniter\Session\Handlers\FileHandler' driver.
INFO - 2022-02-22 07:29:05 --> Session: Class initialized using 'CodeIgniter\Session\Handlers\FileHandler' driver.
INFO - 2022-02-22 07:29:05 --> Session: Class initialized using 'CodeIgniter\Session\Handlers\FileHandler' driver.
INFO - 2022-02-22 07:29:17 --> Session: Class initialized using 'CodeIgniter\Session\Handlers\FileHandler' driver.
INFO - 2022-02-22 07:29:23 --> Session: Class initialized using 'CodeIgniter\Session\Handlers\FileHandler' driver.
INFO - 2022-02-22 07:29:29 --> Session: Class initialized using 'CodeIgniter\Session\Handlers\FileHandler' driver.
INFO - 2022-02-22 07:29:48 --> Session: Class initialized using 'CodeIgniter\Session\Handlers\FileHandler' driver.
INFO - 2022-02-22 07:29:48 --> Session: Class initialized using 'CodeIgniter\Session\Handlers\FileHandler' driver.
INFO - 2022-02-22 07:30:10 --> Session: Class initialized using 'CodeIgniter\Session\Handlers\FileHandler' driver.
INFO - 2022-02-22 07:39:40 --> Session: Class initialized using 'CodeIgniter\Session\Handlers\FileHandler' driver.
INFO - 2022-02-22 07:39:40 --> Session: Class initialized using 'CodeIgniter\Session\Handlers\FileHandler' driver.
INFO - 2022-02-22 07:42:22 --> Session: Class initialized using 'CodeIgniter\Session\Handlers\FileHandler' driver.
INFO - 2022-02-22 07:42:22 --> Session: Class initialized using 'CodeIgniter\Session\Handlers\FileHandler' driver.
INFO - 2022-02-22 07:46:07 --> Session: Class initialized using 'CodeIgniter\Session\Handlers\FileHandler' driver.
INFO - 2022-02-22 07:46:20 --> Session: Class initialized using 'CodeIgniter\Session\Handlers\FileHandler' driver.
INFO - 2022-02-22 07:46:20 --> Session: Class initialized using 'CodeIgniter\Session\Handlers\FileHandler' driver.
INFO - 2022-02-22 07:53:48 --> Session: Class initialized using 'CodeIgniter\Session\Handlers\FileHandler' driver.
INFO - 2022-02-22 08:05:54 --> Session: Class initialized using 'CodeIgniter\Session\Handlers\FileHandler' driver.
INFO - 2022-02-22 08:07:27 --> Session: Class initialized using 'CodeIgniter\Session\Handlers\FileHandler' driver.
INFO - 2022-02-22 08:07:34 --> Session: Class initialized using 'CodeIgniter\Session\Handlers\FileHandler' driver.
INFO - 2022-02-22 08:07:46 --> Session: Class initialized using 'CodeIgniter\Session\Handlers\FileHandler' driver.
INFO - 2022-02-22 08:08:13 --> Session: Class initialized using 'CodeIgniter\Session\Handlers\FileHandler' driver.
INFO - 2022-02-22 08:08:52 --> Session: Class initialized using 'CodeIgniter\Session\Handlers\FileHandler' driver.
INFO - 2022-02-22 08:09:21 --> Session: Class initialized using 'CodeIgniter\Session\Handlers\FileHandler' driver.
INFO - 2022-02-22 08:10:28 --> Session: Class initialized using 'CodeIgniter\Session\Handlers\FileHandler' driver.
INFO - 2022-02-22 08:10:31 --> Session: Class initialized using 'CodeIgniter\Session\Handlers\FileHandler' driver.
INFO - 2022-02-22 08:10:32 --> Session: Class initialized using 'CodeIgniter\Session\Handlers\FileHandler' driver.
INFO - 2022-02-22 08:10:35 --> Session: Class initialized using 'CodeIgniter\Session\Handlers\FileHandler' driver.
INFO - 2022-02-22 08:12:21 --> Session: Class initialized using 'CodeIgniter\Session\Handlers\FileHandler' driver.
INFO - 2022-02-22 08:15:06 --> Session: Class initialized using 'CodeIgniter\Session\Handlers\FileHandler' driver.
INFO - 2022-02-22 08:15:22 --> Session: Class initialized using 'CodeIgniter\Session\Handlers\FileHandler' driver.
INFO - 2022-02-22 08:17:26 --> Session: Class initialized using 'CodeIgniter\Session\Handlers\FileHandler' driver.
CRITICAL - 2022-02-22 08:17:26 --> Undefined variable $data
#0 C:\xampp\htdocs\ci4\app\Views\panel\seller\includes\sidebar.php(23): CodeIgniter\Debug\Exceptions->errorHandler(2, 'Undefined varia...', 'C:\\xampp\\htdocs...', 23)
#1 C:\xampp\htdocs\ci4\app\Views\panel\seller\profile.php(4): include('C:\\xampp\\htdocs...')
#2 C:\xampp\htdocs\ci4\system\View\View.php(210): include('C:\\xampp\\htdocs...')
#3 C:\xampp\htdocs\ci4\system\View\View.php(213): CodeIgniter\View\View->CodeIgniter\View\{closure}()
#4 C:\xampp\htdocs\ci4\system\Common.php(1089): CodeIgniter\View\View->render('panel/seller/pr...', Array, true)
#5 C:\xampp\htdocs\ci4\app\Controllers\Profile.php(7): view('panel/seller/pr...')
#6 C:\xampp\htdocs\ci4\system\CodeIgniter.php(825): App\Controllers\Profile->index()
#7 C:\xampp\htdocs\ci4\system\CodeIgniter.php(412): CodeIgniter\CodeIgniter->runController(Object(App\Controllers\Profile))
#8 C:\xampp\htdocs\ci4\system\CodeIgniter.php(320): CodeIgniter\CodeIgniter->handleRequest(NULL, Object(Config\Cache), false)
#9 C:\xampp\htdocs\ci4\index.php(37): CodeIgniter\CodeIgniter->run()
#10 {main}
INFO - 2022-02-22 08:17:36 --> Session: Class initialized using 'CodeIgniter\Session\Handlers\FileHandler' driver.
INFO - 2022-02-22 08:21:45 --> Session: Class initialized using 'CodeIgniter\Session\Handlers\FileHandler' driver.
CRITICAL - 2022-02-22 08:21:45 --> Undefined variable $data
#0 C:\xampp\htdocs\ci4\app\Views\panel\seller\includes\sidebar.php(23): CodeIgniter\Debug\Exceptions->errorHandler(2, 'Undefined varia...', 'C:\\xampp\\htdocs...', 23)
#1 C:\xampp\htdocs\ci4\app\Views\panel\seller\profile.php(4): include('C:\\xampp\\htdocs...')
#2 C:\xampp\htdocs\ci4\system\View\View.php(210): include('C:\\xampp\\htdocs...')
#3 C:\xampp\htdocs\ci4\system\View\View.php(213): CodeIgniter\View\View->CodeIgniter\View\{closure}()
#4 C:\xampp\htdocs\ci4\system\Common.php(1089): CodeIgniter\View\View->render('panel/seller/pr...', Array, true)
#5 C:\xampp\htdocs\ci4\app\Controllers\Profile.php(7): view('panel/seller/pr...')
#6 C:\xampp\htdocs\ci4\system\CodeIgniter.php(825): App\Controllers\Profile->index()
#7 C:\xampp\htdocs\ci4\system\CodeIgniter.php(412): CodeIgniter\CodeIgniter->runController(Object(App\Controllers\Profile))
#8 C:\xampp\htdocs\ci4\system\CodeIgniter.php(320): CodeIgniter\CodeIgniter->handleRequest(NULL, Object(Config\Cache), false)
#9 C:\xampp\htdocs\ci4\index.php(37): CodeIgniter\CodeIgniter->run()
#10 {main}
INFO - 2022-02-22 08:22:07 --> Session: Class initialized using 'CodeIgniter\Session\Handlers\FileHandler' driver.
CRITICAL - 2022-02-22 08:22:07 --> Undefined variable $data
#0 C:\xampp\htdocs\ci4\app\Views\panel\seller\includes\sidebar.php(23): CodeIgniter\Debug\Exceptions->errorHandler(2, 'Undefined varia...', 'C:\\xampp\\htdocs...', 23)
#1 C:\xampp\htdocs\ci4\app\Views\panel\seller\profile.php(4): include('C:\\xampp\\htdocs...')
#2 C:\xampp\htdocs\ci4\system\View\View.php(210): include('C:\\xampp\\htdocs...')
#3 C:\xampp\htdocs\ci4\system\View\View.php(213): CodeIgniter\View\View->CodeIgniter\View\{closure}()
#4 C:\xampp\htdocs\ci4\system\Common.php(1089): CodeIgniter\View\View->render('panel/seller/pr...', Array, true)
#5 C:\xampp\htdocs\ci4\app\Controllers\Profile.php(7): view('panel/seller/pr...')
#6 C:\xampp\htdocs\ci4\system\CodeIgniter.php(825): App\Controllers\Profile->index()
#7 C:\xampp\htdocs\ci4\system\CodeIgniter.php(412): CodeIgniter\CodeIgniter->runController(Object(App\Controllers\Profile))
#8 C:\xampp\htdocs\ci4\system\CodeIgniter.php(320): CodeIgniter\CodeIgniter->handleRequest(NULL, Object(Config\Cache), false)
#9 C:\xampp\htdocs\ci4\index.php(37): CodeIgniter\CodeIgniter->run()
#10 {main}
INFO - 2022-02-22 08:22:08 --> Session: Class initialized using 'CodeIgniter\Session\Handlers\FileHandler' driver.
CRITICAL - 2022-02-22 08:22:08 --> Undefined variable $data
#0 C:\xampp\htdocs\ci4\app\Views\panel\seller\includes\sidebar.php(23): CodeIgniter\Debug\Exceptions->errorHandler(2, 'Undefined varia...', 'C:\\xampp\\htdocs...', 23)
#1 C:\xampp\htdocs\ci4\app\Views\panel\seller\profile.php(4): include('C:\\xampp\\htdocs...')
#2 C:\xampp\htdocs\ci4\system\View\View.php(210): include('C:\\xampp\\htdocs...')
#3 C:\xampp\htdocs\ci4\system\View\View.php(213): CodeIgniter\View\View->CodeIgniter\View\{closure}()
#4 C:\xampp\htdocs\ci4\system\Common.php(1089): CodeIgniter\View\View->render('panel/seller/pr...', Array, true)
#5 C:\xampp\htdocs\ci4\app\Controllers\Profile.php(7): view('panel/seller/pr...')
#6 C:\xampp\htdocs\ci4\system\CodeIgniter.php(825): App\Controllers\Profile->index()
#7 C:\xampp\htdocs\ci4\system\CodeIgniter.php(412): CodeIgniter\CodeIgniter->runController(Object(App\Controllers\Profile))
#8 C:\xampp\htdocs\ci4\system\CodeIgniter.php(320): CodeIgniter\CodeIgniter->handleRequest(NULL, Object(Config\Cache), false)
#9 C:\xampp\htdocs\ci4\index.php(37): CodeIgniter\CodeIgniter->run()
#10 {main}
INFO - 2022-02-22 08:23:04 --> Session: Class initialized using 'CodeIgniter\Session\Handlers\FileHandler' driver.
CRITICAL - 2022-02-22 08:23:04 --> Undefined variable $data
#0 C:\xampp\htdocs\ci4\app\Views\panel\seller\includes\sidebar.php(23): CodeIgniter\Debug\Exceptions->errorHandler(2, 'Undefined varia...', 'C:\\xampp\\htdocs...', 23)
#1 C:\xampp\htdocs\ci4\app\Views\panel\seller\profile.php(4): include('C:\\xampp\\htdocs...')
#2 C:\xampp\htdocs\ci4\system\View\View.php(210): include('C:\\xampp\\htdocs...')
#3 C:\xampp\htdocs\ci4\system\View\View.php(213): CodeIgniter\View\View->CodeIgniter\View\{closure}()
#4 C:\xampp\htdocs\ci4\system\Common.php(1089): CodeIgniter\View\View->render('panel/seller/pr...', Array, true)
#5 C:\xampp\htdocs\ci4\app\Controllers\Profile.php(7): view('panel/seller/pr...')
#6 C:\xampp\htdocs\ci4\system\CodeIgniter.php(825): App\Controllers\Profile->index()
#7 C:\xampp\htdocs\ci4\system\CodeIgniter.php(412): CodeIgniter\CodeIgniter->runController(Object(App\Controllers\Profile))
#8 C:\xampp\htdocs\ci4\system\CodeIgniter.php(320): CodeIgniter\CodeIgniter->handleRequest(NULL, Object(Config\Cache), false)
#9 C:\xampp\htdocs\ci4\index.php(37): CodeIgniter\CodeIgniter->run()
#10 {main}
INFO - 2022-02-22 08:25:48 --> Session: Class initialized using 'CodeIgniter\Session\Handlers\FileHandler' driver.
CRITICAL - 2022-02-22 08:25:48 --> Undefined variable $data
#0 C:\xampp\htdocs\ci4\app\Views\panel\seller\includes\sidebar.php(23): CodeIgniter\Debug\Exceptions->errorHandler(2, 'Undefined varia...', 'C:\\xampp\\htdocs...', 23)
#1 C:\xampp\htdocs\ci4\app\Views\panel\seller\profile.php(4): include('C:\\xampp\\htdocs...')
#2 C:\xampp\htdocs\ci4\system\View\View.php(210): include('C:\\xampp\\htdocs...')
#3 C:\xampp\htdocs\ci4\system\View\View.php(213): CodeIgniter\View\View->CodeIgniter\View\{closure}()
#4 C:\xampp\htdocs\ci4\system\Common.php(1089): CodeIgniter\View\View->render('panel/seller/pr...', Array, true)
#5 C:\xampp\htdocs\ci4\app\Controllers\Profile.php(7): view('panel/seller/pr...')
#6 C:\xampp\htdocs\ci4\system\CodeIgniter.php(825): App\Controllers\Profile->index()
#7 C:\xampp\htdocs\ci4\system\CodeIgniter.php(412): CodeIgniter\CodeIgniter->runController(Object(App\Controllers\Profile))
#8 C:\xampp\htdocs\ci4\system\CodeIgniter.php(320): CodeIgniter\CodeIgniter->handleRequest(NULL, Object(Config\Cache), false)
#9 C:\xampp\htdocs\ci4\index.php(37): CodeIgniter\CodeIgniter->run()
#10 {main}
INFO - 2022-02-22 08:28:15 --> Session: Class initialized using 'CodeIgniter\Session\Handlers\FileHandler' driver.
INFO - 2022-02-22 08:29:15 --> Session: Class initialized using 'CodeIgniter\Session\Handlers\FileHandler' driver.
CRITICAL - 2022-02-22 08:29:15 --> Undefined variable $cust_name
#0 C:\xampp\htdocs\ci4\app\Views\panel\seller\includes\sidebar.php(23): CodeIgniter\Debug\Exceptions->errorHandler(2, 'Undefined varia...', 'C:\\xampp\\htdocs...', 23)
#1 C:\xampp\htdocs\ci4\app\Views\panel\seller\profile.php(4): include('C:\\xampp\\htdocs...')
#2 C:\xampp\htdocs\ci4\system\View\View.php(210): include('C:\\xampp\\htdocs...')
#3 C:\xampp\htdocs\ci4\system\View\View.php(213): CodeIgniter\View\View->CodeIgniter\View\{closure}()
#4 C:\xampp\htdocs\ci4\system\Common.php(1089): CodeIgniter\View\View->render('panel/seller/pr...', Array, true)
#5 C:\xampp\htdocs\ci4\app\Controllers\Profile.php(7): view('panel/seller/pr...')
#6 C:\xampp\htdocs\ci4\system\CodeIgniter.php(825): App\Controllers\Profile->index()
#7 C:\xampp\htdocs\ci4\system\CodeIgniter.php(412): CodeIgniter\CodeIgniter->runController(Object(App\Controllers\Profile))
#8 C:\xampp\htdocs\ci4\system\CodeIgniter.php(320): CodeIgniter\CodeIgniter->handleRequest(NULL, Object(Config\Cache), false)
#9 C:\xampp\htdocs\ci4\index.php(37): CodeIgniter\CodeIgniter->run()
#10 {main}
INFO - 2022-02-22 08:33:11 --> Session: Class initialized using 'CodeIgniter\Session\Handlers\FileHandler' driver.
CRITICAL - 2022-02-22 08:33:11 --> Undefined variable $cust_info
#0 C:\xampp\htdocs\ci4\app\Views\panel\seller\includes\sidebar.php(23): CodeIgniter\Debug\Exceptions->errorHandler(2, 'Undefined varia...', 'C:\\xampp\\htdocs...', 23)
#1 C:\xampp\htdocs\ci4\app\Views\panel\seller\profile.php(4): include('C:\\xampp\\htdocs...')
#2 C:\xampp\htdocs\ci4\system\View\View.php(210): include('C:\\xampp\\htdocs...')
#3 C:\xampp\htdocs\ci4\system\View\View.php(213): CodeIgniter\View\View->CodeIgniter\View\{closure}()
#4 C:\xampp\htdocs\ci4\system\Common.php(1089): CodeIgniter\View\View->render('panel/seller/pr...', Array, true)
#5 C:\xampp\htdocs\ci4\app\Controllers\Profile.php(7): view('panel/seller/pr...')
#6 C:\xampp\htdocs\ci4\system\CodeIgniter.php(825): App\Controllers\Profile->index()
#7 C:\xampp\htdocs\ci4\system\CodeIgniter.php(412): CodeIgniter\CodeIgniter->runController(Object(App\Controllers\Profile))
#8 C:\xampp\htdocs\ci4\system\CodeIgniter.php(320): CodeIgniter\CodeIgniter->handleRequest(NULL, Object(Config\Cache), false)
#9 C:\xampp\htdocs\ci4\index.php(37): CodeIgniter\CodeIgniter->run()
#10 {main}
INFO - 2022-02-22 08:33:24 --> Session: Class initialized using 'CodeIgniter\Session\Handlers\FileHandler' driver.
CRITICAL - 2022-02-22 08:33:24 --> Undefined variable $cust_info
#0 C:\xampp\htdocs\ci4\app\Views\panel\seller\includes\sidebar.php(23): CodeIgniter\Debug\Exceptions->errorHandler(2, 'Undefined varia...', 'C:\\xampp\\htdocs...', 23)
#1 C:\xampp\htdocs\ci4\app\Views\panel\seller\profile.php(4): include('C:\\xampp\\htdocs...')
#2 C:\xampp\htdocs\ci4\system\View\View.php(210): include('C:\\xampp\\htdocs...')
#3 C:\xampp\htdocs\ci4\system\View\View.php(213): CodeIgniter\View\View->CodeIgniter\View\{closure}()
#4 C:\xampp\htdocs\ci4\system\Common.php(1089): CodeIgniter\View\View->render('panel/seller/pr...', Array, true)
#5 C:\xampp\htdocs\ci4\app\Controllers\Profile.php(7): view('panel/seller/pr...')
#6 C:\xampp\htdocs\ci4\system\CodeIgniter.php(825): App\Controllers\Profile->index()
#7 C:\xampp\htdocs\ci4\system\CodeIgniter.php(412): CodeIgniter\CodeIgniter->runController(Object(App\Controllers\Profile))
#8 C:\xampp\htdocs\ci4\system\CodeIgniter.php(320): CodeIgniter\CodeIgniter->handleRequest(NULL, Object(Config\Cache), false)
#9 C:\xampp\htdocs\ci4\index.php(37): CodeIgniter\CodeIgniter->run()
#10 {main}
INFO - 2022-02-22 08:42:42 --> Session: Class initialized using 'CodeIgniter\Session\Handlers\FileHandler' driver.
CRITICAL - 2022-02-22 08:42:42 --> Undefined variable $admin_info
#0 C:\xampp\htdocs\ci4\app\Views\panel\seller\includes\sidebar.php(23): CodeIgniter\Debug\Exceptions->errorHandler(2, 'Undefined varia...', 'C:\\xampp\\htdocs...', 23)
#1 C:\xampp\htdocs\ci4\app\Views\panel\seller\profile.php(4): include('C:\\xampp\\htdocs...')
#2 C:\xampp\htdocs\ci4\system\View\View.php(210): include('C:\\xampp\\htdocs...')
#3 C:\xampp\htdocs\ci4\system\View\View.php(213): CodeIgniter\View\View->CodeIgniter\View\{closure}()
#4 C:\xampp\htdocs\ci4\system\Common.php(1089): CodeIgniter\View\View->render('panel/seller/pr...', Array, true)
#5 C:\xampp\htdocs\ci4\app\Controllers\Profile.php(7): view('panel/seller/pr...')
#6 C:\xampp\htdocs\ci4\system\CodeIgniter.php(825): App\Controllers\Profile->index()
#7 C:\xampp\htdocs\ci4\system\CodeIgniter.php(412): CodeIgniter\CodeIgniter->runController(Object(App\Controllers\Profile))
#8 C:\xampp\htdocs\ci4\system\CodeIgniter.php(320): CodeIgniter\CodeIgniter->handleRequest(NULL, Object(Config\Cache), false)
#9 C:\xampp\htdocs\ci4\index.php(37): CodeIgniter\CodeIgniter->run()
#10 {main}
INFO - 2022-02-22 08:42:43 --> Session: Class initialized using 'CodeIgniter\Session\Handlers\FileHandler' driver.
CRITICAL - 2022-02-22 08:42:43 --> Undefined variable $admin_info
#0 C:\xampp\htdocs\ci4\app\Views\panel\seller\includes\sidebar.php(23): CodeIgniter\Debug\Exceptions->errorHandler(2, 'Undefined varia...', 'C:\\xampp\\htdocs...', 23)
#1 C:\xampp\htdocs\ci4\app\Views\panel\seller\profile.php(4): include('C:\\xampp\\htdocs...')
#2 C:\xampp\htdocs\ci4\system\View\View.php(210): include('C:\\xampp\\htdocs...')
#3 C:\xampp\htdocs\ci4\system\View\View.php(213): CodeIgniter\View\View->CodeIgniter\View\{closure}()
#4 C:\xampp\htdocs\ci4\system\Common.php(1089): CodeIgniter\View\View->render('panel/seller/pr...', Array, true)
#5 C:\xampp\htdocs\ci4\app\Controllers\Profile.php(7): view('panel/seller/pr...')
#6 C:\xampp\htdocs\ci4\system\CodeIgniter.php(825): App\Controllers\Profile->index()
#7 C:\xampp\htdocs\ci4\system\CodeIgniter.php(412): CodeIgniter\CodeIgniter->runController(Object(App\Controllers\Profile))
#8 C:\xampp\htdocs\ci4\system\CodeIgniter.php(320): CodeIgniter\CodeIgniter->handleRequest(NULL, Object(Config\Cache), false)
#9 C:\xampp\htdocs\ci4\index.php(37): CodeIgniter\CodeIgniter->run()
#10 {main}
INFO - 2022-02-22 08:42:43 --> Session: Class initialized using 'CodeIgniter\Session\Handlers\FileHandler' driver.
CRITICAL - 2022-02-22 08:42:43 --> Undefined variable $admin_info
#0 C:\xampp\htdocs\ci4\app\Views\panel\seller\includes\sidebar.php(23): CodeIgniter\Debug\Exceptions->errorHandler(2, 'Undefined varia...', 'C:\\xampp\\htdocs...', 23)
#1 C:\xampp\htdocs\ci4\app\Views\panel\seller\profile.php(4): include('C:\\xampp\\htdocs...')
#2 C:\xampp\htdocs\ci4\system\View\View.php(210): include('C:\\xampp\\htdocs...')
#3 C:\xampp\htdocs\ci4\system\View\View.php(213): CodeIgniter\View\View->CodeIgniter\View\{closure}()
#4 C:\xampp\htdocs\ci4\system\Common.php(1089): CodeIgniter\View\View->render('panel/seller/pr...', Array, true)
#5 C:\xampp\htdocs\ci4\app\Controllers\Profile.php(7): view('panel/seller/pr...')
#6 C:\xampp\htdocs\ci4\system\CodeIgniter.php(825): App\Controllers\Profile->index()
#7 C:\xampp\htdocs\ci4\system\CodeIgniter.php(412): CodeIgniter\CodeIgniter->runController(Object(App\Controllers\Profile))
#8 C:\xampp\htdocs\ci4\system\CodeIgniter.php(320): CodeIgniter\CodeIgniter->handleRequest(NULL, Object(Config\Cache), false)
#9 C:\xampp\htdocs\ci4\index.php(37): CodeIgniter\CodeIgniter->run()
#10 {main}
INFO - 2022-02-22 08:43:46 --> Session: Class initialized using 'CodeIgniter\Session\Handlers\FileHandler' driver.
CRITICAL - 2022-02-22 08:43:46 --> Undefined variable $admin_info
#0 C:\xampp\htdocs\ci4\app\Views\panel\seller\includes\sidebar.php(23): CodeIgniter\Debug\Exceptions->errorHandler(2, 'Undefined varia...', 'C:\\xampp\\htdocs...', 23)
#1 C:\xampp\htdocs\ci4\app\Views\panel\seller\profile.php(4): include('C:\\xampp\\htdocs...')
#2 C:\xampp\htdocs\ci4\system\View\View.php(210): include('C:\\xampp\\htdocs...')
#3 C:\xampp\htdocs\ci4\system\View\View.php(213): CodeIgniter\View\View->CodeIgniter\View\{closure}()
#4 C:\xampp\htdocs\ci4\system\Common.php(1089): CodeIgniter\View\View->render('panel/seller/pr...', Array, true)
#5 C:\xampp\htdocs\ci4\app\Controllers\Profile.php(7): view('panel/seller/pr...')
#6 C:\xampp\htdocs\ci4\system\CodeIgniter.php(825): App\Controllers\Profile->index()
#7 C:\xampp\htdocs\ci4\system\CodeIgniter.php(412): CodeIgniter\CodeIgniter->runController(Object(App\Controllers\Profile))
#8 C:\xampp\htdocs\ci4\system\CodeIgniter.php(320): CodeIgniter\CodeIgniter->handleRequest(NULL, Object(Config\Cache), false)
#9 C:\xampp\htdocs\ci4\index.php(37): CodeIgniter\CodeIgniter->run()
#10 {main}
INFO - 2022-02-22 08:43:59 --> Session: Class initialized using 'CodeIgniter\Session\Handlers\FileHandler' driver.
CRITICAL - 2022-02-22 08:43:59 --> Undefined variable $admin_info
#0 C:\xampp\htdocs\ci4\app\Views\panel\seller\includes\sidebar.php(23): CodeIgniter\Debug\Exceptions->errorHandler(2, 'Undefined varia...', 'C:\\xampp\\htdocs...', 23)
#1 C:\xampp\htdocs\ci4\app\Views\panel\seller\profile.php(4): include('C:\\xampp\\htdocs...')
#2 C:\xampp\htdocs\ci4\system\View\View.php(210): include('C:\\xampp\\htdocs...')
#3 C:\xampp\htdocs\ci4\system\View\View.php(213): CodeIgniter\View\View->CodeIgniter\View\{closure}()
#4 C:\xampp\htdocs\ci4\system\Common.php(1089): CodeIgniter\View\View->render('panel/seller/pr...', Array, true)
#5 C:\xampp\htdocs\ci4\app\Controllers\Profile.php(7): view('panel/seller/pr...')
#6 C:\xampp\htdocs\ci4\system\CodeIgniter.php(825): App\Controllers\Profile->index()
#7 C:\xampp\htdocs\ci4\system\CodeIgniter.php(412): CodeIgniter\CodeIgniter->runController(Object(App\Controllers\Profile))
#8 C:\xampp\htdocs\ci4\system\CodeIgniter.php(320): CodeIgniter\CodeIgniter->handleRequest(NULL, Object(Config\Cache), false)
#9 C:\xampp\htdocs\ci4\index.php(37): CodeIgniter\CodeIgniter->run()
#10 {main}
INFO - 2022-02-22 08:43:59 --> Session: Class initialized using 'CodeIgniter\Session\Handlers\FileHandler' driver.
CRITICAL - 2022-02-22 08:43:59 --> Undefined variable $admin_info
#0 C:\xampp\htdocs\ci4\app\Views\panel\seller\includes\sidebar.php(23): CodeIgniter\Debug\Exceptions->errorHandler(2, 'Undefined varia...', 'C:\\xampp\\htdocs...', 23)
#1 C:\xampp\htdocs\ci4\app\Views\panel\seller\profile.php(4): include('C:\\xampp\\htdocs...')
#2 C:\xampp\htdocs\ci4\system\View\View.php(210): include('C:\\xampp\\htdocs...')
#3 C:\xampp\htdocs\ci4\system\View\View.php(213): CodeIgniter\View\View->CodeIgniter\View\{closure}()
#4 C:\xampp\htdocs\ci4\system\Common.php(1089): CodeIgniter\View\View->render('panel/seller/pr...', Array, true)
#5 C:\xampp\htdocs\ci4\app\Controllers\Profile.php(7): view('panel/seller/pr...')
#6 C:\xampp\htdocs\ci4\system\CodeIgniter.php(825): App\Controllers\Profile->index()
#7 C:\xampp\htdocs\ci4\system\CodeIgniter.php(412): CodeIgniter\CodeIgniter->runController(Object(App\Controllers\Profile))
#8 C:\xampp\htdocs\ci4\system\CodeIgniter.php(320): CodeIgniter\CodeIgniter->handleRequest(NULL, Object(Config\Cache), false)
#9 C:\xampp\htdocs\ci4\index.php(37): CodeIgniter\CodeIgniter->run()
#10 {main}
INFO - 2022-02-22 08:44:07 --> Session: Class initialized using 'CodeIgniter\Session\Handlers\FileHandler' driver.
CRITICAL - 2022-02-22 08:44:07 --> Undefined variable $admin_info
#0 C:\xampp\htdocs\ci4\app\Views\panel\seller\includes\sidebar.php(23): CodeIgniter\Debug\Exceptions->errorHandler(2, 'Undefined varia...', 'C:\\xampp\\htdocs...', 23)
#1 C:\xampp\htdocs\ci4\app\Views\panel\seller\profile.php(4): include('C:\\xampp\\htdocs...')
#2 C:\xampp\htdocs\ci4\system\View\View.php(210): include('C:\\xampp\\htdocs...')
#3 C:\xampp\htdocs\ci4\system\View\View.php(213): CodeIgniter\View\View->CodeIgniter\View\{closure}()
#4 C:\xampp\htdocs\ci4\system\Common.php(1089): CodeIgniter\View\View->render('panel/seller/pr...', Array, true)
#5 C:\xampp\htdocs\ci4\app\Controllers\Profile.php(7): view('panel/seller/pr...')
#6 C:\xampp\htdocs\ci4\system\CodeIgniter.php(825): App\Controllers\Profile->index()
#7 C:\xampp\htdocs\ci4\system\CodeIgniter.php(412): CodeIgniter\CodeIgniter->runController(Object(App\Controllers\Profile))
#8 C:\xampp\htdocs\ci4\system\CodeIgniter.php(320): CodeIgniter\CodeIgniter->handleRequest(NULL, Object(Config\Cache), false)
#9 C:\xampp\htdocs\ci4\index.php(37): CodeIgniter\CodeIgniter->run()
#10 {main}
INFO - 2022-02-22 08:44:08 --> Session: Class initialized using 'CodeIgniter\Session\Handlers\FileHandler' driver.
CRITICAL - 2022-02-22 08:44:08 --> Undefined variable $admin_info
#0 C:\xampp\htdocs\ci4\app\Views\panel\seller\includes\sidebar.php(23): CodeIgniter\Debug\Exceptions->errorHandler(2, 'Undefined varia...', 'C:\\xampp\\htdocs...', 23)
#1 C:\xampp\htdocs\ci4\app\Views\panel\seller\profile.php(4): include('C:\\xampp\\htdocs...')
#2 C:\xampp\htdocs\ci4\system\View\View.php(210): include('C:\\xampp\\htdocs...')
#3 C:\xampp\htdocs\ci4\system\View\View.php(213): CodeIgniter\View\View->CodeIgniter\View\{closure}()
#4 C:\xampp\htdocs\ci4\system\Common.php(1089): CodeIgniter\View\View->render('panel/seller/pr...', Array, true)
#5 C:\xampp\htdocs\ci4\app\Controllers\Profile.php(7): view('panel/seller/pr...')
#6 C:\xampp\htdocs\ci4\system\CodeIgniter.php(825): App\Controllers\Profile->index()
#7 C:\xampp\htdocs\ci4\system\CodeIgniter.php(412): CodeIgniter\CodeIgniter->runController(Object(App\Controllers\Profile))
#8 C:\xampp\htdocs\ci4\system\CodeIgniter.php(320): CodeIgniter\CodeIgniter->handleRequest(NULL, Object(Config\Cache), false)
#9 C:\xampp\htdocs\ci4\index.php(37): CodeIgniter\CodeIgniter->run()
#10 {main}
INFO - 2022-02-22 08:44:19 --> Session: Class initialized using 'CodeIgniter\Session\Handlers\FileHandler' driver.
INFO - 2022-02-22 08:55:43 --> Session: Class initialized using 'CodeIgniter\Session\Handlers\FileHandler' driver.
CRITICAL - 2022-02-22 08:55:43 --> Undefined variable $userinfo
#0 C:\xampp\htdocs\ci4\app\Views\panel\seller\includes\sidebar.php(23): CodeIgniter\Debug\Exceptions->errorHandler(2, 'Undefined varia...', 'C:\\xampp\\htdocs...', 23)
#1 C:\xampp\htdocs\ci4\app\Views\panel\seller\profile.php(4): include('C:\\xampp\\htdocs...')
#2 C:\xampp\htdocs\ci4\system\View\View.php(210): include('C:\\xampp\\htdocs...')
#3 C:\xampp\htdocs\ci4\system\View\View.php(213): CodeIgniter\View\View->CodeIgniter\View\{closure}()
#4 C:\xampp\htdocs\ci4\system\Common.php(1089): CodeIgniter\View\View->render('panel/seller/pr...', Array, true)
#5 C:\xampp\htdocs\ci4\app\Controllers\Profile.php(7): view('panel/seller/pr...')
#6 C:\xampp\htdocs\ci4\system\CodeIgniter.php(825): App\Controllers\Profile->index()
#7 C:\xampp\htdocs\ci4\system\CodeIgniter.php(412): CodeIgniter\CodeIgniter->runController(Object(App\Controllers\Profile))
#8 C:\xampp\htdocs\ci4\system\CodeIgniter.php(320): CodeIgniter\CodeIgniter->handleRequest(NULL, Object(Config\Cache), false)
#9 C:\xampp\htdocs\ci4\index.php(37): CodeIgniter\CodeIgniter->run()
#10 {main}
INFO - 2022-02-22 08:55:57 --> Session: Class initialized using 'CodeIgniter\Session\Handlers\FileHandler' driver.
CRITICAL - 2022-02-22 08:55:57 --> Undefined variable $userinfo
#0 C:\xampp\htdocs\ci4\app\Views\panel\seller\includes\sidebar.php(23): CodeIgniter\Debug\Exceptions->errorHandler(2, 'Undefined varia...', 'C:\\xampp\\htdocs...', 23)
#1 C:\xampp\htdocs\ci4\app\Views\panel\seller\profile.php(4): include('C:\\xampp\\htdocs...')
#2 C:\xampp\htdocs\ci4\system\View\View.php(210): include('C:\\xampp\\htdocs...')
#3 C:\xampp\htdocs\ci4\system\View\View.php(213): CodeIgniter\View\View->CodeIgniter\View\{closure}()
#4 C:\xampp\htdocs\ci4\system\Common.php(1089): CodeIgniter\View\View->render('panel/seller/pr...', Array, true)
#5 C:\xampp\htdocs\ci4\app\Controllers\Profile.php(7): view('panel/seller/pr...')
#6 C:\xampp\htdocs\ci4\system\CodeIgniter.php(825): App\Controllers\Profile->index()
#7 C:\xampp\htdocs\ci4\system\CodeIgniter.php(412): CodeIgniter\CodeIgniter->runController(Object(App\Controllers\Profile))
#8 C:\xampp\htdocs\ci4\system\CodeIgniter.php(320): CodeIgniter\CodeIgniter->handleRequest(NULL, Object(Config\Cache), false)
#9 C:\xampp\htdocs\ci4\index.php(37): CodeIgniter\CodeIgniter->run()
#10 {main}
INFO - 2022-02-22 08:56:15 --> Session: Class initialized using 'CodeIgniter\Session\Handlers\FileHandler' driver.
CRITICAL - 2022-02-22 08:56:15 --> Undefined variable $admininfo
#0 C:\xampp\htdocs\ci4\app\Views\panel\seller\includes\sidebar.php(23): CodeIgniter\Debug\Exceptions->errorHandler(2, 'Undefined varia...', 'C:\\xampp\\htdocs...', 23)
#1 C:\xampp\htdocs\ci4\app\Views\panel\seller\profile.php(4): include('C:\\xampp\\htdocs...')
#2 C:\xampp\htdocs\ci4\system\View\View.php(210): include('C:\\xampp\\htdocs...')
#3 C:\xampp\htdocs\ci4\system\View\View.php(213): CodeIgniter\View\View->CodeIgniter\View\{closure}()
#4 C:\xampp\htdocs\ci4\system\Common.php(1089): CodeIgniter\View\View->render('panel/seller/pr...', Array, true)
#5 C:\xampp\htdocs\ci4\app\Controllers\Profile.php(7): view('panel/seller/pr...')
#6 C:\xampp\htdocs\ci4\system\CodeIgniter.php(825): App\Controllers\Profile->index()
#7 C:\xampp\htdocs\ci4\system\CodeIgniter.php(412): CodeIgniter\CodeIgniter->runController(Object(App\Controllers\Profile))
#8 C:\xampp\htdocs\ci4\system\CodeIgniter.php(320): CodeIgniter\CodeIgniter->handleRequest(NULL, Object(Config\Cache), false)
#9 C:\xampp\htdocs\ci4\index.php(37): CodeIgniter\CodeIgniter->run()
#10 {main}
INFO - 2022-02-22 08:56:31 --> Session: Class initialized using 'CodeIgniter\Session\Handlers\FileHandler' driver.
CRITICAL - 2022-02-22 08:56:31 --> Undefined variable $admininfo
#0 C:\xampp\htdocs\ci4\app\Views\panel\seller\includes\sidebar.php(23): CodeIgniter\Debug\Exceptions->errorHandler(2, 'Undefined varia...', 'C:\\xampp\\htdocs...', 23)
#1 C:\xampp\htdocs\ci4\app\Views\panel\seller\profile.php(4): include('C:\\xampp\\htdocs...')
#2 C:\xampp\htdocs\ci4\system\View\View.php(210): include('C:\\xampp\\htdocs...')
#3 C:\xampp\htdocs\ci4\system\View\View.php(213): CodeIgniter\View\View->CodeIgniter\View\{closure}()
#4 C:\xampp\htdocs\ci4\system\Common.php(1089): CodeIgniter\View\View->render('panel/seller/pr...', Array, true)
#5 C:\xampp\htdocs\ci4\app\Controllers\Profile.php(7): view('panel/seller/pr...')
#6 C:\xampp\htdocs\ci4\system\CodeIgniter.php(825): App\Controllers\Profile->index()
#7 C:\xampp\htdocs\ci4\system\CodeIgniter.php(412): CodeIgniter\CodeIgniter->runController(Object(App\Controllers\Profile))
#8 C:\xampp\htdocs\ci4\system\CodeIgniter.php(320): CodeIgniter\CodeIgniter->handleRequest(NULL, Object(Config\Cache), false)
#9 C:\xampp\htdocs\ci4\index.php(37): CodeIgniter\CodeIgniter->run()
#10 {main}
INFO - 2022-02-22 08:56:32 --> Session: Class initialized using 'CodeIgniter\Session\Handlers\FileHandler' driver.
CRITICAL - 2022-02-22 08:56:32 --> Undefined variable $admininfo
#0 C:\xampp\htdocs\ci4\app\Views\panel\seller\includes\sidebar.php(23): CodeIgniter\Debug\Exceptions->errorHandler(2, 'Undefined varia...', 'C:\\xampp\\htdocs...', 23)
#1 C:\xampp\htdocs\ci4\app\Views\panel\seller\profile.php(4): include('C:\\xampp\\htdocs...')
#2 C:\xampp\htdocs\ci4\system\View\View.php(210): include('C:\\xampp\\htdocs...')
#3 C:\xampp\htdocs\ci4\system\View\View.php(213): CodeIgniter\View\View->CodeIgniter\View\{closure}()
#4 C:\xampp\htdocs\ci4\system\Common.php(1089): CodeIgniter\View\View->render('panel/seller/pr...', Array, true)
#5 C:\xampp\htdocs\ci4\app\Controllers\Profile.php(7): view('panel/seller/pr...')
#6 C:\xampp\htdocs\ci4\system\CodeIgniter.php(825): App\Controllers\Profile->index()
#7 C:\xampp\htdocs\ci4\system\CodeIgniter.php(412): CodeIgniter\CodeIgniter->runController(Object(App\Controllers\Profile))
#8 C:\xampp\htdocs\ci4\system\CodeIgniter.php(320): CodeIgniter\CodeIgniter->handleRequest(NULL, Object(Config\Cache), false)
#9 C:\xampp\htdocs\ci4\index.php(37): CodeIgniter\CodeIgniter->run()
#10 {main}
INFO - 2022-02-22 08:56:46 --> Session: Class initialized using 'CodeIgniter\Session\Handlers\FileHandler' driver.
CRITICAL - 2022-02-22 08:56:46 --> Undefined variable $admininfo
#0 C:\xampp\htdocs\ci4\app\Views\panel\seller\includes\sidebar.php(23): CodeIgniter\Debug\Exceptions->errorHandler(2, 'Undefined varia...', 'C:\\xampp\\htdocs...', 23)
#1 C:\xampp\htdocs\ci4\app\Views\panel\seller\profile.php(4): include('C:\\xampp\\htdocs...')
#2 C:\xampp\htdocs\ci4\system\View\View.php(210): include('C:\\xampp\\htdocs...')
#3 C:\xampp\htdocs\ci4\system\View\View.php(213): CodeIgniter\View\View->CodeIgniter\View\{closure}()
#4 C:\xampp\htdocs\ci4\system\Common.php(1089): CodeIgniter\View\View->render('panel/seller/pr...', Array, true)
#5 C:\xampp\htdocs\ci4\app\Controllers\Profile.php(7): view('panel/seller/pr...')
#6 C:\xampp\htdocs\ci4\system\CodeIgniter.php(825): App\Controllers\Profile->index()
#7 C:\xampp\htdocs\ci4\system\CodeIgniter.php(412): CodeIgniter\CodeIgniter->runController(Object(App\Controllers\Profile))
#8 C:\xampp\htdocs\ci4\system\CodeIgniter.php(320): CodeIgniter\CodeIgniter->handleRequest(NULL, Object(Config\Cache), false)
#9 C:\xampp\htdocs\ci4\index.php(37): CodeIgniter\CodeIgniter->run()
#10 {main}
INFO - 2022-02-22 08:56:47 --> Session: Class initialized using 'CodeIgniter\Session\Handlers\FileHandler' driver.
CRITICAL - 2022-02-22 08:56:47 --> Undefined variable $admininfo
#0 C:\xampp\htdocs\ci4\app\Views\panel\seller\includes\sidebar.php(23): CodeIgniter\Debug\Exceptions->errorHandler(2, 'Undefined varia...', 'C:\\xampp\\htdocs...', 23)
#1 C:\xampp\htdocs\ci4\app\Views\panel\seller\profile.php(4): include('C:\\xampp\\htdocs...')
#2 C:\xampp\htdocs\ci4\system\View\View.php(210): include('C:\\xampp\\htdocs...')
#3 C:\xampp\htdocs\ci4\system\View\View.php(213): CodeIgniter\View\View->CodeIgniter\View\{closure}()
#4 C:\xampp\htdocs\ci4\system\Common.php(1089): CodeIgniter\View\View->render('panel/seller/pr...', Array, true)
#5 C:\xampp\htdocs\ci4\app\Controllers\Profile.php(7): view('panel/seller/pr...')
#6 C:\xampp\htdocs\ci4\system\CodeIgniter.php(825): App\Controllers\Profile->index()
#7 C:\xampp\htdocs\ci4\system\CodeIgniter.php(412): CodeIgniter\CodeIgniter->runController(Object(App\Controllers\Profile))
#8 C:\xampp\htdocs\ci4\system\CodeIgniter.php(320): CodeIgniter\CodeIgniter->handleRequest(NULL, Object(Config\Cache), false)
#9 C:\xampp\htdocs\ci4\index.php(37): CodeIgniter\CodeIgniter->run()
#10 {main}
