CRITICAL - 2022-02-18 11:03:24 --> Undefined variable: model
#0 D:\xammp\htdocs\ci4\app\Controllers\Registration.php(68): CodeIgniter\Debug\Exceptions->errorHandler(8, 'Undefined varia...', 'D:\\xammp\\htdocs...', 68, Array)
#1 D:\xammp\htdocs\ci4\system\CodeIgniter.php(825): App\Controllers\Registration->registerCustomer()
#2 D:\xammp\htdocs\ci4\system\CodeIgniter.php(412): CodeIgniter\CodeIgniter->runController(Object(App\Controllers\Registration))
#3 D:\xammp\htdocs\ci4\system\CodeIgniter.php(320): CodeIgniter\CodeIgniter->handleRequest(NULL, Object(Config\Cache), false)
#4 D:\xammp\htdocs\ci4\index.php(37): CodeIgniter\CodeIgniter->run()
#5 {main}
CRITICAL - 2022-02-18 11:10:27 --> Undefined variable: model
#0 D:\xammp\htdocs\ci4\app\Controllers\Registration.php(68): CodeIgniter\Debug\Exceptions->errorHandler(8, 'Undefined varia...', 'D:\\xammp\\htdocs...', 68, Array)
#1 D:\xammp\htdocs\ci4\system\CodeIgniter.php(825): App\Controllers\Registration->registerCustomer()
#2 D:\xammp\htdocs\ci4\system\CodeIgniter.php(412): CodeIgniter\CodeIgniter->runController(Object(App\Controllers\Registration))
#3 D:\xammp\htdocs\ci4\system\CodeIgniter.php(320): CodeIgniter\CodeIgniter->handleRequest(NULL, Object(Config\Cache), false)
#4 D:\xammp\htdocs\ci4\index.php(37): CodeIgniter\CodeIgniter->run()
#5 {main}
CRITICAL - 2022-02-18 11:10:49 --> Undefined variable: model
#0 D:\xammp\htdocs\ci4\app\Controllers\Registration.php(68): CodeIgniter\Debug\Exceptions->errorHandler(8, 'Undefined varia...', 'D:\\xammp\\htdocs...', 68, Array)
#1 D:\xammp\htdocs\ci4\system\CodeIgniter.php(825): App\Controllers\Registration->registerCustomer()
#2 D:\xammp\htdocs\ci4\system\CodeIgniter.php(412): CodeIgniter\CodeIgniter->runController(Object(App\Controllers\Registration))
#3 D:\xammp\htdocs\ci4\system\CodeIgniter.php(320): CodeIgniter\CodeIgniter->handleRequest(NULL, Object(Config\Cache), false)
#4 D:\xammp\htdocs\ci4\index.php(37): CodeIgniter\CodeIgniter->run()
#5 {main}
INFO - 2022-02-18 11:10:53 --> Session: Class initialized using 'CodeIgniter\Session\Handlers\FileHandler' driver.
CRITICAL - 2022-02-18 11:11:07 --> Undefined variable: model
#0 D:\xammp\htdocs\ci4\app\Controllers\Registration.php(68): CodeIgniter\Debug\Exceptions->errorHandler(8, 'Undefined varia...', 'D:\\xammp\\htdocs...', 68, Array)
#1 D:\xammp\htdocs\ci4\system\CodeIgniter.php(825): App\Controllers\Registration->registerCustomer()
#2 D:\xammp\htdocs\ci4\system\CodeIgniter.php(412): CodeIgniter\CodeIgniter->runController(Object(App\Controllers\Registration))
#3 D:\xammp\htdocs\ci4\system\CodeIgniter.php(320): CodeIgniter\CodeIgniter->handleRequest(NULL, Object(Config\Cache), false)
#4 D:\xammp\htdocs\ci4\index.php(37): CodeIgniter\CodeIgniter->run()
#5 {main}
CRITICAL - 2022-02-18 11:19:37 --> Undefined variable: model
#0 D:\xammp\htdocs\ci4\app\Controllers\Registration.php(68): CodeIgniter\Debug\Exceptions->errorHandler(8, 'Undefined varia...', 'D:\\xammp\\htdocs...', 68, Array)
#1 D:\xammp\htdocs\ci4\system\CodeIgniter.php(825): App\Controllers\Registration->registerCustomer()
#2 D:\xammp\htdocs\ci4\system\CodeIgniter.php(412): CodeIgniter\CodeIgniter->runController(Object(App\Controllers\Registration))
#3 D:\xammp\htdocs\ci4\system\CodeIgniter.php(320): CodeIgniter\CodeIgniter->handleRequest(NULL, Object(Config\Cache), false)
#4 D:\xammp\htdocs\ci4\index.php(37): CodeIgniter\CodeIgniter->run()
#5 {main}
CRITICAL - 2022-02-18 11:23:31 --> Undefined variable: model
#0 D:\xammp\htdocs\ci4\app\Controllers\Registration.php(68): CodeIgniter\Debug\Exceptions->errorHandler(8, 'Undefined varia...', 'D:\\xammp\\htdocs...', 68, Array)
#1 D:\xammp\htdocs\ci4\system\CodeIgniter.php(825): App\Controllers\Registration->registerCustomer()
#2 D:\xammp\htdocs\ci4\system\CodeIgniter.php(412): CodeIgniter\CodeIgniter->runController(Object(App\Controllers\Registration))
#3 D:\xammp\htdocs\ci4\system\CodeIgniter.php(320): CodeIgniter\CodeIgniter->handleRequest(NULL, Object(Config\Cache), false)
#4 D:\xammp\htdocs\ci4\index.php(37): CodeIgniter\CodeIgniter->run()
#5 {main}
CRITICAL - 2022-02-18 11:25:58 --> Undefined variable: model
#0 D:\xammp\htdocs\ci4\app\Controllers\Registration.php(68): CodeIgniter\Debug\Exceptions->errorHandler(8, 'Undefined varia...', 'D:\\xammp\\htdocs...', 68, Array)
#1 D:\xammp\htdocs\ci4\system\CodeIgniter.php(825): App\Controllers\Registration->registerCustomer()
#2 D:\xammp\htdocs\ci4\system\CodeIgniter.php(412): CodeIgniter\CodeIgniter->runController(Object(App\Controllers\Registration))
#3 D:\xammp\htdocs\ci4\system\CodeIgniter.php(320): CodeIgniter\CodeIgniter->handleRequest(NULL, Object(Config\Cache), false)
#4 D:\xammp\htdocs\ci4\index.php(37): CodeIgniter\CodeIgniter->run()
#5 {main}
CRITICAL - 2022-02-18 11:26:02 --> Undefined variable: model
#0 D:\xammp\htdocs\ci4\app\Controllers\Registration.php(68): CodeIgniter\Debug\Exceptions->errorHandler(8, 'Undefined varia...', 'D:\\xammp\\htdocs...', 68, Array)
#1 D:\xammp\htdocs\ci4\system\CodeIgniter.php(825): App\Controllers\Registration->registerCustomer()
#2 D:\xammp\htdocs\ci4\system\CodeIgniter.php(412): CodeIgniter\CodeIgniter->runController(Object(App\Controllers\Registration))
#3 D:\xammp\htdocs\ci4\system\CodeIgniter.php(320): CodeIgniter\CodeIgniter->handleRequest(NULL, Object(Config\Cache), false)
#4 D:\xammp\htdocs\ci4\index.php(37): CodeIgniter\CodeIgniter->run()
#5 {main}
CRITICAL - 2022-02-18 11:27:00 --> Undefined variable: model
#0 D:\xammp\htdocs\ci4\app\Controllers\Registration.php(68): CodeIgniter\Debug\Exceptions->errorHandler(8, 'Undefined varia...', 'D:\\xammp\\htdocs...', 68, Array)
#1 D:\xammp\htdocs\ci4\system\CodeIgniter.php(825): App\Controllers\Registration->registerCustomer()
#2 D:\xammp\htdocs\ci4\system\CodeIgniter.php(412): CodeIgniter\CodeIgniter->runController(Object(App\Controllers\Registration))
#3 D:\xammp\htdocs\ci4\system\CodeIgniter.php(320): CodeIgniter\CodeIgniter->handleRequest(NULL, Object(Config\Cache), false)
#4 D:\xammp\htdocs\ci4\index.php(37): CodeIgniter\CodeIgniter->run()
#5 {main}
CRITICAL - 2022-02-18 11:30:15 --> Undefined variable: model
#0 D:\xammp\htdocs\ci4\app\Controllers\Registration.php(68): CodeIgniter\Debug\Exceptions->errorHandler(8, 'Undefined varia...', 'D:\\xammp\\htdocs...', 68, Array)
#1 D:\xammp\htdocs\ci4\system\CodeIgniter.php(825): App\Controllers\Registration->registerCustomer()
#2 D:\xammp\htdocs\ci4\system\CodeIgniter.php(412): CodeIgniter\CodeIgniter->runController(Object(App\Controllers\Registration))
#3 D:\xammp\htdocs\ci4\system\CodeIgniter.php(320): CodeIgniter\CodeIgniter->handleRequest(NULL, Object(Config\Cache), false)
#4 D:\xammp\htdocs\ci4\index.php(37): CodeIgniter\CodeIgniter->run()
#5 {main}
ERROR - 2022-02-18 11:30:49 --> Error connecting to the database: Access denied for user '****'@'localhost' (using password: NO)
CRITICAL - 2022-02-18 11:30:49 --> Unable to connect to the database.
Main connection [MySQLi]: Access denied for user '****'@'localhost' (using password: NO)
#0 D:\xammp\htdocs\ci4\system\Database\BaseConnection.php(577): CodeIgniter\Database\BaseConnection->initialize()
#1 D:\xammp\htdocs\ci4\system\Database\BaseBuilder.php(1455): CodeIgniter\Database\BaseConnection->query('SELECT 1\nFROM `...', Array, false)
#2 D:\xammp\htdocs\ci4\system\Validation\Rules.php(142): CodeIgniter\Database\BaseBuilder->get()
#3 D:\xammp\htdocs\ci4\system\Validation\Validation.php(292): CodeIgniter\Validation\Rules->is_unique('m.adnan6425@gma...', 'cust_email', Array, NULL)
#4 D:\xammp\htdocs\ci4\system\Validation\Validation.php(157): CodeIgniter\Validation\Validation->processRules('email', 'email', 'm.adnan6425@gma...', Array, Array)
#5 D:\xammp\htdocs\ci4\system\Controller.php(160): CodeIgniter\Validation\Validation->run()
#6 D:\xammp\htdocs\ci4\app\Controllers\Registration.php(59): CodeIgniter\Controller->validate(Array)
#7 D:\xammp\htdocs\ci4\system\CodeIgniter.php(825): App\Controllers\Registration->registerCustomer()
#8 D:\xammp\htdocs\ci4\system\CodeIgniter.php(412): CodeIgniter\CodeIgniter->runController(Object(App\Controllers\Registration))
#9 D:\xammp\htdocs\ci4\system\CodeIgniter.php(320): CodeIgniter\CodeIgniter->handleRequest(NULL, Object(Config\Cache), false)
#10 D:\xammp\htdocs\ci4\index.php(37): CodeIgniter\CodeIgniter->run()
#11 {main}
CRITICAL - 2022-02-18 11:31:02 --> Undefined variable: model
#0 D:\xammp\htdocs\ci4\app\Controllers\Registration.php(68): CodeIgniter\Debug\Exceptions->errorHandler(8, 'Undefined varia...', 'D:\\xammp\\htdocs...', 68, Array)
#1 D:\xammp\htdocs\ci4\system\CodeIgniter.php(825): App\Controllers\Registration->registerCustomer()
#2 D:\xammp\htdocs\ci4\system\CodeIgniter.php(412): CodeIgniter\CodeIgniter->runController(Object(App\Controllers\Registration))
#3 D:\xammp\htdocs\ci4\system\CodeIgniter.php(320): CodeIgniter\CodeIgniter->handleRequest(NULL, Object(Config\Cache), false)
#4 D:\xammp\htdocs\ci4\index.php(37): CodeIgniter\CodeIgniter->run()
#5 {main}
CRITICAL - 2022-02-18 11:32:44 --> Undefined variable: model
#0 D:\xammp\htdocs\ci4\app\Controllers\Registration.php(68): CodeIgniter\Debug\Exceptions->errorHandler(8, 'Undefined varia...', 'D:\\xammp\\htdocs...', 68, Array)
#1 D:\xammp\htdocs\ci4\system\CodeIgniter.php(825): App\Controllers\Registration->registerCustomer()
#2 D:\xammp\htdocs\ci4\system\CodeIgniter.php(412): CodeIgniter\CodeIgniter->runController(Object(App\Controllers\Registration))
#3 D:\xammp\htdocs\ci4\system\CodeIgniter.php(320): CodeIgniter\CodeIgniter->handleRequest(NULL, Object(Config\Cache), false)
#4 D:\xammp\htdocs\ci4\index.php(37): CodeIgniter\CodeIgniter->run()
#5 {main}
CRITICAL - 2022-02-18 11:32:58 --> Undefined variable: model
#0 D:\xammp\htdocs\ci4\app\Controllers\Registration.php(68): CodeIgniter\Debug\Exceptions->errorHandler(8, 'Undefined varia...', 'D:\\xammp\\htdocs...', 68, Array)
#1 D:\xammp\htdocs\ci4\system\CodeIgniter.php(825): App\Controllers\Registration->registerCustomer()
#2 D:\xammp\htdocs\ci4\system\CodeIgniter.php(412): CodeIgniter\CodeIgniter->runController(Object(App\Controllers\Registration))
#3 D:\xammp\htdocs\ci4\system\CodeIgniter.php(320): CodeIgniter\CodeIgniter->handleRequest(NULL, Object(Config\Cache), false)
#4 D:\xammp\htdocs\ci4\index.php(37): CodeIgniter\CodeIgniter->run()
#5 {main}
CRITICAL - 2022-02-18 11:33:02 --> Undefined variable: model
#0 D:\xammp\htdocs\ci4\app\Controllers\Registration.php(68): CodeIgniter\Debug\Exceptions->errorHandler(8, 'Undefined varia...', 'D:\\xammp\\htdocs...', 68, Array)
#1 D:\xammp\htdocs\ci4\system\CodeIgniter.php(825): App\Controllers\Registration->registerCustomer()
#2 D:\xammp\htdocs\ci4\system\CodeIgniter.php(412): CodeIgniter\CodeIgniter->runController(Object(App\Controllers\Registration))
#3 D:\xammp\htdocs\ci4\system\CodeIgniter.php(320): CodeIgniter\CodeIgniter->handleRequest(NULL, Object(Config\Cache), false)
#4 D:\xammp\htdocs\ci4\index.php(37): CodeIgniter\CodeIgniter->run()
#5 {main}
INFO - 2022-02-18 11:35:26 --> Session: Class initialized using 'CodeIgniter\Session\Handlers\FileHandler' driver.
INFO - 2022-02-18 11:35:40 --> Session: Class initialized using 'CodeIgniter\Session\Handlers\FileHandler' driver.
INFO - 2022-02-18 12:33:14 --> Session: Class initialized using 'CodeIgniter\Session\Handlers\FileHandler' driver.
INFO - 2022-02-18 12:33:21 --> Session: Class initialized using 'CodeIgniter\Session\Handlers\FileHandler' driver.
CRITICAL - 2022-02-18 12:36:36 --> Undefined variable: rules
#0 D:\xammp\htdocs\ci4\app\Controllers\Login.php(36): CodeIgniter\Debug\Exceptions->errorHandler(8, 'Undefined varia...', 'D:\\xammp\\htdocs...', 36, Array)
#1 D:\xammp\htdocs\ci4\system\CodeIgniter.php(825): App\Controllers\Login->verifyUser()
#2 D:\xammp\htdocs\ci4\system\CodeIgniter.php(412): CodeIgniter\CodeIgniter->runController(Object(App\Controllers\Login))
#3 D:\xammp\htdocs\ci4\system\CodeIgniter.php(320): CodeIgniter\CodeIgniter->handleRequest(NULL, Object(Config\Cache), false)
#4 D:\xammp\htdocs\ci4\index.php(37): CodeIgniter\CodeIgniter->run()
#5 {main}
CRITICAL - 2022-02-18 12:37:13 --> Undefined variable: rules
#0 D:\xammp\htdocs\ci4\app\Controllers\Login.php(36): CodeIgniter\Debug\Exceptions->errorHandler(8, 'Undefined varia...', 'D:\\xammp\\htdocs...', 36, Array)
#1 D:\xammp\htdocs\ci4\system\CodeIgniter.php(825): App\Controllers\Login->verifyUser()
#2 D:\xammp\htdocs\ci4\system\CodeIgniter.php(412): CodeIgniter\CodeIgniter->runController(Object(App\Controllers\Login))
#3 D:\xammp\htdocs\ci4\system\CodeIgniter.php(320): CodeIgniter\CodeIgniter->handleRequest(NULL, Object(Config\Cache), false)
#4 D:\xammp\htdocs\ci4\index.php(37): CodeIgniter\CodeIgniter->run()
#5 {main}
CRITICAL - 2022-02-18 12:37:56 --> Undefined variable: rules
#0 D:\xammp\htdocs\ci4\app\Controllers\Login.php(36): CodeIgniter\Debug\Exceptions->errorHandler(8, 'Undefined varia...', 'D:\\xammp\\htdocs...', 36, Array)
#1 D:\xammp\htdocs\ci4\system\CodeIgniter.php(825): App\Controllers\Login->verifyUser()
#2 D:\xammp\htdocs\ci4\system\CodeIgniter.php(412): CodeIgniter\CodeIgniter->runController(Object(App\Controllers\Login))
#3 D:\xammp\htdocs\ci4\system\CodeIgniter.php(320): CodeIgniter\CodeIgniter->handleRequest(NULL, Object(Config\Cache), false)
#4 D:\xammp\htdocs\ci4\index.php(37): CodeIgniter\CodeIgniter->run()
#5 {main}
CRITICAL - 2022-02-18 12:38:26 --> Undefined variable: rules
#0 D:\xammp\htdocs\ci4\app\Controllers\Login.php(36): CodeIgniter\Debug\Exceptions->errorHandler(8, 'Undefined varia...', 'D:\\xammp\\htdocs...', 36, Array)
#1 D:\xammp\htdocs\ci4\system\CodeIgniter.php(825): App\Controllers\Login->verifyUser()
#2 D:\xammp\htdocs\ci4\system\CodeIgniter.php(412): CodeIgniter\CodeIgniter->runController(Object(App\Controllers\Login))
#3 D:\xammp\htdocs\ci4\system\CodeIgniter.php(320): CodeIgniter\CodeIgniter->handleRequest(NULL, Object(Config\Cache), false)
#4 D:\xammp\htdocs\ci4\index.php(37): CodeIgniter\CodeIgniter->run()
#5 {main}
CRITICAL - 2022-02-18 12:38:30 --> Undefined variable: rules
#0 D:\xammp\htdocs\ci4\app\Controllers\Login.php(36): CodeIgniter\Debug\Exceptions->errorHandler(8, 'Undefined varia...', 'D:\\xammp\\htdocs...', 36, Array)
#1 D:\xammp\htdocs\ci4\system\CodeIgniter.php(825): App\Controllers\Login->verifyUser()
#2 D:\xammp\htdocs\ci4\system\CodeIgniter.php(412): CodeIgniter\CodeIgniter->runController(Object(App\Controllers\Login))
#3 D:\xammp\htdocs\ci4\system\CodeIgniter.php(320): CodeIgniter\CodeIgniter->handleRequest(NULL, Object(Config\Cache), false)
#4 D:\xammp\htdocs\ci4\index.php(37): CodeIgniter\CodeIgniter->run()
#5 {main}
INFO - 2022-02-18 12:38:32 --> Session: Class initialized using 'CodeIgniter\Session\Handlers\FileHandler' driver.
INFO - 2022-02-18 12:39:09 --> Session: Class initialized using 'CodeIgniter\Session\Handlers\FileHandler' driver.
INFO - 2022-02-18 12:39:45 --> Session: Class initialized using 'CodeIgniter\Session\Handlers\FileHandler' driver.
CRITICAL - 2022-02-18 12:40:30 --> Undefined variable: rules
#0 D:\xammp\htdocs\ci4\app\Controllers\Login.php(36): CodeIgniter\Debug\Exceptions->errorHandler(8, 'Undefined varia...', 'D:\\xammp\\htdocs...', 36, Array)
#1 D:\xammp\htdocs\ci4\system\CodeIgniter.php(825): App\Controllers\Login->verifyUser()
#2 D:\xammp\htdocs\ci4\system\CodeIgniter.php(412): CodeIgniter\CodeIgniter->runController(Object(App\Controllers\Login))
#3 D:\xammp\htdocs\ci4\system\CodeIgniter.php(320): CodeIgniter\CodeIgniter->handleRequest(NULL, Object(Config\Cache), false)
#4 D:\xammp\htdocs\ci4\index.php(37): CodeIgniter\CodeIgniter->run()
#5 {main}
CRITICAL - 2022-02-18 12:41:00 --> Undefined variable: rules
#0 D:\xammp\htdocs\ci4\app\Controllers\Login.php(36): CodeIgniter\Debug\Exceptions->errorHandler(8, 'Undefined varia...', 'D:\\xammp\\htdocs...', 36, Array)
#1 D:\xammp\htdocs\ci4\system\CodeIgniter.php(825): App\Controllers\Login->verifyUser()
#2 D:\xammp\htdocs\ci4\system\CodeIgniter.php(412): CodeIgniter\CodeIgniter->runController(Object(App\Controllers\Login))
#3 D:\xammp\htdocs\ci4\system\CodeIgniter.php(320): CodeIgniter\CodeIgniter->handleRequest(NULL, Object(Config\Cache), false)
#4 D:\xammp\htdocs\ci4\index.php(37): CodeIgniter\CodeIgniter->run()
#5 {main}
INFO - 2022-02-18 12:41:03 --> Session: Class initialized using 'CodeIgniter\Session\Handlers\FileHandler' driver.
CRITICAL - 2022-02-18 12:41:09 --> Undefined variable: rules
#0 D:\xammp\htdocs\ci4\app\Controllers\Login.php(36): CodeIgniter\Debug\Exceptions->errorHandler(8, 'Undefined varia...', 'D:\\xammp\\htdocs...', 36, Array)
#1 D:\xammp\htdocs\ci4\system\CodeIgniter.php(825): App\Controllers\Login->verifyUser()
#2 D:\xammp\htdocs\ci4\system\CodeIgniter.php(412): CodeIgniter\CodeIgniter->runController(Object(App\Controllers\Login))
#3 D:\xammp\htdocs\ci4\system\CodeIgniter.php(320): CodeIgniter\CodeIgniter->handleRequest(NULL, Object(Config\Cache), false)
#4 D:\xammp\htdocs\ci4\index.php(37): CodeIgniter\CodeIgniter->run()
#5 {main}
INFO - 2022-02-18 12:42:43 --> Session: Class initialized using 'CodeIgniter\Session\Handlers\FileHandler' driver.
INFO - 2022-02-18 12:42:47 --> Session: Class initialized using 'CodeIgniter\Session\Handlers\FileHandler' driver.
CRITICAL - 2022-02-18 12:43:07 --> Allowed fields must be specified for model: App\Models\Customer_Model
#0 D:\xammp\htdocs\ci4\system\BaseModel.php(1138): CodeIgniter\Database\Exceptions\DataException::forInvalidAllowedFields('App\\Models\\Cust...')
#1 D:\xammp\htdocs\ci4\system\BaseModel.php(713): CodeIgniter\BaseModel->doProtectFields(Array)
#2 D:\xammp\htdocs\ci4\system\Model.php(625): CodeIgniter\BaseModel->insert(Array, true)
#3 D:\xammp\htdocs\ci4\app\Controllers\Registration.php(68): CodeIgniter\Model->insert(Array)
#4 D:\xammp\htdocs\ci4\system\CodeIgniter.php(825): App\Controllers\Registration->registerCustomer()
#5 D:\xammp\htdocs\ci4\system\CodeIgniter.php(412): CodeIgniter\CodeIgniter->runController(Object(App\Controllers\Registration))
#6 D:\xammp\htdocs\ci4\system\CodeIgniter.php(320): CodeIgniter\CodeIgniter->handleRequest(NULL, Object(Config\Cache), false)
#7 D:\xammp\htdocs\ci4\index.php(37): CodeIgniter\CodeIgniter->run()
#8 {main}
INFO - 2022-02-18 12:43:22 --> Session: Class initialized using 'CodeIgniter\Session\Handlers\FileHandler' driver.
INFO - 2022-02-18 12:43:27 --> Session: Class initialized using 'CodeIgniter\Session\Handlers\FileHandler' driver.
CRITICAL - 2022-02-18 12:43:35 --> Undefined variable: rules
#0 D:\xammp\htdocs\ci4\app\Controllers\Login.php(36): CodeIgniter\Debug\Exceptions->errorHandler(8, 'Undefined varia...', 'D:\\xammp\\htdocs...', 36, Array)
#1 D:\xammp\htdocs\ci4\system\CodeIgniter.php(825): App\Controllers\Login->verifyUser()
#2 D:\xammp\htdocs\ci4\system\CodeIgniter.php(412): CodeIgniter\CodeIgniter->runController(Object(App\Controllers\Login))
#3 D:\xammp\htdocs\ci4\system\CodeIgniter.php(320): CodeIgniter\CodeIgniter->handleRequest(NULL, Object(Config\Cache), false)
#4 D:\xammp\htdocs\ci4\index.php(37): CodeIgniter\CodeIgniter->run()
#5 {main}
CRITICAL - 2022-02-18 12:47:16 --> Undefined variable: rules
#0 D:\xammp\htdocs\ci4\app\Controllers\Login.php(36): CodeIgniter\Debug\Exceptions->errorHandler(8, 'Undefined varia...', 'D:\\xammp\\htdocs...', 36, Array)
#1 D:\xammp\htdocs\ci4\system\CodeIgniter.php(825): App\Controllers\Login->verifyUser()
#2 D:\xammp\htdocs\ci4\system\CodeIgniter.php(412): CodeIgniter\CodeIgniter->runController(Object(App\Controllers\Login))
#3 D:\xammp\htdocs\ci4\system\CodeIgniter.php(320): CodeIgniter\CodeIgniter->handleRequest(NULL, Object(Config\Cache), false)
#4 D:\xammp\htdocs\ci4\index.php(37): CodeIgniter\CodeIgniter->run()
#5 {main}
CRITICAL - 2022-02-18 12:47:19 --> Undefined variable: rules
#0 D:\xammp\htdocs\ci4\app\Controllers\Login.php(36): CodeIgniter\Debug\Exceptions->errorHandler(8, 'Undefined varia...', 'D:\\xammp\\htdocs...', 36, Array)
#1 D:\xammp\htdocs\ci4\system\CodeIgniter.php(825): App\Controllers\Login->verifyUser()
#2 D:\xammp\htdocs\ci4\system\CodeIgniter.php(412): CodeIgniter\CodeIgniter->runController(Object(App\Controllers\Login))
#3 D:\xammp\htdocs\ci4\system\CodeIgniter.php(320): CodeIgniter\CodeIgniter->handleRequest(NULL, Object(Config\Cache), false)
#4 D:\xammp\htdocs\ci4\index.php(37): CodeIgniter\CodeIgniter->run()
#5 {main}
INFO - 2022-02-18 12:47:41 --> Session: Class initialized using 'CodeIgniter\Session\Handlers\FileHandler' driver.
CRITICAL - 2022-02-18 12:47:46 --> Undefined variable: rules
#0 D:\xammp\htdocs\ci4\app\Controllers\Login.php(36): CodeIgniter\Debug\Exceptions->errorHandler(8, 'Undefined varia...', 'D:\\xammp\\htdocs...', 36, Array)
#1 D:\xammp\htdocs\ci4\system\CodeIgniter.php(825): App\Controllers\Login->verifyUser()
#2 D:\xammp\htdocs\ci4\system\CodeIgniter.php(412): CodeIgniter\CodeIgniter->runController(Object(App\Controllers\Login))
#3 D:\xammp\htdocs\ci4\system\CodeIgniter.php(320): CodeIgniter\CodeIgniter->handleRequest(NULL, Object(Config\Cache), false)
#4 D:\xammp\htdocs\ci4\index.php(37): CodeIgniter\CodeIgniter->run()
#5 {main}
CRITICAL - 2022-02-18 12:48:02 --> Undefined variable: rules
#0 D:\xammp\htdocs\ci4\app\Controllers\Login.php(36): CodeIgniter\Debug\Exceptions->errorHandler(8, 'Undefined varia...', 'D:\\xammp\\htdocs...', 36, Array)
#1 D:\xammp\htdocs\ci4\system\CodeIgniter.php(825): App\Controllers\Login->verifyUser()
#2 D:\xammp\htdocs\ci4\system\CodeIgniter.php(412): CodeIgniter\CodeIgniter->runController(Object(App\Controllers\Login))
#3 D:\xammp\htdocs\ci4\system\CodeIgniter.php(320): CodeIgniter\CodeIgniter->handleRequest(NULL, Object(Config\Cache), false)
#4 D:\xammp\htdocs\ci4\index.php(37): CodeIgniter\CodeIgniter->run()
#5 {main}
CRITICAL - 2022-02-18 12:48:05 --> Undefined variable: rules
#0 D:\xammp\htdocs\ci4\app\Controllers\Login.php(36): CodeIgniter\Debug\Exceptions->errorHandler(8, 'Undefined varia...', 'D:\\xammp\\htdocs...', 36, Array)
#1 D:\xammp\htdocs\ci4\system\CodeIgniter.php(825): App\Controllers\Login->verifyUser()
#2 D:\xammp\htdocs\ci4\system\CodeIgniter.php(412): CodeIgniter\CodeIgniter->runController(Object(App\Controllers\Login))
#3 D:\xammp\htdocs\ci4\system\CodeIgniter.php(320): CodeIgniter\CodeIgniter->handleRequest(NULL, Object(Config\Cache), false)
#4 D:\xammp\htdocs\ci4\index.php(37): CodeIgniter\CodeIgniter->run()
#5 {main}
CRITICAL - 2022-02-18 12:48:43 --> Undefined variable: rules
#0 D:\xammp\htdocs\ci4\app\Controllers\Login.php(36): CodeIgniter\Debug\Exceptions->errorHandler(8, 'Undefined varia...', 'D:\\xammp\\htdocs...', 36, Array)
#1 D:\xammp\htdocs\ci4\system\CodeIgniter.php(825): App\Controllers\Login->verifyUser()
#2 D:\xammp\htdocs\ci4\system\CodeIgniter.php(412): CodeIgniter\CodeIgniter->runController(Object(App\Controllers\Login))
#3 D:\xammp\htdocs\ci4\system\CodeIgniter.php(320): CodeIgniter\CodeIgniter->handleRequest(NULL, Object(Config\Cache), false)
#4 D:\xammp\htdocs\ci4\index.php(37): CodeIgniter\CodeIgniter->run()
#5 {main}
INFO - 2022-02-18 12:49:35 --> Session: Class initialized using 'CodeIgniter\Session\Handlers\FileHandler' driver.
INFO - 2022-02-18 12:50:00 --> Session: Class initialized using 'CodeIgniter\Session\Handlers\FileHandler' driver.
INFO - 2022-02-18 12:51:49 --> Session: Class initialized using 'CodeIgniter\Session\Handlers\FileHandler' driver.
INFO - 2022-02-18 12:51:58 --> Session: Class initialized using 'CodeIgniter\Session\Handlers\FileHandler' driver.
INFO - 2022-02-18 12:52:14 --> Session: Class initialized using 'CodeIgniter\Session\Handlers\FileHandler' driver.
CRITICAL - 2022-02-18 12:53:28 --> Allowed fields must be specified for model: App\Models\Customer_Model
#0 D:\xammp\htdocs\ci4\system\BaseModel.php(1138): CodeIgniter\Database\Exceptions\DataException::forInvalidAllowedFields('App\\Models\\Cust...')
#1 D:\xammp\htdocs\ci4\system\BaseModel.php(713): CodeIgniter\BaseModel->doProtectFields(Array)
#2 D:\xammp\htdocs\ci4\system\Model.php(625): CodeIgniter\BaseModel->insert(Array, true)
#3 D:\xammp\htdocs\ci4\app\Controllers\Registration.php(68): CodeIgniter\Model->insert(Array)
#4 D:\xammp\htdocs\ci4\system\CodeIgniter.php(825): App\Controllers\Registration->registerCustomer()
#5 D:\xammp\htdocs\ci4\system\CodeIgniter.php(412): CodeIgniter\CodeIgniter->runController(Object(App\Controllers\Registration))
#6 D:\xammp\htdocs\ci4\system\CodeIgniter.php(320): CodeIgniter\CodeIgniter->handleRequest(NULL, Object(Config\Cache), false)
#7 D:\xammp\htdocs\ci4\index.php(37): CodeIgniter\CodeIgniter->run()
#8 {main}
INFO - 2022-02-18 13:01:51 --> Session: Class initialized using 'CodeIgniter\Session\Handlers\FileHandler' driver.
INFO - 2022-02-18 13:03:19 --> Session: Class initialized using 'CodeIgniter\Session\Handlers\FileHandler' driver.
INFO - 2022-02-18 13:03:36 --> Session: Class initialized using 'CodeIgniter\Session\Handlers\FileHandler' driver.
INFO - 2022-02-18 13:03:47 --> Session: Class initialized using 'CodeIgniter\Session\Handlers\FileHandler' driver.
INFO - 2022-02-18 13:04:50 --> Session: Class initialized using 'CodeIgniter\Session\Handlers\FileHandler' driver.
CRITICAL - 2022-02-18 13:20:02 --> Class 'App\Controllers\Validation' not found
#0 D:\xammp\htdocs\ci4\system\CodeIgniter.php(825): App\Controllers\Login->verifyUser()
#1 D:\xammp\htdocs\ci4\system\CodeIgniter.php(412): CodeIgniter\CodeIgniter->runController(Object(App\Controllers\Login))
#2 D:\xammp\htdocs\ci4\system\CodeIgniter.php(320): CodeIgniter\CodeIgniter->handleRequest(NULL, Object(Config\Cache), false)
#3 D:\xammp\htdocs\ci4\index.php(37): CodeIgniter\CodeIgniter->run()
#4 {main}
INFO - 2022-02-18 13:20:08 --> Session: Class initialized using 'CodeIgniter\Session\Handlers\FileHandler' driver.
CRITICAL - 2022-02-18 13:21:20 --> Class 'App\Controllers\Validation' not found
#0 D:\xammp\htdocs\ci4\system\CodeIgniter.php(825): App\Controllers\Login->verifyUser()
#1 D:\xammp\htdocs\ci4\system\CodeIgniter.php(412): CodeIgniter\CodeIgniter->runController(Object(App\Controllers\Login))
#2 D:\xammp\htdocs\ci4\system\CodeIgniter.php(320): CodeIgniter\CodeIgniter->handleRequest(NULL, Object(Config\Cache), false)
#3 D:\xammp\htdocs\ci4\index.php(37): CodeIgniter\CodeIgniter->run()
#4 {main}
INFO - 2022-02-18 13:21:26 --> Session: Class initialized using 'CodeIgniter\Session\Handlers\FileHandler' driver.
CRITICAL - 2022-02-18 13:21:54 --> Class 'App\Controllers\Validation' not found
#0 D:\xammp\htdocs\ci4\system\CodeIgniter.php(825): App\Controllers\Login->verifyUser()
#1 D:\xammp\htdocs\ci4\system\CodeIgniter.php(412): CodeIgniter\CodeIgniter->runController(Object(App\Controllers\Login))
#2 D:\xammp\htdocs\ci4\system\CodeIgniter.php(320): CodeIgniter\CodeIgniter->handleRequest(NULL, Object(Config\Cache), false)
#3 D:\xammp\htdocs\ci4\index.php(37): CodeIgniter\CodeIgniter->run()
#4 {main}
CRITICAL - 2022-02-18 13:22:23 --> Class 'App\Controllers\Validation' not found
#0 D:\xammp\htdocs\ci4\system\CodeIgniter.php(825): App\Controllers\Login->verifyUser()
#1 D:\xammp\htdocs\ci4\system\CodeIgniter.php(412): CodeIgniter\CodeIgniter->runController(Object(App\Controllers\Login))
#2 D:\xammp\htdocs\ci4\system\CodeIgniter.php(320): CodeIgniter\CodeIgniter->handleRequest(NULL, Object(Config\Cache), false)
#3 D:\xammp\htdocs\ci4\index.php(37): CodeIgniter\CodeIgniter->run()
#4 {main}
CRITICAL - 2022-02-18 13:23:51 --> Class 'App\Controllers\Validation' not found
#0 D:\xammp\htdocs\ci4\system\CodeIgniter.php(825): App\Controllers\Login->verifyUser()
#1 D:\xammp\htdocs\ci4\system\CodeIgniter.php(412): CodeIgniter\CodeIgniter->runController(Object(App\Controllers\Login))
#2 D:\xammp\htdocs\ci4\system\CodeIgniter.php(320): CodeIgniter\CodeIgniter->handleRequest(NULL, Object(Config\Cache), false)
#3 D:\xammp\htdocs\ci4\index.php(37): CodeIgniter\CodeIgniter->run()
#4 {main}
CRITICAL - 2022-02-18 13:26:18 --> Undefined variable: user_info
#0 D:\xammp\htdocs\ci4\app\Controllers\Login.php(42): CodeIgniter\Debug\Exceptions->errorHandler(8, 'Undefined varia...', 'D:\\xammp\\htdocs...', 42, Array)
#1 D:\xammp\htdocs\ci4\system\CodeIgniter.php(825): App\Controllers\Login->verifyUser()
#2 D:\xammp\htdocs\ci4\system\CodeIgniter.php(412): CodeIgniter\CodeIgniter->runController(Object(App\Controllers\Login))
#3 D:\xammp\htdocs\ci4\system\CodeIgniter.php(320): CodeIgniter\CodeIgniter->handleRequest(NULL, Object(Config\Cache), false)
#4 D:\xammp\htdocs\ci4\index.php(37): CodeIgniter\CodeIgniter->run()
#5 {main}
CRITICAL - 2022-02-18 13:26:29 --> Call to undefined function App\Controllers\check()
#0 D:\xammp\htdocs\ci4\system\CodeIgniter.php(825): App\Controllers\Login->verifyUser()
#1 D:\xammp\htdocs\ci4\system\CodeIgniter.php(412): CodeIgniter\CodeIgniter->runController(Object(App\Controllers\Login))
#2 D:\xammp\htdocs\ci4\system\CodeIgniter.php(320): CodeIgniter\CodeIgniter->handleRequest(NULL, Object(Config\Cache), false)
#3 D:\xammp\htdocs\ci4\index.php(37): CodeIgniter\CodeIgniter->run()
#4 {main}
INFO - 2022-02-18 13:28:31 --> Session: Class initialized using 'CodeIgniter\Session\Handlers\FileHandler' driver.
CRITICAL - 2022-02-18 13:28:31 --> Call to undefined function App\Controllers\setFlashdata()
#0 D:\xammp\htdocs\ci4\system\CodeIgniter.php(825): App\Controllers\Login->verifyUser()
#1 D:\xammp\htdocs\ci4\system\CodeIgniter.php(412): CodeIgniter\CodeIgniter->runController(Object(App\Controllers\Login))
#2 D:\xammp\htdocs\ci4\system\CodeIgniter.php(320): CodeIgniter\CodeIgniter->handleRequest(NULL, Object(Config\Cache), false)
#3 D:\xammp\htdocs\ci4\index.php(37): CodeIgniter\CodeIgniter->run()
#4 {main}
INFO - 2022-02-18 13:28:46 --> Session: Class initialized using 'CodeIgniter\Session\Handlers\FileHandler' driver.
CRITICAL - 2022-02-18 13:28:46 --> Call to undefined function App\Controllers\setFlashdata()
#0 D:\xammp\htdocs\ci4\system\CodeIgniter.php(825): App\Controllers\Login->verifyUser()
#1 D:\xammp\htdocs\ci4\system\CodeIgniter.php(412): CodeIgniter\CodeIgniter->runController(Object(App\Controllers\Login))
#2 D:\xammp\htdocs\ci4\system\CodeIgniter.php(320): CodeIgniter\CodeIgniter->handleRequest(NULL, Object(Config\Cache), false)
#3 D:\xammp\htdocs\ci4\index.php(37): CodeIgniter\CodeIgniter->run()
#4 {main}
INFO - 2022-02-18 13:29:23 --> Session: Class initialized using 'CodeIgniter\Session\Handlers\FileHandler' driver.
CRITICAL - 2022-02-18 13:29:23 --> Call to undefined function App\Controllers\setFlashdata()
#0 D:\xammp\htdocs\ci4\system\CodeIgniter.php(825): App\Controllers\Login->verifyUser()
#1 D:\xammp\htdocs\ci4\system\CodeIgniter.php(412): CodeIgniter\CodeIgniter->runController(Object(App\Controllers\Login))
#2 D:\xammp\htdocs\ci4\system\CodeIgniter.php(320): CodeIgniter\CodeIgniter->handleRequest(NULL, Object(Config\Cache), false)
#3 D:\xammp\htdocs\ci4\index.php(37): CodeIgniter\CodeIgniter->run()
#4 {main}
INFO - 2022-02-18 13:29:50 --> Session: Class initialized using 'CodeIgniter\Session\Handlers\FileHandler' driver.
CRITICAL - 2022-02-18 13:29:50 --> Call to undefined function App\Controllers\setFlashdata()
#0 D:\xammp\htdocs\ci4\system\CodeIgniter.php(825): App\Controllers\Login->verifyUser()
#1 D:\xammp\htdocs\ci4\system\CodeIgniter.php(412): CodeIgniter\CodeIgniter->runController(Object(App\Controllers\Login))
#2 D:\xammp\htdocs\ci4\system\CodeIgniter.php(320): CodeIgniter\CodeIgniter->handleRequest(NULL, Object(Config\Cache), false)
#3 D:\xammp\htdocs\ci4\index.php(37): CodeIgniter\CodeIgniter->run()
#4 {main}
INFO - 2022-02-18 13:30:05 --> Session: Class initialized using 'CodeIgniter\Session\Handlers\FileHandler' driver.
CRITICAL - 2022-02-18 13:30:05 --> Call to undefined function App\Controllers\setFlashdata()
#0 D:\xammp\htdocs\ci4\system\CodeIgniter.php(825): App\Controllers\Login->verifyUser()
#1 D:\xammp\htdocs\ci4\system\CodeIgniter.php(412): CodeIgniter\CodeIgniter->runController(Object(App\Controllers\Login))
#2 D:\xammp\htdocs\ci4\system\CodeIgniter.php(320): CodeIgniter\CodeIgniter->handleRequest(NULL, Object(Config\Cache), false)
#3 D:\xammp\htdocs\ci4\index.php(37): CodeIgniter\CodeIgniter->run()
#4 {main}
CRITICAL - 2022-02-18 13:30:35 --> ini_set(): A session is active. You cannot change the session module's ini settings at this time
#0 [internal function]: CodeIgniter\Debug\Exceptions->errorHandler(2, 'ini_set(): A se...', 'D:\\xammp\\htdocs...', 71, Array)
#1 D:\xammp\htdocs\ci4\system\Session\Handlers\FileHandler.php(71): ini_set('session.save_pa...', 'D:\\xammp\\htdocs...')
#2 D:\xammp\htdocs\ci4\system\Config\Services.php(570): CodeIgniter\Session\Handlers\FileHandler->__construct(Object(Config\App), '::1')
#3 D:\xammp\htdocs\ci4\system\Config\BaseService.php(248): CodeIgniter\Config\Services::session(Object(Config\App), false)
#4 D:\xammp\htdocs\ci4\system\Config\BaseService.php(189): CodeIgniter\Config\BaseService::__callStatic('session', Array)
#5 D:\xammp\htdocs\ci4\system\Config\Services.php(563): CodeIgniter\Config\BaseService::getSharedInstance('session', NULL)
#6 D:\xammp\htdocs\ci4\system\Config\BaseService.php(248): CodeIgniter\Config\Services::session()
#7 D:\xammp\htdocs\ci4\system\Common.php(901): CodeIgniter\Config\BaseService::__callStatic('session', Array)
#8 D:\xammp\htdocs\ci4\app\Controllers\Login.php(45): session()
#9 D:\xammp\htdocs\ci4\system\CodeIgniter.php(825): App\Controllers\Login->verifyUser()
#10 D:\xammp\htdocs\ci4\system\CodeIgniter.php(412): CodeIgniter\CodeIgniter->runController(Object(App\Controllers\Login))
#11 D:\xammp\htdocs\ci4\system\CodeIgniter.php(320): CodeIgniter\CodeIgniter->handleRequest(NULL, Object(Config\Cache), false)
#12 D:\xammp\htdocs\ci4\index.php(37): CodeIgniter\CodeIgniter->run()
#13 {main}
CRITICAL - 2022-02-18 13:30:39 --> ini_set(): A session is active. You cannot change the session module's ini settings at this time
#0 [internal function]: CodeIgniter\Debug\Exceptions->errorHandler(2, 'ini_set(): A se...', 'D:\\xammp\\htdocs...', 71, Array)
#1 D:\xammp\htdocs\ci4\system\Session\Handlers\FileHandler.php(71): ini_set('session.save_pa...', 'D:\\xammp\\htdocs...')
#2 D:\xammp\htdocs\ci4\system\Config\Services.php(570): CodeIgniter\Session\Handlers\FileHandler->__construct(Object(Config\App), '::1')
#3 D:\xammp\htdocs\ci4\system\Config\BaseService.php(248): CodeIgniter\Config\Services::session(Object(Config\App), false)
#4 D:\xammp\htdocs\ci4\system\Config\BaseService.php(189): CodeIgniter\Config\BaseService::__callStatic('session', Array)
#5 D:\xammp\htdocs\ci4\system\Config\Services.php(563): CodeIgniter\Config\BaseService::getSharedInstance('session', NULL)
#6 D:\xammp\htdocs\ci4\system\Config\BaseService.php(248): CodeIgniter\Config\Services::session()
#7 D:\xammp\htdocs\ci4\system\Common.php(901): CodeIgniter\Config\BaseService::__callStatic('session', Array)
#8 D:\xammp\htdocs\ci4\app\Controllers\Login.php(45): session()
#9 D:\xammp\htdocs\ci4\system\CodeIgniter.php(825): App\Controllers\Login->verifyUser()
#10 D:\xammp\htdocs\ci4\system\CodeIgniter.php(412): CodeIgniter\CodeIgniter->runController(Object(App\Controllers\Login))
#11 D:\xammp\htdocs\ci4\system\CodeIgniter.php(320): CodeIgniter\CodeIgniter->handleRequest(NULL, Object(Config\Cache), false)
#12 D:\xammp\htdocs\ci4\index.php(37): CodeIgniter\CodeIgniter->run()
#13 {main}
INFO - 2022-02-18 13:30:47 --> Session: Class initialized using 'CodeIgniter\Session\Handlers\FileHandler' driver.
INFO - 2022-02-18 13:32:49 --> Session: Class initialized using 'CodeIgniter\Session\Handlers\FileHandler' driver.
WARNING - 2022-02-18 13:32:49 --> Session: Sessions is enabled, and one exists.Please don't $session->start();
CRITICAL - 2022-02-18 13:32:49 --> session_start(): A session had already been started - ignoring
#0 [internal function]: CodeIgniter\Debug\Exceptions->errorHandler(8, 'session_start()...', 'D:\\xammp\\htdocs...', 54, Array)
#1 D:\xammp\htdocs\ci4\app\Controllers\Login.php(54): session_start()
#2 D:\xammp\htdocs\ci4\system\CodeIgniter.php(825): App\Controllers\Login->verifyUser()
#3 D:\xammp\htdocs\ci4\system\CodeIgniter.php(412): CodeIgniter\CodeIgniter->runController(Object(App\Controllers\Login))
#4 D:\xammp\htdocs\ci4\system\CodeIgniter.php(320): CodeIgniter\CodeIgniter->handleRequest(NULL, Object(Config\Cache), false)
#5 D:\xammp\htdocs\ci4\index.php(37): CodeIgniter\CodeIgniter->run()
#6 {main}
INFO - 2022-02-18 13:33:08 --> Session: Class initialized using 'CodeIgniter\Session\Handlers\FileHandler' driver.
WARNING - 2022-02-18 13:33:08 --> Session: Sessions is enabled, and one exists.Please don't $session->start();
INFO - 2022-02-18 13:33:25 --> Session: Class initialized using 'CodeIgniter\Session\Handlers\FileHandler' driver.
WARNING - 2022-02-18 13:33:25 --> Session: Sessions is enabled, and one exists.Please don't $session->start();
INFO - 2022-02-18 13:34:05 --> Session: Class initialized using 'CodeIgniter\Session\Handlers\FileHandler' driver.
WARNING - 2022-02-18 13:34:05 --> Session: Sessions is enabled, and one exists.Please don't $session->start();
INFO - 2022-02-18 13:34:23 --> Session: Class initialized using 'CodeIgniter\Session\Handlers\FileHandler' driver.
WARNING - 2022-02-18 13:34:23 --> Session: Sessions is enabled, and one exists.Please don't $session->start();
CRITICAL - 2022-02-18 13:34:23 --> Call to undefined function App\Controllers\setFlashdata()
#0 D:\xammp\htdocs\ci4\system\CodeIgniter.php(825): App\Controllers\Login->verifyUser()
#1 D:\xammp\htdocs\ci4\system\CodeIgniter.php(412): CodeIgniter\CodeIgniter->runController(Object(App\Controllers\Login))
#2 D:\xammp\htdocs\ci4\system\CodeIgniter.php(320): CodeIgniter\CodeIgniter->handleRequest(NULL, Object(Config\Cache), false)
#3 D:\xammp\htdocs\ci4\index.php(37): CodeIgniter\CodeIgniter->run()
#4 {main}
INFO - 2022-02-18 13:36:32 --> Session: Class initialized using 'CodeIgniter\Session\Handlers\FileHandler' driver.
CRITICAL - 2022-02-18 13:36:32 --> Call to undefined function App\Controllers\set_flashdata()
#0 D:\xammp\htdocs\ci4\system\CodeIgniter.php(825): App\Controllers\Login->verifyUser()
#1 D:\xammp\htdocs\ci4\system\CodeIgniter.php(412): CodeIgniter\CodeIgniter->runController(Object(App\Controllers\Login))
#2 D:\xammp\htdocs\ci4\system\CodeIgniter.php(320): CodeIgniter\CodeIgniter->handleRequest(NULL, Object(Config\Cache), false)
#3 D:\xammp\htdocs\ci4\index.php(37): CodeIgniter\CodeIgniter->run()
#4 {main}
INFO - 2022-02-18 13:37:09 --> Session: Class initialized using 'CodeIgniter\Session\Handlers\FileHandler' driver.
CRITICAL - 2022-02-18 13:37:09 --> Call to undefined function App\Controllers\flashdata()
#0 D:\xammp\htdocs\ci4\system\CodeIgniter.php(825): App\Controllers\Login->verifyUser()
#1 D:\xammp\htdocs\ci4\system\CodeIgniter.php(412): CodeIgniter\CodeIgniter->runController(Object(App\Controllers\Login))
#2 D:\xammp\htdocs\ci4\system\CodeIgniter.php(320): CodeIgniter\CodeIgniter->handleRequest(NULL, Object(Config\Cache), false)
#3 D:\xammp\htdocs\ci4\index.php(37): CodeIgniter\CodeIgniter->run()
#4 {main}
INFO - 2022-02-18 13:38:03 --> Session: Class initialized using 'CodeIgniter\Session\Handlers\FileHandler' driver.
CRITICAL - 2022-02-18 13:38:03 --> Call to undefined function App\Controllers\flashdata()
#0 D:\xammp\htdocs\ci4\system\CodeIgniter.php(825): App\Controllers\Login->verifyUser()
#1 D:\xammp\htdocs\ci4\system\CodeIgniter.php(412): CodeIgniter\CodeIgniter->runController(Object(App\Controllers\Login))
#2 D:\xammp\htdocs\ci4\system\CodeIgniter.php(320): CodeIgniter\CodeIgniter->handleRequest(NULL, Object(Config\Cache), false)
#3 D:\xammp\htdocs\ci4\index.php(37): CodeIgniter\CodeIgniter->run()
#4 {main}
INFO - 2022-02-18 13:38:19 --> Session: Class initialized using 'CodeIgniter\Session\Handlers\FileHandler' driver.
CRITICAL - 2022-02-18 13:38:19 --> Call to undefined method CodeIgniter\Session\Session::flashdata()
#0 D:\xammp\htdocs\ci4\system\CodeIgniter.php(825): App\Controllers\Login->verifyUser()
#1 D:\xammp\htdocs\ci4\system\CodeIgniter.php(412): CodeIgniter\CodeIgniter->runController(Object(App\Controllers\Login))
#2 D:\xammp\htdocs\ci4\system\CodeIgniter.php(320): CodeIgniter\CodeIgniter->handleRequest(NULL, Object(Config\Cache), false)
#3 D:\xammp\htdocs\ci4\index.php(37): CodeIgniter\CodeIgniter->run()
#4 {main}
INFO - 2022-02-18 13:38:41 --> Session: Class initialized using 'CodeIgniter\Session\Handlers\FileHandler' driver.
CRITICAL - 2022-02-18 13:38:41 --> Call to undefined method CodeIgniter\Session\Session::set_flashdata()
#0 D:\xammp\htdocs\ci4\system\CodeIgniter.php(825): App\Controllers\Login->verifyUser()
#1 D:\xammp\htdocs\ci4\system\CodeIgniter.php(412): CodeIgniter\CodeIgniter->runController(Object(App\Controllers\Login))
#2 D:\xammp\htdocs\ci4\system\CodeIgniter.php(320): CodeIgniter\CodeIgniter->handleRequest(NULL, Object(Config\Cache), false)
#3 D:\xammp\htdocs\ci4\index.php(37): CodeIgniter\CodeIgniter->run()
#4 {main}
INFO - 2022-02-18 13:41:14 --> Session: Class initialized using 'CodeIgniter\Session\Handlers\FileHandler' driver.
INFO - 2022-02-18 13:41:23 --> Session: Class initialized using 'CodeIgniter\Session\Handlers\FileHandler' driver.
INFO - 2022-02-18 13:41:29 --> Session: Class initialized using 'CodeIgniter\Session\Handlers\FileHandler' driver.
CRITICAL - 2022-02-18 13:41:29 --> Call to undefined method CodeIgniter\Session\Session::getFlasdata()
#0 D:\xammp\htdocs\ci4\system\View\View.php(210): include()
#1 D:\xammp\htdocs\ci4\system\View\View.php(213): CodeIgniter\View\View->CodeIgniter\View\{closure}()
#2 D:\xammp\htdocs\ci4\system\Common.php(1089): CodeIgniter\View\View->render('login_form', Array, true)
#3 D:\xammp\htdocs\ci4\app\Controllers\Login.php(11): view('login_form', Array)
#4 D:\xammp\htdocs\ci4\system\CodeIgniter.php(825): App\Controllers\Login->index()
#5 D:\xammp\htdocs\ci4\system\CodeIgniter.php(412): CodeIgniter\CodeIgniter->runController(Object(App\Controllers\Login))
#6 D:\xammp\htdocs\ci4\system\CodeIgniter.php(320): CodeIgniter\CodeIgniter->handleRequest(NULL, Object(Config\Cache), false)
#7 D:\xammp\htdocs\ci4\index.php(37): CodeIgniter\CodeIgniter->run()
#8 {main}
INFO - 2022-02-18 13:41:36 --> Session: Class initialized using 'CodeIgniter\Session\Handlers\FileHandler' driver.
INFO - 2022-02-18 13:41:53 --> Session: Class initialized using 'CodeIgniter\Session\Handlers\FileHandler' driver.
INFO - 2022-02-18 13:42:04 --> Session: Class initialized using 'CodeIgniter\Session\Handlers\FileHandler' driver.
INFO - 2022-02-18 13:42:04 --> Session: Class initialized using 'CodeIgniter\Session\Handlers\FileHandler' driver.
CRITICAL - 2022-02-18 13:42:04 --> Call to undefined method CodeIgniter\Session\Session::getFlasdata()
#0 D:\xammp\htdocs\ci4\system\View\View.php(210): include()
#1 D:\xammp\htdocs\ci4\system\View\View.php(213): CodeIgniter\View\View->CodeIgniter\View\{closure}()
#2 D:\xammp\htdocs\ci4\system\Common.php(1089): CodeIgniter\View\View->render('login_form', Array, true)
#3 D:\xammp\htdocs\ci4\app\Controllers\Login.php(11): view('login_form', Array)
#4 D:\xammp\htdocs\ci4\system\CodeIgniter.php(825): App\Controllers\Login->index()
#5 D:\xammp\htdocs\ci4\system\CodeIgniter.php(412): CodeIgniter\CodeIgniter->runController(Object(App\Controllers\Login))
#6 D:\xammp\htdocs\ci4\system\CodeIgniter.php(320): CodeIgniter\CodeIgniter->handleRequest(NULL, Object(Config\Cache), false)
#7 D:\xammp\htdocs\ci4\index.php(37): CodeIgniter\CodeIgniter->run()
#8 {main}
INFO - 2022-02-18 13:42:36 --> Session: Class initialized using 'CodeIgniter\Session\Handlers\FileHandler' driver.
INFO - 2022-02-18 13:42:52 --> Session: Class initialized using 'CodeIgniter\Session\Handlers\FileHandler' driver.
CRITICAL - 2022-02-18 13:42:52 --> Call to undefined method CodeIgniter\Session\Session::getFlasdata()
#0 D:\xammp\htdocs\ci4\system\View\View.php(210): include()
#1 D:\xammp\htdocs\ci4\system\View\View.php(213): CodeIgniter\View\View->CodeIgniter\View\{closure}()
#2 D:\xammp\htdocs\ci4\system\Common.php(1089): CodeIgniter\View\View->render('login_form', Array, true)
#3 D:\xammp\htdocs\ci4\app\Controllers\Login.php(46): view('login_form', Array)
#4 D:\xammp\htdocs\ci4\system\CodeIgniter.php(825): App\Controllers\Login->verifyUser()
#5 D:\xammp\htdocs\ci4\system\CodeIgniter.php(412): CodeIgniter\CodeIgniter->runController(Object(App\Controllers\Login))
#6 D:\xammp\htdocs\ci4\system\CodeIgniter.php(320): CodeIgniter\CodeIgniter->handleRequest(NULL, Object(Config\Cache), false)
#7 D:\xammp\htdocs\ci4\index.php(37): CodeIgniter\CodeIgniter->run()
#8 {main}
INFO - 2022-02-18 13:44:06 --> Session: Class initialized using 'CodeIgniter\Session\Handlers\FileHandler' driver.
CRITICAL - 2022-02-18 13:44:06 --> Call to undefined method CodeIgniter\Session\Session::getFlasdata()
#0 D:\xammp\htdocs\ci4\system\View\View.php(210): include()
#1 D:\xammp\htdocs\ci4\system\View\View.php(213): CodeIgniter\View\View->CodeIgniter\View\{closure}()
#2 D:\xammp\htdocs\ci4\system\Common.php(1089): CodeIgniter\View\View->render('login_form', Array, true)
#3 D:\xammp\htdocs\ci4\app\Controllers\Login.php(46): view('login_form', Array)
#4 D:\xammp\htdocs\ci4\system\CodeIgniter.php(825): App\Controllers\Login->verifyUser()
#5 D:\xammp\htdocs\ci4\system\CodeIgniter.php(412): CodeIgniter\CodeIgniter->runController(Object(App\Controllers\Login))
#6 D:\xammp\htdocs\ci4\system\CodeIgniter.php(320): CodeIgniter\CodeIgniter->handleRequest(NULL, Object(Config\Cache), false)
#7 D:\xammp\htdocs\ci4\index.php(37): CodeIgniter\CodeIgniter->run()
#8 {main}
INFO - 2022-02-18 13:44:09 --> Session: Class initialized using 'CodeIgniter\Session\Handlers\FileHandler' driver.
CRITICAL - 2022-02-18 13:44:09 --> Call to undefined method CodeIgniter\Session\Session::getFlasdata()
#0 D:\xammp\htdocs\ci4\system\View\View.php(210): include()
#1 D:\xammp\htdocs\ci4\system\View\View.php(213): CodeIgniter\View\View->CodeIgniter\View\{closure}()
#2 D:\xammp\htdocs\ci4\system\Common.php(1089): CodeIgniter\View\View->render('login_form', Array, true)
#3 D:\xammp\htdocs\ci4\app\Controllers\Login.php(11): view('login_form', Array)
#4 D:\xammp\htdocs\ci4\system\CodeIgniter.php(825): App\Controllers\Login->index()
#5 D:\xammp\htdocs\ci4\system\CodeIgniter.php(412): CodeIgniter\CodeIgniter->runController(Object(App\Controllers\Login))
#6 D:\xammp\htdocs\ci4\system\CodeIgniter.php(320): CodeIgniter\CodeIgniter->handleRequest(NULL, Object(Config\Cache), false)
#7 D:\xammp\htdocs\ci4\index.php(37): CodeIgniter\CodeIgniter->run()
#8 {main}
INFO - 2022-02-18 13:44:12 --> Session: Class initialized using 'CodeIgniter\Session\Handlers\FileHandler' driver.
INFO - 2022-02-18 13:44:25 --> Session: Class initialized using 'CodeIgniter\Session\Handlers\FileHandler' driver.
CRITICAL - 2022-02-18 13:44:25 --> Call to undefined method CodeIgniter\Session\Session::getFlasdata()
#0 D:\xammp\htdocs\ci4\system\View\View.php(210): include()
#1 D:\xammp\htdocs\ci4\system\View\View.php(213): CodeIgniter\View\View->CodeIgniter\View\{closure}()
#2 D:\xammp\htdocs\ci4\system\Common.php(1089): CodeIgniter\View\View->render('login_form', Array, true)
#3 D:\xammp\htdocs\ci4\app\Controllers\Login.php(46): view('login_form', Array)
#4 D:\xammp\htdocs\ci4\system\CodeIgniter.php(825): App\Controllers\Login->verifyUser()
#5 D:\xammp\htdocs\ci4\system\CodeIgniter.php(412): CodeIgniter\CodeIgniter->runController(Object(App\Controllers\Login))
#6 D:\xammp\htdocs\ci4\system\CodeIgniter.php(320): CodeIgniter\CodeIgniter->handleRequest(NULL, Object(Config\Cache), false)
#7 D:\xammp\htdocs\ci4\index.php(37): CodeIgniter\CodeIgniter->run()
#8 {main}
