INFO - 2022-04-30 04:16:57 --> Session: Class initialized using 'CodeIgniter\Session\Handlers\FileHandler' driver.
INFO - 2022-04-30 04:16:57 --> Cart Class Initialized
INFO - 2022-04-30 04:17:10 --> Session: Class initialized using 'CodeIgniter\Session\Handlers\FileHandler' driver.
INFO - 2022-04-30 04:17:10 --> Cart Class Initialized
INFO - 2022-04-30 04:18:14 --> Session: Class initialized using 'CodeIgniter\Session\Handlers\FileHandler' driver.
INFO - 2022-04-30 04:18:14 --> Cart Class Initialized
INFO - 2022-04-30 04:18:16 --> Session: Class initialized using 'CodeIgniter\Session\Handlers\FileHandler' driver.
INFO - 2022-04-30 04:18:16 --> Cart Class Initialized
INFO - 2022-04-30 04:18:30 --> Session: Class initialized using 'CodeIgniter\Session\Handlers\FileHandler' driver.
INFO - 2022-04-30 04:18:30 --> Cart Class Initialized
ERROR - 2022-04-30 04:18:31 --> Email: sendWithSmtp throwed fsockopen(): php_network_getaddresses: getaddrinfo failed: No such host is known. 
INFO - 2022-04-30 04:18:31 --> Session: Class initialized using 'CodeIgniter\Session\Handlers\FileHandler' driver.
INFO - 2022-04-30 04:18:31 --> Cart Class Initialized
INFO - 2022-04-30 04:20:47 --> Session: Class initialized using 'CodeIgniter\Session\Handlers\FileHandler' driver.
INFO - 2022-04-30 04:20:47 --> Cart Class Initialized
INFO - 2022-04-30 04:20:48 --> Session: Class initialized using 'CodeIgniter\Session\Handlers\FileHandler' driver.
INFO - 2022-04-30 04:20:48 --> Cart Class Initialized
INFO - 2022-04-30 04:20:50 --> Session: Class initialized using 'CodeIgniter\Session\Handlers\FileHandler' driver.
INFO - 2022-04-30 04:20:50 --> Cart Class Initialized
INFO - 2022-04-30 04:20:50 --> Session: Class initialized using 'CodeIgniter\Session\Handlers\FileHandler' driver.
INFO - 2022-04-30 04:20:50 --> Cart Class Initialized
INFO - 2022-04-30 04:21:27 --> Session: Class initialized using 'CodeIgniter\Session\Handlers\FileHandler' driver.
INFO - 2022-04-30 04:21:27 --> Cart Class Initialized
ERROR - 2022-04-30 04:21:27 --> Email: sendWithSmtp throwed fsockopen(): php_network_getaddresses: getaddrinfo failed: No such host is known. 
INFO - 2022-04-30 04:21:28 --> Session: Class initialized using 'CodeIgniter\Session\Handlers\FileHandler' driver.
INFO - 2022-04-30 04:21:28 --> Cart Class Initialized
INFO - 2022-04-30 04:21:46 --> Session: Class initialized using 'CodeIgniter\Session\Handlers\FileHandler' driver.
INFO - 2022-04-30 04:21:46 --> Cart Class Initialized
INFO - 2022-04-30 04:21:47 --> Session: Class initialized using 'CodeIgniter\Session\Handlers\FileHandler' driver.
INFO - 2022-04-30 04:21:47 --> Cart Class Initialized
INFO - 2022-04-30 04:24:03 --> Session: Class initialized using 'CodeIgniter\Session\Handlers\FileHandler' driver.
INFO - 2022-04-30 04:24:03 --> Cart Class Initialized
ERROR - 2022-04-30 04:24:15 --> Email: sendWithSmtp throwed fsockopen(): php_network_getaddresses: getaddrinfo failed: No such host is known. 
INFO - 2022-04-30 04:24:15 --> Session: Class initialized using 'CodeIgniter\Session\Handlers\FileHandler' driver.
INFO - 2022-04-30 04:24:15 --> Cart Class Initialized
INFO - 2022-04-30 04:24:43 --> Session: Class initialized using 'CodeIgniter\Session\Handlers\FileHandler' driver.
INFO - 2022-04-30 04:24:43 --> Cart Class Initialized
INFO - 2022-04-30 04:24:45 --> Session: Class initialized using 'CodeIgniter\Session\Handlers\FileHandler' driver.
INFO - 2022-04-30 04:24:45 --> Cart Class Initialized
INFO - 2022-04-30 04:27:16 --> Session: Class initialized using 'CodeIgniter\Session\Handlers\FileHandler' driver.
INFO - 2022-04-30 04:27:16 --> Cart Class Initialized
INFO - 2022-04-30 04:27:17 --> Session: Class initialized using 'CodeIgniter\Session\Handlers\FileHandler' driver.
INFO - 2022-04-30 04:27:17 --> Cart Class Initialized
INFO - 2022-04-30 04:27:47 --> Session: Class initialized using 'CodeIgniter\Session\Handlers\FileHandler' driver.
INFO - 2022-04-30 04:27:47 --> Cart Class Initialized
INFO - 2022-04-30 04:27:50 --> Session: Class initialized using 'CodeIgniter\Session\Handlers\FileHandler' driver.
INFO - 2022-04-30 04:27:50 --> Cart Class Initialized
INFO - 2022-04-30 04:28:39 --> Session: Class initialized using 'CodeIgniter\Session\Handlers\FileHandler' driver.
INFO - 2022-04-30 04:28:39 --> Cart Class Initialized
INFO - 2022-04-30 04:28:39 --> Session: Class initialized using 'CodeIgniter\Session\Handlers\FileHandler' driver.
INFO - 2022-04-30 04:28:39 --> Cart Class Initialized
INFO - 2022-04-30 04:28:49 --> Session: Class initialized using 'CodeIgniter\Session\Handlers\FileHandler' driver.
INFO - 2022-04-30 04:28:49 --> Cart Class Initialized
INFO - 2022-04-30 04:28:52 --> Session: Class initialized using 'CodeIgniter\Session\Handlers\FileHandler' driver.
INFO - 2022-04-30 04:28:52 --> Cart Class Initialized
INFO - 2022-04-30 04:38:43 --> Session: Class initialized using 'CodeIgniter\Session\Handlers\FileHandler' driver.
INFO - 2022-04-30 04:38:43 --> Cart Class Initialized
INFO - 2022-04-30 04:38:45 --> Session: Class initialized using 'CodeIgniter\Session\Handlers\FileHandler' driver.
INFO - 2022-04-30 04:38:45 --> Cart Class Initialized
INFO - 2022-04-30 04:39:03 --> Session: Class initialized using 'CodeIgniter\Session\Handlers\FileHandler' driver.
INFO - 2022-04-30 04:39:03 --> Cart Class Initialized
INFO - 2022-04-30 04:39:04 --> Session: Class initialized using 'CodeIgniter\Session\Handlers\FileHandler' driver.
INFO - 2022-04-30 04:39:04 --> Cart Class Initialized
INFO - 2022-04-30 04:39:20 --> Session: Class initialized using 'CodeIgniter\Session\Handlers\FileHandler' driver.
INFO - 2022-04-30 04:39:20 --> Cart Class Initialized
INFO - 2022-04-30 04:39:22 --> Session: Class initialized using 'CodeIgniter\Session\Handlers\FileHandler' driver.
INFO - 2022-04-30 04:39:22 --> Cart Class Initialized
INFO - 2022-04-30 04:39:38 --> Session: Class initialized using 'CodeIgniter\Session\Handlers\FileHandler' driver.
INFO - 2022-04-30 04:39:38 --> Cart Class Initialized
INFO - 2022-04-30 04:39:39 --> Session: Class initialized using 'CodeIgniter\Session\Handlers\FileHandler' driver.
INFO - 2022-04-30 04:39:39 --> Cart Class Initialized
INFO - 2022-04-30 04:39:49 --> Session: Class initialized using 'CodeIgniter\Session\Handlers\FileHandler' driver.
INFO - 2022-04-30 04:39:49 --> Cart Class Initialized
INFO - 2022-04-30 04:39:52 --> Session: Class initialized using 'CodeIgniter\Session\Handlers\FileHandler' driver.
INFO - 2022-04-30 04:39:52 --> Cart Class Initialized
INFO - 2022-04-30 04:40:54 --> Session: Class initialized using 'CodeIgniter\Session\Handlers\FileHandler' driver.
INFO - 2022-04-30 04:40:54 --> Cart Class Initialized
INFO - 2022-04-30 04:40:56 --> Session: Class initialized using 'CodeIgniter\Session\Handlers\FileHandler' driver.
INFO - 2022-04-30 04:40:56 --> Cart Class Initialized
INFO - 2022-04-30 04:44:27 --> Session: Class initialized using 'CodeIgniter\Session\Handlers\FileHandler' driver.
INFO - 2022-04-30 04:44:27 --> Cart Class Initialized
INFO - 2022-04-30 04:59:52 --> Session: Class initialized using 'CodeIgniter\Session\Handlers\FileHandler' driver.
INFO - 2022-04-30 04:59:52 --> Cart Class Initialized
INFO - 2022-04-30 04:59:54 --> Session: Class initialized using 'CodeIgniter\Session\Handlers\FileHandler' driver.
INFO - 2022-04-30 04:59:54 --> Cart Class Initialized
INFO - 2022-04-30 05:00:18 --> Session: Class initialized using 'CodeIgniter\Session\Handlers\FileHandler' driver.
INFO - 2022-04-30 05:00:18 --> Cart Class Initialized
INFO - 2022-04-30 05:00:20 --> Session: Class initialized using 'CodeIgniter\Session\Handlers\FileHandler' driver.
INFO - 2022-04-30 05:00:20 --> Cart Class Initialized
INFO - 2022-04-30 05:00:41 --> Session: Class initialized using 'CodeIgniter\Session\Handlers\FileHandler' driver.
INFO - 2022-04-30 05:00:41 --> Cart Class Initialized
ERROR - 2022-04-30 05:00:41 --> Email: sendWithSmtp throwed fsockopen(): php_network_getaddresses: getaddrinfo failed: No such host is known. 
INFO - 2022-04-30 05:03:33 --> Session: Class initialized using 'CodeIgniter\Session\Handlers\FileHandler' driver.
INFO - 2022-04-30 05:03:33 --> Cart Class Initialized
INFO - 2022-04-30 05:03:36 --> Session: Class initialized using 'CodeIgniter\Session\Handlers\FileHandler' driver.
INFO - 2022-04-30 05:03:36 --> Cart Class Initialized
INFO - 2022-04-30 05:05:46 --> Session: Class initialized using 'CodeIgniter\Session\Handlers\FileHandler' driver.
INFO - 2022-04-30 05:05:46 --> Cart Class Initialized
ERROR - 2022-04-30 05:05:46 --> Email: sendWithSmtp throwed fsockopen(): php_network_getaddresses: getaddrinfo failed: No such host is known. 
INFO - 2022-04-30 05:06:10 --> Session: Class initialized using 'CodeIgniter\Session\Handlers\FileHandler' driver.
INFO - 2022-04-30 05:06:10 --> Cart Class Initialized
INFO - 2022-04-30 05:06:12 --> Session: Class initialized using 'CodeIgniter\Session\Handlers\FileHandler' driver.
INFO - 2022-04-30 05:06:12 --> Cart Class Initialized
INFO - 2022-04-30 05:06:42 --> Session: Class initialized using 'CodeIgniter\Session\Handlers\FileHandler' driver.
INFO - 2022-04-30 05:06:42 --> Cart Class Initialized
ERROR - 2022-04-30 05:06:43 --> Email: sendWithSmtp throwed fsockopen(): php_network_getaddresses: getaddrinfo failed: No such host is known. 
INFO - 2022-04-30 05:06:43 --> Session: Class initialized using 'CodeIgniter\Session\Handlers\FileHandler' driver.
INFO - 2022-04-30 05:06:43 --> Cart Class Initialized
INFO - 2022-04-30 05:07:07 --> Session: Class initialized using 'CodeIgniter\Session\Handlers\FileHandler' driver.
INFO - 2022-04-30 05:07:07 --> Cart Class Initialized
INFO - 2022-04-30 05:07:11 --> Session: Class initialized using 'CodeIgniter\Session\Handlers\FileHandler' driver.
INFO - 2022-04-30 05:07:11 --> Cart Class Initialized
INFO - 2022-04-30 05:07:14 --> Session: Class initialized using 'CodeIgniter\Session\Handlers\FileHandler' driver.
INFO - 2022-04-30 05:07:14 --> Cart Class Initialized
INFO - 2022-04-30 05:07:51 --> Session: Class initialized using 'CodeIgniter\Session\Handlers\FileHandler' driver.
INFO - 2022-04-30 05:07:51 --> Cart Class Initialized
ERROR - 2022-04-30 05:07:51 --> Email: sendWithSmtp throwed fsockopen(): php_network_getaddresses: getaddrinfo failed: No such host is known. 
INFO - 2022-04-30 05:07:51 --> Session: Class initialized using 'CodeIgniter\Session\Handlers\FileHandler' driver.
INFO - 2022-04-30 05:07:51 --> Cart Class Initialized
INFO - 2022-04-30 05:07:52 --> Session: Class initialized using 'CodeIgniter\Session\Handlers\FileHandler' driver.
INFO - 2022-04-30 05:07:52 --> Cart Class Initialized
INFO - 2022-04-30 05:09:34 --> Session: Class initialized using 'CodeIgniter\Session\Handlers\FileHandler' driver.
INFO - 2022-04-30 05:09:34 --> Cart Class Initialized
INFO - 2022-04-30 05:09:36 --> Session: Class initialized using 'CodeIgniter\Session\Handlers\FileHandler' driver.
INFO - 2022-04-30 05:09:36 --> Cart Class Initialized
INFO - 2022-04-30 05:09:58 --> Session: Class initialized using 'CodeIgniter\Session\Handlers\FileHandler' driver.
INFO - 2022-04-30 05:09:58 --> Cart Class Initialized
ERROR - 2022-04-30 05:09:58 --> Email: sendWithSmtp throwed fsockopen(): php_network_getaddresses: getaddrinfo failed: No such host is known. 
INFO - 2022-04-30 05:09:59 --> Session: Class initialized using 'CodeIgniter\Session\Handlers\FileHandler' driver.
INFO - 2022-04-30 05:09:59 --> Cart Class Initialized
INFO - 2022-04-30 05:13:09 --> Session: Class initialized using 'CodeIgniter\Session\Handlers\FileHandler' driver.
INFO - 2022-04-30 05:13:09 --> Cart Class Initialized
ERROR - 2022-04-30 05:13:09 --> Email: sendWithSmtp throwed fsockopen(): php_network_getaddresses: getaddrinfo failed: No such host is known. 
INFO - 2022-04-30 05:17:50 --> Session: Class initialized using 'CodeIgniter\Session\Handlers\FileHandler' driver.
INFO - 2022-04-30 05:17:50 --> Cart Class Initialized
INFO - 2022-04-30 05:18:02 --> Session: Class initialized using 'CodeIgniter\Session\Handlers\FileHandler' driver.
INFO - 2022-04-30 05:18:02 --> Cart Class Initialized
INFO - 2022-04-30 05:18:19 --> Session: Class initialized using 'CodeIgniter\Session\Handlers\FileHandler' driver.
INFO - 2022-04-30 05:18:19 --> Cart Class Initialized
INFO - 2022-04-30 05:18:42 --> Session: Class initialized using 'CodeIgniter\Session\Handlers\FileHandler' driver.
INFO - 2022-04-30 05:18:42 --> Cart Class Initialized
INFO - 2022-04-30 05:18:45 --> Session: Class initialized using 'CodeIgniter\Session\Handlers\FileHandler' driver.
INFO - 2022-04-30 05:18:45 --> Cart Class Initialized
INFO - 2022-04-30 05:18:50 --> Session: Class initialized using 'CodeIgniter\Session\Handlers\FileHandler' driver.
INFO - 2022-04-30 05:18:50 --> Cart Class Initialized
INFO - 2022-04-30 05:18:58 --> Session: Class initialized using 'CodeIgniter\Session\Handlers\FileHandler' driver.
INFO - 2022-04-30 05:18:58 --> Cart Class Initialized
INFO - 2022-04-30 05:19:06 --> Session: Class initialized using 'CodeIgniter\Session\Handlers\FileHandler' driver.
INFO - 2022-04-30 05:19:06 --> Cart Class Initialized
INFO - 2022-04-30 05:20:34 --> Session: Class initialized using 'CodeIgniter\Session\Handlers\FileHandler' driver.
INFO - 2022-04-30 05:20:34 --> Cart Class Initialized
INFO - 2022-04-30 05:21:56 --> Session: Class initialized using 'CodeIgniter\Session\Handlers\FileHandler' driver.
INFO - 2022-04-30 05:21:56 --> Cart Class Initialized
INFO - 2022-04-30 05:22:12 --> Session: Class initialized using 'CodeIgniter\Session\Handlers\FileHandler' driver.
INFO - 2022-04-30 05:22:12 --> Cart Class Initialized
INFO - 2022-04-30 05:22:18 --> Session: Class initialized using 'CodeIgniter\Session\Handlers\FileHandler' driver.
INFO - 2022-04-30 05:22:18 --> Cart Class Initialized
INFO - 2022-04-30 05:24:17 --> Session: Class initialized using 'CodeIgniter\Session\Handlers\FileHandler' driver.
INFO - 2022-04-30 05:24:17 --> Cart Class Initialized
INFO - 2022-04-30 05:25:06 --> Session: Class initialized using 'CodeIgniter\Session\Handlers\FileHandler' driver.
INFO - 2022-04-30 05:25:06 --> Cart Class Initialized
INFO - 2022-04-30 05:27:06 --> Session: Class initialized using 'CodeIgniter\Session\Handlers\FileHandler' driver.
INFO - 2022-04-30 05:27:06 --> Cart Class Initialized
INFO - 2022-04-30 05:29:09 --> Session: Class initialized using 'CodeIgniter\Session\Handlers\FileHandler' driver.
INFO - 2022-04-30 05:29:09 --> Cart Class Initialized
INFO - 2022-04-30 05:29:18 --> Session: Class initialized using 'CodeIgniter\Session\Handlers\FileHandler' driver.
INFO - 2022-04-30 05:29:18 --> Cart Class Initialized
INFO - 2022-04-30 05:29:32 --> Session: Class initialized using 'CodeIgniter\Session\Handlers\FileHandler' driver.
INFO - 2022-04-30 05:29:32 --> Cart Class Initialized
INFO - 2022-04-30 05:29:41 --> Session: Class initialized using 'CodeIgniter\Session\Handlers\FileHandler' driver.
INFO - 2022-04-30 05:29:41 --> Cart Class Initialized
INFO - 2022-04-30 05:30:27 --> Session: Class initialized using 'CodeIgniter\Session\Handlers\FileHandler' driver.
INFO - 2022-04-30 05:30:27 --> Cart Class Initialized
INFO - 2022-04-30 05:30:29 --> Session: Class initialized using 'CodeIgniter\Session\Handlers\FileHandler' driver.
INFO - 2022-04-30 05:30:29 --> Cart Class Initialized
INFO - 2022-04-30 05:30:37 --> Session: Class initialized using 'CodeIgniter\Session\Handlers\FileHandler' driver.
INFO - 2022-04-30 05:30:37 --> Cart Class Initialized
INFO - 2022-04-30 05:30:39 --> Session: Class initialized using 'CodeIgniter\Session\Handlers\FileHandler' driver.
INFO - 2022-04-30 05:30:39 --> Cart Class Initialized
INFO - 2022-04-30 05:30:57 --> Session: Class initialized using 'CodeIgniter\Session\Handlers\FileHandler' driver.
INFO - 2022-04-30 05:30:57 --> Cart Class Initialized
INFO - 2022-04-30 05:30:59 --> Session: Class initialized using 'CodeIgniter\Session\Handlers\FileHandler' driver.
INFO - 2022-04-30 05:30:59 --> Cart Class Initialized
INFO - 2022-04-30 05:34:23 --> Session: Class initialized using 'CodeIgniter\Session\Handlers\FileHandler' driver.
INFO - 2022-04-30 05:34:23 --> Cart Class Initialized
INFO - 2022-04-30 05:34:25 --> Session: Class initialized using 'CodeIgniter\Session\Handlers\FileHandler' driver.
INFO - 2022-04-30 05:34:25 --> Cart Class Initialized
INFO - 2022-04-30 05:35:00 --> Session: Class initialized using 'CodeIgniter\Session\Handlers\FileHandler' driver.
INFO - 2022-04-30 05:35:00 --> Cart Class Initialized
INFO - 2022-04-30 05:35:03 --> Session: Class initialized using 'CodeIgniter\Session\Handlers\FileHandler' driver.
INFO - 2022-04-30 05:35:03 --> Cart Class Initialized
INFO - 2022-04-30 05:38:44 --> Session: Class initialized using 'CodeIgniter\Session\Handlers\FileHandler' driver.
INFO - 2022-04-30 05:38:44 --> Cart Class Initialized
INFO - 2022-04-30 05:38:46 --> Session: Class initialized using 'CodeIgniter\Session\Handlers\FileHandler' driver.
INFO - 2022-04-30 05:38:46 --> Cart Class Initialized
INFO - 2022-04-30 05:42:03 --> Session: Class initialized using 'CodeIgniter\Session\Handlers\FileHandler' driver.
INFO - 2022-04-30 05:42:03 --> Cart Class Initialized
INFO - 2022-04-30 05:42:05 --> Session: Class initialized using 'CodeIgniter\Session\Handlers\FileHandler' driver.
INFO - 2022-04-30 05:42:05 --> Cart Class Initialized
CRITICAL - 2022-04-30 05:42:06 --> Undefined variable $totalTime
#0 C:\xampp\htdocs\ci4\system\Debug\Toolbar\Views\toolbar.tpl.php(40): CodeIgniter\Debug\Exceptions->errorHandler(2, 'Undefined varia...', 'C:\\xampp\\htdocs...', 40)
#1 C:\xampp\htdocs\ci4\system\Debug\Toolbar.php(501): include('C:\\xampp\\htdocs...')
#2 C:\xampp\htdocs\ci4\system\Debug\Toolbar.php(464): CodeIgniter\Debug\Toolbar->format(Array, 'html')
#3 C:\xampp\htdocs\ci4\app\Config\Events.php(48): CodeIgniter\Debug\Toolbar->respond()
#4 C:\xampp\htdocs\ci4\system\Events\Events.php(149): CodeIgniter\Events\Events::Config\{closure}()
#5 C:\xampp\htdocs\ci4\system\CodeIgniter.php(302): CodeIgniter\Events\Events::trigger('pre_system')
#6 C:\xampp\htdocs\ci4\index.php(37): CodeIgniter\CodeIgniter->run()
#7 {main}
INFO - 2022-04-30 05:43:31 --> Session: Class initialized using 'CodeIgniter\Session\Handlers\FileHandler' driver.
INFO - 2022-04-30 05:43:31 --> Cart Class Initialized
INFO - 2022-04-30 05:43:33 --> Session: Class initialized using 'CodeIgniter\Session\Handlers\FileHandler' driver.
INFO - 2022-04-30 05:43:33 --> Cart Class Initialized
INFO - 2022-04-30 05:43:45 --> Session: Class initialized using 'CodeIgniter\Session\Handlers\FileHandler' driver.
INFO - 2022-04-30 05:43:45 --> Cart Class Initialized
INFO - 2022-04-30 05:43:48 --> Session: Class initialized using 'CodeIgniter\Session\Handlers\FileHandler' driver.
INFO - 2022-04-30 05:43:48 --> Cart Class Initialized
INFO - 2022-04-30 05:45:22 --> Session: Class initialized using 'CodeIgniter\Session\Handlers\FileHandler' driver.
INFO - 2022-04-30 05:45:22 --> Cart Class Initialized
INFO - 2022-04-30 05:45:23 --> Session: Class initialized using 'CodeIgniter\Session\Handlers\FileHandler' driver.
INFO - 2022-04-30 05:45:23 --> Cart Class Initialized
INFO - 2022-04-30 05:45:32 --> Session: Class initialized using 'CodeIgniter\Session\Handlers\FileHandler' driver.
INFO - 2022-04-30 05:45:32 --> Cart Class Initialized
INFO - 2022-04-30 05:45:34 --> Session: Class initialized using 'CodeIgniter\Session\Handlers\FileHandler' driver.
INFO - 2022-04-30 05:45:34 --> Cart Class Initialized
INFO - 2022-04-30 05:45:47 --> Session: Class initialized using 'CodeIgniter\Session\Handlers\FileHandler' driver.
INFO - 2022-04-30 05:45:47 --> Cart Class Initialized
INFO - 2022-04-30 05:45:51 --> Session: Class initialized using 'CodeIgniter\Session\Handlers\FileHandler' driver.
INFO - 2022-04-30 05:45:51 --> Cart Class Initialized
INFO - 2022-04-30 05:45:52 --> Session: Class initialized using 'CodeIgniter\Session\Handlers\FileHandler' driver.
INFO - 2022-04-30 05:45:52 --> Cart Class Initialized
INFO - 2022-04-30 05:46:48 --> Session: Class initialized using 'CodeIgniter\Session\Handlers\FileHandler' driver.
CRITICAL - 2022-04-30 05:46:49 --> Call to a member function contents() on null
#0 C:\xampp\htdocs\ci4\system\CodeIgniter.php(825): App\Controllers\Cart->cart('whole_list')
#1 C:\xampp\htdocs\ci4\system\CodeIgniter.php(412): CodeIgniter\CodeIgniter->runController(Object(App\Controllers\Cart))
#2 C:\xampp\htdocs\ci4\system\CodeIgniter.php(320): CodeIgniter\CodeIgniter->handleRequest(NULL, Object(Config\Cache), false)
#3 C:\xampp\htdocs\ci4\index.php(37): CodeIgniter\CodeIgniter->run()
#4 {main}
INFO - 2022-04-30 05:47:21 --> Session: Class initialized using 'CodeIgniter\Session\Handlers\FileHandler' driver.
INFO - 2022-04-30 05:47:29 --> Session: Class initialized using 'CodeIgniter\Session\Handlers\FileHandler' driver.
INFO - 2022-04-30 05:47:51 --> Session: Class initialized using 'CodeIgniter\Session\Handlers\FileHandler' driver.
CRITICAL - 2022-04-30 05:47:52 --> Call to a member function contents() on null
#0 C:\xampp\htdocs\ci4\system\CodeIgniter.php(825): App\Controllers\Cart->cart('whole_list')
#1 C:\xampp\htdocs\ci4\system\CodeIgniter.php(412): CodeIgniter\CodeIgniter->runController(Object(App\Controllers\Cart))
#2 C:\xampp\htdocs\ci4\system\CodeIgniter.php(320): CodeIgniter\CodeIgniter->handleRequest(NULL, Object(Config\Cache), false)
#3 C:\xampp\htdocs\ci4\index.php(37): CodeIgniter\CodeIgniter->run()
#4 {main}
INFO - 2022-04-30 05:47:58 --> Session: Class initialized using 'CodeIgniter\Session\Handlers\FileHandler' driver.
ERROR - 2022-04-30 05:47:58 --> Email: sendWithSmtp throwed fsockopen(): php_network_getaddresses: getaddrinfo failed: No such host is known. 
CRITICAL - 2022-04-30 05:47:58 --> Call to a member function contents() on null
#0 C:\xampp\htdocs\ci4\system\CodeIgniter.php(825): App\Controllers\Cart->cart('whole_list')
#1 C:\xampp\htdocs\ci4\system\CodeIgniter.php(412): CodeIgniter\CodeIgniter->runController(Object(App\Controllers\Cart))
#2 C:\xampp\htdocs\ci4\system\CodeIgniter.php(320): CodeIgniter\CodeIgniter->handleRequest(NULL, Object(Config\Cache), false)
#3 C:\xampp\htdocs\ci4\index.php(37): CodeIgniter\CodeIgniter->run()
#4 {main}
INFO - 2022-04-30 05:48:26 --> Session: Class initialized using 'CodeIgniter\Session\Handlers\FileHandler' driver.
ERROR - 2022-04-30 05:48:26 --> Email: sendWithSmtp throwed fsockopen(): php_network_getaddresses: getaddrinfo failed: No such host is known. 
CRITICAL - 2022-04-30 05:48:26 --> Call to a member function contents() on null
#0 C:\xampp\htdocs\ci4\system\CodeIgniter.php(825): App\Controllers\Cart->cart('whole_list')
#1 C:\xampp\htdocs\ci4\system\CodeIgniter.php(412): CodeIgniter\CodeIgniter->runController(Object(App\Controllers\Cart))
#2 C:\xampp\htdocs\ci4\system\CodeIgniter.php(320): CodeIgniter\CodeIgniter->handleRequest(NULL, Object(Config\Cache), false)
#3 C:\xampp\htdocs\ci4\index.php(37): CodeIgniter\CodeIgniter->run()
#4 {main}
INFO - 2022-04-30 05:50:45 --> Session: Class initialized using 'CodeIgniter\Session\Handlers\FileHandler' driver.
ERROR - 2022-04-30 05:50:45 --> Email: sendWithSmtp throwed fsockopen(): php_network_getaddresses: getaddrinfo failed: No such host is known. 
CRITICAL - 2022-04-30 05:50:46 --> Call to a member function contents() on null
#0 C:\xampp\htdocs\ci4\system\CodeIgniter.php(825): App\Controllers\Cart->cart('whole_list')
#1 C:\xampp\htdocs\ci4\system\CodeIgniter.php(412): CodeIgniter\CodeIgniter->runController(Object(App\Controllers\Cart))
#2 C:\xampp\htdocs\ci4\system\CodeIgniter.php(320): CodeIgniter\CodeIgniter->handleRequest(NULL, Object(Config\Cache), false)
#3 C:\xampp\htdocs\ci4\index.php(37): CodeIgniter\CodeIgniter->run()
#4 {main}
INFO - 2022-04-30 05:51:09 --> Session: Class initialized using 'CodeIgniter\Session\Handlers\FileHandler' driver.
CRITICAL - 2022-04-30 05:51:12 --> Call to a member function contents() on null
#0 C:\xampp\htdocs\ci4\system\CodeIgniter.php(825): App\Controllers\Cart->cart('whole_list')
#1 C:\xampp\htdocs\ci4\system\CodeIgniter.php(412): CodeIgniter\CodeIgniter->runController(Object(App\Controllers\Cart))
#2 C:\xampp\htdocs\ci4\system\CodeIgniter.php(320): CodeIgniter\CodeIgniter->handleRequest(NULL, Object(Config\Cache), false)
#3 C:\xampp\htdocs\ci4\index.php(37): CodeIgniter\CodeIgniter->run()
#4 {main}
INFO - 2022-04-30 05:57:22 --> Session: Class initialized using 'CodeIgniter\Session\Handlers\FileHandler' driver.
CRITICAL - 2022-04-30 05:57:24 --> Call to a member function contents() on null
#0 C:\xampp\htdocs\ci4\system\CodeIgniter.php(825): App\Controllers\Cart->cart('whole_list')
#1 C:\xampp\htdocs\ci4\system\CodeIgniter.php(412): CodeIgniter\CodeIgniter->runController(Object(App\Controllers\Cart))
#2 C:\xampp\htdocs\ci4\system\CodeIgniter.php(320): CodeIgniter\CodeIgniter->handleRequest(NULL, Object(Config\Cache), false)
#3 C:\xampp\htdocs\ci4\index.php(37): CodeIgniter\CodeIgniter->run()
#4 {main}
INFO - 2022-04-30 05:57:27 --> Session: Class initialized using 'CodeIgniter\Session\Handlers\FileHandler' driver.
CRITICAL - 2022-04-30 05:57:28 --> Call to a member function contents() on null
#0 C:\xampp\htdocs\ci4\system\CodeIgniter.php(825): App\Controllers\Cart->cart('whole_list')
#1 C:\xampp\htdocs\ci4\system\CodeIgniter.php(412): CodeIgniter\CodeIgniter->runController(Object(App\Controllers\Cart))
#2 C:\xampp\htdocs\ci4\system\CodeIgniter.php(320): CodeIgniter\CodeIgniter->handleRequest(NULL, Object(Config\Cache), false)
#3 C:\xampp\htdocs\ci4\index.php(37): CodeIgniter\CodeIgniter->run()
#4 {main}
INFO - 2022-04-30 05:57:32 --> Session: Class initialized using 'CodeIgniter\Session\Handlers\FileHandler' driver.
INFO - 2022-04-30 05:57:42 --> Session: Class initialized using 'CodeIgniter\Session\Handlers\FileHandler' driver.
INFO - 2022-04-30 05:58:05 --> Session: Class initialized using 'CodeIgniter\Session\Handlers\FileHandler' driver.
INFO - 2022-04-30 05:58:05 --> Session: Class initialized using 'CodeIgniter\Session\Handlers\FileHandler' driver.
INFO - 2022-04-30 05:58:13 --> Session: Class initialized using 'CodeIgniter\Session\Handlers\FileHandler' driver.
INFO - 2022-04-30 05:58:21 --> Session: Class initialized using 'CodeIgniter\Session\Handlers\FileHandler' driver.
INFO - 2022-04-30 05:58:21 --> Session: Class initialized using 'CodeIgniter\Session\Handlers\FileHandler' driver.
INFO - 2022-04-30 05:58:34 --> Session: Class initialized using 'CodeIgniter\Session\Handlers\FileHandler' driver.
INFO - 2022-04-30 05:58:34 --> Session: Class initialized using 'CodeIgniter\Session\Handlers\FileHandler' driver.
CRITICAL - 2022-04-30 05:58:35 --> Call to a member function contents() on null
#0 C:\xampp\htdocs\ci4\system\CodeIgniter.php(825): App\Controllers\Cart->cart('whole_list')
#1 C:\xampp\htdocs\ci4\system\CodeIgniter.php(412): CodeIgniter\CodeIgniter->runController(Object(App\Controllers\Cart))
#2 C:\xampp\htdocs\ci4\system\CodeIgniter.php(320): CodeIgniter\CodeIgniter->handleRequest(NULL, Object(Config\Cache), false)
#3 C:\xampp\htdocs\ci4\index.php(37): CodeIgniter\CodeIgniter->run()
#4 {main}
INFO - 2022-04-30 05:58:36 --> Session: Class initialized using 'CodeIgniter\Session\Handlers\FileHandler' driver.
CRITICAL - 2022-04-30 05:58:37 --> Call to a member function contents() on null
#0 C:\xampp\htdocs\ci4\system\CodeIgniter.php(825): App\Controllers\Cart->cart('whole_list')
#1 C:\xampp\htdocs\ci4\system\CodeIgniter.php(412): CodeIgniter\CodeIgniter->runController(Object(App\Controllers\Cart))
#2 C:\xampp\htdocs\ci4\system\CodeIgniter.php(320): CodeIgniter\CodeIgniter->handleRequest(NULL, Object(Config\Cache), false)
#3 C:\xampp\htdocs\ci4\index.php(37): CodeIgniter\CodeIgniter->run()
#4 {main}
INFO - 2022-04-30 05:59:00 --> Session: Class initialized using 'CodeIgniter\Session\Handlers\FileHandler' driver.
CRITICAL - 2022-04-30 05:59:00 --> Call to a member function contents() on null
#0 C:\xampp\htdocs\ci4\system\CodeIgniter.php(825): App\Controllers\Cart->cart('whole_list')
#1 C:\xampp\htdocs\ci4\system\CodeIgniter.php(412): CodeIgniter\CodeIgniter->runController(Object(App\Controllers\Cart))
#2 C:\xampp\htdocs\ci4\system\CodeIgniter.php(320): CodeIgniter\CodeIgniter->handleRequest(NULL, Object(Config\Cache), false)
#3 C:\xampp\htdocs\ci4\index.php(37): CodeIgniter\CodeIgniter->run()
#4 {main}
INFO - 2022-04-30 05:59:03 --> Session: Class initialized using 'CodeIgniter\Session\Handlers\FileHandler' driver.
CRITICAL - 2022-04-30 05:59:04 --> Call to a member function contents() on null
#0 C:\xampp\htdocs\ci4\system\CodeIgniter.php(825): App\Controllers\Cart->cart('whole_list')
#1 C:\xampp\htdocs\ci4\system\CodeIgniter.php(412): CodeIgniter\CodeIgniter->runController(Object(App\Controllers\Cart))
#2 C:\xampp\htdocs\ci4\system\CodeIgniter.php(320): CodeIgniter\CodeIgniter->handleRequest(NULL, Object(Config\Cache), false)
#3 C:\xampp\htdocs\ci4\index.php(37): CodeIgniter\CodeIgniter->run()
#4 {main}
INFO - 2022-04-30 05:59:05 --> Session: Class initialized using 'CodeIgniter\Session\Handlers\FileHandler' driver.
CRITICAL - 2022-04-30 05:59:06 --> Call to a member function contents() on null
#0 C:\xampp\htdocs\ci4\system\CodeIgniter.php(825): App\Controllers\Cart->cart('whole_list')
#1 C:\xampp\htdocs\ci4\system\CodeIgniter.php(412): CodeIgniter\CodeIgniter->runController(Object(App\Controllers\Cart))
#2 C:\xampp\htdocs\ci4\system\CodeIgniter.php(320): CodeIgniter\CodeIgniter->handleRequest(NULL, Object(Config\Cache), false)
#3 C:\xampp\htdocs\ci4\index.php(37): CodeIgniter\CodeIgniter->run()
#4 {main}
INFO - 2022-04-30 05:59:08 --> Session: Class initialized using 'CodeIgniter\Session\Handlers\FileHandler' driver.
CRITICAL - 2022-04-30 05:59:09 --> Call to a member function contents() on null
#0 C:\xampp\htdocs\ci4\system\CodeIgniter.php(825): App\Controllers\Cart->cart('whole_list')
#1 C:\xampp\htdocs\ci4\system\CodeIgniter.php(412): CodeIgniter\CodeIgniter->runController(Object(App\Controllers\Cart))
#2 C:\xampp\htdocs\ci4\system\CodeIgniter.php(320): CodeIgniter\CodeIgniter->handleRequest(NULL, Object(Config\Cache), false)
#3 C:\xampp\htdocs\ci4\index.php(37): CodeIgniter\CodeIgniter->run()
#4 {main}
INFO - 2022-04-30 05:59:12 --> Session: Class initialized using 'CodeIgniter\Session\Handlers\FileHandler' driver.
CRITICAL - 2022-04-30 05:59:12 --> Call to a member function contents() on null
#0 C:\xampp\htdocs\ci4\system\CodeIgniter.php(825): App\Controllers\Cart->cart('whole_list')
#1 C:\xampp\htdocs\ci4\system\CodeIgniter.php(412): CodeIgniter\CodeIgniter->runController(Object(App\Controllers\Cart))
#2 C:\xampp\htdocs\ci4\system\CodeIgniter.php(320): CodeIgniter\CodeIgniter->handleRequest(NULL, Object(Config\Cache), false)
#3 C:\xampp\htdocs\ci4\index.php(37): CodeIgniter\CodeIgniter->run()
#4 {main}
INFO - 2022-04-30 05:59:30 --> Session: Class initialized using 'CodeIgniter\Session\Handlers\FileHandler' driver.
INFO - 2022-04-30 05:59:33 --> Session: Class initialized using 'CodeIgniter\Session\Handlers\FileHandler' driver.
CRITICAL - 2022-04-30 05:59:33 --> Call to a member function contents() on null
#0 C:\xampp\htdocs\ci4\system\CodeIgniter.php(825): App\Controllers\Cart->cart('whole_list')
#1 C:\xampp\htdocs\ci4\system\CodeIgniter.php(412): CodeIgniter\CodeIgniter->runController(Object(App\Controllers\Cart))
#2 C:\xampp\htdocs\ci4\system\CodeIgniter.php(320): CodeIgniter\CodeIgniter->handleRequest(NULL, Object(Config\Cache), false)
#3 C:\xampp\htdocs\ci4\index.php(37): CodeIgniter\CodeIgniter->run()
#4 {main}
INFO - 2022-04-30 05:59:37 --> Session: Class initialized using 'CodeIgniter\Session\Handlers\FileHandler' driver.
CRITICAL - 2022-04-30 05:59:37 --> Call to a member function contents() on null
#0 C:\xampp\htdocs\ci4\system\CodeIgniter.php(825): App\Controllers\Cart->cart('whole_list')
#1 C:\xampp\htdocs\ci4\system\CodeIgniter.php(412): CodeIgniter\CodeIgniter->runController(Object(App\Controllers\Cart))
#2 C:\xampp\htdocs\ci4\system\CodeIgniter.php(320): CodeIgniter\CodeIgniter->handleRequest(NULL, Object(Config\Cache), false)
#3 C:\xampp\htdocs\ci4\index.php(37): CodeIgniter\CodeIgniter->run()
#4 {main}
INFO - 2022-04-30 05:59:40 --> Session: Class initialized using 'CodeIgniter\Session\Handlers\FileHandler' driver.
CRITICAL - 2022-04-30 05:59:41 --> Call to a member function contents() on null
#0 C:\xampp\htdocs\ci4\system\CodeIgniter.php(825): App\Controllers\Cart->cart('whole_list')
#1 C:\xampp\htdocs\ci4\system\CodeIgniter.php(412): CodeIgniter\CodeIgniter->runController(Object(App\Controllers\Cart))
#2 C:\xampp\htdocs\ci4\system\CodeIgniter.php(320): CodeIgniter\CodeIgniter->handleRequest(NULL, Object(Config\Cache), false)
#3 C:\xampp\htdocs\ci4\index.php(37): CodeIgniter\CodeIgniter->run()
#4 {main}
INFO - 2022-04-30 05:59:46 --> Session: Class initialized using 'CodeIgniter\Session\Handlers\FileHandler' driver.
INFO - 2022-04-30 06:00:15 --> Session: Class initialized using 'CodeIgniter\Session\Handlers\FileHandler' driver.
INFO - 2022-04-30 06:00:15 --> Session: Class initialized using 'CodeIgniter\Session\Handlers\FileHandler' driver.
INFO - 2022-04-30 06:00:17 --> Session: Class initialized using 'CodeIgniter\Session\Handlers\FileHandler' driver.
INFO - 2022-04-30 06:00:20 --> Session: Class initialized using 'CodeIgniter\Session\Handlers\FileHandler' driver.
INFO - 2022-04-30 06:00:20 --> Session: Class initialized using 'CodeIgniter\Session\Handlers\FileHandler' driver.
INFO - 2022-04-30 06:00:33 --> Session: Class initialized using 'CodeIgniter\Session\Handlers\FileHandler' driver.
INFO - 2022-04-30 06:00:33 --> Session: Class initialized using 'CodeIgniter\Session\Handlers\FileHandler' driver.
CRITICAL - 2022-04-30 06:00:34 --> Call to a member function contents() on null
#0 C:\xampp\htdocs\ci4\system\CodeIgniter.php(825): App\Controllers\Cart->cart('whole_list')
#1 C:\xampp\htdocs\ci4\system\CodeIgniter.php(412): CodeIgniter\CodeIgniter->runController(Object(App\Controllers\Cart))
#2 C:\xampp\htdocs\ci4\system\CodeIgniter.php(320): CodeIgniter\CodeIgniter->handleRequest(NULL, Object(Config\Cache), false)
#3 C:\xampp\htdocs\ci4\index.php(37): CodeIgniter\CodeIgniter->run()
#4 {main}
INFO - 2022-04-30 06:00:35 --> Session: Class initialized using 'CodeIgniter\Session\Handlers\FileHandler' driver.
CRITICAL - 2022-04-30 06:00:36 --> Call to a member function contents() on null
#0 C:\xampp\htdocs\ci4\system\CodeIgniter.php(825): App\Controllers\Cart->cart('whole_list')
#1 C:\xampp\htdocs\ci4\system\CodeIgniter.php(412): CodeIgniter\CodeIgniter->runController(Object(App\Controllers\Cart))
#2 C:\xampp\htdocs\ci4\system\CodeIgniter.php(320): CodeIgniter\CodeIgniter->handleRequest(NULL, Object(Config\Cache), false)
#3 C:\xampp\htdocs\ci4\index.php(37): CodeIgniter\CodeIgniter->run()
#4 {main}
INFO - 2022-04-30 06:00:48 --> Session: Class initialized using 'CodeIgniter\Session\Handlers\FileHandler' driver.
CRITICAL - 2022-04-30 06:00:49 --> Call to a member function contents() on null
#0 C:\xampp\htdocs\ci4\system\CodeIgniter.php(825): App\Controllers\Cart->cart('whole_list')
#1 C:\xampp\htdocs\ci4\system\CodeIgniter.php(412): CodeIgniter\CodeIgniter->runController(Object(App\Controllers\Cart))
#2 C:\xampp\htdocs\ci4\system\CodeIgniter.php(320): CodeIgniter\CodeIgniter->handleRequest(NULL, Object(Config\Cache), false)
#3 C:\xampp\htdocs\ci4\index.php(37): CodeIgniter\CodeIgniter->run()
#4 {main}
INFO - 2022-04-30 06:00:53 --> Session: Class initialized using 'CodeIgniter\Session\Handlers\FileHandler' driver.
CRITICAL - 2022-04-30 06:00:53 --> Call to a member function contents() on null
#0 C:\xampp\htdocs\ci4\system\CodeIgniter.php(825): App\Controllers\Cart->cart('whole_list')
#1 C:\xampp\htdocs\ci4\system\CodeIgniter.php(412): CodeIgniter\CodeIgniter->runController(Object(App\Controllers\Cart))
#2 C:\xampp\htdocs\ci4\system\CodeIgniter.php(320): CodeIgniter\CodeIgniter->handleRequest(NULL, Object(Config\Cache), false)
#3 C:\xampp\htdocs\ci4\index.php(37): CodeIgniter\CodeIgniter->run()
#4 {main}
INFO - 2022-04-30 06:23:55 --> Session: Class initialized using 'CodeIgniter\Session\Handlers\FileHandler' driver.
CRITICAL - 2022-04-30 06:23:58 --> Call to a member function contents() on null
#0 C:\xampp\htdocs\ci4\system\CodeIgniter.php(825): App\Controllers\Cart->cart('whole_list')
#1 C:\xampp\htdocs\ci4\system\CodeIgniter.php(412): CodeIgniter\CodeIgniter->runController(Object(App\Controllers\Cart))
#2 C:\xampp\htdocs\ci4\system\CodeIgniter.php(320): CodeIgniter\CodeIgniter->handleRequest(NULL, Object(Config\Cache), false)
#3 C:\xampp\htdocs\ci4\index.php(37): CodeIgniter\CodeIgniter->run()
#4 {main}
INFO - 2022-04-30 06:24:38 --> Session: Class initialized using 'CodeIgniter\Session\Handlers\FileHandler' driver.
CRITICAL - 2022-04-30 06:24:39 --> Call to a member function contents() on null
#0 C:\xampp\htdocs\ci4\system\CodeIgniter.php(825): App\Controllers\Cart->cart('whole_list')
#1 C:\xampp\htdocs\ci4\system\CodeIgniter.php(412): CodeIgniter\CodeIgniter->runController(Object(App\Controllers\Cart))
#2 C:\xampp\htdocs\ci4\system\CodeIgniter.php(320): CodeIgniter\CodeIgniter->handleRequest(NULL, Object(Config\Cache), false)
#3 C:\xampp\htdocs\ci4\index.php(37): CodeIgniter\CodeIgniter->run()
#4 {main}
INFO - 2022-04-30 06:25:16 --> Session: Class initialized using 'CodeIgniter\Session\Handlers\FileHandler' driver.
INFO - 2022-04-30 06:25:18 --> Session: Class initialized using 'CodeIgniter\Session\Handlers\FileHandler' driver.
CRITICAL - 2022-04-30 06:25:18 --> Call to a member function contents() on null
#0 C:\xampp\htdocs\ci4\system\CodeIgniter.php(825): App\Controllers\Cart->cart('whole_list')
#1 C:\xampp\htdocs\ci4\system\CodeIgniter.php(412): CodeIgniter\CodeIgniter->runController(Object(App\Controllers\Cart))
#2 C:\xampp\htdocs\ci4\system\CodeIgniter.php(320): CodeIgniter\CodeIgniter->handleRequest(NULL, Object(Config\Cache), false)
#3 C:\xampp\htdocs\ci4\index.php(37): CodeIgniter\CodeIgniter->run()
#4 {main}
INFO - 2022-04-30 06:25:33 --> Session: Class initialized using 'CodeIgniter\Session\Handlers\FileHandler' driver.
INFO - 2022-04-30 06:25:33 --> Session: Class initialized using 'CodeIgniter\Session\Handlers\FileHandler' driver.
CRITICAL - 2022-04-30 06:25:34 --> Call to a member function contents() on null
#0 C:\xampp\htdocs\ci4\system\CodeIgniter.php(825): App\Controllers\Cart->cart('whole_list')
#1 C:\xampp\htdocs\ci4\system\CodeIgniter.php(412): CodeIgniter\CodeIgniter->runController(Object(App\Controllers\Cart))
#2 C:\xampp\htdocs\ci4\system\CodeIgniter.php(320): CodeIgniter\CodeIgniter->handleRequest(NULL, Object(Config\Cache), false)
#3 C:\xampp\htdocs\ci4\index.php(37): CodeIgniter\CodeIgniter->run()
#4 {main}
INFO - 2022-04-30 06:25:36 --> Session: Class initialized using 'CodeIgniter\Session\Handlers\FileHandler' driver.
INFO - 2022-04-30 06:25:36 --> Session: Class initialized using 'CodeIgniter\Session\Handlers\FileHandler' driver.
CRITICAL - 2022-04-30 06:25:37 --> Call to a member function contents() on null
#0 C:\xampp\htdocs\ci4\system\CodeIgniter.php(825): App\Controllers\Cart->cart('whole_list')
#1 C:\xampp\htdocs\ci4\system\CodeIgniter.php(412): CodeIgniter\CodeIgniter->runController(Object(App\Controllers\Cart))
#2 C:\xampp\htdocs\ci4\system\CodeIgniter.php(320): CodeIgniter\CodeIgniter->handleRequest(NULL, Object(Config\Cache), false)
#3 C:\xampp\htdocs\ci4\index.php(37): CodeIgniter\CodeIgniter->run()
#4 {main}
INFO - 2022-04-30 06:25:39 --> Session: Class initialized using 'CodeIgniter\Session\Handlers\FileHandler' driver.
CRITICAL - 2022-04-30 06:25:40 --> Call to a member function contents() on null
#0 C:\xampp\htdocs\ci4\system\CodeIgniter.php(825): App\Controllers\Cart->cart('whole_list')
#1 C:\xampp\htdocs\ci4\system\CodeIgniter.php(412): CodeIgniter\CodeIgniter->runController(Object(App\Controllers\Cart))
#2 C:\xampp\htdocs\ci4\system\CodeIgniter.php(320): CodeIgniter\CodeIgniter->handleRequest(NULL, Object(Config\Cache), false)
#3 C:\xampp\htdocs\ci4\index.php(37): CodeIgniter\CodeIgniter->run()
#4 {main}
INFO - 2022-04-30 06:25:41 --> Session: Class initialized using 'CodeIgniter\Session\Handlers\FileHandler' driver.
CRITICAL - 2022-04-30 06:25:42 --> Call to a member function contents() on null
#0 C:\xampp\htdocs\ci4\system\CodeIgniter.php(825): App\Controllers\Cart->cart('whole_list')
#1 C:\xampp\htdocs\ci4\system\CodeIgniter.php(412): CodeIgniter\CodeIgniter->runController(Object(App\Controllers\Cart))
#2 C:\xampp\htdocs\ci4\system\CodeIgniter.php(320): CodeIgniter\CodeIgniter->handleRequest(NULL, Object(Config\Cache), false)
#3 C:\xampp\htdocs\ci4\index.php(37): CodeIgniter\CodeIgniter->run()
#4 {main}
INFO - 2022-04-30 06:27:00 --> Session: Class initialized using 'CodeIgniter\Session\Handlers\FileHandler' driver.
ERROR - 2022-04-30 06:27:00 --> Email: sendWithSmtp throwed fsockopen(): SSL operation failed with code 1. OpenSSL Error messages:
error:1408F10B:SSL routines:ssl3_get_record:wrong version number
CRITICAL - 2022-04-30 06:27:01 --> Call to a member function contents() on null
#0 C:\xampp\htdocs\ci4\system\CodeIgniter.php(825): App\Controllers\Cart->cart('whole_list')
#1 C:\xampp\htdocs\ci4\system\CodeIgniter.php(412): CodeIgniter\CodeIgniter->runController(Object(App\Controllers\Cart))
#2 C:\xampp\htdocs\ci4\system\CodeIgniter.php(320): CodeIgniter\CodeIgniter->handleRequest(NULL, Object(Config\Cache), false)
#3 C:\xampp\htdocs\ci4\index.php(37): CodeIgniter\CodeIgniter->run()
#4 {main}
INFO - 2022-04-30 06:27:03 --> Session: Class initialized using 'CodeIgniter\Session\Handlers\FileHandler' driver.
CRITICAL - 2022-04-30 06:27:04 --> Call to a member function contents() on null
#0 C:\xampp\htdocs\ci4\system\CodeIgniter.php(825): App\Controllers\Cart->cart('whole_list')
#1 C:\xampp\htdocs\ci4\system\CodeIgniter.php(412): CodeIgniter\CodeIgniter->runController(Object(App\Controllers\Cart))
#2 C:\xampp\htdocs\ci4\system\CodeIgniter.php(320): CodeIgniter\CodeIgniter->handleRequest(NULL, Object(Config\Cache), false)
#3 C:\xampp\htdocs\ci4\index.php(37): CodeIgniter\CodeIgniter->run()
#4 {main}
INFO - 2022-04-30 06:27:25 --> Session: Class initialized using 'CodeIgniter\Session\Handlers\FileHandler' driver.
ERROR - 2022-04-30 06:27:26 --> Email: sendWithSmtp throwed fsockopen(): SSL operation failed with code 1. OpenSSL Error messages:
error:1408F10B:SSL routines:ssl3_get_record:wrong version number
INFO - 2022-04-30 06:27:26 --> Session: Class initialized using 'CodeIgniter\Session\Handlers\FileHandler' driver.
CRITICAL - 2022-04-30 06:27:26 --> Call to a member function contents() on null
#0 C:\xampp\htdocs\ci4\system\CodeIgniter.php(825): App\Controllers\Cart->cart('whole_list')
#1 C:\xampp\htdocs\ci4\system\CodeIgniter.php(412): CodeIgniter\CodeIgniter->runController(Object(App\Controllers\Cart))
#2 C:\xampp\htdocs\ci4\system\CodeIgniter.php(320): CodeIgniter\CodeIgniter->handleRequest(NULL, Object(Config\Cache), false)
#3 C:\xampp\htdocs\ci4\index.php(37): CodeIgniter\CodeIgniter->run()
#4 {main}
INFO - 2022-04-30 06:29:12 --> Session: Class initialized using 'CodeIgniter\Session\Handlers\FileHandler' driver.
ERROR - 2022-04-30 06:29:13 --> Email: sendWithSmtp throwed fsockopen(): SSL operation failed with code 1. OpenSSL Error messages:
error:1408F10B:SSL routines:ssl3_get_record:wrong version number
CRITICAL - 2022-04-30 06:29:13 --> Call to a member function contents() on null
#0 C:\xampp\htdocs\ci4\system\CodeIgniter.php(825): App\Controllers\Cart->cart('whole_list')
#1 C:\xampp\htdocs\ci4\system\CodeIgniter.php(412): CodeIgniter\CodeIgniter->runController(Object(App\Controllers\Cart))
#2 C:\xampp\htdocs\ci4\system\CodeIgniter.php(320): CodeIgniter\CodeIgniter->handleRequest(NULL, Object(Config\Cache), false)
#3 C:\xampp\htdocs\ci4\index.php(37): CodeIgniter\CodeIgniter->run()
#4 {main}
INFO - 2022-04-30 06:41:25 --> Session: Class initialized using 'CodeIgniter\Session\Handlers\FileHandler' driver.
CRITICAL - 2022-04-30 06:41:27 --> Call to a member function contents() on null
#0 C:\xampp\htdocs\ci4\system\CodeIgniter.php(825): App\Controllers\Cart->cart('whole_list')
#1 C:\xampp\htdocs\ci4\system\CodeIgniter.php(412): CodeIgniter\CodeIgniter->runController(Object(App\Controllers\Cart))
#2 C:\xampp\htdocs\ci4\system\CodeIgniter.php(320): CodeIgniter\CodeIgniter->handleRequest(NULL, Object(Config\Cache), false)
#3 C:\xampp\htdocs\ci4\index.php(37): CodeIgniter\CodeIgniter->run()
#4 {main}
INFO - 2022-04-30 07:44:22 --> Session: Class initialized using 'CodeIgniter\Session\Handlers\FileHandler' driver.
CRITICAL - 2022-04-30 07:44:23 --> Call to a member function contents() on null
#0 C:\xampp\htdocs\ci4\system\CodeIgniter.php(825): App\Controllers\Cart->cart('whole_list')
#1 C:\xampp\htdocs\ci4\system\CodeIgniter.php(412): CodeIgniter\CodeIgniter->runController(Object(App\Controllers\Cart))
#2 C:\xampp\htdocs\ci4\system\CodeIgniter.php(320): CodeIgniter\CodeIgniter->handleRequest(NULL, Object(Config\Cache), false)
#3 C:\xampp\htdocs\ci4\index.php(37): CodeIgniter\CodeIgniter->run()
#4 {main}
INFO - 2022-04-30 07:44:25 --> Session: Class initialized using 'CodeIgniter\Session\Handlers\FileHandler' driver.
CRITICAL - 2022-04-30 07:44:26 --> Call to a member function contents() on null
#0 C:\xampp\htdocs\ci4\system\CodeIgniter.php(825): App\Controllers\Cart->cart('whole_list')
#1 C:\xampp\htdocs\ci4\system\CodeIgniter.php(412): CodeIgniter\CodeIgniter->runController(Object(App\Controllers\Cart))
#2 C:\xampp\htdocs\ci4\system\CodeIgniter.php(320): CodeIgniter\CodeIgniter->handleRequest(NULL, Object(Config\Cache), false)
#3 C:\xampp\htdocs\ci4\index.php(37): CodeIgniter\CodeIgniter->run()
#4 {main}
