INFO - 2022-04-18 06:28:10 --> Session: Class initialized using 'CodeIgniter\Session\Handlers\FileHandler' driver.
INFO - 2022-04-18 06:28:10 --> Cart Class Initialized
ERROR - 2022-04-18 06:28:11 --> Error connecting to the database: Access denied for user '****'@'localhost' (using password: YES)
CRITICAL - 2022-04-18 06:28:11 --> Unable to connect to the database.
Main connection [MySQLi]: Access denied for user '****'@'localhost' (using password: YES)
#0 C:\xampp\htdocs\ci4\system\Database\BaseConnection.php(577): CodeIgniter\Database\BaseConnection->initialize()
#1 C:\xampp\htdocs\ci4\system\Database\BaseBuilder.php(1455): CodeIgniter\Database\BaseConnection->query('SELECT *\nFROM `...', Array, false)
#2 C:\xampp\htdocs\ci4\system\Model.php(183): CodeIgniter\Database\BaseBuilder->get()
#3 C:\xampp\htdocs\ci4\system\BaseModel.php(584): CodeIgniter\Model->doFindAll(7, 0)
#4 C:\xampp\htdocs\ci4\app\Controllers\Home.php(81): CodeIgniter\BaseModel->findAll(7)
#5 C:\xampp\htdocs\ci4\system\CodeIgniter.php(825): App\Controllers\Home->index()
#6 C:\xampp\htdocs\ci4\system\CodeIgniter.php(412): CodeIgniter\CodeIgniter->runController(Object(App\Controllers\Home))
#7 C:\xampp\htdocs\ci4\system\CodeIgniter.php(320): CodeIgniter\CodeIgniter->handleRequest(NULL, Object(Config\Cache), false)
#8 C:\xampp\htdocs\ci4\index.php(37): CodeIgniter\CodeIgniter->run()
#9 {main}
INFO - 2022-04-18 06:29:12 --> Session: Class initialized using 'CodeIgniter\Session\Handlers\FileHandler' driver.
INFO - 2022-04-18 06:29:12 --> Cart Class Initialized
ERROR - 2022-04-18 06:29:12 --> Error connecting to the database: Access denied for user '****'@'localhost' (using password: YES)
CRITICAL - 2022-04-18 06:29:12 --> Unable to connect to the database.
Main connection [MySQLi]: Access denied for user '****'@'localhost' (using password: YES)
#0 C:\xampp\htdocs\ci4\system\Database\BaseConnection.php(577): CodeIgniter\Database\BaseConnection->initialize()
#1 C:\xampp\htdocs\ci4\system\Database\BaseBuilder.php(1455): CodeIgniter\Database\BaseConnection->query('SELECT *\nFROM `...', Array, false)
#2 C:\xampp\htdocs\ci4\system\Model.php(183): CodeIgniter\Database\BaseBuilder->get()
#3 C:\xampp\htdocs\ci4\system\BaseModel.php(584): CodeIgniter\Model->doFindAll(7, 0)
#4 C:\xampp\htdocs\ci4\app\Controllers\Home.php(81): CodeIgniter\BaseModel->findAll(7)
#5 C:\xampp\htdocs\ci4\system\CodeIgniter.php(825): App\Controllers\Home->index()
#6 C:\xampp\htdocs\ci4\system\CodeIgniter.php(412): CodeIgniter\CodeIgniter->runController(Object(App\Controllers\Home))
#7 C:\xampp\htdocs\ci4\system\CodeIgniter.php(320): CodeIgniter\CodeIgniter->handleRequest(NULL, Object(Config\Cache), false)
#8 C:\xampp\htdocs\ci4\index.php(37): CodeIgniter\CodeIgniter->run()
#9 {main}
INFO - 2022-04-18 06:36:18 --> Session: Class initialized using 'CodeIgniter\Session\Handlers\FileHandler' driver.
INFO - 2022-04-18 06:36:18 --> Cart Class Initialized
INFO - 2022-04-18 06:36:28 --> Session: Class initialized using 'CodeIgniter\Session\Handlers\FileHandler' driver.
INFO - 2022-04-18 06:36:28 --> Cart Class Initialized
INFO - 2022-04-18 06:37:37 --> Session: Class initialized using 'CodeIgniter\Session\Handlers\FileHandler' driver.
INFO - 2022-04-18 06:37:37 --> Cart Class Initialized
INFO - 2022-04-18 06:37:39 --> Session: Class initialized using 'CodeIgniter\Session\Handlers\FileHandler' driver.
INFO - 2022-04-18 06:37:39 --> Cart Class Initialized
INFO - 2022-04-18 06:38:02 --> Session: Class initialized using 'CodeIgniter\Session\Handlers\FileHandler' driver.
INFO - 2022-04-18 06:38:02 --> Cart Class Initialized
INFO - 2022-04-18 06:38:16 --> Session: Class initialized using 'CodeIgniter\Session\Handlers\FileHandler' driver.
INFO - 2022-04-18 06:38:16 --> Cart Class Initialized
INFO - 2022-04-18 06:38:40 --> Session: Class initialized using 'CodeIgniter\Session\Handlers\FileHandler' driver.
INFO - 2022-04-18 06:38:40 --> Cart Class Initialized
INFO - 2022-04-18 06:39:19 --> Session: Class initialized using 'CodeIgniter\Session\Handlers\FileHandler' driver.
INFO - 2022-04-18 06:39:19 --> Cart Class Initialized
INFO - 2022-04-18 06:39:23 --> Session: Class initialized using 'CodeIgniter\Session\Handlers\FileHandler' driver.
INFO - 2022-04-18 06:39:23 --> Cart Class Initialized
INFO - 2022-04-18 06:41:02 --> Session: Class initialized using 'CodeIgniter\Session\Handlers\FileHandler' driver.
INFO - 2022-04-18 06:41:02 --> Cart Class Initialized
INFO - 2022-04-18 06:41:12 --> Session: Class initialized using 'CodeIgniter\Session\Handlers\FileHandler' driver.
INFO - 2022-04-18 06:41:12 --> Cart Class Initialized
INFO - 2022-04-18 06:42:21 --> Session: Class initialized using 'CodeIgniter\Session\Handlers\FileHandler' driver.
INFO - 2022-04-18 06:42:21 --> Cart Class Initialized
INFO - 2022-04-18 06:44:02 --> Session: Class initialized using 'CodeIgniter\Session\Handlers\FileHandler' driver.
INFO - 2022-04-18 06:44:02 --> Cart Class Initialized
INFO - 2022-04-18 06:44:04 --> Session: Class initialized using 'CodeIgniter\Session\Handlers\FileHandler' driver.
INFO - 2022-04-18 06:44:04 --> Cart Class Initialized
INFO - 2022-04-18 06:44:10 --> Session: Class initialized using 'CodeIgniter\Session\Handlers\FileHandler' driver.
INFO - 2022-04-18 06:44:10 --> Cart Class Initialized
INFO - 2022-04-18 06:46:01 --> Session: Class initialized using 'CodeIgniter\Session\Handlers\FileHandler' driver.
INFO - 2022-04-18 06:46:01 --> Cart Class Initialized
INFO - 2022-04-18 06:47:17 --> Session: Class initialized using 'CodeIgniter\Session\Handlers\FileHandler' driver.
INFO - 2022-04-18 06:47:17 --> Cart Class Initialized
INFO - 2022-04-18 06:53:00 --> Session: Class initialized using 'CodeIgniter\Session\Handlers\FileHandler' driver.
INFO - 2022-04-18 06:53:00 --> Cart Class Initialized
INFO - 2022-04-18 06:56:34 --> Session: Class initialized using 'CodeIgniter\Session\Handlers\FileHandler' driver.
INFO - 2022-04-18 06:56:34 --> Cart Class Initialized
INFO - 2022-04-18 07:02:53 --> Session: Class initialized using 'CodeIgniter\Session\Handlers\FileHandler' driver.
INFO - 2022-04-18 07:02:53 --> Cart Class Initialized
INFO - 2022-04-18 07:03:43 --> Session: Class initialized using 'CodeIgniter\Session\Handlers\FileHandler' driver.
INFO - 2022-04-18 07:03:43 --> Cart Class Initialized
