INFO - 2022-04-22 14:07:19 --> Session: Class initialized using 'CodeIgniter\Session\Handlers\FileHandler' driver.
INFO - 2022-04-22 14:07:19 --> Cart Class Initialized
INFO - 2022-04-22 14:07:37 --> Session: Class initialized using 'CodeIgniter\Session\Handlers\FileHandler' driver.
INFO - 2022-04-22 14:07:37 --> Cart Class Initialized
INFO - 2022-04-22 14:08:40 --> Session: Class initialized using 'CodeIgniter\Session\Handlers\FileHandler' driver.
INFO - 2022-04-22 14:08:40 --> Cart Class Initialized
INFO - 2022-04-22 14:08:48 --> Session: Class initialized using 'CodeIgniter\Session\Handlers\FileHandler' driver.
INFO - 2022-04-22 14:08:48 --> Cart Class Initialized
INFO - 2022-04-22 14:08:48 --> Session: Class initialized using 'CodeIgniter\Session\Handlers\FileHandler' driver.
INFO - 2022-04-22 14:08:48 --> Cart Class Initialized
INFO - 2022-04-22 14:08:57 --> Session: Class initialized using 'CodeIgniter\Session\Handlers\FileHandler' driver.
INFO - 2022-04-22 14:08:57 --> Cart Class Initialized
INFO - 2022-04-22 14:08:59 --> Session: Class initialized using 'CodeIgniter\Session\Handlers\FileHandler' driver.
INFO - 2022-04-22 14:08:59 --> Cart Class Initialized
INFO - 2022-04-22 14:08:59 --> Session: Class initialized using 'CodeIgniter\Session\Handlers\FileHandler' driver.
INFO - 2022-04-22 14:08:59 --> Cart Class Initialized
INFO - 2022-04-22 14:09:08 --> Session: Class initialized using 'CodeIgniter\Session\Handlers\FileHandler' driver.
INFO - 2022-04-22 14:09:08 --> Cart Class Initialized
INFO - 2022-04-22 14:09:10 --> Session: Class initialized using 'CodeIgniter\Session\Handlers\FileHandler' driver.
INFO - 2022-04-22 14:09:10 --> Cart Class Initialized
INFO - 2022-04-22 14:09:10 --> Session: Class initialized using 'CodeIgniter\Session\Handlers\FileHandler' driver.
INFO - 2022-04-22 14:09:10 --> Cart Class Initialized
INFO - 2022-04-22 14:09:17 --> Session: Class initialized using 'CodeIgniter\Session\Handlers\FileHandler' driver.
INFO - 2022-04-22 14:09:17 --> Cart Class Initialized
INFO - 2022-04-22 14:09:19 --> Session: Class initialized using 'CodeIgniter\Session\Handlers\FileHandler' driver.
INFO - 2022-04-22 14:09:19 --> Cart Class Initialized
INFO - 2022-04-22 14:09:19 --> Session: Class initialized using 'CodeIgniter\Session\Handlers\FileHandler' driver.
INFO - 2022-04-22 14:09:19 --> Cart Class Initialized
INFO - 2022-04-22 14:09:26 --> Session: Class initialized using 'CodeIgniter\Session\Handlers\FileHandler' driver.
INFO - 2022-04-22 14:09:26 --> Cart Class Initialized
INFO - 2022-04-22 14:09:28 --> Session: Class initialized using 'CodeIgniter\Session\Handlers\FileHandler' driver.
INFO - 2022-04-22 14:09:28 --> Cart Class Initialized
INFO - 2022-04-22 14:09:28 --> Session: Class initialized using 'CodeIgniter\Session\Handlers\FileHandler' driver.
INFO - 2022-04-22 14:09:28 --> Cart Class Initialized
INFO - 2022-04-22 14:10:48 --> Session: Class initialized using 'CodeIgniter\Session\Handlers\FileHandler' driver.
INFO - 2022-04-22 14:10:48 --> Cart Class Initialized
INFO - 2022-04-22 14:10:50 --> Session: Class initialized using 'CodeIgniter\Session\Handlers\FileHandler' driver.
INFO - 2022-04-22 14:10:50 --> Cart Class Initialized
INFO - 2022-04-22 14:10:50 --> Session: Class initialized using 'CodeIgniter\Session\Handlers\FileHandler' driver.
INFO - 2022-04-22 14:10:50 --> Cart Class Initialized
INFO - 2022-04-22 14:12:06 --> Session: Class initialized using 'CodeIgniter\Session\Handlers\FileHandler' driver.
INFO - 2022-04-22 14:12:06 --> Cart Class Initialized
INFO - 2022-04-22 14:12:09 --> Session: Class initialized using 'CodeIgniter\Session\Handlers\FileHandler' driver.
INFO - 2022-04-22 14:12:09 --> Cart Class Initialized
INFO - 2022-04-22 14:12:09 --> Session: Class initialized using 'CodeIgniter\Session\Handlers\FileHandler' driver.
INFO - 2022-04-22 14:12:09 --> Cart Class Initialized
INFO - 2022-04-22 14:12:20 --> Session: Class initialized using 'CodeIgniter\Session\Handlers\FileHandler' driver.
INFO - 2022-04-22 14:12:20 --> Cart Class Initialized
INFO - 2022-04-22 14:12:22 --> Session: Class initialized using 'CodeIgniter\Session\Handlers\FileHandler' driver.
INFO - 2022-04-22 14:12:22 --> Cart Class Initialized
INFO - 2022-04-22 14:12:22 --> Session: Class initialized using 'CodeIgniter\Session\Handlers\FileHandler' driver.
INFO - 2022-04-22 14:12:22 --> Cart Class Initialized
INFO - 2022-04-22 14:12:34 --> Session: Class initialized using 'CodeIgniter\Session\Handlers\FileHandler' driver.
INFO - 2022-04-22 14:12:34 --> Cart Class Initialized
INFO - 2022-04-22 14:12:36 --> Session: Class initialized using 'CodeIgniter\Session\Handlers\FileHandler' driver.
INFO - 2022-04-22 14:12:36 --> Cart Class Initialized
INFO - 2022-04-22 14:12:36 --> Session: Class initialized using 'CodeIgniter\Session\Handlers\FileHandler' driver.
INFO - 2022-04-22 14:12:36 --> Cart Class Initialized
INFO - 2022-04-22 14:13:06 --> Session: Class initialized using 'CodeIgniter\Session\Handlers\FileHandler' driver.
INFO - 2022-04-22 14:13:06 --> Cart Class Initialized
INFO - 2022-04-22 14:13:08 --> Session: Class initialized using 'CodeIgniter\Session\Handlers\FileHandler' driver.
INFO - 2022-04-22 14:13:08 --> Cart Class Initialized
INFO - 2022-04-22 14:13:08 --> Session: Class initialized using 'CodeIgniter\Session\Handlers\FileHandler' driver.
INFO - 2022-04-22 14:13:08 --> Cart Class Initialized
INFO - 2022-04-22 14:13:30 --> Session: Class initialized using 'CodeIgniter\Session\Handlers\FileHandler' driver.
INFO - 2022-04-22 14:13:30 --> Cart Class Initialized
INFO - 2022-04-22 14:13:31 --> Session: Class initialized using 'CodeIgniter\Session\Handlers\FileHandler' driver.
INFO - 2022-04-22 14:13:31 --> Cart Class Initialized
INFO - 2022-04-22 14:13:31 --> Session: Class initialized using 'CodeIgniter\Session\Handlers\FileHandler' driver.
INFO - 2022-04-22 14:13:31 --> Cart Class Initialized
INFO - 2022-04-22 14:16:16 --> Session: Class initialized using 'CodeIgniter\Session\Handlers\FileHandler' driver.
INFO - 2022-04-22 14:16:16 --> Cart Class Initialized
INFO - 2022-04-22 14:16:23 --> Session: Class initialized using 'CodeIgniter\Session\Handlers\FileHandler' driver.
INFO - 2022-04-22 14:16:23 --> Cart Class Initialized
INFO - 2022-04-22 14:16:25 --> Session: Class initialized using 'CodeIgniter\Session\Handlers\FileHandler' driver.
INFO - 2022-04-22 14:16:25 --> Cart Class Initialized
INFO - 2022-04-22 14:16:25 --> Session: Class initialized using 'CodeIgniter\Session\Handlers\FileHandler' driver.
INFO - 2022-04-22 14:16:25 --> Cart Class Initialized
INFO - 2022-04-22 14:19:16 --> Session: Class initialized using 'CodeIgniter\Session\Handlers\FileHandler' driver.
INFO - 2022-04-22 14:19:16 --> Cart Class Initialized
INFO - 2022-04-22 14:19:18 --> Session: Class initialized using 'CodeIgniter\Session\Handlers\FileHandler' driver.
INFO - 2022-04-22 14:19:18 --> Cart Class Initialized
INFO - 2022-04-22 14:19:18 --> Session: Class initialized using 'CodeIgniter\Session\Handlers\FileHandler' driver.
INFO - 2022-04-22 14:19:18 --> Cart Class Initialized
INFO - 2022-04-22 14:19:30 --> Session: Class initialized using 'CodeIgniter\Session\Handlers\FileHandler' driver.
INFO - 2022-04-22 14:19:30 --> Cart Class Initialized
INFO - 2022-04-22 14:19:32 --> Session: Class initialized using 'CodeIgniter\Session\Handlers\FileHandler' driver.
INFO - 2022-04-22 14:19:32 --> Cart Class Initialized
INFO - 2022-04-22 14:19:32 --> Session: Class initialized using 'CodeIgniter\Session\Handlers\FileHandler' driver.
INFO - 2022-04-22 14:19:32 --> Cart Class Initialized
INFO - 2022-04-22 14:20:11 --> Session: Class initialized using 'CodeIgniter\Session\Handlers\FileHandler' driver.
INFO - 2022-04-22 14:20:11 --> Cart Class Initialized
INFO - 2022-04-22 14:20:13 --> Session: Class initialized using 'CodeIgniter\Session\Handlers\FileHandler' driver.
INFO - 2022-04-22 14:20:13 --> Cart Class Initialized
INFO - 2022-04-22 14:20:13 --> Session: Class initialized using 'CodeIgniter\Session\Handlers\FileHandler' driver.
INFO - 2022-04-22 14:20:13 --> Cart Class Initialized
INFO - 2022-04-22 14:20:43 --> Session: Class initialized using 'CodeIgniter\Session\Handlers\FileHandler' driver.
INFO - 2022-04-22 14:20:43 --> Cart Class Initialized
INFO - 2022-04-22 14:20:45 --> Session: Class initialized using 'CodeIgniter\Session\Handlers\FileHandler' driver.
INFO - 2022-04-22 14:20:45 --> Cart Class Initialized
INFO - 2022-04-22 14:20:50 --> Session: Class initialized using 'CodeIgniter\Session\Handlers\FileHandler' driver.
INFO - 2022-04-22 14:20:50 --> Cart Class Initialized
INFO - 2022-04-22 14:21:15 --> Session: Class initialized using 'CodeIgniter\Session\Handlers\FileHandler' driver.
INFO - 2022-04-22 14:21:15 --> Cart Class Initialized
INFO - 2022-04-22 14:21:25 --> Session: Class initialized using 'CodeIgniter\Session\Handlers\FileHandler' driver.
INFO - 2022-04-22 14:21:25 --> Cart Class Initialized
INFO - 2022-04-22 14:21:50 --> Session: Class initialized using 'CodeIgniter\Session\Handlers\FileHandler' driver.
INFO - 2022-04-22 14:21:50 --> Cart Class Initialized
ERROR - 2022-04-22 14:21:50 --> Error connecting to the database: Unknown database 'e-commerc'
CRITICAL - 2022-04-22 14:21:50 --> Unable to connect to the database.
Main connection [MySQLi]: Unknown database 'e-commerc'
#0 C:\xampp\htdocs\ci4\system\Database\BaseConnection.php(577): CodeIgniter\Database\BaseConnection->initialize()
#1 C:\xampp\htdocs\ci4\system\Database\BaseBuilder.php(1455): CodeIgniter\Database\BaseConnection->query('SELECT *\nFROM `...', Array, false)
#2 C:\xampp\htdocs\ci4\system\Model.php(210): CodeIgniter\Database\BaseBuilder->get()
#3 C:\xampp\htdocs\ci4\system\BaseModel.php(622): CodeIgniter\Model->doFirst()
#4 C:\xampp\htdocs\ci4\app\Controllers\Seller_Login.php(39): CodeIgniter\BaseModel->first()
#5 C:\xampp\htdocs\ci4\system\CodeIgniter.php(825): App\Controllers\Seller_Login->verifyUser()
#6 C:\xampp\htdocs\ci4\system\CodeIgniter.php(412): CodeIgniter\CodeIgniter->runController(Object(App\Controllers\Seller_Login))
#7 C:\xampp\htdocs\ci4\system\CodeIgniter.php(320): CodeIgniter\CodeIgniter->handleRequest(NULL, Object(Config\Cache), false)
#8 C:\xampp\htdocs\ci4\index.php(37): CodeIgniter\CodeIgniter->run()
#9 {main}
INFO - 2022-04-22 14:21:57 --> Session: Class initialized using 'CodeIgniter\Session\Handlers\FileHandler' driver.
INFO - 2022-04-22 14:21:57 --> Cart Class Initialized
INFO - 2022-04-22 14:22:16 --> Session: Class initialized using 'CodeIgniter\Session\Handlers\FileHandler' driver.
INFO - 2022-04-22 14:22:16 --> Cart Class Initialized
INFO - 2022-04-22 14:24:22 --> Session: Class initialized using 'CodeIgniter\Session\Handlers\FileHandler' driver.
INFO - 2022-04-22 14:24:22 --> Cart Class Initialized
INFO - 2022-04-22 14:25:45 --> Session: Class initialized using 'CodeIgniter\Session\Handlers\FileHandler' driver.
INFO - 2022-04-22 14:25:45 --> Cart Class Initialized
INFO - 2022-04-22 14:26:11 --> Session: Class initialized using 'CodeIgniter\Session\Handlers\FileHandler' driver.
INFO - 2022-04-22 14:26:11 --> Cart Class Initialized
INFO - 2022-04-22 14:29:06 --> Session: Class initialized using 'CodeIgniter\Session\Handlers\FileHandler' driver.
INFO - 2022-04-22 14:29:06 --> Cart Class Initialized
INFO - 2022-04-22 14:29:33 --> Session: Class initialized using 'CodeIgniter\Session\Handlers\FileHandler' driver.
INFO - 2022-04-22 14:29:33 --> Cart Class Initialized
INFO - 2022-04-22 14:31:17 --> Session: Class initialized using 'CodeIgniter\Session\Handlers\FileHandler' driver.
INFO - 2022-04-22 14:31:17 --> Cart Class Initialized
INFO - 2022-04-22 14:31:20 --> Session: Class initialized using 'CodeIgniter\Session\Handlers\FileHandler' driver.
INFO - 2022-04-22 14:31:20 --> Cart Class Initialized
INFO - 2022-04-22 14:31:35 --> Session: Class initialized using 'CodeIgniter\Session\Handlers\FileHandler' driver.
INFO - 2022-04-22 14:31:35 --> Cart Class Initialized
INFO - 2022-04-22 14:35:05 --> Session: Class initialized using 'CodeIgniter\Session\Handlers\FileHandler' driver.
INFO - 2022-04-22 14:35:05 --> Cart Class Initialized
INFO - 2022-04-22 14:35:06 --> Session: Class initialized using 'CodeIgniter\Session\Handlers\FileHandler' driver.
INFO - 2022-04-22 14:35:06 --> Cart Class Initialized
INFO - 2022-04-22 14:35:24 --> Session: Class initialized using 'CodeIgniter\Session\Handlers\FileHandler' driver.
INFO - 2022-04-22 14:35:24 --> Cart Class Initialized
INFO - 2022-04-22 14:35:34 --> Session: Class initialized using 'CodeIgniter\Session\Handlers\FileHandler' driver.
INFO - 2022-04-22 14:35:34 --> Cart Class Initialized
INFO - 2022-04-22 14:35:41 --> Session: Class initialized using 'CodeIgniter\Session\Handlers\FileHandler' driver.
INFO - 2022-04-22 14:35:41 --> Cart Class Initialized
INFO - 2022-04-22 14:35:46 --> Session: Class initialized using 'CodeIgniter\Session\Handlers\FileHandler' driver.
INFO - 2022-04-22 14:35:46 --> Cart Class Initialized
INFO - 2022-04-22 14:35:54 --> Session: Class initialized using 'CodeIgniter\Session\Handlers\FileHandler' driver.
INFO - 2022-04-22 14:35:54 --> Cart Class Initialized
INFO - 2022-04-22 14:36:05 --> Session: Class initialized using 'CodeIgniter\Session\Handlers\FileHandler' driver.
INFO - 2022-04-22 14:36:05 --> Cart Class Initialized
INFO - 2022-04-22 14:36:16 --> Session: Class initialized using 'CodeIgniter\Session\Handlers\FileHandler' driver.
INFO - 2022-04-22 14:36:16 --> Cart Class Initialized
INFO - 2022-04-22 14:36:22 --> Session: Class initialized using 'CodeIgniter\Session\Handlers\FileHandler' driver.
INFO - 2022-04-22 14:36:22 --> Cart Class Initialized
INFO - 2022-04-22 14:36:30 --> Session: Class initialized using 'CodeIgniter\Session\Handlers\FileHandler' driver.
INFO - 2022-04-22 14:36:30 --> Cart Class Initialized
INFO - 2022-04-22 14:36:51 --> Session: Class initialized using 'CodeIgniter\Session\Handlers\FileHandler' driver.
INFO - 2022-04-22 14:36:51 --> Cart Class Initialized
INFO - 2022-04-22 14:36:55 --> Session: Class initialized using 'CodeIgniter\Session\Handlers\FileHandler' driver.
INFO - 2022-04-22 14:36:55 --> Cart Class Initialized
INFO - 2022-04-22 14:36:58 --> Session: Class initialized using 'CodeIgniter\Session\Handlers\FileHandler' driver.
INFO - 2022-04-22 14:36:58 --> Cart Class Initialized
INFO - 2022-04-22 14:36:59 --> Session: Class initialized using 'CodeIgniter\Session\Handlers\FileHandler' driver.
INFO - 2022-04-22 14:36:59 --> Cart Class Initialized
INFO - 2022-04-22 14:40:26 --> Session: Class initialized using 'CodeIgniter\Session\Handlers\FileHandler' driver.
INFO - 2022-04-22 14:40:26 --> Cart Class Initialized
INFO - 2022-04-22 18:25:16 --> Session: Class initialized using 'CodeIgniter\Session\Handlers\FileHandler' driver.
INFO - 2022-04-22 18:25:16 --> Cart Class Initialized
INFO - 2022-04-22 18:26:14 --> Session: Class initialized using 'CodeIgniter\Session\Handlers\FileHandler' driver.
INFO - 2022-04-22 18:26:14 --> Cart Class Initialized
INFO - 2022-04-22 18:26:16 --> Session: Class initialized using 'CodeIgniter\Session\Handlers\FileHandler' driver.
INFO - 2022-04-22 18:26:16 --> Cart Class Initialized
INFO - 2022-04-22 18:26:17 --> Session: Class initialized using 'CodeIgniter\Session\Handlers\FileHandler' driver.
INFO - 2022-04-22 18:26:17 --> Cart Class Initialized
INFO - 2022-04-22 18:26:36 --> Session: Class initialized using 'CodeIgniter\Session\Handlers\FileHandler' driver.
INFO - 2022-04-22 18:26:36 --> Cart Class Initialized
INFO - 2022-04-22 18:26:37 --> Session: Class initialized using 'CodeIgniter\Session\Handlers\FileHandler' driver.
INFO - 2022-04-22 18:26:37 --> Cart Class Initialized
INFO - 2022-04-22 18:27:11 --> Session: Class initialized using 'CodeIgniter\Session\Handlers\FileHandler' driver.
INFO - 2022-04-22 18:27:11 --> Cart Class Initialized
INFO - 2022-04-22 18:27:11 --> Session: Class initialized using 'CodeIgniter\Session\Handlers\FileHandler' driver.
INFO - 2022-04-22 18:27:11 --> Cart Class Initialized
INFO - 2022-04-22 18:38:55 --> Session: Class initialized using 'CodeIgniter\Session\Handlers\FileHandler' driver.
INFO - 2022-04-22 18:38:55 --> Cart Class Initialized
INFO - 2022-04-22 18:52:36 --> Session: Class initialized using 'CodeIgniter\Session\Handlers\FileHandler' driver.
INFO - 2022-04-22 18:52:36 --> Cart Class Initialized
INFO - 2022-04-22 18:52:38 --> Session: Class initialized using 'CodeIgniter\Session\Handlers\FileHandler' driver.
INFO - 2022-04-22 18:52:38 --> Cart Class Initialized
INFO - 2022-04-22 19:04:24 --> Session: Class initialized using 'CodeIgniter\Session\Handlers\FileHandler' driver.
INFO - 2022-04-22 19:04:24 --> Cart Class Initialized
INFO - 2022-04-22 19:04:51 --> Session: Class initialized using 'CodeIgniter\Session\Handlers\FileHandler' driver.
INFO - 2022-04-22 19:04:51 --> Cart Class Initialized
INFO - 2022-04-22 19:04:52 --> Session: Class initialized using 'CodeIgniter\Session\Handlers\FileHandler' driver.
INFO - 2022-04-22 19:04:52 --> Cart Class Initialized
INFO - 2022-04-22 19:04:55 --> Session: Class initialized using 'CodeIgniter\Session\Handlers\FileHandler' driver.
INFO - 2022-04-22 19:04:55 --> Cart Class Initialized
INFO - 2022-04-22 19:05:12 --> Session: Class initialized using 'CodeIgniter\Session\Handlers\FileHandler' driver.
INFO - 2022-04-22 19:05:12 --> Cart Class Initialized
INFO - 2022-04-22 19:10:19 --> Session: Class initialized using 'CodeIgniter\Session\Handlers\FileHandler' driver.
INFO - 2022-04-22 19:10:19 --> Cart Class Initialized
INFO - 2022-04-22 19:10:32 --> Session: Class initialized using 'CodeIgniter\Session\Handlers\FileHandler' driver.
INFO - 2022-04-22 19:10:32 --> Cart Class Initialized
INFO - 2022-04-22 19:37:41 --> Session: Class initialized using 'CodeIgniter\Session\Handlers\FileHandler' driver.
INFO - 2022-04-22 19:37:41 --> Cart Class Initialized
INFO - 2022-04-22 20:11:33 --> Session: Class initialized using 'CodeIgniter\Session\Handlers\FileHandler' driver.
INFO - 2022-04-22 20:11:33 --> Cart Class Initialized
INFO - 2022-04-22 20:11:36 --> Session: Class initialized using 'CodeIgniter\Session\Handlers\FileHandler' driver.
INFO - 2022-04-22 20:11:36 --> Cart Class Initialized
INFO - 2022-04-22 20:11:57 --> Session: Class initialized using 'CodeIgniter\Session\Handlers\FileHandler' driver.
INFO - 2022-04-22 20:11:57 --> Cart Class Initialized
INFO - 2022-04-22 20:12:20 --> Session: Class initialized using 'CodeIgniter\Session\Handlers\FileHandler' driver.
INFO - 2022-04-22 20:12:20 --> Cart Class Initialized
INFO - 2022-04-22 20:15:43 --> Session: Class initialized using 'CodeIgniter\Session\Handlers\FileHandler' driver.
INFO - 2022-04-22 20:15:43 --> Cart Class Initialized
INFO - 2022-04-22 20:15:50 --> Session: Class initialized using 'CodeIgniter\Session\Handlers\FileHandler' driver.
INFO - 2022-04-22 20:15:50 --> Cart Class Initialized
INFO - 2022-04-22 20:19:48 --> Session: Class initialized using 'CodeIgniter\Session\Handlers\FileHandler' driver.
INFO - 2022-04-22 20:19:48 --> Cart Class Initialized
INFO - 2022-04-22 20:26:23 --> Session: Class initialized using 'CodeIgniter\Session\Handlers\FileHandler' driver.
INFO - 2022-04-22 20:26:23 --> Cart Class Initialized
INFO - 2022-04-22 20:27:49 --> Session: Class initialized using 'CodeIgniter\Session\Handlers\FileHandler' driver.
INFO - 2022-04-22 20:27:49 --> Cart Class Initialized
INFO - 2022-04-22 20:27:50 --> Session: Class initialized using 'CodeIgniter\Session\Handlers\FileHandler' driver.
INFO - 2022-04-22 20:27:50 --> Cart Class Initialized
INFO - 2022-04-22 20:28:12 --> Session: Class initialized using 'CodeIgniter\Session\Handlers\FileHandler' driver.
INFO - 2022-04-22 20:28:12 --> Cart Class Initialized
INFO - 2022-04-22 20:28:14 --> Session: Class initialized using 'CodeIgniter\Session\Handlers\FileHandler' driver.
INFO - 2022-04-22 20:28:14 --> Cart Class Initialized
INFO - 2022-04-22 20:28:35 --> Session: Class initialized using 'CodeIgniter\Session\Handlers\FileHandler' driver.
INFO - 2022-04-22 20:28:35 --> Cart Class Initialized
INFO - 2022-04-22 20:28:37 --> Session: Class initialized using 'CodeIgniter\Session\Handlers\FileHandler' driver.
INFO - 2022-04-22 20:28:37 --> Cart Class Initialized
INFO - 2022-04-22 20:28:58 --> Session: Class initialized using 'CodeIgniter\Session\Handlers\FileHandler' driver.
INFO - 2022-04-22 20:28:58 --> Cart Class Initialized
INFO - 2022-04-22 20:29:02 --> Session: Class initialized using 'CodeIgniter\Session\Handlers\FileHandler' driver.
INFO - 2022-04-22 20:29:02 --> Cart Class Initialized
INFO - 2022-04-22 20:29:03 --> Session: Class initialized using 'CodeIgniter\Session\Handlers\FileHandler' driver.
INFO - 2022-04-22 20:29:03 --> Cart Class Initialized
INFO - 2022-04-22 20:29:16 --> Session: Class initialized using 'CodeIgniter\Session\Handlers\FileHandler' driver.
INFO - 2022-04-22 20:29:16 --> Cart Class Initialized
INFO - 2022-04-22 20:29:49 --> Session: Class initialized using 'CodeIgniter\Session\Handlers\FileHandler' driver.
INFO - 2022-04-22 20:29:49 --> Cart Class Initialized
INFO - 2022-04-22 20:29:53 --> Session: Class initialized using 'CodeIgniter\Session\Handlers\FileHandler' driver.
INFO - 2022-04-22 20:29:53 --> Cart Class Initialized
INFO - 2022-04-22 20:30:04 --> Session: Class initialized using 'CodeIgniter\Session\Handlers\FileHandler' driver.
INFO - 2022-04-22 20:30:04 --> Cart Class Initialized
INFO - 2022-04-22 20:30:19 --> Session: Class initialized using 'CodeIgniter\Session\Handlers\FileHandler' driver.
INFO - 2022-04-22 20:30:19 --> Cart Class Initialized
INFO - 2022-04-22 20:30:19 --> Session: Class initialized using 'CodeIgniter\Session\Handlers\FileHandler' driver.
INFO - 2022-04-22 20:30:19 --> Cart Class Initialized
INFO - 2022-04-22 20:30:19 --> Session: Class initialized using 'CodeIgniter\Session\Handlers\FileHandler' driver.
INFO - 2022-04-22 20:30:19 --> Cart Class Initialized
INFO - 2022-04-22 20:30:30 --> Session: Class initialized using 'CodeIgniter\Session\Handlers\FileHandler' driver.
INFO - 2022-04-22 20:30:30 --> Cart Class Initialized
INFO - 2022-04-22 20:30:30 --> Session: Class initialized using 'CodeIgniter\Session\Handlers\FileHandler' driver.
INFO - 2022-04-22 20:30:30 --> Cart Class Initialized
INFO - 2022-04-22 20:30:57 --> Session: Class initialized using 'CodeIgniter\Session\Handlers\FileHandler' driver.
INFO - 2022-04-22 20:30:57 --> Cart Class Initialized
INFO - 2022-04-22 20:32:25 --> Session: Class initialized using 'CodeIgniter\Session\Handlers\FileHandler' driver.
INFO - 2022-04-22 20:32:25 --> Cart Class Initialized
INFO - 2022-04-22 20:32:36 --> Session: Class initialized using 'CodeIgniter\Session\Handlers\FileHandler' driver.
INFO - 2022-04-22 20:32:36 --> Cart Class Initialized
INFO - 2022-04-22 20:32:40 --> Session: Class initialized using 'CodeIgniter\Session\Handlers\FileHandler' driver.
INFO - 2022-04-22 20:32:40 --> Cart Class Initialized
INFO - 2022-04-22 20:32:40 --> Session: Class initialized using 'CodeIgniter\Session\Handlers\FileHandler' driver.
INFO - 2022-04-22 20:32:40 --> Cart Class Initialized
INFO - 2022-04-22 20:32:41 --> Session: Class initialized using 'CodeIgniter\Session\Handlers\FileHandler' driver.
INFO - 2022-04-22 20:32:41 --> Cart Class Initialized
INFO - 2022-04-22 20:32:45 --> Session: Class initialized using 'CodeIgniter\Session\Handlers\FileHandler' driver.
INFO - 2022-04-22 20:32:45 --> Cart Class Initialized
INFO - 2022-04-22 20:32:46 --> Session: Class initialized using 'CodeIgniter\Session\Handlers\FileHandler' driver.
INFO - 2022-04-22 20:32:46 --> Cart Class Initialized
INFO - 2022-04-22 20:32:52 --> Session: Class initialized using 'CodeIgniter\Session\Handlers\FileHandler' driver.
INFO - 2022-04-22 20:32:52 --> Cart Class Initialized
INFO - 2022-04-22 20:32:52 --> Session: Class initialized using 'CodeIgniter\Session\Handlers\FileHandler' driver.
INFO - 2022-04-22 20:32:52 --> Cart Class Initialized
INFO - 2022-04-22 20:32:53 --> Session: Class initialized using 'CodeIgniter\Session\Handlers\FileHandler' driver.
INFO - 2022-04-22 20:32:53 --> Cart Class Initialized
INFO - 2022-04-22 20:33:05 --> Session: Class initialized using 'CodeIgniter\Session\Handlers\FileHandler' driver.
INFO - 2022-04-22 20:33:05 --> Cart Class Initialized
INFO - 2022-04-22 20:33:05 --> Session: Class initialized using 'CodeIgniter\Session\Handlers\FileHandler' driver.
INFO - 2022-04-22 20:33:06 --> Cart Class Initialized
INFO - 2022-04-22 20:33:06 --> Session: Class initialized using 'CodeIgniter\Session\Handlers\FileHandler' driver.
INFO - 2022-04-22 20:33:06 --> Cart Class Initialized
INFO - 2022-04-22 20:33:13 --> Session: Class initialized using 'CodeIgniter\Session\Handlers\FileHandler' driver.
INFO - 2022-04-22 20:33:13 --> Cart Class Initialized
INFO - 2022-04-22 20:33:13 --> Session: Class initialized using 'CodeIgniter\Session\Handlers\FileHandler' driver.
INFO - 2022-04-22 20:33:13 --> Cart Class Initialized
INFO - 2022-04-22 20:33:20 --> Session: Class initialized using 'CodeIgniter\Session\Handlers\FileHandler' driver.
INFO - 2022-04-22 20:33:20 --> Cart Class Initialized
INFO - 2022-04-22 20:33:39 --> Session: Class initialized using 'CodeIgniter\Session\Handlers\FileHandler' driver.
INFO - 2022-04-22 20:33:39 --> Cart Class Initialized
INFO - 2022-04-22 20:33:39 --> Session: Class initialized using 'CodeIgniter\Session\Handlers\FileHandler' driver.
INFO - 2022-04-22 20:33:39 --> Cart Class Initialized
INFO - 2022-04-22 20:33:41 --> Session: Class initialized using 'CodeIgniter\Session\Handlers\FileHandler' driver.
INFO - 2022-04-22 20:33:41 --> Cart Class Initialized
INFO - 2022-04-22 20:33:42 --> Session: Class initialized using 'CodeIgniter\Session\Handlers\FileHandler' driver.
INFO - 2022-04-22 20:33:42 --> Cart Class Initialized
INFO - 2022-04-22 21:33:21 --> Session: Class initialized using 'CodeIgniter\Session\Handlers\FileHandler' driver.
INFO - 2022-04-22 21:33:21 --> Cart Class Initialized
INFO - 2022-04-22 22:33:21 --> Session: Class initialized using 'CodeIgniter\Session\Handlers\FileHandler' driver.
INFO - 2022-04-22 22:33:21 --> Cart Class Initialized
INFO - 2022-04-22 23:33:21 --> Session: Class initialized using 'CodeIgniter\Session\Handlers\FileHandler' driver.
INFO - 2022-04-22 23:33:21 --> Cart Class Initialized
