INFO - 2022-03-26 00:49:40 --> Session: Class initialized using 'CodeIgniter\Session\Handlers\FileHandler' driver.
CRITICAL - 2022-03-26 00:49:43 --> Undefined variable: title
#0 D:\xammp\htdocs\ci4\app\Views\includes\head.php(10): CodeIgniter\Debug\Exceptions->errorHandler(8, 'Undefined varia...', 'D:\\xammp\\htdocs...', 10, Array)
#1 D:\xammp\htdocs\ci4\app\Views\index.php(2): include('D:\\xammp\\htdocs...')
#2 D:\xammp\htdocs\ci4\system\View\View.php(210): include('D:\\xammp\\htdocs...')
#3 D:\xammp\htdocs\ci4\system\View\View.php(213): CodeIgniter\View\View->CodeIgniter\View\{closure}()
#4 D:\xammp\htdocs\ci4\system\Common.php(1089): CodeIgniter\View\View->render('index', Array, true)
#5 D:\xammp\htdocs\ci4\app\Controllers\Cart.php(25): view('index')
#6 D:\xammp\htdocs\ci4\system\CodeIgniter.php(825): App\Controllers\Cart->index()
#7 D:\xammp\htdocs\ci4\system\CodeIgniter.php(412): CodeIgniter\CodeIgniter->runController(Object(App\Controllers\Cart))
#8 D:\xammp\htdocs\ci4\system\CodeIgniter.php(320): CodeIgniter\CodeIgniter->handleRequest(NULL, Object(Config\Cache), false)
#9 D:\xammp\htdocs\ci4\index.php(37): CodeIgniter\CodeIgniter->run()
#10 {main}
CRITICAL - 2022-03-26 00:49:46 --> Undefined variable: title
#0 D:\xammp\htdocs\ci4\app\Views\includes\head.php(10): CodeIgniter\Debug\Exceptions->errorHandler(8, 'Undefined varia...', 'D:\\xammp\\htdocs...', 10, Array)
#1 D:\xammp\htdocs\ci4\app\Views\index.php(2): include('D:\\xammp\\htdocs...')
#2 D:\xammp\htdocs\ci4\system\View\View.php(210): include('D:\\xammp\\htdocs...')
#3 D:\xammp\htdocs\ci4\system\View\View.php(213): CodeIgniter\View\View->CodeIgniter\View\{closure}()
#4 D:\xammp\htdocs\ci4\system\Common.php(1089): CodeIgniter\View\View->render('index', Array, true)
#5 D:\xammp\htdocs\ci4\app\Controllers\Cart.php(25): view('index')
#6 D:\xammp\htdocs\ci4\system\CodeIgniter.php(825): App\Controllers\Cart->index()
#7 D:\xammp\htdocs\ci4\system\CodeIgniter.php(412): CodeIgniter\CodeIgniter->runController(Object(App\Controllers\Cart))
#8 D:\xammp\htdocs\ci4\system\CodeIgniter.php(320): CodeIgniter\CodeIgniter->handleRequest(NULL, Object(Config\Cache), false)
#9 D:\xammp\htdocs\ci4\index.php(37): CodeIgniter\CodeIgniter->run()
#10 {main}
CRITICAL - 2022-03-26 00:49:46 --> Undefined variable: title
#0 D:\xammp\htdocs\ci4\app\Views\includes\head.php(10): CodeIgniter\Debug\Exceptions->errorHandler(8, 'Undefined varia...', 'D:\\xammp\\htdocs...', 10, Array)
#1 D:\xammp\htdocs\ci4\app\Views\index.php(2): include('D:\\xammp\\htdocs...')
#2 D:\xammp\htdocs\ci4\system\View\View.php(210): include('D:\\xammp\\htdocs...')
#3 D:\xammp\htdocs\ci4\system\View\View.php(213): CodeIgniter\View\View->CodeIgniter\View\{closure}()
#4 D:\xammp\htdocs\ci4\system\Common.php(1089): CodeIgniter\View\View->render('index', Array, true)
#5 D:\xammp\htdocs\ci4\app\Controllers\Cart.php(25): view('index')
#6 D:\xammp\htdocs\ci4\system\CodeIgniter.php(825): App\Controllers\Cart->index()
#7 D:\xammp\htdocs\ci4\system\CodeIgniter.php(412): CodeIgniter\CodeIgniter->runController(Object(App\Controllers\Cart))
#8 D:\xammp\htdocs\ci4\system\CodeIgniter.php(320): CodeIgniter\CodeIgniter->handleRequest(NULL, Object(Config\Cache), false)
#9 D:\xammp\htdocs\ci4\index.php(37): CodeIgniter\CodeIgniter->run()
#10 {main}
INFO - 2022-03-26 00:50:14 --> Session: Class initialized using 'CodeIgniter\Session\Handlers\FileHandler' driver.
CRITICAL - 2022-03-26 00:50:18 --> Undefined variable: title
#0 D:\xammp\htdocs\ci4\app\Views\includes\head.php(10): CodeIgniter\Debug\Exceptions->errorHandler(8, 'Undefined varia...', 'D:\\xammp\\htdocs...', 10, Array)
#1 D:\xammp\htdocs\ci4\app\Views\index.php(2): include('D:\\xammp\\htdocs...')
#2 D:\xammp\htdocs\ci4\system\View\View.php(210): include('D:\\xammp\\htdocs...')
#3 D:\xammp\htdocs\ci4\system\View\View.php(213): CodeIgniter\View\View->CodeIgniter\View\{closure}()
#4 D:\xammp\htdocs\ci4\system\Common.php(1089): CodeIgniter\View\View->render('index', Array, true)
#5 D:\xammp\htdocs\ci4\app\Controllers\Cart.php(25): view('index')
#6 D:\xammp\htdocs\ci4\system\CodeIgniter.php(825): App\Controllers\Cart->index()
#7 D:\xammp\htdocs\ci4\system\CodeIgniter.php(412): CodeIgniter\CodeIgniter->runController(Object(App\Controllers\Cart))
#8 D:\xammp\htdocs\ci4\system\CodeIgniter.php(320): CodeIgniter\CodeIgniter->handleRequest(NULL, Object(Config\Cache), false)
#9 D:\xammp\htdocs\ci4\index.php(37): CodeIgniter\CodeIgniter->run()
#10 {main}
CRITICAL - 2022-03-26 00:50:20 --> Undefined variable: title
#0 D:\xammp\htdocs\ci4\app\Views\includes\head.php(10): CodeIgniter\Debug\Exceptions->errorHandler(8, 'Undefined varia...', 'D:\\xammp\\htdocs...', 10, Array)
#1 D:\xammp\htdocs\ci4\app\Views\index.php(2): include('D:\\xammp\\htdocs...')
#2 D:\xammp\htdocs\ci4\system\View\View.php(210): include('D:\\xammp\\htdocs...')
#3 D:\xammp\htdocs\ci4\system\View\View.php(213): CodeIgniter\View\View->CodeIgniter\View\{closure}()
#4 D:\xammp\htdocs\ci4\system\Common.php(1089): CodeIgniter\View\View->render('index', Array, true)
#5 D:\xammp\htdocs\ci4\app\Controllers\Cart.php(25): view('index')
#6 D:\xammp\htdocs\ci4\system\CodeIgniter.php(825): App\Controllers\Cart->index()
#7 D:\xammp\htdocs\ci4\system\CodeIgniter.php(412): CodeIgniter\CodeIgniter->runController(Object(App\Controllers\Cart))
#8 D:\xammp\htdocs\ci4\system\CodeIgniter.php(320): CodeIgniter\CodeIgniter->handleRequest(NULL, Object(Config\Cache), false)
#9 D:\xammp\htdocs\ci4\index.php(37): CodeIgniter\CodeIgniter->run()
#10 {main}
INFO - 2022-03-26 01:03:44 --> Session: Class initialized using 'CodeIgniter\Session\Handlers\FileHandler' driver.
CRITICAL - 2022-03-26 01:04:11 --> Undefined variable: title
#0 D:\xammp\htdocs\ci4\app\Views\includes\head.php(10): CodeIgniter\Debug\Exceptions->errorHandler(8, 'Undefined varia...', 'D:\\xammp\\htdocs...', 10, Array)
#1 D:\xammp\htdocs\ci4\app\Views\index.php(2): include('D:\\xammp\\htdocs...')
#2 D:\xammp\htdocs\ci4\system\View\View.php(210): include('D:\\xammp\\htdocs...')
#3 D:\xammp\htdocs\ci4\system\View\View.php(213): CodeIgniter\View\View->CodeIgniter\View\{closure}()
#4 D:\xammp\htdocs\ci4\system\Common.php(1089): CodeIgniter\View\View->render('index', Array, true)
#5 D:\xammp\htdocs\ci4\app\Controllers\Cart.php(25): view('index')
#6 D:\xammp\htdocs\ci4\system\CodeIgniter.php(825): App\Controllers\Cart->index()
#7 D:\xammp\htdocs\ci4\system\CodeIgniter.php(412): CodeIgniter\CodeIgniter->runController(Object(App\Controllers\Cart))
#8 D:\xammp\htdocs\ci4\system\CodeIgniter.php(320): CodeIgniter\CodeIgniter->handleRequest(NULL, Object(Config\Cache), false)
#9 D:\xammp\htdocs\ci4\index.php(37): CodeIgniter\CodeIgniter->run()
#10 {main}
CRITICAL - 2022-03-26 01:04:13 --> Undefined variable: title
#0 D:\xammp\htdocs\ci4\app\Views\includes\head.php(10): CodeIgniter\Debug\Exceptions->errorHandler(8, 'Undefined varia...', 'D:\\xammp\\htdocs...', 10, Array)
#1 D:\xammp\htdocs\ci4\app\Views\index.php(2): include('D:\\xammp\\htdocs...')
#2 D:\xammp\htdocs\ci4\system\View\View.php(210): include('D:\\xammp\\htdocs...')
#3 D:\xammp\htdocs\ci4\system\View\View.php(213): CodeIgniter\View\View->CodeIgniter\View\{closure}()
#4 D:\xammp\htdocs\ci4\system\Common.php(1089): CodeIgniter\View\View->render('index', Array, true)
#5 D:\xammp\htdocs\ci4\app\Controllers\Cart.php(25): view('index')
#6 D:\xammp\htdocs\ci4\system\CodeIgniter.php(825): App\Controllers\Cart->index()
#7 D:\xammp\htdocs\ci4\system\CodeIgniter.php(412): CodeIgniter\CodeIgniter->runController(Object(App\Controllers\Cart))
#8 D:\xammp\htdocs\ci4\system\CodeIgniter.php(320): CodeIgniter\CodeIgniter->handleRequest(NULL, Object(Config\Cache), false)
#9 D:\xammp\htdocs\ci4\index.php(37): CodeIgniter\CodeIgniter->run()
#10 {main}
CRITICAL - 2022-03-26 01:04:13 --> Undefined variable: title
#0 D:\xammp\htdocs\ci4\app\Views\includes\head.php(10): CodeIgniter\Debug\Exceptions->errorHandler(8, 'Undefined varia...', 'D:\\xammp\\htdocs...', 10, Array)
#1 D:\xammp\htdocs\ci4\app\Views\index.php(2): include('D:\\xammp\\htdocs...')
#2 D:\xammp\htdocs\ci4\system\View\View.php(210): include('D:\\xammp\\htdocs...')
#3 D:\xammp\htdocs\ci4\system\View\View.php(213): CodeIgniter\View\View->CodeIgniter\View\{closure}()
#4 D:\xammp\htdocs\ci4\system\Common.php(1089): CodeIgniter\View\View->render('index', Array, true)
#5 D:\xammp\htdocs\ci4\app\Controllers\Cart.php(25): view('index')
#6 D:\xammp\htdocs\ci4\system\CodeIgniter.php(825): App\Controllers\Cart->index()
#7 D:\xammp\htdocs\ci4\system\CodeIgniter.php(412): CodeIgniter\CodeIgniter->runController(Object(App\Controllers\Cart))
#8 D:\xammp\htdocs\ci4\system\CodeIgniter.php(320): CodeIgniter\CodeIgniter->handleRequest(NULL, Object(Config\Cache), false)
#9 D:\xammp\htdocs\ci4\index.php(37): CodeIgniter\CodeIgniter->run()
#10 {main}
CRITICAL - 2022-03-26 01:04:14 --> Undefined variable: title
#0 D:\xammp\htdocs\ci4\app\Views\includes\head.php(10): CodeIgniter\Debug\Exceptions->errorHandler(8, 'Undefined varia...', 'D:\\xammp\\htdocs...', 10, Array)
#1 D:\xammp\htdocs\ci4\app\Views\index.php(2): include('D:\\xammp\\htdocs...')
#2 D:\xammp\htdocs\ci4\system\View\View.php(210): include('D:\\xammp\\htdocs...')
#3 D:\xammp\htdocs\ci4\system\View\View.php(213): CodeIgniter\View\View->CodeIgniter\View\{closure}()
#4 D:\xammp\htdocs\ci4\system\Common.php(1089): CodeIgniter\View\View->render('index', Array, true)
#5 D:\xammp\htdocs\ci4\app\Controllers\Cart.php(25): view('index')
#6 D:\xammp\htdocs\ci4\system\CodeIgniter.php(825): App\Controllers\Cart->index()
#7 D:\xammp\htdocs\ci4\system\CodeIgniter.php(412): CodeIgniter\CodeIgniter->runController(Object(App\Controllers\Cart))
#8 D:\xammp\htdocs\ci4\system\CodeIgniter.php(320): CodeIgniter\CodeIgniter->handleRequest(NULL, Object(Config\Cache), false)
#9 D:\xammp\htdocs\ci4\index.php(37): CodeIgniter\CodeIgniter->run()
#10 {main}
INFO - 2022-03-26 01:05:11 --> Session: Class initialized using 'CodeIgniter\Session\Handlers\FileHandler' driver.
INFO - 2022-03-26 01:06:00 --> Session: Class initialized using 'CodeIgniter\Session\Handlers\FileHandler' driver.
INFO - 2022-03-26 01:06:18 --> Session: Class initialized using 'CodeIgniter\Session\Handlers\FileHandler' driver.
INFO - 2022-03-26 01:14:11 --> Session: Class initialized using 'CodeIgniter\Session\Handlers\FileHandler' driver.
CRITICAL - 2022-03-26 01:14:11 --> Undefined index: prod_price
#0 D:\xammp\htdocs\ci4\app\Views\index.php(100): CodeIgniter\Debug\Exceptions->errorHandler(8, 'Undefined index...', 'D:\\xammp\\htdocs...', 100, Array)
#1 D:\xammp\htdocs\ci4\system\View\View.php(210): include('D:\\xammp\\htdocs...')
#2 D:\xammp\htdocs\ci4\system\View\View.php(213): CodeIgniter\View\View->CodeIgniter\View\{closure}()
#3 D:\xammp\htdocs\ci4\system\Common.php(1089): CodeIgniter\View\View->render('index', Array, true)
#4 D:\xammp\htdocs\ci4\app\Controllers\Home.php(56): view('index', Array)
#5 D:\xammp\htdocs\ci4\system\CodeIgniter.php(825): App\Controllers\Home->index()
#6 D:\xammp\htdocs\ci4\system\CodeIgniter.php(412): CodeIgniter\CodeIgniter->runController(Object(App\Controllers\Home))
#7 D:\xammp\htdocs\ci4\system\CodeIgniter.php(320): CodeIgniter\CodeIgniter->handleRequest(NULL, Object(Config\Cache), false)
#8 D:\xammp\htdocs\ci4\index.php(37): CodeIgniter\CodeIgniter->run()
#9 {main}
INFO - 2022-03-26 01:14:34 --> Session: Class initialized using 'CodeIgniter\Session\Handlers\FileHandler' driver.
CRITICAL - 2022-03-26 01:14:34 --> Undefined index: prod_price
#0 D:\xammp\htdocs\ci4\app\Views\index.php(100): CodeIgniter\Debug\Exceptions->errorHandler(8, 'Undefined index...', 'D:\\xammp\\htdocs...', 100, Array)
#1 D:\xammp\htdocs\ci4\system\View\View.php(210): include('D:\\xammp\\htdocs...')
#2 D:\xammp\htdocs\ci4\system\View\View.php(213): CodeIgniter\View\View->CodeIgniter\View\{closure}()
#3 D:\xammp\htdocs\ci4\system\Common.php(1089): CodeIgniter\View\View->render('index', Array, true)
#4 D:\xammp\htdocs\ci4\app\Controllers\Home.php(56): view('index', Array)
#5 D:\xammp\htdocs\ci4\system\CodeIgniter.php(825): App\Controllers\Home->index()
#6 D:\xammp\htdocs\ci4\system\CodeIgniter.php(412): CodeIgniter\CodeIgniter->runController(Object(App\Controllers\Home))
#7 D:\xammp\htdocs\ci4\system\CodeIgniter.php(320): CodeIgniter\CodeIgniter->handleRequest(NULL, Object(Config\Cache), false)
#8 D:\xammp\htdocs\ci4\index.php(37): CodeIgniter\CodeIgniter->run()
#9 {main}
INFO - 2022-03-26 01:14:49 --> Session: Class initialized using 'CodeIgniter\Session\Handlers\FileHandler' driver.
CRITICAL - 2022-03-26 01:14:49 --> Undefined property: CodeIgniter\View\View::$session
#0 D:\xammp\htdocs\ci4\app\Views\index.php(100): CodeIgniter\Debug\Exceptions->errorHandler(8, 'Undefined prope...', 'D:\\xammp\\htdocs...', 100, Array)
#1 D:\xammp\htdocs\ci4\system\View\View.php(210): include('D:\\xammp\\htdocs...')
#2 D:\xammp\htdocs\ci4\system\View\View.php(213): CodeIgniter\View\View->CodeIgniter\View\{closure}()
#3 D:\xammp\htdocs\ci4\system\Common.php(1089): CodeIgniter\View\View->render('index', Array, true)
#4 D:\xammp\htdocs\ci4\app\Controllers\Home.php(56): view('index', Array)
#5 D:\xammp\htdocs\ci4\system\CodeIgniter.php(825): App\Controllers\Home->index()
#6 D:\xammp\htdocs\ci4\system\CodeIgniter.php(412): CodeIgniter\CodeIgniter->runController(Object(App\Controllers\Home))
#7 D:\xammp\htdocs\ci4\system\CodeIgniter.php(320): CodeIgniter\CodeIgniter->handleRequest(NULL, Object(Config\Cache), false)
#8 D:\xammp\htdocs\ci4\index.php(37): CodeIgniter\CodeIgniter->run()
#9 {main}
INFO - 2022-03-26 01:17:16 --> Session: Class initialized using 'CodeIgniter\Session\Handlers\FileHandler' driver.
CRITICAL - 2022-03-26 01:17:16 --> Undefined property: CodeIgniter\View\View::$session
#0 D:\xammp\htdocs\ci4\app\Views\index.php(100): CodeIgniter\Debug\Exceptions->errorHandler(8, 'Undefined prope...', 'D:\\xammp\\htdocs...', 100, Array)
#1 D:\xammp\htdocs\ci4\system\View\View.php(210): include('D:\\xammp\\htdocs...')
#2 D:\xammp\htdocs\ci4\system\View\View.php(213): CodeIgniter\View\View->CodeIgniter\View\{closure}()
#3 D:\xammp\htdocs\ci4\system\Common.php(1089): CodeIgniter\View\View->render('index', Array, true)
#4 D:\xammp\htdocs\ci4\app\Controllers\Home.php(56): view('index', Array)
#5 D:\xammp\htdocs\ci4\system\CodeIgniter.php(825): App\Controllers\Home->index()
#6 D:\xammp\htdocs\ci4\system\CodeIgniter.php(412): CodeIgniter\CodeIgniter->runController(Object(App\Controllers\Home))
#7 D:\xammp\htdocs\ci4\system\CodeIgniter.php(320): CodeIgniter\CodeIgniter->handleRequest(NULL, Object(Config\Cache), false)
#8 D:\xammp\htdocs\ci4\index.php(37): CodeIgniter\CodeIgniter->run()
#9 {main}
INFO - 2022-03-26 01:17:18 --> Session: Class initialized using 'CodeIgniter\Session\Handlers\FileHandler' driver.
CRITICAL - 2022-03-26 01:17:18 --> Undefined property: CodeIgniter\View\View::$session
#0 D:\xammp\htdocs\ci4\app\Views\index.php(100): CodeIgniter\Debug\Exceptions->errorHandler(8, 'Undefined prope...', 'D:\\xammp\\htdocs...', 100, Array)
#1 D:\xammp\htdocs\ci4\system\View\View.php(210): include('D:\\xammp\\htdocs...')
#2 D:\xammp\htdocs\ci4\system\View\View.php(213): CodeIgniter\View\View->CodeIgniter\View\{closure}()
#3 D:\xammp\htdocs\ci4\system\Common.php(1089): CodeIgniter\View\View->render('index', Array, true)
#4 D:\xammp\htdocs\ci4\app\Controllers\Home.php(56): view('index', Array)
#5 D:\xammp\htdocs\ci4\system\CodeIgniter.php(825): App\Controllers\Home->index()
#6 D:\xammp\htdocs\ci4\system\CodeIgniter.php(412): CodeIgniter\CodeIgniter->runController(Object(App\Controllers\Home))
#7 D:\xammp\htdocs\ci4\system\CodeIgniter.php(320): CodeIgniter\CodeIgniter->handleRequest(NULL, Object(Config\Cache), false)
#8 D:\xammp\htdocs\ci4\index.php(37): CodeIgniter\CodeIgniter->run()
#9 {main}
INFO - 2022-03-26 01:18:50 --> Session: Class initialized using 'CodeIgniter\Session\Handlers\FileHandler' driver.
CRITICAL - 2022-03-26 01:18:50 --> Undefined index: prod_price
#0 D:\xammp\htdocs\ci4\app\Views\index.php(100): CodeIgniter\Debug\Exceptions->errorHandler(8, 'Undefined index...', 'D:\\xammp\\htdocs...', 100, Array)
#1 D:\xammp\htdocs\ci4\system\View\View.php(210): include('D:\\xammp\\htdocs...')
#2 D:\xammp\htdocs\ci4\system\View\View.php(213): CodeIgniter\View\View->CodeIgniter\View\{closure}()
#3 D:\xammp\htdocs\ci4\system\Common.php(1089): CodeIgniter\View\View->render('index', Array, true)
#4 D:\xammp\htdocs\ci4\app\Controllers\Home.php(56): view('index', Array)
#5 D:\xammp\htdocs\ci4\system\CodeIgniter.php(825): App\Controllers\Home->index()
#6 D:\xammp\htdocs\ci4\system\CodeIgniter.php(412): CodeIgniter\CodeIgniter->runController(Object(App\Controllers\Home))
#7 D:\xammp\htdocs\ci4\system\CodeIgniter.php(320): CodeIgniter\CodeIgniter->handleRequest(NULL, Object(Config\Cache), false)
#8 D:\xammp\htdocs\ci4\index.php(37): CodeIgniter\CodeIgniter->run()
#9 {main}
INFO - 2022-03-26 01:19:43 --> Session: Class initialized using 'CodeIgniter\Session\Handlers\FileHandler' driver.
CRITICAL - 2022-03-26 01:19:43 --> Undefined index: prod_price
#0 D:\xammp\htdocs\ci4\app\Views\index.php(100): CodeIgniter\Debug\Exceptions->errorHandler(8, 'Undefined index...', 'D:\\xammp\\htdocs...', 100, Array)
#1 D:\xammp\htdocs\ci4\system\View\View.php(210): include('D:\\xammp\\htdocs...')
#2 D:\xammp\htdocs\ci4\system\View\View.php(213): CodeIgniter\View\View->CodeIgniter\View\{closure}()
#3 D:\xammp\htdocs\ci4\system\Common.php(1089): CodeIgniter\View\View->render('index', Array, true)
#4 D:\xammp\htdocs\ci4\app\Controllers\Home.php(56): view('index', Array)
#5 D:\xammp\htdocs\ci4\system\CodeIgniter.php(825): App\Controllers\Home->index()
#6 D:\xammp\htdocs\ci4\system\CodeIgniter.php(412): CodeIgniter\CodeIgniter->runController(Object(App\Controllers\Home))
#7 D:\xammp\htdocs\ci4\system\CodeIgniter.php(320): CodeIgniter\CodeIgniter->handleRequest(NULL, Object(Config\Cache), false)
#8 D:\xammp\htdocs\ci4\index.php(37): CodeIgniter\CodeIgniter->run()
#9 {main}
INFO - 2022-03-26 01:21:00 --> Session: Class initialized using 'CodeIgniter\Session\Handlers\FileHandler' driver.
INFO - 2022-03-26 01:54:46 --> Session: Class initialized using 'CodeIgniter\Session\Handlers\FileHandler' driver.
INFO - 2022-03-26 02:57:25 --> Session: Class initialized using 'CodeIgniter\Session\Handlers\FileHandler' driver.
INFO - 2022-03-26 04:47:58 --> Session: Class initialized using 'CodeIgniter\Session\Handlers\FileHandler' driver.
ERROR - 2022-03-26 13:49:08 --> Error connecting to the database: Access denied for user '****'@'localhost' (using password: YES)
CRITICAL - 2022-03-26 13:49:08 --> Unable to connect to the database.
Main connection [MySQLi]: Access denied for user '****'@'localhost' (using password: YES)
#0 F:\xampp7.4\htdocs\ci4\system\Database\BaseConnection.php(577): CodeIgniter\Database\BaseConnection->initialize()
#1 F:\xampp7.4\htdocs\ci4\system\Database\BaseBuilder.php(1455): CodeIgniter\Database\BaseConnection->query('SELECT *\nFROM `...', Array, false)
#2 F:\xampp7.4\htdocs\ci4\system\Model.php(183): CodeIgniter\Database\BaseBuilder->get()
#3 F:\xampp7.4\htdocs\ci4\system\BaseModel.php(584): CodeIgniter\Model->doFindAll(7, 0)
#4 F:\xampp7.4\htdocs\ci4\app\Controllers\Home.php(32): CodeIgniter\BaseModel->findAll(7)
#5 F:\xampp7.4\htdocs\ci4\system\CodeIgniter.php(825): App\Controllers\Home->index()
#6 F:\xampp7.4\htdocs\ci4\system\CodeIgniter.php(412): CodeIgniter\CodeIgniter->runController(Object(App\Controllers\Home))
#7 F:\xampp7.4\htdocs\ci4\system\CodeIgniter.php(320): CodeIgniter\CodeIgniter->handleRequest(NULL, Object(Config\Cache), false)
#8 F:\xampp7.4\htdocs\ci4\index.php(37): CodeIgniter\CodeIgniter->run()
#9 {main}
ERROR - 2022-03-26 13:50:20 --> Error connecting to the database: Unknown database 'e-commerce-ci4'
CRITICAL - 2022-03-26 13:50:20 --> Unable to connect to the database.
Main connection [MySQLi]: Unknown database 'e-commerce-ci4'
#0 F:\xampp7.4\htdocs\ci4\system\Database\BaseConnection.php(577): CodeIgniter\Database\BaseConnection->initialize()
#1 F:\xampp7.4\htdocs\ci4\system\Database\BaseBuilder.php(1455): CodeIgniter\Database\BaseConnection->query('SELECT *\nFROM `...', Array, false)
#2 F:\xampp7.4\htdocs\ci4\system\Model.php(183): CodeIgniter\Database\BaseBuilder->get()
#3 F:\xampp7.4\htdocs\ci4\system\BaseModel.php(584): CodeIgniter\Model->doFindAll(7, 0)
#4 F:\xampp7.4\htdocs\ci4\app\Controllers\Home.php(32): CodeIgniter\BaseModel->findAll(7)
#5 F:\xampp7.4\htdocs\ci4\system\CodeIgniter.php(825): App\Controllers\Home->index()
#6 F:\xampp7.4\htdocs\ci4\system\CodeIgniter.php(412): CodeIgniter\CodeIgniter->runController(Object(App\Controllers\Home))
#7 F:\xampp7.4\htdocs\ci4\system\CodeIgniter.php(320): CodeIgniter\CodeIgniter->handleRequest(NULL, Object(Config\Cache), false)
#8 F:\xampp7.4\htdocs\ci4\index.php(37): CodeIgniter\CodeIgniter->run()
#9 {main}
ERROR - 2022-03-26 13:50:26 --> Error connecting to the database: Unknown database 'e-commerce-ci4'
CRITICAL - 2022-03-26 13:50:26 --> Unable to connect to the database.
Main connection [MySQLi]: Unknown database 'e-commerce-ci4'
#0 F:\xampp7.4\htdocs\ci4\system\Database\BaseConnection.php(577): CodeIgniter\Database\BaseConnection->initialize()
#1 F:\xampp7.4\htdocs\ci4\system\Database\BaseBuilder.php(1455): CodeIgniter\Database\BaseConnection->query('SELECT *\nFROM `...', Array, false)
#2 F:\xampp7.4\htdocs\ci4\system\Model.php(183): CodeIgniter\Database\BaseBuilder->get()
#3 F:\xampp7.4\htdocs\ci4\system\BaseModel.php(584): CodeIgniter\Model->doFindAll(7, 0)
#4 F:\xampp7.4\htdocs\ci4\app\Controllers\Home.php(32): CodeIgniter\BaseModel->findAll(7)
#5 F:\xampp7.4\htdocs\ci4\system\CodeIgniter.php(825): App\Controllers\Home->index()
#6 F:\xampp7.4\htdocs\ci4\system\CodeIgniter.php(412): CodeIgniter\CodeIgniter->runController(Object(App\Controllers\Home))
#7 F:\xampp7.4\htdocs\ci4\system\CodeIgniter.php(320): CodeIgniter\CodeIgniter->handleRequest(NULL, Object(Config\Cache), false)
#8 F:\xampp7.4\htdocs\ci4\index.php(37): CodeIgniter\CodeIgniter->run()
#9 {main}
ERROR - 2022-03-26 13:51:00 --> Error connecting to the database: Unknown database 'e-commerce-ci4'
CRITICAL - 2022-03-26 13:51:00 --> Unable to connect to the database.
Main connection [MySQLi]: Unknown database 'e-commerce-ci4'
#0 F:\xampp7.4\htdocs\ci4\system\Database\BaseConnection.php(577): CodeIgniter\Database\BaseConnection->initialize()
#1 F:\xampp7.4\htdocs\ci4\system\Database\BaseBuilder.php(1455): CodeIgniter\Database\BaseConnection->query('SELECT *\nFROM `...', Array, false)
#2 F:\xampp7.4\htdocs\ci4\system\Model.php(183): CodeIgniter\Database\BaseBuilder->get()
#3 F:\xampp7.4\htdocs\ci4\system\BaseModel.php(584): CodeIgniter\Model->doFindAll(7, 0)
#4 F:\xampp7.4\htdocs\ci4\app\Controllers\Home.php(32): CodeIgniter\BaseModel->findAll(7)
#5 F:\xampp7.4\htdocs\ci4\system\CodeIgniter.php(825): App\Controllers\Home->index()
#6 F:\xampp7.4\htdocs\ci4\system\CodeIgniter.php(412): CodeIgniter\CodeIgniter->runController(Object(App\Controllers\Home))
#7 F:\xampp7.4\htdocs\ci4\system\CodeIgniter.php(320): CodeIgniter\CodeIgniter->handleRequest(NULL, Object(Config\Cache), false)
#8 F:\xampp7.4\htdocs\ci4\index.php(37): CodeIgniter\CodeIgniter->run()
#9 {main}
INFO - 2022-03-26 13:51:33 --> Session: Class initialized using 'CodeIgniter\Session\Handlers\FileHandler' driver.
INFO - 2022-03-26 13:51:56 --> Session: Class initialized using 'CodeIgniter\Session\Handlers\FileHandler' driver.
INFO - 2022-03-26 14:23:20 --> Session: Class initialized using 'CodeIgniter\Session\Handlers\FileHandler' driver.
INFO - 2022-03-26 14:23:24 --> Session: Class initialized using 'CodeIgniter\Session\Handlers\FileHandler' driver.
INFO - 2022-03-26 14:23:37 --> Session: Class initialized using 'CodeIgniter\Session\Handlers\FileHandler' driver.
INFO - 2022-03-26 14:24:00 --> Session: Class initialized using 'CodeIgniter\Session\Handlers\FileHandler' driver.
INFO - 2022-03-26 14:24:15 --> Session: Class initialized using 'CodeIgniter\Session\Handlers\FileHandler' driver.
INFO - 2022-03-26 14:24:15 --> Session: Class initialized using 'CodeIgniter\Session\Handlers\FileHandler' driver.
