INFO - 2022-02-21 02:03:50 --> Session: Class initialized using 'CodeIgniter\Session\Handlers\FileHandler' driver.
INFO - 2022-02-21 02:06:05 --> Session: Class initialized using 'CodeIgniter\Session\Handlers\FileHandler' driver.
INFO - 2022-02-21 02:06:33 --> Session: Class initialized using 'CodeIgniter\Session\Handlers\FileHandler' driver.
INFO - 2022-02-21 02:08:52 --> Session: Class initialized using 'CodeIgniter\Session\Handlers\FileHandler' driver.
CRITICAL - 2022-02-21 02:20:21 --> syntax error, unexpected 'return' (T_RETURN)
#0 D:\xammp\htdocs\ci4\system\Autoloader\Autoloader.php(241): CodeIgniter\Autoloader\Autoloader->includeFile('D:\\xammp\\htdocs...')
#1 D:\xammp\htdocs\ci4\system\Autoloader\Autoloader.php(219): CodeIgniter\Autoloader\Autoloader->loadInNamespace('App\\Controllers...')
#2 [internal function]: CodeIgniter\Autoloader\Autoloader->loadClass('App\\Controllers...')
#3 [internal function]: spl_autoload_call('App\\Controllers...')
#4 D:\xammp\htdocs\ci4\system\CodeIgniter.php(790): class_exists('\\App\\Controller...', true)
#5 D:\xammp\htdocs\ci4\system\CodeIgniter.php(399): CodeIgniter\CodeIgniter->startController()
#6 D:\xammp\htdocs\ci4\system\CodeIgniter.php(320): CodeIgniter\CodeIgniter->handleRequest(NULL, Object(Config\Cache), false)
#7 D:\xammp\htdocs\ci4\index.php(37): CodeIgniter\CodeIgniter->run()
#8 {main}
CRITICAL - 2022-02-21 02:20:36 --> syntax error, unexpected 'return' (T_RETURN)
#0 D:\xammp\htdocs\ci4\system\Autoloader\Autoloader.php(241): CodeIgniter\Autoloader\Autoloader->includeFile('D:\\xammp\\htdocs...')
#1 D:\xammp\htdocs\ci4\system\Autoloader\Autoloader.php(219): CodeIgniter\Autoloader\Autoloader->loadInNamespace('App\\Controllers...')
#2 [internal function]: CodeIgniter\Autoloader\Autoloader->loadClass('App\\Controllers...')
#3 [internal function]: spl_autoload_call('App\\Controllers...')
#4 D:\xammp\htdocs\ci4\system\CodeIgniter.php(790): class_exists('\\App\\Controller...', true)
#5 D:\xammp\htdocs\ci4\system\CodeIgniter.php(399): CodeIgniter\CodeIgniter->startController()
#6 D:\xammp\htdocs\ci4\system\CodeIgniter.php(320): CodeIgniter\CodeIgniter->handleRequest(NULL, Object(Config\Cache), false)
#7 D:\xammp\htdocs\ci4\index.php(37): CodeIgniter\CodeIgniter->run()
#8 {main}
CRITICAL - 2022-02-21 02:21:28 --> syntax error, unexpected 'return' (T_RETURN)
#0 D:\xammp\htdocs\ci4\system\Autoloader\Autoloader.php(241): CodeIgniter\Autoloader\Autoloader->includeFile('D:\\xammp\\htdocs...')
#1 D:\xammp\htdocs\ci4\system\Autoloader\Autoloader.php(219): CodeIgniter\Autoloader\Autoloader->loadInNamespace('App\\Controllers...')
#2 [internal function]: CodeIgniter\Autoloader\Autoloader->loadClass('App\\Controllers...')
#3 [internal function]: spl_autoload_call('App\\Controllers...')
#4 D:\xammp\htdocs\ci4\system\CodeIgniter.php(790): class_exists('\\App\\Controller...', true)
#5 D:\xammp\htdocs\ci4\system\CodeIgniter.php(399): CodeIgniter\CodeIgniter->startController()
#6 D:\xammp\htdocs\ci4\system\CodeIgniter.php(320): CodeIgniter\CodeIgniter->handleRequest(NULL, Object(Config\Cache), false)
#7 D:\xammp\htdocs\ci4\index.php(37): CodeIgniter\CodeIgniter->run()
#8 {main}
CRITICAL - 2022-02-21 02:21:37 --> syntax error, unexpected '}'
#0 D:\xammp\htdocs\ci4\system\Autoloader\Autoloader.php(241): CodeIgniter\Autoloader\Autoloader->includeFile('D:\\xammp\\htdocs...')
#1 D:\xammp\htdocs\ci4\system\Autoloader\Autoloader.php(219): CodeIgniter\Autoloader\Autoloader->loadInNamespace('App\\Controllers...')
#2 [internal function]: CodeIgniter\Autoloader\Autoloader->loadClass('App\\Controllers...')
#3 [internal function]: spl_autoload_call('App\\Controllers...')
#4 D:\xammp\htdocs\ci4\system\CodeIgniter.php(790): class_exists('\\App\\Controller...', true)
#5 D:\xammp\htdocs\ci4\system\CodeIgniter.php(399): CodeIgniter\CodeIgniter->startController()
#6 D:\xammp\htdocs\ci4\system\CodeIgniter.php(320): CodeIgniter\CodeIgniter->handleRequest(NULL, Object(Config\Cache), false)
#7 D:\xammp\htdocs\ci4\index.php(37): CodeIgniter\CodeIgniter->run()
#8 {main}
INFO - 2022-02-21 02:21:46 --> Session: Class initialized using 'CodeIgniter\Session\Handlers\FileHandler' driver.
INFO - 2022-02-21 02:22:18 --> Session: Class initialized using 'CodeIgniter\Session\Handlers\FileHandler' driver.
INFO - 2022-02-21 02:22:40 --> Session: Class initialized using 'CodeIgniter\Session\Handlers\FileHandler' driver.
CRITICAL - 2022-02-21 02:22:40 --> Call to undefined function App\Controllers\to()
#0 D:\xammp\htdocs\ci4\system\CodeIgniter.php(825): App\Controllers\Registration->registerCustomer()
#1 D:\xammp\htdocs\ci4\system\CodeIgniter.php(412): CodeIgniter\CodeIgniter->runController(Object(App\Controllers\Registration))
#2 D:\xammp\htdocs\ci4\system\CodeIgniter.php(320): CodeIgniter\CodeIgniter->handleRequest(NULL, Object(Config\Cache), false)
#3 D:\xammp\htdocs\ci4\index.php(37): CodeIgniter\CodeIgniter->run()
#4 {main}
CRITICAL - 2022-02-21 02:25:06 --> syntax error, unexpected '}'
#0 D:\xammp\htdocs\ci4\system\Autoloader\Autoloader.php(241): CodeIgniter\Autoloader\Autoloader->includeFile('D:\\xammp\\htdocs...')
#1 D:\xammp\htdocs\ci4\system\Autoloader\Autoloader.php(219): CodeIgniter\Autoloader\Autoloader->loadInNamespace('App\\Controllers...')
#2 [internal function]: CodeIgniter\Autoloader\Autoloader->loadClass('App\\Controllers...')
#3 [internal function]: spl_autoload_call('App\\Controllers...')
#4 D:\xammp\htdocs\ci4\system\CodeIgniter.php(790): class_exists('\\App\\Controller...', true)
#5 D:\xammp\htdocs\ci4\system\CodeIgniter.php(399): CodeIgniter\CodeIgniter->startController()
#6 D:\xammp\htdocs\ci4\system\CodeIgniter.php(320): CodeIgniter\CodeIgniter->handleRequest(NULL, Object(Config\Cache), false)
#7 D:\xammp\htdocs\ci4\index.php(37): CodeIgniter\CodeIgniter->run()
#8 {main}
INFO - 2022-02-21 02:25:16 --> Session: Class initialized using 'CodeIgniter\Session\Handlers\FileHandler' driver.
INFO - 2022-02-21 02:26:22 --> Session: Class initialized using 'CodeIgniter\Session\Handlers\FileHandler' driver.
INFO - 2022-02-21 02:37:19 --> Session: Class initialized using 'CodeIgniter\Session\Handlers\FileHandler' driver.
CRITICAL - 2022-02-21 02:37:44 --> Call to undefined function App\Controllers\to()
#0 D:\xammp\htdocs\ci4\system\CodeIgniter.php(825): App\Controllers\Registration->registerCustomer()
#1 D:\xammp\htdocs\ci4\system\CodeIgniter.php(412): CodeIgniter\CodeIgniter->runController(Object(App\Controllers\Registration))
#2 D:\xammp\htdocs\ci4\system\CodeIgniter.php(320): CodeIgniter\CodeIgniter->handleRequest(NULL, Object(Config\Cache), false)
#3 D:\xammp\htdocs\ci4\index.php(37): CodeIgniter\CodeIgniter->run()
#4 {main}
INFO - 2022-02-21 02:37:58 --> Session: Class initialized using 'CodeIgniter\Session\Handlers\FileHandler' driver.
CRITICAL - 2022-02-21 02:38:56 --> syntax error, unexpected 'return' (T_RETURN)
#0 D:\xammp\htdocs\ci4\system\Autoloader\Autoloader.php(241): CodeIgniter\Autoloader\Autoloader->includeFile('D:\\xammp\\htdocs...')
#1 D:\xammp\htdocs\ci4\system\Autoloader\Autoloader.php(219): CodeIgniter\Autoloader\Autoloader->loadInNamespace('App\\Controllers...')
#2 [internal function]: CodeIgniter\Autoloader\Autoloader->loadClass('App\\Controllers...')
#3 [internal function]: spl_autoload_call('App\\Controllers...')
#4 D:\xammp\htdocs\ci4\system\CodeIgniter.php(790): class_exists('\\App\\Controller...', true)
#5 D:\xammp\htdocs\ci4\system\CodeIgniter.php(399): CodeIgniter\CodeIgniter->startController()
#6 D:\xammp\htdocs\ci4\system\CodeIgniter.php(320): CodeIgniter\CodeIgniter->handleRequest(NULL, Object(Config\Cache), false)
#7 D:\xammp\htdocs\ci4\index.php(37): CodeIgniter\CodeIgniter->run()
#8 {main}
INFO - 2022-02-21 02:39:08 --> Session: Class initialized using 'CodeIgniter\Session\Handlers\FileHandler' driver.
CRITICAL - 2022-02-21 02:39:08 --> Call to undefined function App\Controllers\to()
#0 D:\xammp\htdocs\ci4\system\CodeIgniter.php(825): App\Controllers\Registration->registerCustomer()
#1 D:\xammp\htdocs\ci4\system\CodeIgniter.php(412): CodeIgniter\CodeIgniter->runController(Object(App\Controllers\Registration))
#2 D:\xammp\htdocs\ci4\system\CodeIgniter.php(320): CodeIgniter\CodeIgniter->handleRequest(NULL, Object(Config\Cache), false)
#3 D:\xammp\htdocs\ci4\index.php(37): CodeIgniter\CodeIgniter->run()
#4 {main}
INFO - 2022-02-21 02:39:23 --> Session: Class initialized using 'CodeIgniter\Session\Handlers\FileHandler' driver.
INFO - 2022-02-21 02:40:07 --> Session: Class initialized using 'CodeIgniter\Session\Handlers\FileHandler' driver.
INFO - 2022-02-21 02:40:46 --> Session: Class initialized using 'CodeIgniter\Session\Handlers\FileHandler' driver.
INFO - 2022-02-21 02:41:04 --> Session: Class initialized using 'CodeIgniter\Session\Handlers\FileHandler' driver.
INFO - 2022-02-21 02:41:04 --> Session: Class initialized using 'CodeIgniter\Session\Handlers\FileHandler' driver.
CRITICAL - 2022-02-21 02:41:04 --> Call to undefined method CodeIgniter\Session\Session::getFlagetshdata()
#0 D:\xammp\htdocs\ci4\system\View\View.php(210): include()
#1 D:\xammp\htdocs\ci4\system\View\View.php(213): CodeIgniter\View\View->CodeIgniter\View\{closure}()
#2 D:\xammp\htdocs\ci4\system\Common.php(1089): CodeIgniter\View\View->render('login_form', Array, true)
#3 D:\xammp\htdocs\ci4\app\Controllers\Login.php(11): view('login_form', Array)
#4 D:\xammp\htdocs\ci4\system\CodeIgniter.php(825): App\Controllers\Login->index()
#5 D:\xammp\htdocs\ci4\system\CodeIgniter.php(412): CodeIgniter\CodeIgniter->runController(Object(App\Controllers\Login))
#6 D:\xammp\htdocs\ci4\system\CodeIgniter.php(320): CodeIgniter\CodeIgniter->handleRequest(NULL, Object(Config\Cache), false)
#7 D:\xammp\htdocs\ci4\index.php(37): CodeIgniter\CodeIgniter->run()
#8 {main}
INFO - 2022-02-21 02:41:47 --> Session: Class initialized using 'CodeIgniter\Session\Handlers\FileHandler' driver.
CRITICAL - 2022-02-21 02:41:47 --> Call to undefined method CodeIgniter\Session\Session::getFlagetshdata()
#0 D:\xammp\htdocs\ci4\system\View\View.php(210): include()
#1 D:\xammp\htdocs\ci4\system\View\View.php(213): CodeIgniter\View\View->CodeIgniter\View\{closure}()
#2 D:\xammp\htdocs\ci4\system\Common.php(1089): CodeIgniter\View\View->render('login_form', Array, true)
#3 D:\xammp\htdocs\ci4\app\Controllers\Login.php(11): view('login_form', Array)
#4 D:\xammp\htdocs\ci4\system\CodeIgniter.php(825): App\Controllers\Login->index()
#5 D:\xammp\htdocs\ci4\system\CodeIgniter.php(412): CodeIgniter\CodeIgniter->runController(Object(App\Controllers\Login))
#6 D:\xammp\htdocs\ci4\system\CodeIgniter.php(320): CodeIgniter\CodeIgniter->handleRequest(NULL, Object(Config\Cache), false)
#7 D:\xammp\htdocs\ci4\index.php(37): CodeIgniter\CodeIgniter->run()
#8 {main}
INFO - 2022-02-21 02:41:53 --> Session: Class initialized using 'CodeIgniter\Session\Handlers\FileHandler' driver.
CRITICAL - 2022-02-21 02:41:53 --> Call to undefined method CodeIgniter\Session\Session::getFlagetshdata()
#0 D:\xammp\htdocs\ci4\system\View\View.php(210): include()
#1 D:\xammp\htdocs\ci4\system\View\View.php(213): CodeIgniter\View\View->CodeIgniter\View\{closure}()
#2 D:\xammp\htdocs\ci4\system\Common.php(1089): CodeIgniter\View\View->render('login_form', Array, true)
#3 D:\xammp\htdocs\ci4\app\Controllers\Login.php(11): view('login_form', Array)
#4 D:\xammp\htdocs\ci4\system\CodeIgniter.php(825): App\Controllers\Login->index()
#5 D:\xammp\htdocs\ci4\system\CodeIgniter.php(412): CodeIgniter\CodeIgniter->runController(Object(App\Controllers\Login))
#6 D:\xammp\htdocs\ci4\system\CodeIgniter.php(320): CodeIgniter\CodeIgniter->handleRequest(NULL, Object(Config\Cache), false)
#7 D:\xammp\htdocs\ci4\index.php(37): CodeIgniter\CodeIgniter->run()
#8 {main}
INFO - 2022-02-21 02:42:12 --> Session: Class initialized using 'CodeIgniter\Session\Handlers\FileHandler' driver.
INFO - 2022-02-21 02:42:19 --> Session: Class initialized using 'CodeIgniter\Session\Handlers\FileHandler' driver.
INFO - 2022-02-21 02:42:34 --> Session: Class initialized using 'CodeIgniter\Session\Handlers\FileHandler' driver.
INFO - 2022-02-21 02:42:34 --> Session: Class initialized using 'CodeIgniter\Session\Handlers\FileHandler' driver.
INFO - 2022-02-21 02:56:16 --> Session: Class initialized using 'CodeIgniter\Session\Handlers\FileHandler' driver.
INFO - 2022-02-21 02:57:34 --> Session: Class initialized using 'CodeIgniter\Session\Handlers\FileHandler' driver.
INFO - 2022-02-21 02:58:40 --> Session: Class initialized using 'CodeIgniter\Session\Handlers\FileHandler' driver.
CRITICAL - 2022-02-21 02:58:40 --> Call to undefined function set_value()
#0 D:\xammp\htdocs\ci4\system\View\View.php(210): include()
#1 D:\xammp\htdocs\ci4\system\View\View.php(213): CodeIgniter\View\View->CodeIgniter\View\{closure}()
#2 D:\xammp\htdocs\ci4\system\Common.php(1089): CodeIgniter\View\View->render('registration', Array, true)
#3 D:\xammp\htdocs\ci4\app\Controllers\Registration.php(12): view('registration', Array)
#4 D:\xammp\htdocs\ci4\system\CodeIgniter.php(825): App\Controllers\Registration->index()
#5 D:\xammp\htdocs\ci4\system\CodeIgniter.php(412): CodeIgniter\CodeIgniter->runController(Object(App\Controllers\Registration))
#6 D:\xammp\htdocs\ci4\system\CodeIgniter.php(320): CodeIgniter\CodeIgniter->handleRequest(NULL, Object(Config\Cache), false)
#7 D:\xammp\htdocs\ci4\index.php(37): CodeIgniter\CodeIgniter->run()
#8 {main}
INFO - 2022-02-21 02:58:58 --> Session: Class initialized using 'CodeIgniter\Session\Handlers\FileHandler' driver.
INFO - 2022-02-21 02:59:27 --> Session: Class initialized using 'CodeIgniter\Session\Handlers\FileHandler' driver.
INFO - 2022-02-21 02:59:57 --> Session: Class initialized using 'CodeIgniter\Session\Handlers\FileHandler' driver.
CRITICAL - 2022-02-21 02:59:57 --> Call to undefined function set_value()
#0 D:\xammp\htdocs\ci4\system\View\View.php(210): include()
#1 D:\xammp\htdocs\ci4\system\View\View.php(213): CodeIgniter\View\View->CodeIgniter\View\{closure}()
#2 D:\xammp\htdocs\ci4\system\Common.php(1089): CodeIgniter\View\View->render('registration', Array, true)
#3 D:\xammp\htdocs\ci4\app\Controllers\Registration.php(11): view('registration', Array)
#4 D:\xammp\htdocs\ci4\system\CodeIgniter.php(825): App\Controllers\Registration->index()
#5 D:\xammp\htdocs\ci4\system\CodeIgniter.php(412): CodeIgniter\CodeIgniter->runController(Object(App\Controllers\Registration))
#6 D:\xammp\htdocs\ci4\system\CodeIgniter.php(320): CodeIgniter\CodeIgniter->handleRequest(NULL, Object(Config\Cache), false)
#7 D:\xammp\htdocs\ci4\index.php(37): CodeIgniter\CodeIgniter->run()
#8 {main}
INFO - 2022-02-21 03:00:26 --> Session: Class initialized using 'CodeIgniter\Session\Handlers\FileHandler' driver.
CRITICAL - 2022-02-21 03:00:26 --> Call to undefined function set_value()
#0 D:\xammp\htdocs\ci4\system\View\View.php(210): include()
#1 D:\xammp\htdocs\ci4\system\View\View.php(213): CodeIgniter\View\View->CodeIgniter\View\{closure}()
#2 D:\xammp\htdocs\ci4\system\Common.php(1089): CodeIgniter\View\View->render('login_form', Array, true)
#3 D:\xammp\htdocs\ci4\app\Controllers\Login.php(11): view('login_form', Array)
#4 D:\xammp\htdocs\ci4\system\CodeIgniter.php(825): App\Controllers\Login->index()
#5 D:\xammp\htdocs\ci4\system\CodeIgniter.php(412): CodeIgniter\CodeIgniter->runController(Object(App\Controllers\Login))
#6 D:\xammp\htdocs\ci4\system\CodeIgniter.php(320): CodeIgniter\CodeIgniter->handleRequest(NULL, Object(Config\Cache), false)
#7 D:\xammp\htdocs\ci4\index.php(37): CodeIgniter\CodeIgniter->run()
#8 {main}
INFO - 2022-02-21 03:01:52 --> Session: Class initialized using 'CodeIgniter\Session\Handlers\FileHandler' driver.
CRITICAL - 2022-02-21 03:01:52 --> Call to undefined function set_value()
#0 D:\xammp\htdocs\ci4\system\View\View.php(210): include()
#1 D:\xammp\htdocs\ci4\system\View\View.php(213): CodeIgniter\View\View->CodeIgniter\View\{closure}()
#2 D:\xammp\htdocs\ci4\system\Common.php(1089): CodeIgniter\View\View->render('login_form', Array, true)
#3 D:\xammp\htdocs\ci4\app\Controllers\Login.php(11): view('login_form', Array)
#4 D:\xammp\htdocs\ci4\system\CodeIgniter.php(825): App\Controllers\Login->index()
#5 D:\xammp\htdocs\ci4\system\CodeIgniter.php(412): CodeIgniter\CodeIgniter->runController(Object(App\Controllers\Login))
#6 D:\xammp\htdocs\ci4\system\CodeIgniter.php(320): CodeIgniter\CodeIgniter->handleRequest(NULL, Object(Config\Cache), false)
#7 D:\xammp\htdocs\ci4\index.php(37): CodeIgniter\CodeIgniter->run()
#8 {main}
INFO - 2022-02-21 03:05:32 --> Session: Class initialized using 'CodeIgniter\Session\Handlers\FileHandler' driver.
INFO - 2022-02-21 03:08:52 --> Session: Class initialized using 'CodeIgniter\Session\Handlers\FileHandler' driver.
INFO - 2022-02-21 03:08:52 --> Session: Class initialized using 'CodeIgniter\Session\Handlers\FileHandler' driver.
INFO - 2022-02-21 03:09:12 --> Session: Class initialized using 'CodeIgniter\Session\Handlers\FileHandler' driver.
INFO - 2022-02-21 03:09:12 --> Session: Class initialized using 'CodeIgniter\Session\Handlers\FileHandler' driver.
INFO - 2022-02-21 03:09:34 --> Session: Class initialized using 'CodeIgniter\Session\Handlers\FileHandler' driver.
INFO - 2022-02-21 03:09:34 --> Session: Class initialized using 'CodeIgniter\Session\Handlers\FileHandler' driver.
INFO - 2022-02-21 03:42:06 --> Session: Class initialized using 'CodeIgniter\Session\Handlers\FileHandler' driver.
INFO - 2022-02-21 03:42:10 --> Session: Class initialized using 'CodeIgniter\Session\Handlers\FileHandler' driver.
INFO - 2022-02-21 03:42:12 --> Session: Class initialized using 'CodeIgniter\Session\Handlers\FileHandler' driver.
INFO - 2022-02-21 03:44:33 --> Session: Class initialized using 'CodeIgniter\Session\Handlers\FileHandler' driver.
INFO - 2022-02-21 03:44:50 --> Session: Class initialized using 'CodeIgniter\Session\Handlers\FileHandler' driver.
INFO - 2022-02-21 03:44:50 --> Session: Class initialized using 'CodeIgniter\Session\Handlers\FileHandler' driver.
ERROR - 2022-02-21 03:44:56 --> Table 'e-commerce.admin' doesn't exist
CRITICAL - 2022-02-21 03:44:56 --> Table 'e-commerce.admin' doesn't exist
#0 D:\xammp\htdocs\ci4\system\Database\MySQLi\Connection.php(292): mysqli->query('SELECT 1\nFROM `...', 0)
#1 D:\xammp\htdocs\ci4\system\Database\BaseConnection.php(670): CodeIgniter\Database\MySQLi\Connection->execute('SELECT 1\nFROM `...')
#2 D:\xammp\htdocs\ci4\system\Database\BaseConnection.php(598): CodeIgniter\Database\BaseConnection->simpleQuery('SELECT 1\nFROM `...')
#3 D:\xammp\htdocs\ci4\system\Database\BaseBuilder.php(1455): CodeIgniter\Database\BaseConnection->query('SELECT 1\nFROM `...', Array, false)
#4 D:\xammp\htdocs\ci4\system\Validation\Rules.php(104): CodeIgniter\Database\BaseBuilder->get()
#5 D:\xammp\htdocs\ci4\system\Validation\Validation.php(292): CodeIgniter\Validation\Rules->is_not_unique('admin@gmail.com', 'admin_email', Array, NULL)
#6 D:\xammp\htdocs\ci4\system\Validation\Validation.php(157): CodeIgniter\Validation\Validation->processRules('email', 'email', 'admin@gmail.com', Array, Array)
#7 D:\xammp\htdocs\ci4\system\Controller.php(160): CodeIgniter\Validation\Validation->run()
#8 D:\xammp\htdocs\ci4\app\Controllers\Login.php(66): CodeIgniter\Controller->validate(Array)
#9 D:\xammp\htdocs\ci4\system\CodeIgniter.php(825): App\Controllers\Login->verifyUser()
#10 D:\xammp\htdocs\ci4\system\CodeIgniter.php(412): CodeIgniter\CodeIgniter->runController(Object(App\Controllers\Login))
#11 D:\xammp\htdocs\ci4\system\CodeIgniter.php(320): CodeIgniter\CodeIgniter->handleRequest(NULL, Object(Config\Cache), false)
#12 D:\xammp\htdocs\ci4\index.php(37): CodeIgniter\CodeIgniter->run()
#13 {main}
INFO - 2022-02-21 03:52:29 --> Session: Class initialized using 'CodeIgniter\Session\Handlers\FileHandler' driver.
INFO - 2022-02-21 03:53:03 --> Session: Class initialized using 'CodeIgniter\Session\Handlers\FileHandler' driver.
INFO - 2022-02-21 03:54:12 --> Session: Class initialized using 'CodeIgniter\Session\Handlers\FileHandler' driver.
INFO - 2022-02-21 03:54:30 --> Session: Class initialized using 'CodeIgniter\Session\Handlers\FileHandler' driver.
INFO - 2022-02-21 03:57:32 --> Session: Class initialized using 'CodeIgniter\Session\Handlers\FileHandler' driver.
INFO - 2022-02-21 03:57:34 --> Session: Class initialized using 'CodeIgniter\Session\Handlers\FileHandler' driver.
INFO - 2022-02-21 04:02:18 --> Session: Class initialized using 'CodeIgniter\Session\Handlers\FileHandler' driver.
INFO - 2022-02-21 04:02:21 --> Session: Class initialized using 'CodeIgniter\Session\Handlers\FileHandler' driver.
INFO - 2022-02-21 04:02:24 --> Session: Class initialized using 'CodeIgniter\Session\Handlers\FileHandler' driver.
INFO - 2022-02-21 04:04:36 --> Session: Class initialized using 'CodeIgniter\Session\Handlers\FileHandler' driver.
INFO - 2022-02-21 04:04:39 --> Session: Class initialized using 'CodeIgniter\Session\Handlers\FileHandler' driver.
INFO - 2022-02-21 04:04:41 --> Session: Class initialized using 'CodeIgniter\Session\Handlers\FileHandler' driver.
INFO - 2022-02-21 04:04:56 --> Session: Class initialized using 'CodeIgniter\Session\Handlers\FileHandler' driver.
INFO - 2022-02-21 04:04:59 --> Session: Class initialized using 'CodeIgniter\Session\Handlers\FileHandler' driver.
INFO - 2022-02-21 04:05:00 --> Session: Class initialized using 'CodeIgniter\Session\Handlers\FileHandler' driver.
INFO - 2022-02-21 04:05:03 --> Session: Class initialized using 'CodeIgniter\Session\Handlers\FileHandler' driver.
INFO - 2022-02-21 04:05:04 --> Session: Class initialized using 'CodeIgniter\Session\Handlers\FileHandler' driver.
INFO - 2022-02-21 04:05:56 --> Session: Class initialized using 'CodeIgniter\Session\Handlers\FileHandler' driver.
INFO - 2022-02-21 04:06:00 --> Session: Class initialized using 'CodeIgniter\Session\Handlers\FileHandler' driver.
ERROR - 2022-02-21 04:06:08 --> Table 'e-commerce.admin' doesn't exist
CRITICAL - 2022-02-21 04:06:08 --> Table 'e-commerce.admin' doesn't exist
#0 D:\xammp\htdocs\ci4\system\Database\MySQLi\Connection.php(292): mysqli->query('SELECT 1\nFROM `...', 0)
#1 D:\xammp\htdocs\ci4\system\Database\BaseConnection.php(670): CodeIgniter\Database\MySQLi\Connection->execute('SELECT 1\nFROM `...')
#2 D:\xammp\htdocs\ci4\system\Database\BaseConnection.php(598): CodeIgniter\Database\BaseConnection->simpleQuery('SELECT 1\nFROM `...')
#3 D:\xammp\htdocs\ci4\system\Database\BaseBuilder.php(1455): CodeIgniter\Database\BaseConnection->query('SELECT 1\nFROM `...', Array, false)
#4 D:\xammp\htdocs\ci4\system\Validation\Rules.php(104): CodeIgniter\Database\BaseBuilder->get()
#5 D:\xammp\htdocs\ci4\system\Validation\Validation.php(292): CodeIgniter\Validation\Rules->is_not_unique('admin@gmail.com', 'admin_email', Array, NULL)
#6 D:\xammp\htdocs\ci4\system\Validation\Validation.php(157): CodeIgniter\Validation\Validation->processRules('email', 'email', 'admin@gmail.com', Array, Array)
#7 D:\xammp\htdocs\ci4\system\Controller.php(160): CodeIgniter\Validation\Validation->run()
#8 D:\xammp\htdocs\ci4\app\Controllers\Login.php(66): CodeIgniter\Controller->validate(Array)
#9 D:\xammp\htdocs\ci4\system\CodeIgniter.php(825): App\Controllers\Login->verifyUser()
#10 D:\xammp\htdocs\ci4\system\CodeIgniter.php(412): CodeIgniter\CodeIgniter->runController(Object(App\Controllers\Login))
#11 D:\xammp\htdocs\ci4\system\CodeIgniter.php(320): CodeIgniter\CodeIgniter->handleRequest(NULL, Object(Config\Cache), false)
#12 D:\xammp\htdocs\ci4\index.php(37): CodeIgniter\CodeIgniter->run()
#13 {main}
CRITICAL - 2022-02-21 04:09:46 --> Undefined variable: password
#0 D:\xammp\htdocs\ci4\app\Controllers\Login.php(94): CodeIgniter\Debug\Exceptions->errorHandler(8, 'Undefined varia...', 'D:\\xammp\\htdocs...', 94, Array)
#1 D:\xammp\htdocs\ci4\system\CodeIgniter.php(825): App\Controllers\Login->verifyUser()
#2 D:\xammp\htdocs\ci4\system\CodeIgniter.php(412): CodeIgniter\CodeIgniter->runController(Object(App\Controllers\Login))
#3 D:\xammp\htdocs\ci4\system\CodeIgniter.php(320): CodeIgniter\CodeIgniter->handleRequest(NULL, Object(Config\Cache), false)
#4 D:\xammp\htdocs\ci4\index.php(37): CodeIgniter\CodeIgniter->run()
#5 {main}
INFO - 2022-02-21 04:12:25 --> Session: Class initialized using 'CodeIgniter\Session\Handlers\FileHandler' driver.
INFO - 2022-02-21 04:12:29 --> Session: Class initialized using 'CodeIgniter\Session\Handlers\FileHandler' driver.
INFO - 2022-02-21 04:17:13 --> Session: Class initialized using 'CodeIgniter\Session\Handlers\FileHandler' driver.
INFO - 2022-02-21 04:17:15 --> Session: Class initialized using 'CodeIgniter\Session\Handlers\FileHandler' driver.
INFO - 2022-02-21 04:18:33 --> Session: Class initialized using 'CodeIgniter\Session\Handlers\FileHandler' driver.
INFO - 2022-02-21 04:18:44 --> Session: Class initialized using 'CodeIgniter\Session\Handlers\FileHandler' driver.
INFO - 2022-02-21 04:18:44 --> Session: Class initialized using 'CodeIgniter\Session\Handlers\FileHandler' driver.
INFO - 2022-02-21 04:18:55 --> Session: Class initialized using 'CodeIgniter\Session\Handlers\FileHandler' driver.
INFO - 2022-02-21 04:18:55 --> Session: Class initialized using 'CodeIgniter\Session\Handlers\FileHandler' driver.
CRITICAL - 2022-02-21 04:19:38 --> Undefined variable: password
#0 D:\xammp\htdocs\ci4\app\Controllers\Login.php(95): CodeIgniter\Debug\Exceptions->errorHandler(8, 'Undefined varia...', 'D:\\xammp\\htdocs...', 95, Array)
#1 D:\xammp\htdocs\ci4\system\CodeIgniter.php(825): App\Controllers\Login->verifyUser()
#2 D:\xammp\htdocs\ci4\system\CodeIgniter.php(412): CodeIgniter\CodeIgniter->runController(Object(App\Controllers\Login))
#3 D:\xammp\htdocs\ci4\system\CodeIgniter.php(320): CodeIgniter\CodeIgniter->handleRequest(NULL, Object(Config\Cache), false)
#4 D:\xammp\htdocs\ci4\index.php(37): CodeIgniter\CodeIgniter->run()
#5 {main}
CRITICAL - 2022-02-21 04:20:44 --> syntax error, unexpected 'to' (T_STRING)
#0 D:\xammp\htdocs\ci4\system\Autoloader\Autoloader.php(241): CodeIgniter\Autoloader\Autoloader->includeFile('D:\\xammp\\htdocs...')
#1 D:\xammp\htdocs\ci4\system\Autoloader\Autoloader.php(219): CodeIgniter\Autoloader\Autoloader->loadInNamespace('App\\Controllers...')
#2 [internal function]: CodeIgniter\Autoloader\Autoloader->loadClass('App\\Controllers...')
#3 [internal function]: spl_autoload_call('App\\Controllers...')
#4 D:\xammp\htdocs\ci4\system\CodeIgniter.php(790): class_exists('\\App\\Controller...', true)
#5 D:\xammp\htdocs\ci4\system\CodeIgniter.php(399): CodeIgniter\CodeIgniter->startController()
#6 D:\xammp\htdocs\ci4\system\CodeIgniter.php(320): CodeIgniter\CodeIgniter->handleRequest(NULL, Object(Config\Cache), false)
#7 D:\xammp\htdocs\ci4\index.php(37): CodeIgniter\CodeIgniter->run()
#8 {main}
INFO - 2022-02-21 04:21:06 --> Session: Class initialized using 'CodeIgniter\Session\Handlers\FileHandler' driver.
INFO - 2022-02-21 04:21:10 --> Session: Class initialized using 'CodeIgniter\Session\Handlers\FileHandler' driver.
CRITICAL - 2022-02-21 04:21:12 --> syntax error, unexpected 'to' (T_STRING)
#0 D:\xammp\htdocs\ci4\system\Autoloader\Autoloader.php(241): CodeIgniter\Autoloader\Autoloader->includeFile('D:\\xammp\\htdocs...')
#1 D:\xammp\htdocs\ci4\system\Autoloader\Autoloader.php(219): CodeIgniter\Autoloader\Autoloader->loadInNamespace('App\\Controllers...')
#2 [internal function]: CodeIgniter\Autoloader\Autoloader->loadClass('App\\Controllers...')
#3 [internal function]: spl_autoload_call('App\\Controllers...')
#4 D:\xammp\htdocs\ci4\system\CodeIgniter.php(790): class_exists('\\App\\Controller...', true)
#5 D:\xammp\htdocs\ci4\system\CodeIgniter.php(399): CodeIgniter\CodeIgniter->startController()
#6 D:\xammp\htdocs\ci4\system\CodeIgniter.php(320): CodeIgniter\CodeIgniter->handleRequest(NULL, Object(Config\Cache), false)
#7 D:\xammp\htdocs\ci4\index.php(37): CodeIgniter\CodeIgniter->run()
#8 {main}
INFO - 2022-02-21 04:21:29 --> Session: Class initialized using 'CodeIgniter\Session\Handlers\FileHandler' driver.
INFO - 2022-02-21 04:21:37 --> Session: Class initialized using 'CodeIgniter\Session\Handlers\FileHandler' driver.
INFO - 2022-02-21 04:21:37 --> Session: Class initialized using 'CodeIgniter\Session\Handlers\FileHandler' driver.
INFO - 2022-02-21 04:21:49 --> Session: Class initialized using 'CodeIgniter\Session\Handlers\FileHandler' driver.
INFO - 2022-02-21 04:21:50 --> Session: Class initialized using 'CodeIgniter\Session\Handlers\FileHandler' driver.
INFO - 2022-02-21 04:22:01 --> Session: Class initialized using 'CodeIgniter\Session\Handlers\FileHandler' driver.
INFO - 2022-02-21 04:22:01 --> Session: Class initialized using 'CodeIgniter\Session\Handlers\FileHandler' driver.
INFO - 2022-02-21 04:25:18 --> Session: Class initialized using 'CodeIgniter\Session\Handlers\FileHandler' driver.
INFO - 2022-02-21 04:25:24 --> Session: Class initialized using 'CodeIgniter\Session\Handlers\FileHandler' driver.
INFO - 2022-02-21 04:25:24 --> Session: Class initialized using 'CodeIgniter\Session\Handlers\FileHandler' driver.
INFO - 2022-02-21 04:27:31 --> Session: Class initialized using 'CodeIgniter\Session\Handlers\FileHandler' driver.
INFO - 2022-02-21 04:29:56 --> Session: Class initialized using 'CodeIgniter\Session\Handlers\FileHandler' driver.
INFO - 2022-02-21 04:30:25 --> Session: Class initialized using 'CodeIgniter\Session\Handlers\FileHandler' driver.
INFO - 2022-02-21 04:30:39 --> Session: Class initialized using 'CodeIgniter\Session\Handlers\FileHandler' driver.
INFO - 2022-02-21 04:30:39 --> Session: Class initialized using 'CodeIgniter\Session\Handlers\FileHandler' driver.
INFO - 2022-02-21 04:31:06 --> Session: Class initialized using 'CodeIgniter\Session\Handlers\FileHandler' driver.
INFO - 2022-02-21 04:31:06 --> Session: Class initialized using 'CodeIgniter\Session\Handlers\FileHandler' driver.
INFO - 2022-02-21 04:35:02 --> Session: Class initialized using 'CodeIgniter\Session\Handlers\FileHandler' driver.
CRITICAL - 2022-02-21 04:35:15 --> Class 'App\Libraries\Hash' not found
#0 D:\xammp\htdocs\ci4\system\CodeIgniter.php(825): App\Controllers\Registration->registerCustomer()
#1 D:\xammp\htdocs\ci4\system\CodeIgniter.php(412): CodeIgniter\CodeIgniter->runController(Object(App\Controllers\Registration))
#2 D:\xammp\htdocs\ci4\system\CodeIgniter.php(320): CodeIgniter\CodeIgniter->handleRequest(NULL, Object(Config\Cache), false)
#3 D:\xammp\htdocs\ci4\index.php(37): CodeIgniter\CodeIgniter->run()
#4 {main}
CRITICAL - 2022-02-21 04:38:02 --> Class 'App\Controllers\Validation' not found
#0 D:\xammp\htdocs\ci4\system\CodeIgniter.php(825): App\Controllers\Registration->registerCustomer()
#1 D:\xammp\htdocs\ci4\system\CodeIgniter.php(412): CodeIgniter\CodeIgniter->runController(Object(App\Controllers\Registration))
#2 D:\xammp\htdocs\ci4\system\CodeIgniter.php(320): CodeIgniter\CodeIgniter->handleRequest(NULL, Object(Config\Cache), false)
#3 D:\xammp\htdocs\ci4\index.php(37): CodeIgniter\CodeIgniter->run()
#4 {main}
INFO - 2022-02-21 04:38:06 --> Session: Class initialized using 'CodeIgniter\Session\Handlers\FileHandler' driver.
CRITICAL - 2022-02-21 04:41:34 --> syntax error, unexpected ';', expecting ']'
#0 D:\xammp\htdocs\ci4\system\Autoloader\Autoloader.php(241): CodeIgniter\Autoloader\Autoloader->includeFile('D:\\xammp\\htdocs...')
#1 D:\xammp\htdocs\ci4\system\Autoloader\Autoloader.php(219): CodeIgniter\Autoloader\Autoloader->loadInNamespace('App\\Controllers...')
#2 [internal function]: CodeIgniter\Autoloader\Autoloader->loadClass('App\\Controllers...')
#3 [internal function]: spl_autoload_call('App\\Controllers...')
#4 D:\xammp\htdocs\ci4\system\CodeIgniter.php(790): class_exists('\\App\\Controller...', true)
#5 D:\xammp\htdocs\ci4\system\CodeIgniter.php(399): CodeIgniter\CodeIgniter->startController()
#6 D:\xammp\htdocs\ci4\system\CodeIgniter.php(320): CodeIgniter\CodeIgniter->handleRequest(NULL, Object(Config\Cache), false)
#7 D:\xammp\htdocs\ci4\index.php(37): CodeIgniter\CodeIgniter->run()
#8 {main}
INFO - 2022-02-21 04:43:47 --> Session: Class initialized using 'CodeIgniter\Session\Handlers\FileHandler' driver.
INFO - 2022-02-21 04:43:48 --> Session: Class initialized using 'CodeIgniter\Session\Handlers\FileHandler' driver.
INFO - 2022-02-21 04:44:01 --> Session: Class initialized using 'CodeIgniter\Session\Handlers\FileHandler' driver.
INFO - 2022-02-21 04:44:01 --> Session: Class initialized using 'CodeIgniter\Session\Handlers\FileHandler' driver.
INFO - 2022-02-21 04:50:05 --> Session: Class initialized using 'CodeIgniter\Session\Handlers\FileHandler' driver.
INFO - 2022-02-21 04:50:05 --> Session: Class initialized using 'CodeIgniter\Session\Handlers\FileHandler' driver.
INFO - 2022-02-21 04:50:35 --> Session: Class initialized using 'CodeIgniter\Session\Handlers\FileHandler' driver.
INFO - 2022-02-21 04:50:35 --> Session: Class initialized using 'CodeIgniter\Session\Handlers\FileHandler' driver.
INFO - 2022-02-21 04:50:46 --> Session: Class initialized using 'CodeIgniter\Session\Handlers\FileHandler' driver.
INFO - 2022-02-21 04:50:59 --> Session: Class initialized using 'CodeIgniter\Session\Handlers\FileHandler' driver.
INFO - 2022-02-21 04:51:48 --> Session: Class initialized using 'CodeIgniter\Session\Handlers\FileHandler' driver.
INFO - 2022-02-21 04:51:56 --> Session: Class initialized using 'CodeIgniter\Session\Handlers\FileHandler' driver.
INFO - 2022-02-21 04:52:14 --> Session: Class initialized using 'CodeIgniter\Session\Handlers\FileHandler' driver.
CRITICAL - 2022-02-21 04:52:35 --> Too few arguments to function App\Libraries\Validation::check(), 1 passed in D:\xammp\htdocs\ci4\app\Controllers\Login.php on line 46 and exactly 2 expected
#0 D:\xammp\htdocs\ci4\app\Controllers\Login.php(46): App\Libraries\Validation::check('m.adnan6425@gma...')
#1 D:\xammp\htdocs\ci4\system\CodeIgniter.php(825): App\Controllers\Login->verifyUser()
#2 D:\xammp\htdocs\ci4\system\CodeIgniter.php(412): CodeIgniter\CodeIgniter->runController(Object(App\Controllers\Login))
#3 D:\xammp\htdocs\ci4\system\CodeIgniter.php(320): CodeIgniter\CodeIgniter->handleRequest(NULL, Object(Config\Cache), false)
#4 D:\xammp\htdocs\ci4\index.php(37): CodeIgniter\CodeIgniter->run()
#5 {main}
INFO - 2022-02-21 04:56:07 --> Session: Class initialized using 'CodeIgniter\Session\Handlers\FileHandler' driver.
INFO - 2022-02-21 04:56:12 --> Session: Class initialized using 'CodeIgniter\Session\Handlers\FileHandler' driver.
INFO - 2022-02-21 04:56:57 --> Session: Class initialized using 'CodeIgniter\Session\Handlers\FileHandler' driver.
INFO - 2022-02-21 04:56:57 --> Session: Class initialized using 'CodeIgniter\Session\Handlers\FileHandler' driver.
INFO - 2022-02-21 05:00:35 --> Session: Class initialized using 'CodeIgniter\Session\Handlers\FileHandler' driver.
INFO - 2022-02-21 05:00:35 --> Session: Class initialized using 'CodeIgniter\Session\Handlers\FileHandler' driver.
INFO - 2022-02-21 05:00:48 --> Session: Class initialized using 'CodeIgniter\Session\Handlers\FileHandler' driver.
CRITICAL - 2022-02-21 05:00:48 --> Invalid file: login.php
#0 D:\xammp\htdocs\ci4\system\View\View.php(198): CodeIgniter\Exceptions\FrameworkException::forInvalidFile('login.php')
#1 D:\xammp\htdocs\ci4\system\Common.php(1089): CodeIgniter\View\View->render('login', Array, true)
#2 D:\xammp\htdocs\ci4\app\Controllers\Login.php(41): view('login', Array)
#3 D:\xammp\htdocs\ci4\system\CodeIgniter.php(825): App\Controllers\Login->verifyUser()
#4 D:\xammp\htdocs\ci4\system\CodeIgniter.php(412): CodeIgniter\CodeIgniter->runController(Object(App\Controllers\Login))
#5 D:\xammp\htdocs\ci4\system\CodeIgniter.php(320): CodeIgniter\CodeIgniter->handleRequest(NULL, Object(Config\Cache), false)
#6 D:\xammp\htdocs\ci4\index.php(37): CodeIgniter\CodeIgniter->run()
#7 {main}
INFO - 2022-02-21 05:00:53 --> Session: Class initialized using 'CodeIgniter\Session\Handlers\FileHandler' driver.
INFO - 2022-02-21 05:02:54 --> Session: Class initialized using 'CodeIgniter\Session\Handlers\FileHandler' driver.
CRITICAL - 2022-02-21 05:02:54 --> Invalid file: login.php
#0 D:\xammp\htdocs\ci4\system\View\View.php(198): CodeIgniter\Exceptions\FrameworkException::forInvalidFile('login.php')
#1 D:\xammp\htdocs\ci4\system\Common.php(1089): CodeIgniter\View\View->render('login', Array, true)
#2 D:\xammp\htdocs\ci4\app\Controllers\Login.php(40): view('login', Array)
#3 D:\xammp\htdocs\ci4\system\CodeIgniter.php(825): App\Controllers\Login->verifyUser()
#4 D:\xammp\htdocs\ci4\system\CodeIgniter.php(412): CodeIgniter\CodeIgniter->runController(Object(App\Controllers\Login))
#5 D:\xammp\htdocs\ci4\system\CodeIgniter.php(320): CodeIgniter\CodeIgniter->handleRequest(NULL, Object(Config\Cache), false)
#6 D:\xammp\htdocs\ci4\index.php(37): CodeIgniter\CodeIgniter->run()
#7 {main}
INFO - 2022-02-21 05:03:53 --> Session: Class initialized using 'CodeIgniter\Session\Handlers\FileHandler' driver.
CRITICAL - 2022-02-21 05:03:53 --> Invalid file: login.php
#0 D:\xammp\htdocs\ci4\system\View\View.php(198): CodeIgniter\Exceptions\FrameworkException::forInvalidFile('login.php')
#1 D:\xammp\htdocs\ci4\system\Common.php(1089): CodeIgniter\View\View->render('login', Array, true)
#2 D:\xammp\htdocs\ci4\app\Controllers\Login.php(40): view('login', Array)
#3 D:\xammp\htdocs\ci4\system\CodeIgniter.php(825): App\Controllers\Login->verifyUser()
#4 D:\xammp\htdocs\ci4\system\CodeIgniter.php(412): CodeIgniter\CodeIgniter->runController(Object(App\Controllers\Login))
#5 D:\xammp\htdocs\ci4\system\CodeIgniter.php(320): CodeIgniter\CodeIgniter->handleRequest(NULL, Object(Config\Cache), false)
#6 D:\xammp\htdocs\ci4\index.php(37): CodeIgniter\CodeIgniter->run()
#7 {main}
INFO - 2022-02-21 05:06:13 --> Session: Class initialized using 'CodeIgniter\Session\Handlers\FileHandler' driver.
CRITICAL - 2022-02-21 05:06:13 --> Invalid file: login.php
#0 D:\xammp\htdocs\ci4\system\View\View.php(198): CodeIgniter\Exceptions\FrameworkException::forInvalidFile('login.php')
#1 D:\xammp\htdocs\ci4\system\Common.php(1089): CodeIgniter\View\View->render('login', Array, true)
#2 D:\xammp\htdocs\ci4\app\Controllers\Login.php(40): view('login', Array)
#3 D:\xammp\htdocs\ci4\system\CodeIgniter.php(825): App\Controllers\Login->verifyUser()
#4 D:\xammp\htdocs\ci4\system\CodeIgniter.php(412): CodeIgniter\CodeIgniter->runController(Object(App\Controllers\Login))
#5 D:\xammp\htdocs\ci4\system\CodeIgniter.php(320): CodeIgniter\CodeIgniter->handleRequest(NULL, Object(Config\Cache), false)
#6 D:\xammp\htdocs\ci4\index.php(37): CodeIgniter\CodeIgniter->run()
#7 {main}
INFO - 2022-02-21 05:09:05 --> Session: Class initialized using 'CodeIgniter\Session\Handlers\FileHandler' driver.
INFO - 2022-02-21 05:09:05 --> Session: Class initialized using 'CodeIgniter\Session\Handlers\FileHandler' driver.
INFO - 2022-02-21 05:14:43 --> Session: Class initialized using 'CodeIgniter\Session\Handlers\FileHandler' driver.
INFO - 2022-02-21 05:15:17 --> Session: Class initialized using 'CodeIgniter\Session\Handlers\FileHandler' driver.
INFO - 2022-02-21 05:15:33 --> Session: Class initialized using 'CodeIgniter\Session\Handlers\FileHandler' driver.
INFO - 2022-02-21 05:15:33 --> Session: Class initialized using 'CodeIgniter\Session\Handlers\FileHandler' driver.
INFO - 2022-02-21 05:16:00 --> Session: Class initialized using 'CodeIgniter\Session\Handlers\FileHandler' driver.
INFO - 2022-02-21 05:16:07 --> Session: Class initialized using 'CodeIgniter\Session\Handlers\FileHandler' driver.
INFO - 2022-02-21 05:16:14 --> Session: Class initialized using 'CodeIgniter\Session\Handlers\FileHandler' driver.
INFO - 2022-02-21 08:58:15 --> Session: Class initialized using 'CodeIgniter\Session\Handlers\FileHandler' driver.
INFO - 2022-02-21 09:06:40 --> Session: Class initialized using 'CodeIgniter\Session\Handlers\FileHandler' driver.
INFO - 2022-02-21 09:19:32 --> Session: Class initialized using 'CodeIgniter\Session\Handlers\FileHandler' driver.
INFO - 2022-02-21 09:19:36 --> Session: Class initialized using 'CodeIgniter\Session\Handlers\FileHandler' driver.
INFO - 2022-02-21 09:23:17 --> Session: Class initialized using 'CodeIgniter\Session\Handlers\FileHandler' driver.
INFO - 2022-02-21 09:23:50 --> Session: Class initialized using 'CodeIgniter\Session\Handlers\FileHandler' driver.
INFO - 2022-02-21 09:23:50 --> Session: Class initialized using 'CodeIgniter\Session\Handlers\FileHandler' driver.
INFO - 2022-02-21 09:24:05 --> Session: Class initialized using 'CodeIgniter\Session\Handlers\FileHandler' driver.
CRITICAL - 2022-02-21 09:24:42 --> Invalid file: dashboard.php
#0 D:\xammp\htdocs\ci4\system\View\View.php(198): CodeIgniter\Exceptions\FrameworkException::forInvalidFile('dashboard.php')
#1 D:\xammp\htdocs\ci4\system\Common.php(1089): CodeIgniter\View\View->render('dashboard', Array, true)
#2 D:\xammp\htdocs\ci4\app\Controllers\Dashboard.php(9): view('dashboard')
#3 D:\xammp\htdocs\ci4\system\CodeIgniter.php(825): App\Controllers\Dashboard->index()
#4 D:\xammp\htdocs\ci4\system\CodeIgniter.php(412): CodeIgniter\CodeIgniter->runController(Object(App\Controllers\Dashboard))
#5 D:\xammp\htdocs\ci4\system\CodeIgniter.php(320): CodeIgniter\CodeIgniter->handleRequest(NULL, Object(Config\Cache), false)
#6 D:\xammp\htdocs\ci4\index.php(37): CodeIgniter\CodeIgniter->run()
#7 {main}
CRITICAL - 2022-02-21 09:25:48 --> Invalid file: dashboard.php
#0 D:\xammp\htdocs\ci4\system\View\View.php(198): CodeIgniter\Exceptions\FrameworkException::forInvalidFile('dashboard.php')
#1 D:\xammp\htdocs\ci4\system\Common.php(1089): CodeIgniter\View\View->render('dashboard', Array, true)
#2 D:\xammp\htdocs\ci4\app\Controllers\Dashboard.php(10): view('dashboard')
#3 D:\xammp\htdocs\ci4\system\CodeIgniter.php(825): App\Controllers\Dashboard->index()
#4 D:\xammp\htdocs\ci4\system\CodeIgniter.php(412): CodeIgniter\CodeIgniter->runController(Object(App\Controllers\Dashboard))
#5 D:\xammp\htdocs\ci4\system\CodeIgniter.php(320): CodeIgniter\CodeIgniter->handleRequest(NULL, Object(Config\Cache), false)
#6 D:\xammp\htdocs\ci4\index.php(37): CodeIgniter\CodeIgniter->run()
#7 {main}
INFO - 2022-02-21 09:31:43 --> Session: Class initialized using 'CodeIgniter\Session\Handlers\FileHandler' driver.
INFO - 2022-02-21 09:33:14 --> Session: Class initialized using 'CodeIgniter\Session\Handlers\FileHandler' driver.
INFO - 2022-02-21 09:51:17 --> Session: Class initialized using 'CodeIgniter\Session\Handlers\FileHandler' driver.
INFO - 2022-02-21 09:52:27 --> Session: Class initialized using 'CodeIgniter\Session\Handlers\FileHandler' driver.
INFO - 2022-02-21 09:54:23 --> Session: Class initialized using 'CodeIgniter\Session\Handlers\FileHandler' driver.
INFO - 2022-02-21 09:55:39 --> Session: Class initialized using 'CodeIgniter\Session\Handlers\FileHandler' driver.
INFO - 2022-02-21 09:55:39 --> Session: Class initialized using 'CodeIgniter\Session\Handlers\FileHandler' driver.
INFO - 2022-02-21 09:55:54 --> Session: Class initialized using 'CodeIgniter\Session\Handlers\FileHandler' driver.
INFO - 2022-02-21 09:58:06 --> Session: Class initialized using 'CodeIgniter\Session\Handlers\FileHandler' driver.
INFO - 2022-02-21 09:59:01 --> Session: Class initialized using 'CodeIgniter\Session\Handlers\FileHandler' driver.
INFO - 2022-02-21 10:04:02 --> Session: Class initialized using 'CodeIgniter\Session\Handlers\FileHandler' driver.
INFO - 2022-02-21 10:05:25 --> Session: Class initialized using 'CodeIgniter\Session\Handlers\FileHandler' driver.
INFO - 2022-02-21 10:05:39 --> Session: Class initialized using 'CodeIgniter\Session\Handlers\FileHandler' driver.
INFO - 2022-02-21 10:25:34 --> Session: Class initialized using 'CodeIgniter\Session\Handlers\FileHandler' driver.
CRITICAL - 2022-02-21 10:25:39 --> syntax error, unexpected 'return' (T_RETURN)
#0 D:\xammp\htdocs\ci4\system\Autoloader\Autoloader.php(241): CodeIgniter\Autoloader\Autoloader->includeFile('D:\\xammp\\htdocs...')
#1 D:\xammp\htdocs\ci4\system\Autoloader\Autoloader.php(219): CodeIgniter\Autoloader\Autoloader->loadInNamespace('App\\Controllers...')
#2 [internal function]: CodeIgniter\Autoloader\Autoloader->loadClass('App\\Controllers...')
#3 [internal function]: spl_autoload_call('App\\Controllers...')
#4 D:\xammp\htdocs\ci4\system\CodeIgniter.php(790): class_exists('\\App\\Controller...', true)
#5 D:\xammp\htdocs\ci4\system\CodeIgniter.php(399): CodeIgniter\CodeIgniter->startController()
#6 D:\xammp\htdocs\ci4\system\CodeIgniter.php(320): CodeIgniter\CodeIgniter->handleRequest(NULL, Object(Config\Cache), false)
#7 D:\xammp\htdocs\ci4\index.php(37): CodeIgniter\CodeIgniter->run()
#8 {main}
INFO - 2022-02-21 10:26:06 --> Session: Class initialized using 'CodeIgniter\Session\Handlers\FileHandler' driver.
INFO - 2022-02-21 10:39:23 --> Session: Class initialized using 'CodeIgniter\Session\Handlers\FileHandler' driver.
INFO - 2022-02-21 10:39:30 --> Session: Class initialized using 'CodeIgniter\Session\Handlers\FileHandler' driver.
INFO - 2022-02-21 10:39:35 --> Session: Class initialized using 'CodeIgniter\Session\Handlers\FileHandler' driver.
INFO - 2022-02-21 10:40:13 --> Session: Class initialized using 'CodeIgniter\Session\Handlers\FileHandler' driver.
INFO - 2022-02-21 10:40:24 --> Session: Class initialized using 'CodeIgniter\Session\Handlers\FileHandler' driver.
INFO - 2022-02-21 10:45:03 --> Session: Class initialized using 'CodeIgniter\Session\Handlers\FileHandler' driver.
INFO - 2022-02-21 10:45:15 --> Session: Class initialized using 'CodeIgniter\Session\Handlers\FileHandler' driver.
CRITICAL - 2022-02-21 11:15:57 --> syntax error, unexpected ';', expecting ']'
#0 D:\xammp\htdocs\ci4\system\Autoloader\Autoloader.php(241): CodeIgniter\Autoloader\Autoloader->includeFile('D:\\xammp\\htdocs...')
#1 D:\xammp\htdocs\ci4\system\Autoloader\Autoloader.php(219): CodeIgniter\Autoloader\Autoloader->loadInNamespace('App\\Controllers...')
#2 [internal function]: CodeIgniter\Autoloader\Autoloader->loadClass('App\\Controllers...')
#3 [internal function]: spl_autoload_call('App\\Controllers...')
#4 D:\xammp\htdocs\ci4\system\CodeIgniter.php(790): class_exists('\\App\\Controller...', true)
#5 D:\xammp\htdocs\ci4\system\CodeIgniter.php(399): CodeIgniter\CodeIgniter->startController()
#6 D:\xammp\htdocs\ci4\system\CodeIgniter.php(320): CodeIgniter\CodeIgniter->handleRequest(NULL, Object(Config\Cache), false)
#7 D:\xammp\htdocs\ci4\index.php(37): CodeIgniter\CodeIgniter->run()
#8 {main}
INFO - 2022-02-21 11:16:03 --> Session: Class initialized using 'CodeIgniter\Session\Handlers\FileHandler' driver.
CRITICAL - 2022-02-21 11:16:09 --> syntax error, unexpected ';', expecting ']'
#0 D:\xammp\htdocs\ci4\system\Autoloader\Autoloader.php(241): CodeIgniter\Autoloader\Autoloader->includeFile('D:\\xammp\\htdocs...')
#1 D:\xammp\htdocs\ci4\system\Autoloader\Autoloader.php(219): CodeIgniter\Autoloader\Autoloader->loadInNamespace('App\\Controllers...')
#2 [internal function]: CodeIgniter\Autoloader\Autoloader->loadClass('App\\Controllers...')
#3 [internal function]: spl_autoload_call('App\\Controllers...')
#4 D:\xammp\htdocs\ci4\system\CodeIgniter.php(790): class_exists('\\App\\Controller...', true)
#5 D:\xammp\htdocs\ci4\system\CodeIgniter.php(399): CodeIgniter\CodeIgniter->startController()
#6 D:\xammp\htdocs\ci4\system\CodeIgniter.php(320): CodeIgniter\CodeIgniter->handleRequest(NULL, Object(Config\Cache), false)
#7 D:\xammp\htdocs\ci4\index.php(37): CodeIgniter\CodeIgniter->run()
#8 {main}
CRITICAL - 2022-02-21 11:17:38 --> syntax error, unexpected ';', expecting ']'
#0 D:\xammp\htdocs\ci4\system\Autoloader\Autoloader.php(241): CodeIgniter\Autoloader\Autoloader->includeFile('D:\\xammp\\htdocs...')
#1 D:\xammp\htdocs\ci4\system\Autoloader\Autoloader.php(219): CodeIgniter\Autoloader\Autoloader->loadInNamespace('App\\Controllers...')
#2 [internal function]: CodeIgniter\Autoloader\Autoloader->loadClass('App\\Controllers...')
#3 [internal function]: spl_autoload_call('App\\Controllers...')
#4 D:\xammp\htdocs\ci4\system\CodeIgniter.php(790): class_exists('\\App\\Controller...', true)
#5 D:\xammp\htdocs\ci4\system\CodeIgniter.php(399): CodeIgniter\CodeIgniter->startController()
#6 D:\xammp\htdocs\ci4\system\CodeIgniter.php(320): CodeIgniter\CodeIgniter->handleRequest(NULL, Object(Config\Cache), false)
#7 D:\xammp\htdocs\ci4\index.php(37): CodeIgniter\CodeIgniter->run()
#8 {main}
INFO - 2022-02-21 11:17:53 --> Session: Class initialized using 'CodeIgniter\Session\Handlers\FileHandler' driver.
CRITICAL - 2022-02-21 11:19:50 --> syntax error, unexpected ';', expecting ']'
#0 D:\xammp\htdocs\ci4\system\Autoloader\Autoloader.php(241): CodeIgniter\Autoloader\Autoloader->includeFile('D:\\xammp\\htdocs...')
#1 D:\xammp\htdocs\ci4\system\Autoloader\Autoloader.php(219): CodeIgniter\Autoloader\Autoloader->loadInNamespace('App\\Controllers...')
#2 [internal function]: CodeIgniter\Autoloader\Autoloader->loadClass('App\\Controllers...')
#3 [internal function]: spl_autoload_call('App\\Controllers...')
#4 D:\xammp\htdocs\ci4\system\CodeIgniter.php(790): class_exists('\\App\\Controller...', true)
#5 D:\xammp\htdocs\ci4\system\CodeIgniter.php(399): CodeIgniter\CodeIgniter->startController()
#6 D:\xammp\htdocs\ci4\system\CodeIgniter.php(320): CodeIgniter\CodeIgniter->handleRequest(NULL, Object(Config\Cache), false)
#7 D:\xammp\htdocs\ci4\index.php(37): CodeIgniter\CodeIgniter->run()
#8 {main}
INFO - 2022-02-21 11:20:10 --> Session: Class initialized using 'CodeIgniter\Session\Handlers\FileHandler' driver.
INFO - 2022-02-21 11:20:37 --> Session: Class initialized using 'CodeIgniter\Session\Handlers\FileHandler' driver.
INFO - 2022-02-21 11:20:43 --> Session: Class initialized using 'CodeIgniter\Session\Handlers\FileHandler' driver.
CRITICAL - 2022-02-21 11:22:06 --> syntax error, unexpected ';', expecting ']'
#0 D:\xammp\htdocs\ci4\system\Autoloader\Autoloader.php(241): CodeIgniter\Autoloader\Autoloader->includeFile('D:\\xammp\\htdocs...')
#1 D:\xammp\htdocs\ci4\system\Autoloader\Autoloader.php(219): CodeIgniter\Autoloader\Autoloader->loadInNamespace('App\\Controllers...')
#2 [internal function]: CodeIgniter\Autoloader\Autoloader->loadClass('App\\Controllers...')
#3 [internal function]: spl_autoload_call('App\\Controllers...')
#4 D:\xammp\htdocs\ci4\system\CodeIgniter.php(790): class_exists('\\App\\Controller...', true)
#5 D:\xammp\htdocs\ci4\system\CodeIgniter.php(399): CodeIgniter\CodeIgniter->startController()
#6 D:\xammp\htdocs\ci4\system\CodeIgniter.php(320): CodeIgniter\CodeIgniter->handleRequest(NULL, Object(Config\Cache), false)
#7 D:\xammp\htdocs\ci4\index.php(37): CodeIgniter\CodeIgniter->run()
#8 {main}
CRITICAL - 2022-02-21 11:22:44 --> syntax error, unexpected ';', expecting ']'
#0 D:\xammp\htdocs\ci4\system\Autoloader\Autoloader.php(241): CodeIgniter\Autoloader\Autoloader->includeFile('D:\\xammp\\htdocs...')
#1 D:\xammp\htdocs\ci4\system\Autoloader\Autoloader.php(219): CodeIgniter\Autoloader\Autoloader->loadInNamespace('App\\Controllers...')
#2 [internal function]: CodeIgniter\Autoloader\Autoloader->loadClass('App\\Controllers...')
#3 [internal function]: spl_autoload_call('App\\Controllers...')
#4 D:\xammp\htdocs\ci4\system\CodeIgniter.php(790): class_exists('\\App\\Controller...', true)
#5 D:\xammp\htdocs\ci4\system\CodeIgniter.php(399): CodeIgniter\CodeIgniter->startController()
#6 D:\xammp\htdocs\ci4\system\CodeIgniter.php(320): CodeIgniter\CodeIgniter->handleRequest(NULL, Object(Config\Cache), false)
#7 D:\xammp\htdocs\ci4\index.php(37): CodeIgniter\CodeIgniter->run()
#8 {main}
CRITICAL - 2022-02-21 11:23:10 --> syntax error, unexpected ';', expecting ']'
#0 D:\xammp\htdocs\ci4\system\Autoloader\Autoloader.php(241): CodeIgniter\Autoloader\Autoloader->includeFile('D:\\xammp\\htdocs...')
#1 D:\xammp\htdocs\ci4\system\Autoloader\Autoloader.php(219): CodeIgniter\Autoloader\Autoloader->loadInNamespace('App\\Controllers...')
#2 [internal function]: CodeIgniter\Autoloader\Autoloader->loadClass('App\\Controllers...')
#3 [internal function]: spl_autoload_call('App\\Controllers...')
#4 D:\xammp\htdocs\ci4\system\CodeIgniter.php(790): class_exists('\\App\\Controller...', true)
#5 D:\xammp\htdocs\ci4\system\CodeIgniter.php(399): CodeIgniter\CodeIgniter->startController()
#6 D:\xammp\htdocs\ci4\system\CodeIgniter.php(320): CodeIgniter\CodeIgniter->handleRequest(NULL, Object(Config\Cache), false)
#7 D:\xammp\htdocs\ci4\index.php(37): CodeIgniter\CodeIgniter->run()
#8 {main}
INFO - 2022-02-21 11:23:26 --> Session: Class initialized using 'CodeIgniter\Session\Handlers\FileHandler' driver.
INFO - 2022-02-21 11:24:46 --> Session: Class initialized using 'CodeIgniter\Session\Handlers\FileHandler' driver.
CRITICAL - 2022-02-21 11:25:49 --> syntax error, unexpected ';', expecting ']'
#0 D:\xammp\htdocs\ci4\system\Autoloader\Autoloader.php(241): CodeIgniter\Autoloader\Autoloader->includeFile('D:\\xammp\\htdocs...')
#1 D:\xammp\htdocs\ci4\system\Autoloader\Autoloader.php(219): CodeIgniter\Autoloader\Autoloader->loadInNamespace('App\\Controllers...')
#2 [internal function]: CodeIgniter\Autoloader\Autoloader->loadClass('App\\Controllers...')
#3 [internal function]: spl_autoload_call('App\\Controllers...')
#4 D:\xammp\htdocs\ci4\system\CodeIgniter.php(790): class_exists('\\App\\Controller...', true)
#5 D:\xammp\htdocs\ci4\system\CodeIgniter.php(399): CodeIgniter\CodeIgniter->startController()
#6 D:\xammp\htdocs\ci4\system\CodeIgniter.php(320): CodeIgniter\CodeIgniter->handleRequest(NULL, Object(Config\Cache), false)
#7 D:\xammp\htdocs\ci4\index.php(37): CodeIgniter\CodeIgniter->run()
#8 {main}
INFO - 2022-02-21 11:25:59 --> Session: Class initialized using 'CodeIgniter\Session\Handlers\FileHandler' driver.
CRITICAL - 2022-02-21 11:26:34 --> syntax error, unexpected ';', expecting ']'
#0 D:\xammp\htdocs\ci4\system\Autoloader\Autoloader.php(241): CodeIgniter\Autoloader\Autoloader->includeFile('D:\\xammp\\htdocs...')
#1 D:\xammp\htdocs\ci4\system\Autoloader\Autoloader.php(219): CodeIgniter\Autoloader\Autoloader->loadInNamespace('App\\Controllers...')
#2 [internal function]: CodeIgniter\Autoloader\Autoloader->loadClass('App\\Controllers...')
#3 [internal function]: spl_autoload_call('App\\Controllers...')
#4 D:\xammp\htdocs\ci4\system\CodeIgniter.php(790): class_exists('\\App\\Controller...', true)
#5 D:\xammp\htdocs\ci4\system\CodeIgniter.php(399): CodeIgniter\CodeIgniter->startController()
#6 D:\xammp\htdocs\ci4\system\CodeIgniter.php(320): CodeIgniter\CodeIgniter->handleRequest(NULL, Object(Config\Cache), false)
#7 D:\xammp\htdocs\ci4\index.php(37): CodeIgniter\CodeIgniter->run()
#8 {main}
INFO - 2022-02-21 11:27:18 --> Session: Class initialized using 'CodeIgniter\Session\Handlers\FileHandler' driver.
INFO - 2022-02-21 11:28:49 --> Session: Class initialized using 'CodeIgniter\Session\Handlers\FileHandler' driver.
INFO - 2022-02-21 11:29:25 --> Session: Class initialized using 'CodeIgniter\Session\Handlers\FileHandler' driver.
INFO - 2022-02-21 11:29:51 --> Session: Class initialized using 'CodeIgniter\Session\Handlers\FileHandler' driver.
INFO - 2022-02-21 11:30:29 --> Session: Class initialized using 'CodeIgniter\Session\Handlers\FileHandler' driver.
INFO - 2022-02-21 11:30:52 --> Session: Class initialized using 'CodeIgniter\Session\Handlers\FileHandler' driver.
CRITICAL - 2022-02-21 11:31:09 --> Undefined variable: email
#0 D:\xammp\htdocs\ci4\app\Controllers\Registration.php(97): CodeIgniter\Debug\Exceptions->errorHandler(8, 'Undefined varia...', 'D:\\xammp\\htdocs...', 97, Array)
#1 D:\xammp\htdocs\ci4\system\CodeIgniter.php(825): App\Controllers\Registration->registerSeller()
#2 D:\xammp\htdocs\ci4\system\CodeIgniter.php(412): CodeIgniter\CodeIgniter->runController(Object(App\Controllers\Registration))
#3 D:\xammp\htdocs\ci4\system\CodeIgniter.php(320): CodeIgniter\CodeIgniter->handleRequest(NULL, Object(Config\Cache), false)
#4 D:\xammp\htdocs\ci4\index.php(37): CodeIgniter\CodeIgniter->run()
#5 {main}
INFO - 2022-02-21 20:33:56 --> Session: Class initialized using 'CodeIgniter\Session\Handlers\FileHandler' driver.
INFO - 2022-02-21 20:34:23 --> Session: Class initialized using 'CodeIgniter\Session\Handlers\FileHandler' driver.
INFO - 2022-02-21 20:36:52 --> Session: Class initialized using 'CodeIgniter\Session\Handlers\FileHandler' driver.
CRITICAL - 2022-02-21 20:45:15 --> syntax error, unexpected 'w' (T_STRING)
#0 D:\xammp\htdocs\ci4\system\Autoloader\Autoloader.php(241): CodeIgniter\Autoloader\Autoloader->includeFile('D:\\xammp\\htdocs...')
#1 D:\xammp\htdocs\ci4\system\Autoloader\Autoloader.php(219): CodeIgniter\Autoloader\Autoloader->loadInNamespace('App\\Controllers...')
#2 [internal function]: CodeIgniter\Autoloader\Autoloader->loadClass('App\\Controllers...')
#3 [internal function]: spl_autoload_call('App\\Controllers...')
#4 D:\xammp\htdocs\ci4\system\CodeIgniter.php(790): class_exists('\\App\\Controller...', true)
#5 D:\xammp\htdocs\ci4\system\CodeIgniter.php(399): CodeIgniter\CodeIgniter->startController()
#6 D:\xammp\htdocs\ci4\system\CodeIgniter.php(320): CodeIgniter\CodeIgniter->handleRequest(NULL, Object(Config\Cache), false)
#7 D:\xammp\htdocs\ci4\index.php(37): CodeIgniter\CodeIgniter->run()
#8 {main}
INFO - 2022-02-21 20:45:31 --> Session: Class initialized using 'CodeIgniter\Session\Handlers\FileHandler' driver.
CRITICAL - 2022-02-21 20:46:47 --> syntax error, unexpected ';', expecting ']'
#0 D:\xammp\htdocs\ci4\system\Autoloader\Autoloader.php(241): CodeIgniter\Autoloader\Autoloader->includeFile('D:\\xammp\\htdocs...')
#1 D:\xammp\htdocs\ci4\system\Autoloader\Autoloader.php(219): CodeIgniter\Autoloader\Autoloader->loadInNamespace('App\\Controllers...')
#2 [internal function]: CodeIgniter\Autoloader\Autoloader->loadClass('App\\Controllers...')
#3 [internal function]: spl_autoload_call('App\\Controllers...')
#4 D:\xammp\htdocs\ci4\system\CodeIgniter.php(790): class_exists('\\App\\Controller...', true)
#5 D:\xammp\htdocs\ci4\system\CodeIgniter.php(399): CodeIgniter\CodeIgniter->startController()
#6 D:\xammp\htdocs\ci4\system\CodeIgniter.php(320): CodeIgniter\CodeIgniter->handleRequest(NULL, Object(Config\Cache), false)
#7 D:\xammp\htdocs\ci4\index.php(37): CodeIgniter\CodeIgniter->run()
#8 {main}
CRITICAL - 2022-02-21 20:47:20 --> syntax error, unexpected ';', expecting ']'
#0 D:\xammp\htdocs\ci4\system\Autoloader\Autoloader.php(241): CodeIgniter\Autoloader\Autoloader->includeFile('D:\\xammp\\htdocs...')
#1 D:\xammp\htdocs\ci4\system\Autoloader\Autoloader.php(219): CodeIgniter\Autoloader\Autoloader->loadInNamespace('App\\Controllers...')
#2 [internal function]: CodeIgniter\Autoloader\Autoloader->loadClass('App\\Controllers...')
#3 [internal function]: spl_autoload_call('App\\Controllers...')
#4 D:\xammp\htdocs\ci4\system\CodeIgniter.php(790): class_exists('\\App\\Controller...', true)
#5 D:\xammp\htdocs\ci4\system\CodeIgniter.php(399): CodeIgniter\CodeIgniter->startController()
#6 D:\xammp\htdocs\ci4\system\CodeIgniter.php(320): CodeIgniter\CodeIgniter->handleRequest(NULL, Object(Config\Cache), false)
#7 D:\xammp\htdocs\ci4\index.php(37): CodeIgniter\CodeIgniter->run()
#8 {main}
CRITICAL - 2022-02-21 20:49:17 --> Undefined property: App\Controllers\Registration::$query
#0 D:\xammp\htdocs\ci4\app\Controllers\Registration.php(100): CodeIgniter\Debug\Exceptions->errorHandler(8, 'Undefined prope...', 'D:\\xammp\\htdocs...', 100, Array)
#1 D:\xammp\htdocs\ci4\system\CodeIgniter.php(825): App\Controllers\Registration->registerSeller()
#2 D:\xammp\htdocs\ci4\system\CodeIgniter.php(412): CodeIgniter\CodeIgniter->runController(Object(App\Controllers\Registration))
#3 D:\xammp\htdocs\ci4\system\CodeIgniter.php(320): CodeIgniter\CodeIgniter->handleRequest(NULL, Object(Config\Cache), false)
#4 D:\xammp\htdocs\ci4\index.php(37): CodeIgniter\CodeIgniter->run()
#5 {main}
INFO - 2022-02-21 20:49:27 --> Session: Class initialized using 'CodeIgniter\Session\Handlers\FileHandler' driver.
INFO - 2022-02-21 20:50:40 --> Session: Class initialized using 'CodeIgniter\Session\Handlers\FileHandler' driver.
CRITICAL - 2022-02-21 20:51:32 --> syntax error, unexpected ';', expecting ']'
#0 D:\xammp\htdocs\ci4\system\Autoloader\Autoloader.php(241): CodeIgniter\Autoloader\Autoloader->includeFile('D:\\xammp\\htdocs...')
#1 D:\xammp\htdocs\ci4\system\Autoloader\Autoloader.php(219): CodeIgniter\Autoloader\Autoloader->loadInNamespace('App\\Controllers...')
#2 [internal function]: CodeIgniter\Autoloader\Autoloader->loadClass('App\\Controllers...')
#3 [internal function]: spl_autoload_call('App\\Controllers...')
#4 D:\xammp\htdocs\ci4\system\CodeIgniter.php(790): class_exists('\\App\\Controller...', true)
#5 D:\xammp\htdocs\ci4\system\CodeIgniter.php(399): CodeIgniter\CodeIgniter->startController()
#6 D:\xammp\htdocs\ci4\system\CodeIgniter.php(320): CodeIgniter\CodeIgniter->handleRequest(NULL, Object(Config\Cache), false)
#7 D:\xammp\htdocs\ci4\index.php(37): CodeIgniter\CodeIgniter->run()
#8 {main}
INFO - 2022-02-21 20:51:54 --> Session: Class initialized using 'CodeIgniter\Session\Handlers\FileHandler' driver.
INFO - 2022-02-21 20:52:53 --> Session: Class initialized using 'CodeIgniter\Session\Handlers\FileHandler' driver.
CRITICAL - 2022-02-21 20:53:14 --> Undefined property: App\Controllers\Registration::$18
#0 D:\xammp\htdocs\ci4\app\Controllers\Registration.php(100): CodeIgniter\Debug\Exceptions->errorHandler(8, 'Undefined prope...', 'D:\\xammp\\htdocs...', 100, Array)
#1 D:\xammp\htdocs\ci4\system\CodeIgniter.php(825): App\Controllers\Registration->registerSeller()
#2 D:\xammp\htdocs\ci4\system\CodeIgniter.php(412): CodeIgniter\CodeIgniter->runController(Object(App\Controllers\Registration))
#3 D:\xammp\htdocs\ci4\system\CodeIgniter.php(320): CodeIgniter\CodeIgniter->handleRequest(NULL, Object(Config\Cache), false)
#4 D:\xammp\htdocs\ci4\index.php(37): CodeIgniter\CodeIgniter->run()
#5 {main}
INFO - 2022-02-21 20:54:18 --> Session: Class initialized using 'CodeIgniter\Session\Handlers\FileHandler' driver.
CRITICAL - 2022-02-21 20:55:41 --> syntax error, unexpected ';', expecting ']'
#0 D:\xammp\htdocs\ci4\system\Autoloader\Autoloader.php(241): CodeIgniter\Autoloader\Autoloader->includeFile('D:\\xammp\\htdocs...')
#1 D:\xammp\htdocs\ci4\system\Autoloader\Autoloader.php(219): CodeIgniter\Autoloader\Autoloader->loadInNamespace('App\\Controllers...')
#2 [internal function]: CodeIgniter\Autoloader\Autoloader->loadClass('App\\Controllers...')
#3 [internal function]: spl_autoload_call('App\\Controllers...')
#4 D:\xammp\htdocs\ci4\system\CodeIgniter.php(790): class_exists('\\App\\Controller...', true)
#5 D:\xammp\htdocs\ci4\system\CodeIgniter.php(399): CodeIgniter\CodeIgniter->startController()
#6 D:\xammp\htdocs\ci4\system\CodeIgniter.php(320): CodeIgniter\CodeIgniter->handleRequest(NULL, Object(Config\Cache), false)
#7 D:\xammp\htdocs\ci4\index.php(37): CodeIgniter\CodeIgniter->run()
#8 {main}
INFO - 2022-02-21 20:56:39 --> Session: Class initialized using 'CodeIgniter\Session\Handlers\FileHandler' driver.
INFO - 2022-02-21 20:57:43 --> Session: Class initialized using 'CodeIgniter\Session\Handlers\FileHandler' driver.
INFO - 2022-02-21 20:59:35 --> Session: Class initialized using 'CodeIgniter\Session\Handlers\FileHandler' driver.
INFO - 2022-02-21 21:00:17 --> Session: Class initialized using 'CodeIgniter\Session\Handlers\FileHandler' driver.
INFO - 2022-02-21 21:00:18 --> Session: Class initialized using 'CodeIgniter\Session\Handlers\FileHandler' driver.
INFO - 2022-02-21 21:02:15 --> Session: Class initialized using 'CodeIgniter\Session\Handlers\FileHandler' driver.
INFO - 2022-02-21 21:05:22 --> Session: Class initialized using 'CodeIgniter\Session\Handlers\FileHandler' driver.
CRITICAL - 2022-02-21 21:07:34 --> Invalid file: panel/seller/dashboard.php
#0 D:\xammp\htdocs\ci4\system\View\View.php(198): CodeIgniter\Exceptions\FrameworkException::forInvalidFile('panel/seller/da...')
#1 D:\xammp\htdocs\ci4\system\Common.php(1089): CodeIgniter\View\View->render('panel/seller/da...', Array, true)
#2 D:\xammp\htdocs\ci4\app\Controllers\Seller_Dashboard.php(10): view('panel/seller/da...')
#3 D:\xammp\htdocs\ci4\system\CodeIgniter.php(825): App\Controllers\Seller_Dashboard->index()
#4 D:\xammp\htdocs\ci4\system\CodeIgniter.php(412): CodeIgniter\CodeIgniter->runController(Object(App\Controllers\Seller_Dashboard))
#5 D:\xammp\htdocs\ci4\system\CodeIgniter.php(320): CodeIgniter\CodeIgniter->handleRequest(NULL, Object(Config\Cache), false)
#6 D:\xammp\htdocs\ci4\index.php(37): CodeIgniter\CodeIgniter->run()
#7 {main}
CRITICAL - 2022-02-21 21:10:11 --> include(../../includes/head.php): failed to open stream: No such file or directory
#0 D:\xammp\htdocs\ci4\app\Views\panel\seller\dashboard.php(2): CodeIgniter\Debug\Exceptions->errorHandler(2, 'include(../../i...', 'D:\\xammp\\htdocs...', 2, Array)
#1 D:\xammp\htdocs\ci4\app\Views\panel\seller\dashboard.php(2): include()
#2 D:\xammp\htdocs\ci4\system\View\View.php(210): include('D:\\xammp\\htdocs...')
#3 D:\xammp\htdocs\ci4\system\View\View.php(213): CodeIgniter\View\View->CodeIgniter\View\{closure}()
#4 D:\xammp\htdocs\ci4\system\Common.php(1089): CodeIgniter\View\View->render('panel/seller/da...', Array, true)
#5 D:\xammp\htdocs\ci4\app\Controllers\Seller_Dashboard.php(10): view('panel/seller/da...')
#6 D:\xammp\htdocs\ci4\system\CodeIgniter.php(825): App\Controllers\Seller_Dashboard->index()
#7 D:\xammp\htdocs\ci4\system\CodeIgniter.php(412): CodeIgniter\CodeIgniter->runController(Object(App\Controllers\Seller_Dashboard))
#8 D:\xammp\htdocs\ci4\system\CodeIgniter.php(320): CodeIgniter\CodeIgniter->handleRequest(NULL, Object(Config\Cache), false)
#9 D:\xammp\htdocs\ci4\index.php(37): CodeIgniter\CodeIgniter->run()
#10 {main}
CRITICAL - 2022-02-21 21:10:14 --> include(../../includes/head.php): failed to open stream: No such file or directory
#0 D:\xammp\htdocs\ci4\app\Views\panel\seller\dashboard.php(2): CodeIgniter\Debug\Exceptions->errorHandler(2, 'include(../../i...', 'D:\\xammp\\htdocs...', 2, Array)
#1 D:\xammp\htdocs\ci4\app\Views\panel\seller\dashboard.php(2): include()
#2 D:\xammp\htdocs\ci4\system\View\View.php(210): include('D:\\xammp\\htdocs...')
#3 D:\xammp\htdocs\ci4\system\View\View.php(213): CodeIgniter\View\View->CodeIgniter\View\{closure}()
#4 D:\xammp\htdocs\ci4\system\Common.php(1089): CodeIgniter\View\View->render('panel/seller/da...', Array, true)
#5 D:\xammp\htdocs\ci4\app\Controllers\Seller_Dashboard.php(10): view('panel/seller/da...')
#6 D:\xammp\htdocs\ci4\system\CodeIgniter.php(825): App\Controllers\Seller_Dashboard->index()
#7 D:\xammp\htdocs\ci4\system\CodeIgniter.php(412): CodeIgniter\CodeIgniter->runController(Object(App\Controllers\Seller_Dashboard))
#8 D:\xammp\htdocs\ci4\system\CodeIgniter.php(320): CodeIgniter\CodeIgniter->handleRequest(NULL, Object(Config\Cache), false)
#9 D:\xammp\htdocs\ci4\index.php(37): CodeIgniter\CodeIgniter->run()
#10 {main}
CRITICAL - 2022-02-21 21:10:26 --> include(../../includes/head.php): failed to open stream: No such file or directory
#0 D:\xammp\htdocs\ci4\app\Views\panel\seller\dashboard.php(2): CodeIgniter\Debug\Exceptions->errorHandler(2, 'include(../../i...', 'D:\\xammp\\htdocs...', 2, Array)
#1 D:\xammp\htdocs\ci4\app\Views\panel\seller\dashboard.php(2): include()
#2 D:\xammp\htdocs\ci4\system\View\View.php(210): include('D:\\xammp\\htdocs...')
#3 D:\xammp\htdocs\ci4\system\View\View.php(213): CodeIgniter\View\View->CodeIgniter\View\{closure}()
#4 D:\xammp\htdocs\ci4\system\Common.php(1089): CodeIgniter\View\View->render('panel/seller/da...', Array, true)
#5 D:\xammp\htdocs\ci4\app\Controllers\Seller_Dashboard.php(10): view('panel/seller/da...')
#6 D:\xammp\htdocs\ci4\system\CodeIgniter.php(825): App\Controllers\Seller_Dashboard->index()
#7 D:\xammp\htdocs\ci4\system\CodeIgniter.php(412): CodeIgniter\CodeIgniter->runController(Object(App\Controllers\Seller_Dashboard))
#8 D:\xammp\htdocs\ci4\system\CodeIgniter.php(320): CodeIgniter\CodeIgniter->handleRequest(NULL, Object(Config\Cache), false)
#9 D:\xammp\htdocs\ci4\index.php(37): CodeIgniter\CodeIgniter->run()
#10 {main}
CRITICAL - 2022-02-21 21:10:59 --> Undefined property: App\Controllers\Seller_Dashboard::$load
#0 D:\xammp\htdocs\ci4\app\Controllers\Seller_Dashboard.php(10): CodeIgniter\Debug\Exceptions->errorHandler(8, 'Undefined prope...', 'D:\\xammp\\htdocs...', 10, Array)
#1 D:\xammp\htdocs\ci4\system\CodeIgniter.php(825): App\Controllers\Seller_Dashboard->index()
#2 D:\xammp\htdocs\ci4\system\CodeIgniter.php(412): CodeIgniter\CodeIgniter->runController(Object(App\Controllers\Seller_Dashboard))
#3 D:\xammp\htdocs\ci4\system\CodeIgniter.php(320): CodeIgniter\CodeIgniter->handleRequest(NULL, Object(Config\Cache), false)
#4 D:\xammp\htdocs\ci4\index.php(37): CodeIgniter\CodeIgniter->run()
#5 {main}
CRITICAL - 2022-02-21 21:11:06 --> Undefined property: App\Controllers\Seller_Dashboard::$load
#0 D:\xammp\htdocs\ci4\app\Controllers\Seller_Dashboard.php(10): CodeIgniter\Debug\Exceptions->errorHandler(8, 'Undefined prope...', 'D:\\xammp\\htdocs...', 10, Array)
#1 D:\xammp\htdocs\ci4\system\CodeIgniter.php(825): App\Controllers\Seller_Dashboard->index()
#2 D:\xammp\htdocs\ci4\system\CodeIgniter.php(412): CodeIgniter\CodeIgniter->runController(Object(App\Controllers\Seller_Dashboard))
#3 D:\xammp\htdocs\ci4\system\CodeIgniter.php(320): CodeIgniter\CodeIgniter->handleRequest(NULL, Object(Config\Cache), false)
#4 D:\xammp\htdocs\ci4\index.php(37): CodeIgniter\CodeIgniter->run()
#5 {main}
CRITICAL - 2022-02-21 21:12:44 --> Undefined property: App\Controllers\Seller_Dashboard::$load
#0 D:\xammp\htdocs\ci4\app\Controllers\Seller_Dashboard.php(10): CodeIgniter\Debug\Exceptions->errorHandler(8, 'Undefined prope...', 'D:\\xammp\\htdocs...', 10, Array)
#1 D:\xammp\htdocs\ci4\system\CodeIgniter.php(825): App\Controllers\Seller_Dashboard->index()
#2 D:\xammp\htdocs\ci4\system\CodeIgniter.php(412): CodeIgniter\CodeIgniter->runController(Object(App\Controllers\Seller_Dashboard))
#3 D:\xammp\htdocs\ci4\system\CodeIgniter.php(320): CodeIgniter\CodeIgniter->handleRequest(NULL, Object(Config\Cache), false)
#4 D:\xammp\htdocs\ci4\index.php(37): CodeIgniter\CodeIgniter->run()
#5 {main}
CRITICAL - 2022-02-21 21:12:51 --> Undefined property: App\Controllers\Seller_Dashboard::$load
#0 D:\xammp\htdocs\ci4\app\Controllers\Seller_Dashboard.php(10): CodeIgniter\Debug\Exceptions->errorHandler(8, 'Undefined prope...', 'D:\\xammp\\htdocs...', 10, Array)
#1 D:\xammp\htdocs\ci4\system\CodeIgniter.php(825): App\Controllers\Seller_Dashboard->index()
#2 D:\xammp\htdocs\ci4\system\CodeIgniter.php(412): CodeIgniter\CodeIgniter->runController(Object(App\Controllers\Seller_Dashboard))
#3 D:\xammp\htdocs\ci4\system\CodeIgniter.php(320): CodeIgniter\CodeIgniter->handleRequest(NULL, Object(Config\Cache), false)
#4 D:\xammp\htdocs\ci4\index.php(37): CodeIgniter\CodeIgniter->run()
#5 {main}
CRITICAL - 2022-02-21 21:14:39 --> Undefined property: App\Controllers\Seller_Dashboard::$load
#0 D:\xammp\htdocs\ci4\app\Controllers\Seller_Dashboard.php(10): CodeIgniter\Debug\Exceptions->errorHandler(8, 'Undefined prope...', 'D:\\xammp\\htdocs...', 10, Array)
#1 D:\xammp\htdocs\ci4\system\CodeIgniter.php(825): App\Controllers\Seller_Dashboard->index()
#2 D:\xammp\htdocs\ci4\system\CodeIgniter.php(412): CodeIgniter\CodeIgniter->runController(Object(App\Controllers\Seller_Dashboard))
#3 D:\xammp\htdocs\ci4\system\CodeIgniter.php(320): CodeIgniter\CodeIgniter->handleRequest(NULL, Object(Config\Cache), false)
#4 D:\xammp\htdocs\ci4\index.php(37): CodeIgniter\CodeIgniter->run()
#5 {main}
CRITICAL - 2022-02-21 21:14:41 --> Undefined property: App\Controllers\Seller_Dashboard::$load
#0 D:\xammp\htdocs\ci4\app\Controllers\Seller_Dashboard.php(10): CodeIgniter\Debug\Exceptions->errorHandler(8, 'Undefined prope...', 'D:\\xammp\\htdocs...', 10, Array)
#1 D:\xammp\htdocs\ci4\system\CodeIgniter.php(825): App\Controllers\Seller_Dashboard->index()
#2 D:\xammp\htdocs\ci4\system\CodeIgniter.php(412): CodeIgniter\CodeIgniter->runController(Object(App\Controllers\Seller_Dashboard))
#3 D:\xammp\htdocs\ci4\system\CodeIgniter.php(320): CodeIgniter\CodeIgniter->handleRequest(NULL, Object(Config\Cache), false)
#4 D:\xammp\htdocs\ci4\index.php(37): CodeIgniter\CodeIgniter->run()
#5 {main}
CRITICAL - 2022-02-21 21:15:51 --> Undefined property: App\Controllers\Seller_Dashboard::$load
#0 D:\xammp\htdocs\ci4\app\Controllers\Seller_Dashboard.php(10): CodeIgniter\Debug\Exceptions->errorHandler(8, 'Undefined prope...', 'D:\\xammp\\htdocs...', 10, Array)
#1 D:\xammp\htdocs\ci4\system\CodeIgniter.php(825): App\Controllers\Seller_Dashboard->index()
#2 D:\xammp\htdocs\ci4\system\CodeIgniter.php(412): CodeIgniter\CodeIgniter->runController(Object(App\Controllers\Seller_Dashboard))
#3 D:\xammp\htdocs\ci4\system\CodeIgniter.php(320): CodeIgniter\CodeIgniter->handleRequest(NULL, Object(Config\Cache), false)
#4 D:\xammp\htdocs\ci4\index.php(37): CodeIgniter\CodeIgniter->run()
#5 {main}
CRITICAL - 2022-02-21 21:15:53 --> Undefined property: App\Controllers\Seller_Dashboard::$load
#0 D:\xammp\htdocs\ci4\app\Controllers\Seller_Dashboard.php(10): CodeIgniter\Debug\Exceptions->errorHandler(8, 'Undefined prope...', 'D:\\xammp\\htdocs...', 10, Array)
#1 D:\xammp\htdocs\ci4\system\CodeIgniter.php(825): App\Controllers\Seller_Dashboard->index()
#2 D:\xammp\htdocs\ci4\system\CodeIgniter.php(412): CodeIgniter\CodeIgniter->runController(Object(App\Controllers\Seller_Dashboard))
#3 D:\xammp\htdocs\ci4\system\CodeIgniter.php(320): CodeIgniter\CodeIgniter->handleRequest(NULL, Object(Config\Cache), false)
#4 D:\xammp\htdocs\ci4\index.php(37): CodeIgniter\CodeIgniter->run()
#5 {main}
CRITICAL - 2022-02-21 21:16:46 --> Undefined property: App\Controllers\Seller_Dashboard::$load
#0 D:\xammp\htdocs\ci4\app\Controllers\Seller_Dashboard.php(10): CodeIgniter\Debug\Exceptions->errorHandler(8, 'Undefined prope...', 'D:\\xammp\\htdocs...', 10, Array)
#1 D:\xammp\htdocs\ci4\system\CodeIgniter.php(825): App\Controllers\Seller_Dashboard->index()
#2 D:\xammp\htdocs\ci4\system\CodeIgniter.php(412): CodeIgniter\CodeIgniter->runController(Object(App\Controllers\Seller_Dashboard))
#3 D:\xammp\htdocs\ci4\system\CodeIgniter.php(320): CodeIgniter\CodeIgniter->handleRequest(NULL, Object(Config\Cache), false)
#4 D:\xammp\htdocs\ci4\index.php(37): CodeIgniter\CodeIgniter->run()
#5 {main}
CRITICAL - 2022-02-21 21:16:54 --> Undefined property: App\Controllers\Seller_Dashboard::$load
#0 D:\xammp\htdocs\ci4\app\Controllers\Seller_Dashboard.php(10): CodeIgniter\Debug\Exceptions->errorHandler(8, 'Undefined prope...', 'D:\\xammp\\htdocs...', 10, Array)
#1 D:\xammp\htdocs\ci4\system\CodeIgniter.php(825): App\Controllers\Seller_Dashboard->index()
#2 D:\xammp\htdocs\ci4\system\CodeIgniter.php(412): CodeIgniter\CodeIgniter->runController(Object(App\Controllers\Seller_Dashboard))
#3 D:\xammp\htdocs\ci4\system\CodeIgniter.php(320): CodeIgniter\CodeIgniter->handleRequest(NULL, Object(Config\Cache), false)
#4 D:\xammp\htdocs\ci4\index.php(37): CodeIgniter\CodeIgniter->run()
#5 {main}
CRITICAL - 2022-02-21 21:17:14 --> Undefined property: App\Controllers\Seller_Dashboard::$load
#0 D:\xammp\htdocs\ci4\app\Controllers\Seller_Dashboard.php(10): CodeIgniter\Debug\Exceptions->errorHandler(8, 'Undefined prope...', 'D:\\xammp\\htdocs...', 10, Array)
#1 D:\xammp\htdocs\ci4\system\CodeIgniter.php(825): App\Controllers\Seller_Dashboard->index()
#2 D:\xammp\htdocs\ci4\system\CodeIgniter.php(412): CodeIgniter\CodeIgniter->runController(Object(App\Controllers\Seller_Dashboard))
#3 D:\xammp\htdocs\ci4\system\CodeIgniter.php(320): CodeIgniter\CodeIgniter->handleRequest(NULL, Object(Config\Cache), false)
#4 D:\xammp\htdocs\ci4\index.php(37): CodeIgniter\CodeIgniter->run()
#5 {main}
CRITICAL - 2022-02-21 21:17:23 --> Undefined property: App\Controllers\Seller_Dashboard::$load
#0 D:\xammp\htdocs\ci4\app\Controllers\Seller_Dashboard.php(10): CodeIgniter\Debug\Exceptions->errorHandler(8, 'Undefined prope...', 'D:\\xammp\\htdocs...', 10, Array)
#1 D:\xammp\htdocs\ci4\system\CodeIgniter.php(825): App\Controllers\Seller_Dashboard->index()
#2 D:\xammp\htdocs\ci4\system\CodeIgniter.php(412): CodeIgniter\CodeIgniter->runController(Object(App\Controllers\Seller_Dashboard))
#3 D:\xammp\htdocs\ci4\system\CodeIgniter.php(320): CodeIgniter\CodeIgniter->handleRequest(NULL, Object(Config\Cache), false)
#4 D:\xammp\htdocs\ci4\index.php(37): CodeIgniter\CodeIgniter->run()
#5 {main}
CRITICAL - 2022-02-21 21:17:25 --> Undefined property: App\Controllers\Seller_Dashboard::$load
#0 D:\xammp\htdocs\ci4\app\Controllers\Seller_Dashboard.php(10): CodeIgniter\Debug\Exceptions->errorHandler(8, 'Undefined prope...', 'D:\\xammp\\htdocs...', 10, Array)
#1 D:\xammp\htdocs\ci4\system\CodeIgniter.php(825): App\Controllers\Seller_Dashboard->index()
#2 D:\xammp\htdocs\ci4\system\CodeIgniter.php(412): CodeIgniter\CodeIgniter->runController(Object(App\Controllers\Seller_Dashboard))
#3 D:\xammp\htdocs\ci4\system\CodeIgniter.php(320): CodeIgniter\CodeIgniter->handleRequest(NULL, Object(Config\Cache), false)
#4 D:\xammp\htdocs\ci4\index.php(37): CodeIgniter\CodeIgniter->run()
#5 {main}
CRITICAL - 2022-02-21 21:17:32 --> Undefined property: App\Controllers\Seller_Dashboard::$load
#0 D:\xammp\htdocs\ci4\app\Controllers\Seller_Dashboard.php(10): CodeIgniter\Debug\Exceptions->errorHandler(8, 'Undefined prope...', 'D:\\xammp\\htdocs...', 10, Array)
#1 D:\xammp\htdocs\ci4\system\CodeIgniter.php(825): App\Controllers\Seller_Dashboard->index()
#2 D:\xammp\htdocs\ci4\system\CodeIgniter.php(412): CodeIgniter\CodeIgniter->runController(Object(App\Controllers\Seller_Dashboard))
#3 D:\xammp\htdocs\ci4\system\CodeIgniter.php(320): CodeIgniter\CodeIgniter->handleRequest(NULL, Object(Config\Cache), false)
#4 D:\xammp\htdocs\ci4\index.php(37): CodeIgniter\CodeIgniter->run()
#5 {main}
CRITICAL - 2022-02-21 21:18:09 --> Undefined property: App\Controllers\Seller_Dashboard::$load
#0 D:\xammp\htdocs\ci4\app\Controllers\Seller_Dashboard.php(10): CodeIgniter\Debug\Exceptions->errorHandler(8, 'Undefined prope...', 'D:\\xammp\\htdocs...', 10, Array)
#1 D:\xammp\htdocs\ci4\system\CodeIgniter.php(825): App\Controllers\Seller_Dashboard->index()
#2 D:\xammp\htdocs\ci4\system\CodeIgniter.php(412): CodeIgniter\CodeIgniter->runController(Object(App\Controllers\Seller_Dashboard))
#3 D:\xammp\htdocs\ci4\system\CodeIgniter.php(320): CodeIgniter\CodeIgniter->handleRequest(NULL, Object(Config\Cache), false)
#4 D:\xammp\htdocs\ci4\index.php(37): CodeIgniter\CodeIgniter->run()
#5 {main}
CRITICAL - 2022-02-21 21:19:16 --> include(../../includes/head.php): failed to open stream: No such file or directory
#0 D:\xammp\htdocs\ci4\app\Views\panel\seller\dashboard.php(2): CodeIgniter\Debug\Exceptions->errorHandler(2, 'include(../../i...', 'D:\\xammp\\htdocs...', 2, Array)
#1 D:\xammp\htdocs\ci4\app\Views\panel\seller\dashboard.php(2): include()
#2 D:\xammp\htdocs\ci4\system\View\View.php(210): include('D:\\xammp\\htdocs...')
#3 D:\xammp\htdocs\ci4\system\View\View.php(213): CodeIgniter\View\View->CodeIgniter\View\{closure}()
#4 D:\xammp\htdocs\ci4\system\Common.php(1089): CodeIgniter\View\View->render('panel/seller/da...', Array, true)
#5 D:\xammp\htdocs\ci4\app\Controllers\Seller_Dashboard.php(10): view('panel/seller/da...')
#6 D:\xammp\htdocs\ci4\system\CodeIgniter.php(825): App\Controllers\Seller_Dashboard->index()
#7 D:\xammp\htdocs\ci4\system\CodeIgniter.php(412): CodeIgniter\CodeIgniter->runController(Object(App\Controllers\Seller_Dashboard))
#8 D:\xammp\htdocs\ci4\system\CodeIgniter.php(320): CodeIgniter\CodeIgniter->handleRequest(NULL, Object(Config\Cache), false)
#9 D:\xammp\htdocs\ci4\index.php(37): CodeIgniter\CodeIgniter->run()
#10 {main}
CRITICAL - 2022-02-21 21:19:24 --> include(../../includes/head.php): failed to open stream: No such file or directory
#0 D:\xammp\htdocs\ci4\app\Views\panel\seller\dashboard.php(2): CodeIgniter\Debug\Exceptions->errorHandler(2, 'include(../../i...', 'D:\\xammp\\htdocs...', 2, Array)
#1 D:\xammp\htdocs\ci4\app\Views\panel\seller\dashboard.php(2): include()
#2 D:\xammp\htdocs\ci4\system\View\View.php(210): include('D:\\xammp\\htdocs...')
#3 D:\xammp\htdocs\ci4\system\View\View.php(213): CodeIgniter\View\View->CodeIgniter\View\{closure}()
#4 D:\xammp\htdocs\ci4\system\Common.php(1089): CodeIgniter\View\View->render('panel/seller/da...', Array, true)
#5 D:\xammp\htdocs\ci4\app\Controllers\Seller_Dashboard.php(10): view('panel/seller/da...')
#6 D:\xammp\htdocs\ci4\system\CodeIgniter.php(825): App\Controllers\Seller_Dashboard->index()
#7 D:\xammp\htdocs\ci4\system\CodeIgniter.php(412): CodeIgniter\CodeIgniter->runController(Object(App\Controllers\Seller_Dashboard))
#8 D:\xammp\htdocs\ci4\system\CodeIgniter.php(320): CodeIgniter\CodeIgniter->handleRequest(NULL, Object(Config\Cache), false)
#9 D:\xammp\htdocs\ci4\index.php(37): CodeIgniter\CodeIgniter->run()
#10 {main}
CRITICAL - 2022-02-21 21:19:31 --> include(includes/head.php): failed to open stream: No such file or directory
#0 D:\xammp\htdocs\ci4\app\Views\panel\seller\dashboard.php(2): CodeIgniter\Debug\Exceptions->errorHandler(2, 'include(include...', 'D:\\xammp\\htdocs...', 2, Array)
#1 D:\xammp\htdocs\ci4\app\Views\panel\seller\dashboard.php(2): include()
#2 D:\xammp\htdocs\ci4\system\View\View.php(210): include('D:\\xammp\\htdocs...')
#3 D:\xammp\htdocs\ci4\system\View\View.php(213): CodeIgniter\View\View->CodeIgniter\View\{closure}()
#4 D:\xammp\htdocs\ci4\system\Common.php(1089): CodeIgniter\View\View->render('panel/seller/da...', Array, true)
#5 D:\xammp\htdocs\ci4\app\Controllers\Seller_Dashboard.php(10): view('panel/seller/da...')
#6 D:\xammp\htdocs\ci4\system\CodeIgniter.php(825): App\Controllers\Seller_Dashboard->index()
#7 D:\xammp\htdocs\ci4\system\CodeIgniter.php(412): CodeIgniter\CodeIgniter->runController(Object(App\Controllers\Seller_Dashboard))
#8 D:\xammp\htdocs\ci4\system\CodeIgniter.php(320): CodeIgniter\CodeIgniter->handleRequest(NULL, Object(Config\Cache), false)
#9 D:\xammp\htdocs\ci4\index.php(37): CodeIgniter\CodeIgniter->run()
#10 {main}
CRITICAL - 2022-02-21 21:19:42 --> include(../includes/head.php): failed to open stream: No such file or directory
#0 D:\xammp\htdocs\ci4\app\Views\panel\seller\dashboard.php(2): CodeIgniter\Debug\Exceptions->errorHandler(2, 'include(../incl...', 'D:\\xammp\\htdocs...', 2, Array)
#1 D:\xammp\htdocs\ci4\app\Views\panel\seller\dashboard.php(2): include()
#2 D:\xammp\htdocs\ci4\system\View\View.php(210): include('D:\\xammp\\htdocs...')
#3 D:\xammp\htdocs\ci4\system\View\View.php(213): CodeIgniter\View\View->CodeIgniter\View\{closure}()
#4 D:\xammp\htdocs\ci4\system\Common.php(1089): CodeIgniter\View\View->render('panel/seller/da...', Array, true)
#5 D:\xammp\htdocs\ci4\app\Controllers\Seller_Dashboard.php(10): view('panel/seller/da...')
#6 D:\xammp\htdocs\ci4\system\CodeIgniter.php(825): App\Controllers\Seller_Dashboard->index()
#7 D:\xammp\htdocs\ci4\system\CodeIgniter.php(412): CodeIgniter\CodeIgniter->runController(Object(App\Controllers\Seller_Dashboard))
#8 D:\xammp\htdocs\ci4\system\CodeIgniter.php(320): CodeIgniter\CodeIgniter->handleRequest(NULL, Object(Config\Cache), false)
#9 D:\xammp\htdocs\ci4\index.php(37): CodeIgniter\CodeIgniter->run()
#10 {main}
CRITICAL - 2022-02-21 21:19:50 --> include(../../includes/head.php): failed to open stream: No such file or directory
#0 D:\xammp\htdocs\ci4\app\Views\panel\seller\dashboard.php(2): CodeIgniter\Debug\Exceptions->errorHandler(2, 'include(../../i...', 'D:\\xammp\\htdocs...', 2, Array)
#1 D:\xammp\htdocs\ci4\app\Views\panel\seller\dashboard.php(2): include()
#2 D:\xammp\htdocs\ci4\system\View\View.php(210): include('D:\\xammp\\htdocs...')
#3 D:\xammp\htdocs\ci4\system\View\View.php(213): CodeIgniter\View\View->CodeIgniter\View\{closure}()
#4 D:\xammp\htdocs\ci4\system\Common.php(1089): CodeIgniter\View\View->render('panel/seller/da...', Array, true)
#5 D:\xammp\htdocs\ci4\app\Controllers\Seller_Dashboard.php(10): view('panel/seller/da...')
#6 D:\xammp\htdocs\ci4\system\CodeIgniter.php(825): App\Controllers\Seller_Dashboard->index()
#7 D:\xammp\htdocs\ci4\system\CodeIgniter.php(412): CodeIgniter\CodeIgniter->runController(Object(App\Controllers\Seller_Dashboard))
#8 D:\xammp\htdocs\ci4\system\CodeIgniter.php(320): CodeIgniter\CodeIgniter->handleRequest(NULL, Object(Config\Cache), false)
#9 D:\xammp\htdocs\ci4\index.php(37): CodeIgniter\CodeIgniter->run()
#10 {main}
CRITICAL - 2022-02-21 21:19:58 --> include(../../../includes/head.php): failed to open stream: No such file or directory
#0 D:\xammp\htdocs\ci4\app\Views\panel\seller\dashboard.php(2): CodeIgniter\Debug\Exceptions->errorHandler(2, 'include(../../....', 'D:\\xammp\\htdocs...', 2, Array)
#1 D:\xammp\htdocs\ci4\app\Views\panel\seller\dashboard.php(2): include()
#2 D:\xammp\htdocs\ci4\system\View\View.php(210): include('D:\\xammp\\htdocs...')
#3 D:\xammp\htdocs\ci4\system\View\View.php(213): CodeIgniter\View\View->CodeIgniter\View\{closure}()
#4 D:\xammp\htdocs\ci4\system\Common.php(1089): CodeIgniter\View\View->render('panel/seller/da...', Array, true)
#5 D:\xammp\htdocs\ci4\app\Controllers\Seller_Dashboard.php(10): view('panel/seller/da...')
#6 D:\xammp\htdocs\ci4\system\CodeIgniter.php(825): App\Controllers\Seller_Dashboard->index()
#7 D:\xammp\htdocs\ci4\system\CodeIgniter.php(412): CodeIgniter\CodeIgniter->runController(Object(App\Controllers\Seller_Dashboard))
#8 D:\xammp\htdocs\ci4\system\CodeIgniter.php(320): CodeIgniter\CodeIgniter->handleRequest(NULL, Object(Config\Cache), false)
#9 D:\xammp\htdocs\ci4\index.php(37): CodeIgniter\CodeIgniter->run()
#10 {main}
CRITICAL - 2022-02-21 21:19:59 --> include(../../../includes/head.php): failed to open stream: No such file or directory
#0 D:\xammp\htdocs\ci4\app\Views\panel\seller\dashboard.php(2): CodeIgniter\Debug\Exceptions->errorHandler(2, 'include(../../....', 'D:\\xammp\\htdocs...', 2, Array)
#1 D:\xammp\htdocs\ci4\app\Views\panel\seller\dashboard.php(2): include()
#2 D:\xammp\htdocs\ci4\system\View\View.php(210): include('D:\\xammp\\htdocs...')
#3 D:\xammp\htdocs\ci4\system\View\View.php(213): CodeIgniter\View\View->CodeIgniter\View\{closure}()
#4 D:\xammp\htdocs\ci4\system\Common.php(1089): CodeIgniter\View\View->render('panel/seller/da...', Array, true)
#5 D:\xammp\htdocs\ci4\app\Controllers\Seller_Dashboard.php(10): view('panel/seller/da...')
#6 D:\xammp\htdocs\ci4\system\CodeIgniter.php(825): App\Controllers\Seller_Dashboard->index()
#7 D:\xammp\htdocs\ci4\system\CodeIgniter.php(412): CodeIgniter\CodeIgniter->runController(Object(App\Controllers\Seller_Dashboard))
#8 D:\xammp\htdocs\ci4\system\CodeIgniter.php(320): CodeIgniter\CodeIgniter->handleRequest(NULL, Object(Config\Cache), false)
#9 D:\xammp\htdocs\ci4\index.php(37): CodeIgniter\CodeIgniter->run()
#10 {main}
CRITICAL - 2022-02-21 21:20:49 --> include(../../includes/head.php): failed to open stream: No such file or directory
#0 D:\xammp\htdocs\ci4\app\Views\panel\seller\dashboard.php(2): CodeIgniter\Debug\Exceptions->errorHandler(2, 'include(../../i...', 'D:\\xammp\\htdocs...', 2, Array)
#1 D:\xammp\htdocs\ci4\app\Views\panel\seller\dashboard.php(2): include()
#2 D:\xammp\htdocs\ci4\system\View\View.php(210): include('D:\\xammp\\htdocs...')
#3 D:\xammp\htdocs\ci4\system\View\View.php(213): CodeIgniter\View\View->CodeIgniter\View\{closure}()
#4 D:\xammp\htdocs\ci4\system\Common.php(1089): CodeIgniter\View\View->render('panel/seller/da...', Array, true)
#5 D:\xammp\htdocs\ci4\app\Controllers\Seller_Dashboard.php(10): view('panel/seller/da...')
#6 D:\xammp\htdocs\ci4\system\CodeIgniter.php(825): App\Controllers\Seller_Dashboard->index()
#7 D:\xammp\htdocs\ci4\system\CodeIgniter.php(412): CodeIgniter\CodeIgniter->runController(Object(App\Controllers\Seller_Dashboard))
#8 D:\xammp\htdocs\ci4\system\CodeIgniter.php(320): CodeIgniter\CodeIgniter->handleRequest(NULL, Object(Config\Cache), false)
#9 D:\xammp\htdocs\ci4\index.php(37): CodeIgniter\CodeIgniter->run()
#10 {main}
CRITICAL - 2022-02-21 21:21:32 --> include(../../includes/head.php): failed to open stream: No such file or directory
#0 D:\xammp\htdocs\ci4\app\Views\panel\seller\dashboard.php(3): CodeIgniter\Debug\Exceptions->errorHandler(2, 'include(../../i...', 'D:\\xammp\\htdocs...', 3, Array)
#1 D:\xammp\htdocs\ci4\app\Views\panel\seller\dashboard.php(3): include()
#2 D:\xammp\htdocs\ci4\system\View\View.php(210): include('D:\\xammp\\htdocs...')
#3 D:\xammp\htdocs\ci4\system\View\View.php(213): CodeIgniter\View\View->CodeIgniter\View\{closure}()
#4 D:\xammp\htdocs\ci4\system\Common.php(1089): CodeIgniter\View\View->render('panel/seller/da...', Array, true)
#5 D:\xammp\htdocs\ci4\app\Controllers\Seller_Dashboard.php(10): view('panel/seller/da...')
#6 D:\xammp\htdocs\ci4\system\CodeIgniter.php(825): App\Controllers\Seller_Dashboard->index()
#7 D:\xammp\htdocs\ci4\system\CodeIgniter.php(412): CodeIgniter\CodeIgniter->runController(Object(App\Controllers\Seller_Dashboard))
#8 D:\xammp\htdocs\ci4\system\CodeIgniter.php(320): CodeIgniter\CodeIgniter->handleRequest(NULL, Object(Config\Cache), false)
#9 D:\xammp\htdocs\ci4\index.php(37): CodeIgniter\CodeIgniter->run()
#10 {main}
INFO - 2022-02-21 21:21:54 --> Session: Class initialized using 'CodeIgniter\Session\Handlers\FileHandler' driver.
INFO - 2022-02-21 21:23:23 --> Session: Class initialized using 'CodeIgniter\Session\Handlers\FileHandler' driver.
CRITICAL - 2022-02-21 21:23:27 --> include(../../includes/head.php): failed to open stream: No such file or directory
#0 D:\xammp\htdocs\ci4\app\Views\panel\seller\dashboard.php(3): CodeIgniter\Debug\Exceptions->errorHandler(2, 'include(../../i...', 'D:\\xammp\\htdocs...', 3, Array)
#1 D:\xammp\htdocs\ci4\app\Views\panel\seller\dashboard.php(3): include()
#2 D:\xammp\htdocs\ci4\system\View\View.php(210): include('D:\\xammp\\htdocs...')
#3 D:\xammp\htdocs\ci4\system\View\View.php(213): CodeIgniter\View\View->CodeIgniter\View\{closure}()
#4 D:\xammp\htdocs\ci4\system\Common.php(1089): CodeIgniter\View\View->render('panel/seller/da...', Array, true)
#5 D:\xammp\htdocs\ci4\app\Controllers\Seller_Dashboard.php(10): view('panel/seller/da...')
#6 D:\xammp\htdocs\ci4\system\CodeIgniter.php(825): App\Controllers\Seller_Dashboard->index()
#7 D:\xammp\htdocs\ci4\system\CodeIgniter.php(412): CodeIgniter\CodeIgniter->runController(Object(App\Controllers\Seller_Dashboard))
#8 D:\xammp\htdocs\ci4\system\CodeIgniter.php(320): CodeIgniter\CodeIgniter->handleRequest(NULL, Object(Config\Cache), false)
#9 D:\xammp\htdocs\ci4\index.php(37): CodeIgniter\CodeIgniter->run()
#10 {main}
INFO - 2022-02-21 21:27:12 --> Session: Class initialized using 'CodeIgniter\Session\Handlers\FileHandler' driver.
INFO - 2022-02-21 21:28:20 --> Session: Class initialized using 'CodeIgniter\Session\Handlers\FileHandler' driver.
INFO - 2022-02-21 21:28:49 --> Session: Class initialized using 'CodeIgniter\Session\Handlers\FileHandler' driver.
INFO - 2022-02-21 21:29:56 --> Session: Class initialized using 'CodeIgniter\Session\Handlers\FileHandler' driver.
INFO - 2022-02-21 21:30:23 --> Session: Class initialized using 'CodeIgniter\Session\Handlers\FileHandler' driver.
INFO - 2022-02-21 21:30:44 --> Session: Class initialized using 'CodeIgniter\Session\Handlers\FileHandler' driver.
INFO - 2022-02-21 21:36:07 --> Session: Class initialized using 'CodeIgniter\Session\Handlers\FileHandler' driver.
INFO - 2022-02-21 21:37:40 --> Session: Class initialized using 'CodeIgniter\Session\Handlers\FileHandler' driver.
INFO - 2022-02-21 21:38:43 --> Session: Class initialized using 'CodeIgniter\Session\Handlers\FileHandler' driver.
INFO - 2022-02-21 21:39:20 --> Session: Class initialized using 'CodeIgniter\Session\Handlers\FileHandler' driver.
INFO - 2022-02-21 21:40:46 --> Session: Class initialized using 'CodeIgniter\Session\Handlers\FileHandler' driver.
INFO - 2022-02-21 21:42:48 --> Session: Class initialized using 'CodeIgniter\Session\Handlers\FileHandler' driver.
INFO - 2022-02-21 21:51:21 --> Session: Class initialized using 'CodeIgniter\Session\Handlers\FileHandler' driver.
INFO - 2022-02-21 21:52:50 --> Session: Class initialized using 'CodeIgniter\Session\Handlers\FileHandler' driver.
INFO - 2022-02-21 21:57:02 --> Session: Class initialized using 'CodeIgniter\Session\Handlers\FileHandler' driver.
INFO - 2022-02-21 21:58:00 --> Session: Class initialized using 'CodeIgniter\Session\Handlers\FileHandler' driver.
INFO - 2022-02-21 22:03:39 --> Session: Class initialized using 'CodeIgniter\Session\Handlers\FileHandler' driver.
INFO - 2022-02-21 22:03:59 --> Session: Class initialized using 'CodeIgniter\Session\Handlers\FileHandler' driver.
INFO - 2022-02-21 22:10:02 --> Session: Class initialized using 'CodeIgniter\Session\Handlers\FileHandler' driver.
INFO - 2022-02-21 22:44:25 --> Session: Class initialized using 'CodeIgniter\Session\Handlers\FileHandler' driver.
INFO - 2022-02-21 22:44:29 --> Session: Class initialized using 'CodeIgniter\Session\Handlers\FileHandler' driver.
INFO - 2022-02-21 22:45:22 --> Session: Class initialized using 'CodeIgniter\Session\Handlers\FileHandler' driver.
INFO - 2022-02-21 23:59:43 --> Session: Class initialized using 'CodeIgniter\Session\Handlers\FileHandler' driver.
