INFO - 2022-03-09 12:14:44 --> Session: Class initialized using 'CodeIgniter\Session\Handlers\FileHandler' driver.
INFO - 2022-03-09 12:15:16 --> Session: Class initialized using 'CodeIgniter\Session\Handlers\FileHandler' driver.
INFO - 2022-03-09 12:22:07 --> Session: Class initialized using 'CodeIgniter\Session\Handlers\FileHandler' driver.
INFO - 2022-03-09 12:22:16 --> Session: Class initialized using 'CodeIgniter\Session\Handlers\FileHandler' driver.
INFO - 2022-03-09 12:23:55 --> Session: Class initialized using 'CodeIgniter\Session\Handlers\FileHandler' driver.
INFO - 2022-03-09 12:24:03 --> Session: Class initialized using 'CodeIgniter\Session\Handlers\FileHandler' driver.
INFO - 2022-03-09 12:25:08 --> Session: Class initialized using 'CodeIgniter\Session\Handlers\FileHandler' driver.
INFO - 2022-03-09 12:25:22 --> Session: Class initialized using 'CodeIgniter\Session\Handlers\FileHandler' driver.
INFO - 2022-03-09 12:26:49 --> Session: Class initialized using 'CodeIgniter\Session\Handlers\FileHandler' driver.
INFO - 2022-03-09 12:26:57 --> Session: Class initialized using 'CodeIgniter\Session\Handlers\FileHandler' driver.
INFO - 2022-03-09 12:27:11 --> Session: Class initialized using 'CodeIgniter\Session\Handlers\FileHandler' driver.
INFO - 2022-03-09 12:40:29 --> Session: Class initialized using 'CodeIgniter\Session\Handlers\FileHandler' driver.
INFO - 2022-03-09 12:40:54 --> Session: Class initialized using 'CodeIgniter\Session\Handlers\FileHandler' driver.
INFO - 2022-03-09 12:41:04 --> Session: Class initialized using 'CodeIgniter\Session\Handlers\FileHandler' driver.
INFO - 2022-03-09 12:41:13 --> Session: Class initialized using 'CodeIgniter\Session\Handlers\FileHandler' driver.
INFO - 2022-03-09 12:41:27 --> Session: Class initialized using 'CodeIgniter\Session\Handlers\FileHandler' driver.
INFO - 2022-03-09 12:41:31 --> Session: Class initialized using 'CodeIgniter\Session\Handlers\FileHandler' driver.
INFO - 2022-03-09 12:41:40 --> Session: Class initialized using 'CodeIgniter\Session\Handlers\FileHandler' driver.
INFO - 2022-03-09 12:43:41 --> Session: Class initialized using 'CodeIgniter\Session\Handlers\FileHandler' driver.
INFO - 2022-03-09 12:44:21 --> Session: Class initialized using 'CodeIgniter\Session\Handlers\FileHandler' driver.
INFO - 2022-03-09 12:45:27 --> Session: Class initialized using 'CodeIgniter\Session\Handlers\FileHandler' driver.
CRITICAL - 2022-03-09 12:45:27 --> Undefined variable: categories
#0 D:\xammp\htdocs\ci4\app\Views\admin\brands.php(113): CodeIgniter\Debug\Exceptions->errorHandler(8, 'Undefined varia...', 'D:\\xammp\\htdocs...', 113, Array)
#1 D:\xammp\htdocs\ci4\system\View\View.php(210): include('D:\\xammp\\htdocs...')
#2 D:\xammp\htdocs\ci4\system\View\View.php(213): CodeIgniter\View\View->CodeIgniter\View\{closure}()
#3 D:\xammp\htdocs\ci4\system\Common.php(1089): CodeIgniter\View\View->render('admin/brands', Array, true)
#4 D:\xammp\htdocs\ci4\app\Controllers\Admin_Brands.php(16): view('admin/brands', Array)
#5 D:\xammp\htdocs\ci4\system\CodeIgniter.php(825): App\Controllers\Admin_Brands->index()
#6 D:\xammp\htdocs\ci4\system\CodeIgniter.php(412): CodeIgniter\CodeIgniter->runController(Object(App\Controllers\Admin_Brands))
#7 D:\xammp\htdocs\ci4\system\CodeIgniter.php(320): CodeIgniter\CodeIgniter->handleRequest(NULL, Object(Config\Cache), false)
#8 D:\xammp\htdocs\ci4\index.php(37): CodeIgniter\CodeIgniter->run()
#9 {main}
INFO - 2022-03-09 12:45:29 --> Session: Class initialized using 'CodeIgniter\Session\Handlers\FileHandler' driver.
CRITICAL - 2022-03-09 12:45:29 --> Undefined variable: categories
#0 D:\xammp\htdocs\ci4\app\Views\admin\brands.php(113): CodeIgniter\Debug\Exceptions->errorHandler(8, 'Undefined varia...', 'D:\\xammp\\htdocs...', 113, Array)
#1 D:\xammp\htdocs\ci4\system\View\View.php(210): include('D:\\xammp\\htdocs...')
#2 D:\xammp\htdocs\ci4\system\View\View.php(213): CodeIgniter\View\View->CodeIgniter\View\{closure}()
#3 D:\xammp\htdocs\ci4\system\Common.php(1089): CodeIgniter\View\View->render('admin/brands', Array, true)
#4 D:\xammp\htdocs\ci4\app\Controllers\Admin_Brands.php(16): view('admin/brands', Array)
#5 D:\xammp\htdocs\ci4\system\CodeIgniter.php(825): App\Controllers\Admin_Brands->index()
#6 D:\xammp\htdocs\ci4\system\CodeIgniter.php(412): CodeIgniter\CodeIgniter->runController(Object(App\Controllers\Admin_Brands))
#7 D:\xammp\htdocs\ci4\system\CodeIgniter.php(320): CodeIgniter\CodeIgniter->handleRequest(NULL, Object(Config\Cache), false)
#8 D:\xammp\htdocs\ci4\index.php(37): CodeIgniter\CodeIgniter->run()
#9 {main}
INFO - 2022-03-09 12:45:54 --> Session: Class initialized using 'CodeIgniter\Session\Handlers\FileHandler' driver.
INFO - 2022-03-09 12:47:39 --> Session: Class initialized using 'CodeIgniter\Session\Handlers\FileHandler' driver.
INFO - 2022-03-09 12:48:02 --> Session: Class initialized using 'CodeIgniter\Session\Handlers\FileHandler' driver.
INFO - 2022-03-09 12:52:57 --> Session: Class initialized using 'CodeIgniter\Session\Handlers\FileHandler' driver.
INFO - 2022-03-09 12:54:42 --> Session: Class initialized using 'CodeIgniter\Session\Handlers\FileHandler' driver.
CRITICAL - 2022-03-09 12:54:54 --> Class 'App\Controllers\Seller_Model' not found
#0 D:\xammp\htdocs\ci4\system\CodeIgniter.php(825): App\Controllers\Admin_Brands->saveBrands()
#1 D:\xammp\htdocs\ci4\system\CodeIgniter.php(412): CodeIgniter\CodeIgniter->runController(Object(App\Controllers\Admin_Brands))
#2 D:\xammp\htdocs\ci4\system\CodeIgniter.php(320): CodeIgniter\CodeIgniter->handleRequest(NULL, Object(Config\Cache), false)
#3 D:\xammp\htdocs\ci4\index.php(37): CodeIgniter\CodeIgniter->run()
#4 {main}
CRITICAL - 2022-03-09 12:55:42 --> Class 'App\Controllers\Seller_Model' not found
#0 D:\xammp\htdocs\ci4\system\CodeIgniter.php(825): App\Controllers\Admin_Brands->saveBrands()
#1 D:\xammp\htdocs\ci4\system\CodeIgniter.php(412): CodeIgniter\CodeIgniter->runController(Object(App\Controllers\Admin_Brands))
#2 D:\xammp\htdocs\ci4\system\CodeIgniter.php(320): CodeIgniter\CodeIgniter->handleRequest(NULL, Object(Config\Cache), false)
#3 D:\xammp\htdocs\ci4\index.php(37): CodeIgniter\CodeIgniter->run()
#4 {main}
INFO - 2022-03-09 12:55:55 --> Session: Class initialized using 'CodeIgniter\Session\Handlers\FileHandler' driver.
INFO - 2022-03-09 12:57:24 --> Session: Class initialized using 'CodeIgniter\Session\Handlers\FileHandler' driver.
INFO - 2022-03-09 12:57:26 --> Session: Class initialized using 'CodeIgniter\Session\Handlers\FileHandler' driver.
INFO - 2022-03-09 12:57:26 --> Session: Class initialized using 'CodeIgniter\Session\Handlers\FileHandler' driver.
INFO - 2022-03-09 12:57:31 --> Session: Class initialized using 'CodeIgniter\Session\Handlers\FileHandler' driver.
INFO - 2022-03-09 12:57:44 --> Session: Class initialized using 'CodeIgniter\Session\Handlers\FileHandler' driver.
CRITICAL - 2022-03-09 13:03:01 --> syntax error, unexpected '}', expecting end of file
#0 D:\xammp\htdocs\ci4\system\Autoloader\Autoloader.php(241): CodeIgniter\Autoloader\Autoloader->includeFile('D:\\xammp\\htdocs...')
#1 D:\xammp\htdocs\ci4\system\Autoloader\Autoloader.php(219): CodeIgniter\Autoloader\Autoloader->loadInNamespace('App\\Controllers...')
#2 [internal function]: CodeIgniter\Autoloader\Autoloader->loadClass('App\\Controllers...')
#3 [internal function]: spl_autoload_call('App\\Controllers...')
#4 D:\xammp\htdocs\ci4\system\CodeIgniter.php(790): class_exists('\\App\\Controller...', true)
#5 D:\xammp\htdocs\ci4\system\CodeIgniter.php(399): CodeIgniter\CodeIgniter->startController()
#6 D:\xammp\htdocs\ci4\system\CodeIgniter.php(320): CodeIgniter\CodeIgniter->handleRequest(NULL, Object(Config\Cache), false)
#7 D:\xammp\htdocs\ci4\index.php(37): CodeIgniter\CodeIgniter->run()
#8 {main}
CRITICAL - 2022-03-09 13:04:00 --> syntax error, unexpected '}', expecting end of file
#0 D:\xammp\htdocs\ci4\system\Autoloader\Autoloader.php(241): CodeIgniter\Autoloader\Autoloader->includeFile('D:\\xammp\\htdocs...')
#1 D:\xammp\htdocs\ci4\system\Autoloader\Autoloader.php(219): CodeIgniter\Autoloader\Autoloader->loadInNamespace('App\\Controllers...')
#2 [internal function]: CodeIgniter\Autoloader\Autoloader->loadClass('App\\Controllers...')
#3 [internal function]: spl_autoload_call('App\\Controllers...')
#4 D:\xammp\htdocs\ci4\system\CodeIgniter.php(790): class_exists('\\App\\Controller...', true)
#5 D:\xammp\htdocs\ci4\system\CodeIgniter.php(399): CodeIgniter\CodeIgniter->startController()
#6 D:\xammp\htdocs\ci4\system\CodeIgniter.php(320): CodeIgniter\CodeIgniter->handleRequest(NULL, Object(Config\Cache), false)
#7 D:\xammp\htdocs\ci4\index.php(37): CodeIgniter\CodeIgniter->run()
#8 {main}
CRITICAL - 2022-03-09 13:06:19 --> syntax error, unexpected '}', expecting end of file
#0 D:\xammp\htdocs\ci4\system\Autoloader\Autoloader.php(241): CodeIgniter\Autoloader\Autoloader->includeFile('D:\\xammp\\htdocs...')
#1 D:\xammp\htdocs\ci4\system\Autoloader\Autoloader.php(219): CodeIgniter\Autoloader\Autoloader->loadInNamespace('App\\Controllers...')
#2 [internal function]: CodeIgniter\Autoloader\Autoloader->loadClass('App\\Controllers...')
#3 [internal function]: spl_autoload_call('App\\Controllers...')
#4 D:\xammp\htdocs\ci4\system\CodeIgniter.php(790): class_exists('\\App\\Controller...', true)
#5 D:\xammp\htdocs\ci4\system\CodeIgniter.php(399): CodeIgniter\CodeIgniter->startController()
#6 D:\xammp\htdocs\ci4\system\CodeIgniter.php(320): CodeIgniter\CodeIgniter->handleRequest(NULL, Object(Config\Cache), false)
#7 D:\xammp\htdocs\ci4\index.php(37): CodeIgniter\CodeIgniter->run()
#8 {main}
INFO - 2022-03-09 13:07:29 --> Session: Class initialized using 'CodeIgniter\Session\Handlers\FileHandler' driver.
INFO - 2022-03-09 13:07:46 --> Session: Class initialized using 'CodeIgniter\Session\Handlers\FileHandler' driver.
INFO - 2022-03-09 13:07:46 --> Session: Class initialized using 'CodeIgniter\Session\Handlers\FileHandler' driver.
INFO - 2022-03-09 13:07:55 --> Session: Class initialized using 'CodeIgniter\Session\Handlers\FileHandler' driver.
INFO - 2022-03-09 13:08:05 --> Session: Class initialized using 'CodeIgniter\Session\Handlers\FileHandler' driver.
INFO - 2022-03-09 13:08:31 --> Session: Class initialized using 'CodeIgniter\Session\Handlers\FileHandler' driver.
INFO - 2022-03-09 13:10:04 --> Session: Class initialized using 'CodeIgniter\Session\Handlers\FileHandler' driver.
INFO - 2022-03-09 13:10:31 --> Session: Class initialized using 'CodeIgniter\Session\Handlers\FileHandler' driver.
INFO - 2022-03-09 13:11:19 --> Session: Class initialized using 'CodeIgniter\Session\Handlers\FileHandler' driver.
INFO - 2022-03-09 13:12:11 --> Session: Class initialized using 'CodeIgniter\Session\Handlers\FileHandler' driver.
INFO - 2022-03-09 13:12:17 --> Session: Class initialized using 'CodeIgniter\Session\Handlers\FileHandler' driver.
INFO - 2022-03-09 13:12:26 --> Session: Class initialized using 'CodeIgniter\Session\Handlers\FileHandler' driver.
INFO - 2022-03-09 13:13:41 --> Session: Class initialized using 'CodeIgniter\Session\Handlers\FileHandler' driver.
INFO - 2022-03-09 13:13:51 --> Session: Class initialized using 'CodeIgniter\Session\Handlers\FileHandler' driver.
INFO - 2022-03-09 13:14:11 --> Session: Class initialized using 'CodeIgniter\Session\Handlers\FileHandler' driver.
INFO - 2022-03-09 13:15:11 --> Session: Class initialized using 'CodeIgniter\Session\Handlers\FileHandler' driver.
INFO - 2022-03-09 13:15:25 --> Session: Class initialized using 'CodeIgniter\Session\Handlers\FileHandler' driver.
INFO - 2022-03-09 13:16:48 --> Session: Class initialized using 'CodeIgniter\Session\Handlers\FileHandler' driver.
INFO - 2022-03-09 13:18:52 --> Session: Class initialized using 'CodeIgniter\Session\Handlers\FileHandler' driver.
INFO - 2022-03-09 13:19:05 --> Session: Class initialized using 'CodeIgniter\Session\Handlers\FileHandler' driver.
INFO - 2022-03-09 13:19:05 --> Session: Class initialized using 'CodeIgniter\Session\Handlers\FileHandler' driver.
INFO - 2022-03-09 13:19:22 --> Session: Class initialized using 'CodeIgniter\Session\Handlers\FileHandler' driver.
CRITICAL - 2022-03-09 13:20:57 --> syntax error, unexpected 'return' (T_RETURN), expecting function (T_FUNCTION) or const (T_CONST)
#0 D:\xammp\htdocs\ci4\system\Autoloader\Autoloader.php(241): CodeIgniter\Autoloader\Autoloader->includeFile('D:\\xammp\\htdocs...')
#1 D:\xammp\htdocs\ci4\system\Autoloader\Autoloader.php(219): CodeIgniter\Autoloader\Autoloader->loadInNamespace('App\\Controllers...')
#2 [internal function]: CodeIgniter\Autoloader\Autoloader->loadClass('App\\Controllers...')
#3 [internal function]: spl_autoload_call('App\\Controllers...')
#4 D:\xammp\htdocs\ci4\system\CodeIgniter.php(790): class_exists('\\App\\Controller...', true)
#5 D:\xammp\htdocs\ci4\system\CodeIgniter.php(399): CodeIgniter\CodeIgniter->startController()
#6 D:\xammp\htdocs\ci4\system\CodeIgniter.php(320): CodeIgniter\CodeIgniter->handleRequest(NULL, Object(Config\Cache), false)
#7 D:\xammp\htdocs\ci4\index.php(37): CodeIgniter\CodeIgniter->run()
#8 {main}
CRITICAL - 2022-03-09 13:21:25 --> syntax error, unexpected 'return' (T_RETURN), expecting function (T_FUNCTION) or const (T_CONST)
#0 D:\xammp\htdocs\ci4\system\Autoloader\Autoloader.php(241): CodeIgniter\Autoloader\Autoloader->includeFile('D:\\xammp\\htdocs...')
#1 D:\xammp\htdocs\ci4\system\Autoloader\Autoloader.php(219): CodeIgniter\Autoloader\Autoloader->loadInNamespace('App\\Controllers...')
#2 [internal function]: CodeIgniter\Autoloader\Autoloader->loadClass('App\\Controllers...')
#3 [internal function]: spl_autoload_call('App\\Controllers...')
#4 D:\xammp\htdocs\ci4\system\CodeIgniter.php(790): class_exists('\\App\\Controller...', true)
#5 D:\xammp\htdocs\ci4\system\CodeIgniter.php(399): CodeIgniter\CodeIgniter->startController()
#6 D:\xammp\htdocs\ci4\system\CodeIgniter.php(320): CodeIgniter\CodeIgniter->handleRequest(NULL, Object(Config\Cache), false)
#7 D:\xammp\htdocs\ci4\index.php(37): CodeIgniter\CodeIgniter->run()
#8 {main}
CRITICAL - 2022-03-09 13:21:27 --> syntax error, unexpected 'return' (T_RETURN), expecting function (T_FUNCTION) or const (T_CONST)
#0 D:\xammp\htdocs\ci4\system\Autoloader\Autoloader.php(241): CodeIgniter\Autoloader\Autoloader->includeFile('D:\\xammp\\htdocs...')
#1 D:\xammp\htdocs\ci4\system\Autoloader\Autoloader.php(219): CodeIgniter\Autoloader\Autoloader->loadInNamespace('App\\Controllers...')
#2 [internal function]: CodeIgniter\Autoloader\Autoloader->loadClass('App\\Controllers...')
#3 [internal function]: spl_autoload_call('App\\Controllers...')
#4 D:\xammp\htdocs\ci4\system\CodeIgniter.php(790): class_exists('\\App\\Controller...', true)
#5 D:\xammp\htdocs\ci4\system\CodeIgniter.php(399): CodeIgniter\CodeIgniter->startController()
#6 D:\xammp\htdocs\ci4\system\CodeIgniter.php(320): CodeIgniter\CodeIgniter->handleRequest(NULL, Object(Config\Cache), false)
#7 D:\xammp\htdocs\ci4\index.php(37): CodeIgniter\CodeIgniter->run()
#8 {main}
CRITICAL - 2022-03-09 13:21:32 --> syntax error, unexpected 'return' (T_RETURN), expecting function (T_FUNCTION) or const (T_CONST)
#0 D:\xammp\htdocs\ci4\system\Autoloader\Autoloader.php(241): CodeIgniter\Autoloader\Autoloader->includeFile('D:\\xammp\\htdocs...')
#1 D:\xammp\htdocs\ci4\system\Autoloader\Autoloader.php(219): CodeIgniter\Autoloader\Autoloader->loadInNamespace('App\\Controllers...')
#2 [internal function]: CodeIgniter\Autoloader\Autoloader->loadClass('App\\Controllers...')
#3 [internal function]: spl_autoload_call('App\\Controllers...')
#4 D:\xammp\htdocs\ci4\system\CodeIgniter.php(790): class_exists('\\App\\Controller...', true)
#5 D:\xammp\htdocs\ci4\system\CodeIgniter.php(399): CodeIgniter\CodeIgniter->startController()
#6 D:\xammp\htdocs\ci4\system\CodeIgniter.php(320): CodeIgniter\CodeIgniter->handleRequest(NULL, Object(Config\Cache), false)
#7 D:\xammp\htdocs\ci4\index.php(37): CodeIgniter\CodeIgniter->run()
#8 {main}
CRITICAL - 2022-03-09 13:22:28 --> syntax error, unexpected '?>', expecting function (T_FUNCTION) or const (T_CONST)
#0 D:\xammp\htdocs\ci4\system\Autoloader\Autoloader.php(241): CodeIgniter\Autoloader\Autoloader->includeFile('D:\\xammp\\htdocs...')
#1 D:\xammp\htdocs\ci4\system\Autoloader\Autoloader.php(219): CodeIgniter\Autoloader\Autoloader->loadInNamespace('App\\Controllers...')
#2 [internal function]: CodeIgniter\Autoloader\Autoloader->loadClass('App\\Controllers...')
#3 [internal function]: spl_autoload_call('App\\Controllers...')
#4 D:\xammp\htdocs\ci4\system\CodeIgniter.php(790): class_exists('\\App\\Controller...', true)
#5 D:\xammp\htdocs\ci4\system\CodeIgniter.php(399): CodeIgniter\CodeIgniter->startController()
#6 D:\xammp\htdocs\ci4\system\CodeIgniter.php(320): CodeIgniter\CodeIgniter->handleRequest(NULL, Object(Config\Cache), false)
#7 D:\xammp\htdocs\ci4\index.php(37): CodeIgniter\CodeIgniter->run()
#8 {main}
CRITICAL - 2022-03-09 13:23:07 --> syntax error, unexpected '?>', expecting function (T_FUNCTION) or const (T_CONST)
#0 D:\xammp\htdocs\ci4\system\Autoloader\Autoloader.php(241): CodeIgniter\Autoloader\Autoloader->includeFile('D:\\xammp\\htdocs...')
#1 D:\xammp\htdocs\ci4\system\Autoloader\Autoloader.php(219): CodeIgniter\Autoloader\Autoloader->loadInNamespace('App\\Controllers...')
#2 [internal function]: CodeIgniter\Autoloader\Autoloader->loadClass('App\\Controllers...')
#3 [internal function]: spl_autoload_call('App\\Controllers...')
#4 D:\xammp\htdocs\ci4\system\CodeIgniter.php(790): class_exists('\\App\\Controller...', true)
#5 D:\xammp\htdocs\ci4\system\CodeIgniter.php(399): CodeIgniter\CodeIgniter->startController()
#6 D:\xammp\htdocs\ci4\system\CodeIgniter.php(320): CodeIgniter\CodeIgniter->handleRequest(NULL, Object(Config\Cache), false)
#7 D:\xammp\htdocs\ci4\index.php(37): CodeIgniter\CodeIgniter->run()
#8 {main}
CRITICAL - 2022-03-09 13:24:09 --> syntax error, unexpected '?>', expecting function (T_FUNCTION) or const (T_CONST)
#0 D:\xammp\htdocs\ci4\system\Autoloader\Autoloader.php(241): CodeIgniter\Autoloader\Autoloader->includeFile('D:\\xammp\\htdocs...')
#1 D:\xammp\htdocs\ci4\system\Autoloader\Autoloader.php(219): CodeIgniter\Autoloader\Autoloader->loadInNamespace('App\\Controllers...')
#2 [internal function]: CodeIgniter\Autoloader\Autoloader->loadClass('App\\Controllers...')
#3 [internal function]: spl_autoload_call('App\\Controllers...')
#4 D:\xammp\htdocs\ci4\system\CodeIgniter.php(790): class_exists('\\App\\Controller...', true)
#5 D:\xammp\htdocs\ci4\system\CodeIgniter.php(399): CodeIgniter\CodeIgniter->startController()
#6 D:\xammp\htdocs\ci4\system\CodeIgniter.php(320): CodeIgniter\CodeIgniter->handleRequest(NULL, Object(Config\Cache), false)
#7 D:\xammp\htdocs\ci4\index.php(37): CodeIgniter\CodeIgniter->run()
#8 {main}
CRITICAL - 2022-03-09 13:24:10 --> syntax error, unexpected '?>', expecting function (T_FUNCTION) or const (T_CONST)
#0 D:\xammp\htdocs\ci4\system\Autoloader\Autoloader.php(241): CodeIgniter\Autoloader\Autoloader->includeFile('D:\\xammp\\htdocs...')
#1 D:\xammp\htdocs\ci4\system\Autoloader\Autoloader.php(219): CodeIgniter\Autoloader\Autoloader->loadInNamespace('App\\Controllers...')
#2 [internal function]: CodeIgniter\Autoloader\Autoloader->loadClass('App\\Controllers...')
#3 [internal function]: spl_autoload_call('App\\Controllers...')
#4 D:\xammp\htdocs\ci4\system\CodeIgniter.php(790): class_exists('\\App\\Controller...', true)
#5 D:\xammp\htdocs\ci4\system\CodeIgniter.php(399): CodeIgniter\CodeIgniter->startController()
#6 D:\xammp\htdocs\ci4\system\CodeIgniter.php(320): CodeIgniter\CodeIgniter->handleRequest(NULL, Object(Config\Cache), false)
#7 D:\xammp\htdocs\ci4\index.php(37): CodeIgniter\CodeIgniter->run()
#8 {main}
CRITICAL - 2022-03-09 13:24:11 --> syntax error, unexpected '?>', expecting function (T_FUNCTION) or const (T_CONST)
#0 D:\xammp\htdocs\ci4\system\Autoloader\Autoloader.php(241): CodeIgniter\Autoloader\Autoloader->includeFile('D:\\xammp\\htdocs...')
#1 D:\xammp\htdocs\ci4\system\Autoloader\Autoloader.php(219): CodeIgniter\Autoloader\Autoloader->loadInNamespace('App\\Controllers...')
#2 [internal function]: CodeIgniter\Autoloader\Autoloader->loadClass('App\\Controllers...')
#3 [internal function]: spl_autoload_call('App\\Controllers...')
#4 D:\xammp\htdocs\ci4\system\CodeIgniter.php(790): class_exists('\\App\\Controller...', true)
#5 D:\xammp\htdocs\ci4\system\CodeIgniter.php(399): CodeIgniter\CodeIgniter->startController()
#6 D:\xammp\htdocs\ci4\system\CodeIgniter.php(320): CodeIgniter\CodeIgniter->handleRequest(NULL, Object(Config\Cache), false)
#7 D:\xammp\htdocs\ci4\index.php(37): CodeIgniter\CodeIgniter->run()
#8 {main}
CRITICAL - 2022-03-09 13:24:11 --> syntax error, unexpected '?>', expecting function (T_FUNCTION) or const (T_CONST)
#0 D:\xammp\htdocs\ci4\system\Autoloader\Autoloader.php(241): CodeIgniter\Autoloader\Autoloader->includeFile('D:\\xammp\\htdocs...')
#1 D:\xammp\htdocs\ci4\system\Autoloader\Autoloader.php(219): CodeIgniter\Autoloader\Autoloader->loadInNamespace('App\\Controllers...')
#2 [internal function]: CodeIgniter\Autoloader\Autoloader->loadClass('App\\Controllers...')
#3 [internal function]: spl_autoload_call('App\\Controllers...')
#4 D:\xammp\htdocs\ci4\system\CodeIgniter.php(790): class_exists('\\App\\Controller...', true)
#5 D:\xammp\htdocs\ci4\system\CodeIgniter.php(399): CodeIgniter\CodeIgniter->startController()
#6 D:\xammp\htdocs\ci4\system\CodeIgniter.php(320): CodeIgniter\CodeIgniter->handleRequest(NULL, Object(Config\Cache), false)
#7 D:\xammp\htdocs\ci4\index.php(37): CodeIgniter\CodeIgniter->run()
#8 {main}
INFO - 2022-03-09 13:24:13 --> Session: Class initialized using 'CodeIgniter\Session\Handlers\FileHandler' driver.
CRITICAL - 2022-03-09 13:24:16 --> syntax error, unexpected '?>', expecting function (T_FUNCTION) or const (T_CONST)
#0 D:\xammp\htdocs\ci4\system\Autoloader\Autoloader.php(241): CodeIgniter\Autoloader\Autoloader->includeFile('D:\\xammp\\htdocs...')
#1 D:\xammp\htdocs\ci4\system\Autoloader\Autoloader.php(219): CodeIgniter\Autoloader\Autoloader->loadInNamespace('App\\Controllers...')
#2 [internal function]: CodeIgniter\Autoloader\Autoloader->loadClass('App\\Controllers...')
#3 [internal function]: spl_autoload_call('App\\Controllers...')
#4 D:\xammp\htdocs\ci4\system\CodeIgniter.php(790): class_exists('\\App\\Controller...', true)
#5 D:\xammp\htdocs\ci4\system\CodeIgniter.php(399): CodeIgniter\CodeIgniter->startController()
#6 D:\xammp\htdocs\ci4\system\CodeIgniter.php(320): CodeIgniter\CodeIgniter->handleRequest(NULL, Object(Config\Cache), false)
#7 D:\xammp\htdocs\ci4\index.php(37): CodeIgniter\CodeIgniter->run()
#8 {main}
CRITICAL - 2022-03-09 13:24:40 --> syntax error, unexpected '?>', expecting function (T_FUNCTION) or const (T_CONST)
#0 D:\xammp\htdocs\ci4\system\Autoloader\Autoloader.php(241): CodeIgniter\Autoloader\Autoloader->includeFile('D:\\xammp\\htdocs...')
#1 D:\xammp\htdocs\ci4\system\Autoloader\Autoloader.php(219): CodeIgniter\Autoloader\Autoloader->loadInNamespace('App\\Controllers...')
#2 [internal function]: CodeIgniter\Autoloader\Autoloader->loadClass('App\\Controllers...')
#3 [internal function]: spl_autoload_call('App\\Controllers...')
#4 D:\xammp\htdocs\ci4\system\CodeIgniter.php(790): class_exists('\\App\\Controller...', true)
#5 D:\xammp\htdocs\ci4\system\CodeIgniter.php(399): CodeIgniter\CodeIgniter->startController()
#6 D:\xammp\htdocs\ci4\system\CodeIgniter.php(320): CodeIgniter\CodeIgniter->handleRequest(NULL, Object(Config\Cache), false)
#7 D:\xammp\htdocs\ci4\index.php(37): CodeIgniter\CodeIgniter->run()
#8 {main}
CRITICAL - 2022-03-09 13:24:42 --> syntax error, unexpected '?>', expecting function (T_FUNCTION) or const (T_CONST)
#0 D:\xammp\htdocs\ci4\system\Autoloader\Autoloader.php(241): CodeIgniter\Autoloader\Autoloader->includeFile('D:\\xammp\\htdocs...')
#1 D:\xammp\htdocs\ci4\system\Autoloader\Autoloader.php(219): CodeIgniter\Autoloader\Autoloader->loadInNamespace('App\\Controllers...')
#2 [internal function]: CodeIgniter\Autoloader\Autoloader->loadClass('App\\Controllers...')
#3 [internal function]: spl_autoload_call('App\\Controllers...')
#4 D:\xammp\htdocs\ci4\system\CodeIgniter.php(790): class_exists('\\App\\Controller...', true)
#5 D:\xammp\htdocs\ci4\system\CodeIgniter.php(399): CodeIgniter\CodeIgniter->startController()
#6 D:\xammp\htdocs\ci4\system\CodeIgniter.php(320): CodeIgniter\CodeIgniter->handleRequest(NULL, Object(Config\Cache), false)
#7 D:\xammp\htdocs\ci4\index.php(37): CodeIgniter\CodeIgniter->run()
#8 {main}
CRITICAL - 2022-03-09 13:25:03 --> syntax error, unexpected '?>', expecting function (T_FUNCTION) or const (T_CONST)
#0 D:\xammp\htdocs\ci4\system\Autoloader\Autoloader.php(241): CodeIgniter\Autoloader\Autoloader->includeFile('D:\\xammp\\htdocs...')
#1 D:\xammp\htdocs\ci4\system\Autoloader\Autoloader.php(219): CodeIgniter\Autoloader\Autoloader->loadInNamespace('App\\Controllers...')
#2 [internal function]: CodeIgniter\Autoloader\Autoloader->loadClass('App\\Controllers...')
#3 [internal function]: spl_autoload_call('App\\Controllers...')
#4 D:\xammp\htdocs\ci4\system\CodeIgniter.php(790): class_exists('\\App\\Controller...', true)
#5 D:\xammp\htdocs\ci4\system\CodeIgniter.php(399): CodeIgniter\CodeIgniter->startController()
#6 D:\xammp\htdocs\ci4\system\CodeIgniter.php(320): CodeIgniter\CodeIgniter->handleRequest(NULL, Object(Config\Cache), false)
#7 D:\xammp\htdocs\ci4\index.php(37): CodeIgniter\CodeIgniter->run()
#8 {main}
CRITICAL - 2022-03-09 13:25:15 --> syntax error, unexpected '?>', expecting function (T_FUNCTION) or const (T_CONST)
#0 D:\xammp\htdocs\ci4\system\Autoloader\Autoloader.php(241): CodeIgniter\Autoloader\Autoloader->includeFile('D:\\xammp\\htdocs...')
#1 D:\xammp\htdocs\ci4\system\Autoloader\Autoloader.php(219): CodeIgniter\Autoloader\Autoloader->loadInNamespace('App\\Controllers...')
#2 [internal function]: CodeIgniter\Autoloader\Autoloader->loadClass('App\\Controllers...')
#3 [internal function]: spl_autoload_call('App\\Controllers...')
#4 D:\xammp\htdocs\ci4\system\CodeIgniter.php(790): class_exists('\\App\\Controller...', true)
#5 D:\xammp\htdocs\ci4\system\CodeIgniter.php(399): CodeIgniter\CodeIgniter->startController()
#6 D:\xammp\htdocs\ci4\system\CodeIgniter.php(320): CodeIgniter\CodeIgniter->handleRequest(NULL, Object(Config\Cache), false)
#7 D:\xammp\htdocs\ci4\index.php(37): CodeIgniter\CodeIgniter->run()
#8 {main}
INFO - 2022-03-09 13:25:57 --> Session: Class initialized using 'CodeIgniter\Session\Handlers\FileHandler' driver.
INFO - 2022-03-09 13:26:01 --> Session: Class initialized using 'CodeIgniter\Session\Handlers\FileHandler' driver.
INFO - 2022-03-09 13:26:01 --> Session: Class initialized using 'CodeIgniter\Session\Handlers\FileHandler' driver.
CRITICAL - 2022-03-09 13:27:11 --> syntax error, unexpected '}', expecting end of file
#0 D:\xammp\htdocs\ci4\system\Autoloader\Autoloader.php(241): CodeIgniter\Autoloader\Autoloader->includeFile('D:\\xammp\\htdocs...')
#1 D:\xammp\htdocs\ci4\system\Autoloader\Autoloader.php(219): CodeIgniter\Autoloader\Autoloader->loadInNamespace('App\\Controllers...')
#2 [internal function]: CodeIgniter\Autoloader\Autoloader->loadClass('App\\Controllers...')
#3 [internal function]: spl_autoload_call('App\\Controllers...')
#4 D:\xammp\htdocs\ci4\system\CodeIgniter.php(790): class_exists('\\App\\Controller...', true)
#5 D:\xammp\htdocs\ci4\system\CodeIgniter.php(399): CodeIgniter\CodeIgniter->startController()
#6 D:\xammp\htdocs\ci4\system\CodeIgniter.php(320): CodeIgniter\CodeIgniter->handleRequest(NULL, Object(Config\Cache), false)
#7 D:\xammp\htdocs\ci4\index.php(37): CodeIgniter\CodeIgniter->run()
#8 {main}
CRITICAL - 2022-03-09 13:27:16 --> syntax error, unexpected '}', expecting end of file
#0 D:\xammp\htdocs\ci4\system\Autoloader\Autoloader.php(241): CodeIgniter\Autoloader\Autoloader->includeFile('D:\\xammp\\htdocs...')
#1 D:\xammp\htdocs\ci4\system\Autoloader\Autoloader.php(219): CodeIgniter\Autoloader\Autoloader->loadInNamespace('App\\Controllers...')
#2 [internal function]: CodeIgniter\Autoloader\Autoloader->loadClass('App\\Controllers...')
#3 [internal function]: spl_autoload_call('App\\Controllers...')
#4 D:\xammp\htdocs\ci4\system\CodeIgniter.php(790): class_exists('\\App\\Controller...', true)
#5 D:\xammp\htdocs\ci4\system\CodeIgniter.php(399): CodeIgniter\CodeIgniter->startController()
#6 D:\xammp\htdocs\ci4\system\CodeIgniter.php(320): CodeIgniter\CodeIgniter->handleRequest(NULL, Object(Config\Cache), false)
#7 D:\xammp\htdocs\ci4\index.php(37): CodeIgniter\CodeIgniter->run()
#8 {main}
INFO - 2022-03-09 13:27:18 --> Session: Class initialized using 'CodeIgniter\Session\Handlers\FileHandler' driver.
CRITICAL - 2022-03-09 13:27:21 --> syntax error, unexpected '}', expecting end of file
#0 D:\xammp\htdocs\ci4\system\Autoloader\Autoloader.php(241): CodeIgniter\Autoloader\Autoloader->includeFile('D:\\xammp\\htdocs...')
#1 D:\xammp\htdocs\ci4\system\Autoloader\Autoloader.php(219): CodeIgniter\Autoloader\Autoloader->loadInNamespace('App\\Controllers...')
#2 [internal function]: CodeIgniter\Autoloader\Autoloader->loadClass('App\\Controllers...')
#3 [internal function]: spl_autoload_call('App\\Controllers...')
#4 D:\xammp\htdocs\ci4\system\CodeIgniter.php(790): class_exists('\\App\\Controller...', true)
#5 D:\xammp\htdocs\ci4\system\CodeIgniter.php(399): CodeIgniter\CodeIgniter->startController()
#6 D:\xammp\htdocs\ci4\system\CodeIgniter.php(320): CodeIgniter\CodeIgniter->handleRequest(NULL, Object(Config\Cache), false)
#7 D:\xammp\htdocs\ci4\index.php(37): CodeIgniter\CodeIgniter->run()
#8 {main}
CRITICAL - 2022-03-09 13:27:48 --> syntax error, unexpected '}', expecting end of file
#0 D:\xammp\htdocs\ci4\system\Autoloader\Autoloader.php(241): CodeIgniter\Autoloader\Autoloader->includeFile('D:\\xammp\\htdocs...')
#1 D:\xammp\htdocs\ci4\system\Autoloader\Autoloader.php(219): CodeIgniter\Autoloader\Autoloader->loadInNamespace('App\\Controllers...')
#2 [internal function]: CodeIgniter\Autoloader\Autoloader->loadClass('App\\Controllers...')
#3 [internal function]: spl_autoload_call('App\\Controllers...')
#4 D:\xammp\htdocs\ci4\system\CodeIgniter.php(790): class_exists('\\App\\Controller...', true)
#5 D:\xammp\htdocs\ci4\system\CodeIgniter.php(399): CodeIgniter\CodeIgniter->startController()
#6 D:\xammp\htdocs\ci4\system\CodeIgniter.php(320): CodeIgniter\CodeIgniter->handleRequest(NULL, Object(Config\Cache), false)
#7 D:\xammp\htdocs\ci4\index.php(37): CodeIgniter\CodeIgniter->run()
#8 {main}
CRITICAL - 2022-03-09 13:27:49 --> syntax error, unexpected '}', expecting end of file
#0 D:\xammp\htdocs\ci4\system\Autoloader\Autoloader.php(241): CodeIgniter\Autoloader\Autoloader->includeFile('D:\\xammp\\htdocs...')
#1 D:\xammp\htdocs\ci4\system\Autoloader\Autoloader.php(219): CodeIgniter\Autoloader\Autoloader->loadInNamespace('App\\Controllers...')
#2 [internal function]: CodeIgniter\Autoloader\Autoloader->loadClass('App\\Controllers...')
#3 [internal function]: spl_autoload_call('App\\Controllers...')
#4 D:\xammp\htdocs\ci4\system\CodeIgniter.php(790): class_exists('\\App\\Controller...', true)
#5 D:\xammp\htdocs\ci4\system\CodeIgniter.php(399): CodeIgniter\CodeIgniter->startController()
#6 D:\xammp\htdocs\ci4\system\CodeIgniter.php(320): CodeIgniter\CodeIgniter->handleRequest(NULL, Object(Config\Cache), false)
#7 D:\xammp\htdocs\ci4\index.php(37): CodeIgniter\CodeIgniter->run()
#8 {main}
INFO - 2022-03-09 13:28:10 --> Session: Class initialized using 'CodeIgniter\Session\Handlers\FileHandler' driver.
INFO - 2022-03-09 13:28:38 --> Session: Class initialized using 'CodeIgniter\Session\Handlers\FileHandler' driver.
CRITICAL - 2022-03-09 13:28:38 --> Undefined variable: brands
#0 D:\xammp\htdocs\ci4\app\Views\admin\brands.php(46): CodeIgniter\Debug\Exceptions->errorHandler(8, 'Undefined varia...', 'D:\\xammp\\htdocs...', 46, Array)
#1 D:\xammp\htdocs\ci4\system\View\View.php(210): include('D:\\xammp\\htdocs...')
#2 D:\xammp\htdocs\ci4\system\View\View.php(213): CodeIgniter\View\View->CodeIgniter\View\{closure}()
#3 D:\xammp\htdocs\ci4\system\Common.php(1089): CodeIgniter\View\View->render('admin/brands', Array, true)
#4 D:\xammp\htdocs\ci4\app\Controllers\Admin_Brands.php(72): view('admin/brands', Array)
#5 D:\xammp\htdocs\ci4\system\CodeIgniter.php(825): App\Controllers\Admin_Brands->saveBrands()
#6 D:\xammp\htdocs\ci4\system\CodeIgniter.php(412): CodeIgniter\CodeIgniter->runController(Object(App\Controllers\Admin_Brands))
#7 D:\xammp\htdocs\ci4\system\CodeIgniter.php(320): CodeIgniter\CodeIgniter->handleRequest(NULL, Object(Config\Cache), false)
#8 D:\xammp\htdocs\ci4\index.php(37): CodeIgniter\CodeIgniter->run()
#9 {main}
INFO - 2022-03-09 13:29:20 --> Session: Class initialized using 'CodeIgniter\Session\Handlers\FileHandler' driver.
INFO - 2022-03-09 13:31:44 --> Session: Class initialized using 'CodeIgniter\Session\Handlers\FileHandler' driver.
INFO - 2022-03-09 13:32:02 --> Session: Class initialized using 'CodeIgniter\Session\Handlers\FileHandler' driver.
INFO - 2022-03-09 13:32:28 --> Session: Class initialized using 'CodeIgniter\Session\Handlers\FileHandler' driver.
INFO - 2022-03-09 13:32:43 --> Session: Class initialized using 'CodeIgniter\Session\Handlers\FileHandler' driver.
INFO - 2022-03-09 13:32:47 --> Session: Class initialized using 'CodeIgniter\Session\Handlers\FileHandler' driver.
INFO - 2022-03-09 13:32:48 --> Session: Class initialized using 'CodeIgniter\Session\Handlers\FileHandler' driver.
INFO - 2022-03-09 13:32:59 --> Session: Class initialized using 'CodeIgniter\Session\Handlers\FileHandler' driver.
INFO - 2022-03-09 13:33:11 --> Session: Class initialized using 'CodeIgniter\Session\Handlers\FileHandler' driver.
INFO - 2022-03-09 13:41:08 --> Session: Class initialized using 'CodeIgniter\Session\Handlers\FileHandler' driver.
INFO - 2022-03-09 13:41:12 --> Session: Class initialized using 'CodeIgniter\Session\Handlers\FileHandler' driver.
INFO - 2022-03-09 13:41:15 --> Session: Class initialized using 'CodeIgniter\Session\Handlers\FileHandler' driver.
INFO - 2022-03-09 13:41:18 --> Session: Class initialized using 'CodeIgniter\Session\Handlers\FileHandler' driver.
CRITICAL - 2022-03-09 13:41:40 --> Invalid file: admin/orders.php
#0 D:\xammp\htdocs\ci4\system\View\View.php(198): CodeIgniter\Exceptions\FrameworkException::forInvalidFile('admin/orders.ph...')
#1 D:\xammp\htdocs\ci4\system\Common.php(1089): CodeIgniter\View\View->render('admin/orders', Array, true)
#2 D:\xammp\htdocs\ci4\app\Controllers\Admin_Orders.php(16): view('admin/orders', Array)
#3 D:\xammp\htdocs\ci4\system\CodeIgniter.php(825): App\Controllers\Admin_Orders->index()
#4 D:\xammp\htdocs\ci4\system\CodeIgniter.php(412): CodeIgniter\CodeIgniter->runController(Object(App\Controllers\Admin_Orders))
#5 D:\xammp\htdocs\ci4\system\CodeIgniter.php(320): CodeIgniter\CodeIgniter->handleRequest(NULL, Object(Config\Cache), false)
#6 D:\xammp\htdocs\ci4\index.php(37): CodeIgniter\CodeIgniter->run()
#7 {main}
CRITICAL - 2022-03-09 13:41:50 --> Invalid file: admin/orders.php
#0 D:\xammp\htdocs\ci4\system\View\View.php(198): CodeIgniter\Exceptions\FrameworkException::forInvalidFile('admin/orders.ph...')
#1 D:\xammp\htdocs\ci4\system\Common.php(1089): CodeIgniter\View\View->render('admin/orders', Array, true)
#2 D:\xammp\htdocs\ci4\app\Controllers\Admin_Orders.php(17): view('admin/orders', Array)
#3 D:\xammp\htdocs\ci4\system\CodeIgniter.php(825): App\Controllers\Admin_Orders->index()
#4 D:\xammp\htdocs\ci4\system\CodeIgniter.php(412): CodeIgniter\CodeIgniter->runController(Object(App\Controllers\Admin_Orders))
#5 D:\xammp\htdocs\ci4\system\CodeIgniter.php(320): CodeIgniter\CodeIgniter->handleRequest(NULL, Object(Config\Cache), false)
#6 D:\xammp\htdocs\ci4\index.php(37): CodeIgniter\CodeIgniter->run()
#7 {main}
INFO - 2022-03-09 13:45:18 --> Session: Class initialized using 'CodeIgniter\Session\Handlers\FileHandler' driver.
INFO - 2022-03-09 13:45:47 --> Session: Class initialized using 'CodeIgniter\Session\Handlers\FileHandler' driver.
INFO - 2022-03-09 13:51:53 --> Session: Class initialized using 'CodeIgniter\Session\Handlers\FileHandler' driver.
INFO - 2022-03-09 13:52:00 --> Session: Class initialized using 'CodeIgniter\Session\Handlers\FileHandler' driver.
INFO - 2022-03-09 13:52:06 --> Session: Class initialized using 'CodeIgniter\Session\Handlers\FileHandler' driver.
INFO - 2022-03-09 13:52:18 --> Session: Class initialized using 'CodeIgniter\Session\Handlers\FileHandler' driver.
INFO - 2022-03-09 13:52:36 --> Session: Class initialized using 'CodeIgniter\Session\Handlers\FileHandler' driver.
INFO - 2022-03-09 13:54:29 --> Session: Class initialized using 'CodeIgniter\Session\Handlers\FileHandler' driver.
INFO - 2022-03-09 14:09:00 --> Session: Class initialized using 'CodeIgniter\Session\Handlers\FileHandler' driver.
INFO - 2022-03-09 14:09:56 --> Session: Class initialized using 'CodeIgniter\Session\Handlers\FileHandler' driver.
INFO - 2022-03-09 14:10:19 --> Session: Class initialized using 'CodeIgniter\Session\Handlers\FileHandler' driver.
INFO - 2022-03-09 14:11:16 --> Session: Class initialized using 'CodeIgniter\Session\Handlers\FileHandler' driver.
INFO - 2022-03-09 14:12:15 --> Session: Class initialized using 'CodeIgniter\Session\Handlers\FileHandler' driver.
INFO - 2022-03-09 14:12:25 --> Session: Class initialized using 'CodeIgniter\Session\Handlers\FileHandler' driver.
INFO - 2022-03-09 14:12:55 --> Session: Class initialized using 'CodeIgniter\Session\Handlers\FileHandler' driver.
INFO - 2022-03-09 14:13:17 --> Session: Class initialized using 'CodeIgniter\Session\Handlers\FileHandler' driver.
INFO - 2022-03-09 14:13:32 --> Session: Class initialized using 'CodeIgniter\Session\Handlers\FileHandler' driver.
INFO - 2022-03-09 14:13:55 --> Session: Class initialized using 'CodeIgniter\Session\Handlers\FileHandler' driver.
INFO - 2022-03-09 14:15:57 --> Session: Class initialized using 'CodeIgniter\Session\Handlers\FileHandler' driver.
INFO - 2022-03-09 14:20:44 --> Session: Class initialized using 'CodeIgniter\Session\Handlers\FileHandler' driver.
INFO - 2022-03-09 14:21:15 --> Session: Class initialized using 'CodeIgniter\Session\Handlers\FileHandler' driver.
INFO - 2022-03-09 14:21:45 --> Session: Class initialized using 'CodeIgniter\Session\Handlers\FileHandler' driver.
INFO - 2022-03-09 14:22:10 --> Session: Class initialized using 'CodeIgniter\Session\Handlers\FileHandler' driver.
INFO - 2022-03-09 14:22:23 --> Session: Class initialized using 'CodeIgniter\Session\Handlers\FileHandler' driver.
INFO - 2022-03-09 23:00:43 --> Session: Class initialized using 'CodeIgniter\Session\Handlers\FileHandler' driver.
INFO - 2022-03-09 23:00:43 --> Session: Class initialized using 'CodeIgniter\Session\Handlers\FileHandler' driver.
INFO - 2022-03-09 23:03:29 --> Session: Class initialized using 'CodeIgniter\Session\Handlers\FileHandler' driver.
INFO - 2022-03-09 23:04:41 --> Session: Class initialized using 'CodeIgniter\Session\Handlers\FileHandler' driver.
INFO - 2022-03-09 23:04:48 --> Session: Class initialized using 'CodeIgniter\Session\Handlers\FileHandler' driver.
INFO - 2022-03-09 23:04:48 --> Session: Class initialized using 'CodeIgniter\Session\Handlers\FileHandler' driver.
INFO - 2022-03-09 23:05:14 --> Session: Class initialized using 'CodeIgniter\Session\Handlers\FileHandler' driver.
INFO - 2022-03-09 23:05:43 --> Session: Class initialized using 'CodeIgniter\Session\Handlers\FileHandler' driver.
INFO - 2022-03-09 23:06:50 --> Session: Class initialized using 'CodeIgniter\Session\Handlers\FileHandler' driver.
CRITICAL - 2022-03-09 23:09:13 --> syntax error, unexpected ';', expecting ':'
#0 D:\xammp\htdocs\ci4\system\View\View.php(213): CodeIgniter\View\View->CodeIgniter\View\{closure}()
#1 D:\xammp\htdocs\ci4\system\Common.php(1089): CodeIgniter\View\View->render('admin/orders', Array, true)
#2 D:\xammp\htdocs\ci4\app\Controllers\Admin_Orders.php(18): view('admin/orders', Array)
#3 D:\xammp\htdocs\ci4\system\CodeIgniter.php(825): App\Controllers\Admin_Orders->index()
#4 D:\xammp\htdocs\ci4\system\CodeIgniter.php(412): CodeIgniter\CodeIgniter->runController(Object(App\Controllers\Admin_Orders))
#5 D:\xammp\htdocs\ci4\system\CodeIgniter.php(320): CodeIgniter\CodeIgniter->handleRequest(NULL, Object(Config\Cache), false)
#6 D:\xammp\htdocs\ci4\index.php(37): CodeIgniter\CodeIgniter->run()
#7 {main}
CRITICAL - 2022-03-09 23:09:20 --> syntax error, unexpected 'elseif' (T_ELSEIF)
#0 D:\xammp\htdocs\ci4\system\View\View.php(213): CodeIgniter\View\View->CodeIgniter\View\{closure}()
#1 D:\xammp\htdocs\ci4\system\Common.php(1089): CodeIgniter\View\View->render('admin/orders', Array, true)
#2 D:\xammp\htdocs\ci4\app\Controllers\Admin_Orders.php(18): view('admin/orders', Array)
#3 D:\xammp\htdocs\ci4\system\CodeIgniter.php(825): App\Controllers\Admin_Orders->index()
#4 D:\xammp\htdocs\ci4\system\CodeIgniter.php(412): CodeIgniter\CodeIgniter->runController(Object(App\Controllers\Admin_Orders))
#5 D:\xammp\htdocs\ci4\system\CodeIgniter.php(320): CodeIgniter\CodeIgniter->handleRequest(NULL, Object(Config\Cache), false)
#6 D:\xammp\htdocs\ci4\index.php(37): CodeIgniter\CodeIgniter->run()
#7 {main}
INFO - 2022-03-09 23:09:30 --> Session: Class initialized using 'CodeIgniter\Session\Handlers\FileHandler' driver.
INFO - 2022-03-09 23:18:02 --> Session: Class initialized using 'CodeIgniter\Session\Handlers\FileHandler' driver.
INFO - 2022-03-09 23:18:08 --> Session: Class initialized using 'CodeIgniter\Session\Handlers\FileHandler' driver.
INFO - 2022-03-09 23:18:08 --> Session: Class initialized using 'CodeIgniter\Session\Handlers\FileHandler' driver.
INFO - 2022-03-09 23:18:40 --> Session: Class initialized using 'CodeIgniter\Session\Handlers\FileHandler' driver.
INFO - 2022-03-09 23:18:40 --> Session: Class initialized using 'CodeIgniter\Session\Handlers\FileHandler' driver.
INFO - 2022-03-09 23:18:42 --> Session: Class initialized using 'CodeIgniter\Session\Handlers\FileHandler' driver.
INFO - 2022-03-09 23:18:43 --> Session: Class initialized using 'CodeIgniter\Session\Handlers\FileHandler' driver.
INFO - 2022-03-09 23:18:44 --> Session: Class initialized using 'CodeIgniter\Session\Handlers\FileHandler' driver.
INFO - 2022-03-09 23:18:44 --> Session: Class initialized using 'CodeIgniter\Session\Handlers\FileHandler' driver.
INFO - 2022-03-09 23:18:46 --> Session: Class initialized using 'CodeIgniter\Session\Handlers\FileHandler' driver.
INFO - 2022-03-09 23:18:46 --> Session: Class initialized using 'CodeIgniter\Session\Handlers\FileHandler' driver.
INFO - 2022-03-09 23:18:55 --> Session: Class initialized using 'CodeIgniter\Session\Handlers\FileHandler' driver.
INFO - 2022-03-09 23:18:55 --> Session: Class initialized using 'CodeIgniter\Session\Handlers\FileHandler' driver.
INFO - 2022-03-09 23:19:36 --> Session: Class initialized using 'CodeIgniter\Session\Handlers\FileHandler' driver.
CRITICAL - 2022-03-09 23:27:27 --> Undefined variable: order
#0 D:\xammp\htdocs\ci4\app\Views\admin\order_details.php(347): CodeIgniter\Debug\Exceptions->errorHandler(8, 'Undefined varia...', 'D:\\xammp\\htdocs...', 347, Array)
#1 D:\xammp\htdocs\ci4\system\View\View.php(210): include('D:\\xammp\\htdocs...')
#2 D:\xammp\htdocs\ci4\system\View\View.php(213): CodeIgniter\View\View->CodeIgniter\View\{closure}()
#3 D:\xammp\htdocs\ci4\system\Common.php(1089): CodeIgniter\View\View->render('admin/order_det...', Array, true)
#4 D:\xammp\htdocs\ci4\app\Controllers\Admin_Orders.php(39): view('admin/order_det...', Array)
#5 D:\xammp\htdocs\ci4\system\CodeIgniter.php(825): App\Controllers\Admin_Orders->OrderDetailsView('2')
#6 D:\xammp\htdocs\ci4\system\CodeIgniter.php(412): CodeIgniter\CodeIgniter->runController(Object(App\Controllers\Admin_Orders))
#7 D:\xammp\htdocs\ci4\system\CodeIgniter.php(320): CodeIgniter\CodeIgniter->handleRequest(NULL, Object(Config\Cache), false)
#8 D:\xammp\htdocs\ci4\index.php(37): CodeIgniter\CodeIgniter->run()
#9 {main}
CRITICAL - 2022-03-09 23:27:47 --> Cannot use object of type App\Models\Orders_Model as array
#0 D:\xammp\htdocs\ci4\system\View\View.php(210): include()
#1 D:\xammp\htdocs\ci4\system\View\View.php(213): CodeIgniter\View\View->CodeIgniter\View\{closure}()
#2 D:\xammp\htdocs\ci4\system\Common.php(1089): CodeIgniter\View\View->render('admin/order_det...', Array, true)
#3 D:\xammp\htdocs\ci4\app\Controllers\Admin_Orders.php(39): view('admin/order_det...', Array)
#4 D:\xammp\htdocs\ci4\system\CodeIgniter.php(825): App\Controllers\Admin_Orders->OrderDetailsView('2')
#5 D:\xammp\htdocs\ci4\system\CodeIgniter.php(412): CodeIgniter\CodeIgniter->runController(Object(App\Controllers\Admin_Orders))
#6 D:\xammp\htdocs\ci4\system\CodeIgniter.php(320): CodeIgniter\CodeIgniter->handleRequest(NULL, Object(Config\Cache), false)
#7 D:\xammp\htdocs\ci4\index.php(37): CodeIgniter\CodeIgniter->run()
#8 {main}
INFO - 2022-03-09 23:28:38 --> Session: Class initialized using 'CodeIgniter\Session\Handlers\FileHandler' driver.
CRITICAL - 2022-03-09 23:28:38 --> Cannot use object of type App\Models\Orders_Model as array
#0 D:\xammp\htdocs\ci4\system\View\View.php(210): include()
#1 D:\xammp\htdocs\ci4\system\View\View.php(213): CodeIgniter\View\View->CodeIgniter\View\{closure}()
#2 D:\xammp\htdocs\ci4\system\Common.php(1089): CodeIgniter\View\View->render('admin/order_det...', Array, true)
#3 D:\xammp\htdocs\ci4\app\Controllers\Admin_Orders.php(39): view('admin/order_det...', Array)
#4 D:\xammp\htdocs\ci4\system\CodeIgniter.php(825): App\Controllers\Admin_Orders->OrderDetailsView('2')
#5 D:\xammp\htdocs\ci4\system\CodeIgniter.php(412): CodeIgniter\CodeIgniter->runController(Object(App\Controllers\Admin_Orders))
#6 D:\xammp\htdocs\ci4\system\CodeIgniter.php(320): CodeIgniter\CodeIgniter->handleRequest(NULL, Object(Config\Cache), false)
#7 D:\xammp\htdocs\ci4\index.php(37): CodeIgniter\CodeIgniter->run()
#8 {main}
INFO - 2022-03-09 23:29:49 --> Session: Class initialized using 'CodeIgniter\Session\Handlers\FileHandler' driver.
INFO - 2022-03-09 23:29:52 --> Session: Class initialized using 'CodeIgniter\Session\Handlers\FileHandler' driver.
INFO - 2022-03-09 23:29:55 --> Session: Class initialized using 'CodeIgniter\Session\Handlers\FileHandler' driver.
CRITICAL - 2022-03-09 23:29:55 --> Cannot use object of type App\Models\Orders_Model as array
#0 D:\xammp\htdocs\ci4\system\View\View.php(210): include()
#1 D:\xammp\htdocs\ci4\system\View\View.php(213): CodeIgniter\View\View->CodeIgniter\View\{closure}()
#2 D:\xammp\htdocs\ci4\system\Common.php(1089): CodeIgniter\View\View->render('admin/order_det...', Array, true)
#3 D:\xammp\htdocs\ci4\app\Controllers\Admin_Orders.php(39): view('admin/order_det...', Array)
#4 D:\xammp\htdocs\ci4\system\CodeIgniter.php(825): App\Controllers\Admin_Orders->OrderDetailsView('2')
#5 D:\xammp\htdocs\ci4\system\CodeIgniter.php(412): CodeIgniter\CodeIgniter->runController(Object(App\Controllers\Admin_Orders))
#6 D:\xammp\htdocs\ci4\system\CodeIgniter.php(320): CodeIgniter\CodeIgniter->handleRequest(NULL, Object(Config\Cache), false)
#7 D:\xammp\htdocs\ci4\index.php(37): CodeIgniter\CodeIgniter->run()
#8 {main}
INFO - 2022-03-09 23:30:41 --> Session: Class initialized using 'CodeIgniter\Session\Handlers\FileHandler' driver.
INFO - 2022-03-09 23:31:09 --> Session: Class initialized using 'CodeIgniter\Session\Handlers\FileHandler' driver.
INFO - 2022-03-09 23:36:09 --> Session: Class initialized using 'CodeIgniter\Session\Handlers\FileHandler' driver.
INFO - 2022-03-09 23:36:38 --> Session: Class initialized using 'CodeIgniter\Session\Handlers\FileHandler' driver.
CRITICAL - 2022-03-09 23:36:38 --> Undefined index: cust_name
#0 D:\xammp\htdocs\ci4\app\Views\admin\order_details.php(80): CodeIgniter\Debug\Exceptions->errorHandler(8, 'Undefined index...', 'D:\\xammp\\htdocs...', 80, Array)
#1 D:\xammp\htdocs\ci4\system\View\View.php(210): include('D:\\xammp\\htdocs...')
#2 D:\xammp\htdocs\ci4\system\View\View.php(213): CodeIgniter\View\View->CodeIgniter\View\{closure}()
#3 D:\xammp\htdocs\ci4\system\Common.php(1089): CodeIgniter\View\View->render('admin/order_det...', Array, true)
#4 D:\xammp\htdocs\ci4\app\Controllers\Admin_Orders.php(42): view('admin/order_det...', Array)
#5 D:\xammp\htdocs\ci4\system\CodeIgniter.php(825): App\Controllers\Admin_Orders->OrderDetailsView('2')
#6 D:\xammp\htdocs\ci4\system\CodeIgniter.php(412): CodeIgniter\CodeIgniter->runController(Object(App\Controllers\Admin_Orders))
#7 D:\xammp\htdocs\ci4\system\CodeIgniter.php(320): CodeIgniter\CodeIgniter->handleRequest(NULL, Object(Config\Cache), false)
#8 D:\xammp\htdocs\ci4\index.php(37): CodeIgniter\CodeIgniter->run()
#9 {main}
INFO - 2022-03-09 23:37:15 --> Session: Class initialized using 'CodeIgniter\Session\Handlers\FileHandler' driver.
INFO - 2022-03-09 23:37:22 --> Session: Class initialized using 'CodeIgniter\Session\Handlers\FileHandler' driver.
CRITICAL - 2022-03-09 23:37:22 --> Undefined index: cust_name
#0 D:\xammp\htdocs\ci4\app\Views\admin\order_details.php(80): CodeIgniter\Debug\Exceptions->errorHandler(8, 'Undefined index...', 'D:\\xammp\\htdocs...', 80, Array)
#1 D:\xammp\htdocs\ci4\system\View\View.php(210): include('D:\\xammp\\htdocs...')
#2 D:\xammp\htdocs\ci4\system\View\View.php(213): CodeIgniter\View\View->CodeIgniter\View\{closure}()
#3 D:\xammp\htdocs\ci4\system\Common.php(1089): CodeIgniter\View\View->render('admin/order_det...', Array, true)
#4 D:\xammp\htdocs\ci4\app\Controllers\Admin_Orders.php(42): view('admin/order_det...', Array)
#5 D:\xammp\htdocs\ci4\system\CodeIgniter.php(825): App\Controllers\Admin_Orders->OrderDetailsView('2')
#6 D:\xammp\htdocs\ci4\system\CodeIgniter.php(412): CodeIgniter\CodeIgniter->runController(Object(App\Controllers\Admin_Orders))
#7 D:\xammp\htdocs\ci4\system\CodeIgniter.php(320): CodeIgniter\CodeIgniter->handleRequest(NULL, Object(Config\Cache), false)
#8 D:\xammp\htdocs\ci4\index.php(37): CodeIgniter\CodeIgniter->run()
#9 {main}
CRITICAL - 2022-03-09 23:39:46 --> syntax error, unexpected '19' (T_LNUMBER), expecting variable (T_VARIABLE) or '{' or '$'
#0 D:\xammp\htdocs\ci4\system\Autoloader\Autoloader.php(241): CodeIgniter\Autoloader\Autoloader->includeFile('D:\\xammp\\htdocs...')
#1 D:\xammp\htdocs\ci4\system\Autoloader\Autoloader.php(219): CodeIgniter\Autoloader\Autoloader->loadInNamespace('App\\Controllers...')
#2 [internal function]: CodeIgniter\Autoloader\Autoloader->loadClass('App\\Controllers...')
#3 [internal function]: spl_autoload_call('App\\Controllers...')
#4 D:\xammp\htdocs\ci4\system\CodeIgniter.php(790): class_exists('\\App\\Controller...', true)
#5 D:\xammp\htdocs\ci4\system\CodeIgniter.php(399): CodeIgniter\CodeIgniter->startController()
#6 D:\xammp\htdocs\ci4\system\CodeIgniter.php(320): CodeIgniter\CodeIgniter->handleRequest(NULL, Object(Config\Cache), false)
#7 D:\xammp\htdocs\ci4\index.php(37): CodeIgniter\CodeIgniter->run()
#8 {main}
INFO - 2022-03-09 23:40:23 --> Session: Class initialized using 'CodeIgniter\Session\Handlers\FileHandler' driver.
INFO - 2022-03-09 23:40:38 --> Session: Class initialized using 'CodeIgniter\Session\Handlers\FileHandler' driver.
INFO - 2022-03-09 23:42:26 --> Session: Class initialized using 'CodeIgniter\Session\Handlers\FileHandler' driver.
INFO - 2022-03-09 23:43:36 --> Session: Class initialized using 'CodeIgniter\Session\Handlers\FileHandler' driver.
INFO - 2022-03-09 23:46:11 --> Session: Class initialized using 'CodeIgniter\Session\Handlers\FileHandler' driver.
CRITICAL - 2022-03-09 23:46:11 --> Trying to access array offset on value of type null
#0 D:\xammp\htdocs\ci4\app\Views\admin\order_details.php(80): CodeIgniter\Debug\Exceptions->errorHandler(8, 'Trying to acces...', 'D:\\xammp\\htdocs...', 80, Array)
#1 D:\xammp\htdocs\ci4\system\View\View.php(210): include('D:\\xammp\\htdocs...')
#2 D:\xammp\htdocs\ci4\system\View\View.php(213): CodeIgniter\View\View->CodeIgniter\View\{closure}()
#3 D:\xammp\htdocs\ci4\system\Common.php(1089): CodeIgniter\View\View->render('admin/order_det...', Array, true)
#4 D:\xammp\htdocs\ci4\app\Controllers\Admin_Orders.php(40): view('admin/order_det...', Array)
#5 D:\xammp\htdocs\ci4\system\CodeIgniter.php(825): App\Controllers\Admin_Orders->OrderDetailsView('2')
#6 D:\xammp\htdocs\ci4\system\CodeIgniter.php(412): CodeIgniter\CodeIgniter->runController(Object(App\Controllers\Admin_Orders))
#7 D:\xammp\htdocs\ci4\system\CodeIgniter.php(320): CodeIgniter\CodeIgniter->handleRequest(NULL, Object(Config\Cache), false)
#8 D:\xammp\htdocs\ci4\index.php(37): CodeIgniter\CodeIgniter->run()
#9 {main}
INFO - 2022-03-09 23:46:29 --> Session: Class initialized using 'CodeIgniter\Session\Handlers\FileHandler' driver.
CRITICAL - 2022-03-09 23:46:29 --> Trying to access array offset on value of type null
#0 D:\xammp\htdocs\ci4\app\Views\admin\order_details.php(80): CodeIgniter\Debug\Exceptions->errorHandler(8, 'Trying to acces...', 'D:\\xammp\\htdocs...', 80, Array)
#1 D:\xammp\htdocs\ci4\system\View\View.php(210): include('D:\\xammp\\htdocs...')
#2 D:\xammp\htdocs\ci4\system\View\View.php(213): CodeIgniter\View\View->CodeIgniter\View\{closure}()
#3 D:\xammp\htdocs\ci4\system\Common.php(1089): CodeIgniter\View\View->render('admin/order_det...', Array, true)
#4 D:\xammp\htdocs\ci4\app\Controllers\Admin_Orders.php(40): view('admin/order_det...', Array)
#5 D:\xammp\htdocs\ci4\system\CodeIgniter.php(825): App\Controllers\Admin_Orders->OrderDetailsView('2')
#6 D:\xammp\htdocs\ci4\system\CodeIgniter.php(412): CodeIgniter\CodeIgniter->runController(Object(App\Controllers\Admin_Orders))
#7 D:\xammp\htdocs\ci4\system\CodeIgniter.php(320): CodeIgniter\CodeIgniter->handleRequest(NULL, Object(Config\Cache), false)
#8 D:\xammp\htdocs\ci4\index.php(37): CodeIgniter\CodeIgniter->run()
#9 {main}
INFO - 2022-03-09 23:46:40 --> Session: Class initialized using 'CodeIgniter\Session\Handlers\FileHandler' driver.
INFO - 2022-03-09 23:46:55 --> Session: Class initialized using 'CodeIgniter\Session\Handlers\FileHandler' driver.
INFO - 2022-03-09 23:46:55 --> Session: Class initialized using 'CodeIgniter\Session\Handlers\FileHandler' driver.
INFO - 2022-03-09 23:47:03 --> Session: Class initialized using 'CodeIgniter\Session\Handlers\FileHandler' driver.
INFO - 2022-03-09 23:47:04 --> Session: Class initialized using 'CodeIgniter\Session\Handlers\FileHandler' driver.
INFO - 2022-03-09 23:47:05 --> Session: Class initialized using 'CodeIgniter\Session\Handlers\FileHandler' driver.
INFO - 2022-03-09 23:47:08 --> Session: Class initialized using 'CodeIgniter\Session\Handlers\FileHandler' driver.
INFO - 2022-03-09 23:49:05 --> Session: Class initialized using 'CodeIgniter\Session\Handlers\FileHandler' driver.
INFO - 2022-03-09 23:49:59 --> Session: Class initialized using 'CodeIgniter\Session\Handlers\FileHandler' driver.
INFO - 2022-03-09 23:54:12 --> Session: Class initialized using 'CodeIgniter\Session\Handlers\FileHandler' driver.
INFO - 2022-03-09 23:56:13 --> Session: Class initialized using 'CodeIgniter\Session\Handlers\FileHandler' driver.
INFO - 2022-03-09 23:56:56 --> Session: Class initialized using 'CodeIgniter\Session\Handlers\FileHandler' driver.
