INFO - 2022-03-28 05:29:38 --> Session: Class initialized using 'CodeIgniter\Session\Handlers\FileHandler' driver.
INFO - 2022-03-28 05:29:38 --> Cart Class Initialized
INFO - 2022-03-28 05:29:41 --> Session: Class initialized using 'CodeIgniter\Session\Handlers\FileHandler' driver.
INFO - 2022-03-28 05:29:41 --> Cart Class Initialized
INFO - 2022-03-28 05:29:44 --> Session: Class initialized using 'CodeIgniter\Session\Handlers\FileHandler' driver.
INFO - 2022-03-28 05:29:44 --> Cart Class Initialized
INFO - 2022-03-28 05:29:44 --> Session: Class initialized using 'CodeIgniter\Session\Handlers\FileHandler' driver.
INFO - 2022-03-28 05:29:44 --> Cart Class Initialized
INFO - 2022-03-28 05:29:59 --> Session: Class initialized using 'CodeIgniter\Session\Handlers\FileHandler' driver.
INFO - 2022-03-28 05:30:06 --> Cart Class Initialized
INFO - 2022-03-28 05:30:06 --> Session: Class initialized using 'CodeIgniter\Session\Handlers\FileHandler' driver.
INFO - 2022-03-28 05:30:06 --> Cart Class Initialized
INFO - 2022-03-28 05:30:06 --> Session: Class initialized using 'CodeIgniter\Session\Handlers\FileHandler' driver.
INFO - 2022-03-28 05:30:06 --> Cart Class Initialized
INFO - 2022-03-28 05:30:08 --> Session: Class initialized using 'CodeIgniter\Session\Handlers\FileHandler' driver.
INFO - 2022-03-28 05:30:08 --> Cart Class Initialized
INFO - 2022-03-28 05:30:22 --> Session: Class initialized using 'CodeIgniter\Session\Handlers\FileHandler' driver.
INFO - 2022-03-28 05:30:22 --> Cart Class Initialized
INFO - 2022-03-28 05:30:25 --> Session: Class initialized using 'CodeIgniter\Session\Handlers\FileHandler' driver.
INFO - 2022-03-28 05:30:25 --> Cart Class Initialized
INFO - 2022-03-28 05:30:33 --> Session: Class initialized using 'CodeIgniter\Session\Handlers\FileHandler' driver.
INFO - 2022-03-28 05:30:33 --> Cart Class Initialized
INFO - 2022-03-28 05:30:34 --> Session: Class initialized using 'CodeIgniter\Session\Handlers\FileHandler' driver.
INFO - 2022-03-28 05:30:34 --> Cart Class Initialized
INFO - 2022-03-28 05:30:35 --> Session: Class initialized using 'CodeIgniter\Session\Handlers\FileHandler' driver.
INFO - 2022-03-28 05:30:35 --> Cart Class Initialized
INFO - 2022-03-28 05:30:36 --> Session: Class initialized using 'CodeIgniter\Session\Handlers\FileHandler' driver.
INFO - 2022-03-28 05:30:36 --> Cart Class Initialized
INFO - 2022-03-28 05:30:37 --> Session: Class initialized using 'CodeIgniter\Session\Handlers\FileHandler' driver.
INFO - 2022-03-28 05:30:37 --> Cart Class Initialized
INFO - 2022-03-28 05:30:37 --> Session: Class initialized using 'CodeIgniter\Session\Handlers\FileHandler' driver.
INFO - 2022-03-28 05:30:37 --> Cart Class Initialized
INFO - 2022-03-28 05:31:38 --> Session: Class initialized using 'CodeIgniter\Session\Handlers\FileHandler' driver.
INFO - 2022-03-28 05:31:38 --> Cart Class Initialized
INFO - 2022-03-28 05:31:39 --> Session: Class initialized using 'CodeIgniter\Session\Handlers\FileHandler' driver.
INFO - 2022-03-28 05:31:39 --> Cart Class Initialized
INFO - 2022-03-28 05:31:39 --> Session: Class initialized using 'CodeIgniter\Session\Handlers\FileHandler' driver.
INFO - 2022-03-28 05:31:39 --> Cart Class Initialized
INFO - 2022-03-28 05:31:40 --> Session: Class initialized using 'CodeIgniter\Session\Handlers\FileHandler' driver.
INFO - 2022-03-28 05:31:40 --> Cart Class Initialized
INFO - 2022-03-28 05:31:43 --> Session: Class initialized using 'CodeIgniter\Session\Handlers\FileHandler' driver.
INFO - 2022-03-28 05:31:43 --> Cart Class Initialized
INFO - 2022-03-28 05:31:44 --> Session: Class initialized using 'CodeIgniter\Session\Handlers\FileHandler' driver.
INFO - 2022-03-28 05:31:44 --> Cart Class Initialized
INFO - 2022-03-28 06:14:10 --> Session: Class initialized using 'CodeIgniter\Session\Handlers\FileHandler' driver.
INFO - 2022-03-28 06:14:10 --> Cart Class Initialized
INFO - 2022-03-28 06:14:28 --> Session: Class initialized using 'CodeIgniter\Session\Handlers\FileHandler' driver.
INFO - 2022-03-28 06:14:28 --> Cart Class Initialized
INFO - 2022-03-28 06:14:28 --> Session: Class initialized using 'CodeIgniter\Session\Handlers\FileHandler' driver.
INFO - 2022-03-28 06:14:28 --> Cart Class Initialized
INFO - 2022-03-28 06:14:33 --> Session: Class initialized using 'CodeIgniter\Session\Handlers\FileHandler' driver.
INFO - 2022-03-28 06:14:33 --> Cart Class Initialized
INFO - 2022-03-28 06:14:33 --> Session: Class initialized using 'CodeIgniter\Session\Handlers\FileHandler' driver.
INFO - 2022-03-28 06:14:33 --> Cart Class Initialized
INFO - 2022-03-28 06:14:37 --> Session: Class initialized using 'CodeIgniter\Session\Handlers\FileHandler' driver.
INFO - 2022-03-28 06:14:37 --> Cart Class Initialized
INFO - 2022-03-28 06:14:38 --> Session: Class initialized using 'CodeIgniter\Session\Handlers\FileHandler' driver.
INFO - 2022-03-28 06:14:38 --> Cart Class Initialized
INFO - 2022-03-28 06:14:45 --> Session: Class initialized using 'CodeIgniter\Session\Handlers\FileHandler' driver.
INFO - 2022-03-28 06:14:45 --> Cart Class Initialized
INFO - 2022-03-28 06:14:46 --> Session: Class initialized using 'CodeIgniter\Session\Handlers\FileHandler' driver.
INFO - 2022-03-28 06:14:46 --> Cart Class Initialized
INFO - 2022-03-28 06:15:24 --> Session: Class initialized using 'CodeIgniter\Session\Handlers\FileHandler' driver.
INFO - 2022-03-28 06:15:24 --> Cart Class Initialized
INFO - 2022-03-28 06:15:28 --> Session: Class initialized using 'CodeIgniter\Session\Handlers\FileHandler' driver.
INFO - 2022-03-28 06:15:28 --> Cart Class Initialized
INFO - 2022-03-28 06:32:20 --> Session: Class initialized using 'CodeIgniter\Session\Handlers\FileHandler' driver.
INFO - 2022-03-28 06:32:20 --> Cart Class Initialized
INFO - 2022-03-28 06:32:21 --> Session: Class initialized using 'CodeIgniter\Session\Handlers\FileHandler' driver.
INFO - 2022-03-28 06:32:21 --> Cart Class Initialized
INFO - 2022-03-28 06:32:24 --> Session: Class initialized using 'CodeIgniter\Session\Handlers\FileHandler' driver.
INFO - 2022-03-28 06:32:24 --> Cart Class Initialized
INFO - 2022-03-28 06:32:24 --> Session: Class initialized using 'CodeIgniter\Session\Handlers\FileHandler' driver.
INFO - 2022-03-28 06:32:24 --> Cart Class Initialized
INFO - 2022-03-28 06:32:28 --> Session: Class initialized using 'CodeIgniter\Session\Handlers\FileHandler' driver.
INFO - 2022-03-28 06:32:28 --> Cart Class Initialized
INFO - 2022-03-28 06:32:29 --> Session: Class initialized using 'CodeIgniter\Session\Handlers\FileHandler' driver.
INFO - 2022-03-28 06:32:29 --> Cart Class Initialized
INFO - 2022-03-28 06:32:31 --> Session: Class initialized using 'CodeIgniter\Session\Handlers\FileHandler' driver.
INFO - 2022-03-28 06:32:31 --> Cart Class Initialized
INFO - 2022-03-28 06:32:31 --> Session: Class initialized using 'CodeIgniter\Session\Handlers\FileHandler' driver.
INFO - 2022-03-28 06:32:31 --> Cart Class Initialized
INFO - 2022-03-28 06:32:34 --> Session: Class initialized using 'CodeIgniter\Session\Handlers\FileHandler' driver.
INFO - 2022-03-28 06:32:34 --> Cart Class Initialized
INFO - 2022-03-28 06:32:35 --> Session: Class initialized using 'CodeIgniter\Session\Handlers\FileHandler' driver.
INFO - 2022-03-28 06:32:35 --> Cart Class Initialized
INFO - 2022-03-28 06:32:39 --> Session: Class initialized using 'CodeIgniter\Session\Handlers\FileHandler' driver.
INFO - 2022-03-28 06:32:39 --> Cart Class Initialized
CRITICAL - 2022-03-28 06:32:39 --> Undefined variable: title
#0 D:\xammp\htdocs\ci4\app\Views\includes\head.php(10): CodeIgniter\Debug\Exceptions->errorHandler(8, 'Undefined varia...', 'D:\\xammp\\htdocs...', 10, Array)
#1 D:\xammp\htdocs\ci4\app\Views\checkout.php(2): include('D:\\xammp\\htdocs...')
#2 D:\xammp\htdocs\ci4\system\View\View.php(210): include('D:\\xammp\\htdocs...')
#3 D:\xammp\htdocs\ci4\system\View\View.php(213): CodeIgniter\View\View->CodeIgniter\View\{closure}()
#4 D:\xammp\htdocs\ci4\system\Common.php(1089): CodeIgniter\View\View->render('checkout.php', Array, true)
#5 D:\xammp\htdocs\ci4\app\Controllers\Checkout.php(13): view('checkout.php')
#6 D:\xammp\htdocs\ci4\system\CodeIgniter.php(825): App\Controllers\Checkout->index()
#7 D:\xammp\htdocs\ci4\system\CodeIgniter.php(412): CodeIgniter\CodeIgniter->runController(Object(App\Controllers\Checkout))
#8 D:\xammp\htdocs\ci4\system\CodeIgniter.php(320): CodeIgniter\CodeIgniter->handleRequest(NULL, Object(Config\Cache), false)
#9 D:\xammp\htdocs\ci4\index.php(37): CodeIgniter\CodeIgniter->run()
#10 {main}
INFO - 2022-03-28 06:33:45 --> Session: Class initialized using 'CodeIgniter\Session\Handlers\FileHandler' driver.
INFO - 2022-03-28 06:33:45 --> Cart Class Initialized
CRITICAL - 2022-03-28 06:33:45 --> Undefined variable: contact
#0 D:\xammp\htdocs\ci4\app\Views\includes\header.php(45): CodeIgniter\Debug\Exceptions->errorHandler(8, 'Undefined varia...', 'D:\\xammp\\htdocs...', 45, Array)
#1 D:\xammp\htdocs\ci4\app\Views\checkout.php(3): include('D:\\xammp\\htdocs...')
#2 D:\xammp\htdocs\ci4\system\View\View.php(210): include('D:\\xammp\\htdocs...')
#3 D:\xammp\htdocs\ci4\system\View\View.php(213): CodeIgniter\View\View->CodeIgniter\View\{closure}()
#4 D:\xammp\htdocs\ci4\system\Common.php(1089): CodeIgniter\View\View->render('checkout.php', Array, true)
#5 D:\xammp\htdocs\ci4\app\Controllers\Checkout.php(15): view('checkout.php', Array)
#6 D:\xammp\htdocs\ci4\system\CodeIgniter.php(825): App\Controllers\Checkout->index()
#7 D:\xammp\htdocs\ci4\system\CodeIgniter.php(412): CodeIgniter\CodeIgniter->runController(Object(App\Controllers\Checkout))
#8 D:\xammp\htdocs\ci4\system\CodeIgniter.php(320): CodeIgniter\CodeIgniter->handleRequest(NULL, Object(Config\Cache), false)
#9 D:\xammp\htdocs\ci4\index.php(37): CodeIgniter\CodeIgniter->run()
#10 {main}
INFO - 2022-03-28 06:37:16 --> Session: Class initialized using 'CodeIgniter\Session\Handlers\FileHandler' driver.
INFO - 2022-03-28 06:37:16 --> Cart Class Initialized
INFO - 2022-03-28 06:37:49 --> Session: Class initialized using 'CodeIgniter\Session\Handlers\FileHandler' driver.
INFO - 2022-03-28 06:37:49 --> Cart Class Initialized
CRITICAL - 2022-03-28 06:37:50 --> Undefined variable: products
#0 D:\xammp\htdocs\ci4\app\Views\checkout.php(67): CodeIgniter\Debug\Exceptions->errorHandler(8, 'Undefined varia...', 'D:\\xammp\\htdocs...', 67, Array)
#1 D:\xammp\htdocs\ci4\system\View\View.php(210): include('D:\\xammp\\htdocs...')
#2 D:\xammp\htdocs\ci4\system\View\View.php(213): CodeIgniter\View\View->CodeIgniter\View\{closure}()
#3 D:\xammp\htdocs\ci4\system\Common.php(1089): CodeIgniter\View\View->render('checkout.php', Array, true)
#4 D:\xammp\htdocs\ci4\app\Controllers\Checkout.php(30): view('checkout.php', Array)
#5 D:\xammp\htdocs\ci4\system\CodeIgniter.php(825): App\Controllers\Checkout->index()
#6 D:\xammp\htdocs\ci4\system\CodeIgniter.php(412): CodeIgniter\CodeIgniter->runController(Object(App\Controllers\Checkout))
#7 D:\xammp\htdocs\ci4\system\CodeIgniter.php(320): CodeIgniter\CodeIgniter->handleRequest(NULL, Object(Config\Cache), false)
#8 D:\xammp\htdocs\ci4\index.php(37): CodeIgniter\CodeIgniter->run()
#9 {main}
INFO - 2022-03-28 06:39:05 --> Session: Class initialized using 'CodeIgniter\Session\Handlers\FileHandler' driver.
INFO - 2022-03-28 06:39:05 --> Cart Class Initialized
CRITICAL - 2022-03-28 06:39:05 --> Undefined variable: products
#0 D:\xammp\htdocs\ci4\app\Views\checkout.php(69): CodeIgniter\Debug\Exceptions->errorHandler(8, 'Undefined varia...', 'D:\\xammp\\htdocs...', 69, Array)
#1 D:\xammp\htdocs\ci4\system\View\View.php(210): include('D:\\xammp\\htdocs...')
#2 D:\xammp\htdocs\ci4\system\View\View.php(213): CodeIgniter\View\View->CodeIgniter\View\{closure}()
#3 D:\xammp\htdocs\ci4\system\Common.php(1089): CodeIgniter\View\View->render('checkout.php', Array, true)
#4 D:\xammp\htdocs\ci4\app\Controllers\Checkout.php(30): view('checkout.php', Array)
#5 D:\xammp\htdocs\ci4\system\CodeIgniter.php(825): App\Controllers\Checkout->index()
#6 D:\xammp\htdocs\ci4\system\CodeIgniter.php(412): CodeIgniter\CodeIgniter->runController(Object(App\Controllers\Checkout))
#7 D:\xammp\htdocs\ci4\system\CodeIgniter.php(320): CodeIgniter\CodeIgniter->handleRequest(NULL, Object(Config\Cache), false)
#8 D:\xammp\htdocs\ci4\index.php(37): CodeIgniter\CodeIgniter->run()
#9 {main}
INFO - 2022-03-28 06:39:06 --> Session: Class initialized using 'CodeIgniter\Session\Handlers\FileHandler' driver.
INFO - 2022-03-28 06:39:06 --> Cart Class Initialized
CRITICAL - 2022-03-28 06:39:06 --> Undefined variable: products
#0 D:\xammp\htdocs\ci4\app\Views\checkout.php(69): CodeIgniter\Debug\Exceptions->errorHandler(8, 'Undefined varia...', 'D:\\xammp\\htdocs...', 69, Array)
#1 D:\xammp\htdocs\ci4\system\View\View.php(210): include('D:\\xammp\\htdocs...')
#2 D:\xammp\htdocs\ci4\system\View\View.php(213): CodeIgniter\View\View->CodeIgniter\View\{closure}()
#3 D:\xammp\htdocs\ci4\system\Common.php(1089): CodeIgniter\View\View->render('checkout.php', Array, true)
#4 D:\xammp\htdocs\ci4\app\Controllers\Checkout.php(30): view('checkout.php', Array)
#5 D:\xammp\htdocs\ci4\system\CodeIgniter.php(825): App\Controllers\Checkout->index()
#6 D:\xammp\htdocs\ci4\system\CodeIgniter.php(412): CodeIgniter\CodeIgniter->runController(Object(App\Controllers\Checkout))
#7 D:\xammp\htdocs\ci4\system\CodeIgniter.php(320): CodeIgniter\CodeIgniter->handleRequest(NULL, Object(Config\Cache), false)
#8 D:\xammp\htdocs\ci4\index.php(37): CodeIgniter\CodeIgniter->run()
#9 {main}
INFO - 2022-03-28 06:39:20 --> Session: Class initialized using 'CodeIgniter\Session\Handlers\FileHandler' driver.
INFO - 2022-03-28 06:39:20 --> Cart Class Initialized
CRITICAL - 2022-03-28 06:39:20 --> Undefined variable: products
#0 D:\xammp\htdocs\ci4\app\Views\checkout.php(86): CodeIgniter\Debug\Exceptions->errorHandler(8, 'Undefined varia...', 'D:\\xammp\\htdocs...', 86, Array)
#1 D:\xammp\htdocs\ci4\system\View\View.php(210): include('D:\\xammp\\htdocs...')
#2 D:\xammp\htdocs\ci4\system\View\View.php(213): CodeIgniter\View\View->CodeIgniter\View\{closure}()
#3 D:\xammp\htdocs\ci4\system\Common.php(1089): CodeIgniter\View\View->render('checkout.php', Array, true)
#4 D:\xammp\htdocs\ci4\app\Controllers\Checkout.php(30): view('checkout.php', Array)
#5 D:\xammp\htdocs\ci4\system\CodeIgniter.php(825): App\Controllers\Checkout->index()
#6 D:\xammp\htdocs\ci4\system\CodeIgniter.php(412): CodeIgniter\CodeIgniter->runController(Object(App\Controllers\Checkout))
#7 D:\xammp\htdocs\ci4\system\CodeIgniter.php(320): CodeIgniter\CodeIgniter->handleRequest(NULL, Object(Config\Cache), false)
#8 D:\xammp\htdocs\ci4\index.php(37): CodeIgniter\CodeIgniter->run()
#9 {main}
INFO - 2022-03-28 06:40:11 --> Session: Class initialized using 'CodeIgniter\Session\Handlers\FileHandler' driver.
INFO - 2022-03-28 06:40:11 --> Cart Class Initialized
INFO - 2022-03-28 06:40:12 --> Session: Class initialized using 'CodeIgniter\Session\Handlers\FileHandler' driver.
INFO - 2022-03-28 06:40:12 --> Cart Class Initialized
INFO - 2022-03-28 06:46:35 --> Session: Class initialized using 'CodeIgniter\Session\Handlers\FileHandler' driver.
INFO - 2022-03-28 06:46:35 --> Cart Class Initialized
CRITICAL - 2022-03-28 06:46:35 --> syntax error, unexpected ';', expecting ')'
#0 D:\xammp\htdocs\ci4\system\View\View.php(213): CodeIgniter\View\View->CodeIgniter\View\{closure}()
#1 D:\xammp\htdocs\ci4\system\Common.php(1089): CodeIgniter\View\View->render('checkout.php', Array, true)
#2 D:\xammp\htdocs\ci4\app\Controllers\Checkout.php(30): view('checkout.php', Array)
#3 D:\xammp\htdocs\ci4\system\CodeIgniter.php(825): App\Controllers\Checkout->index()
#4 D:\xammp\htdocs\ci4\system\CodeIgniter.php(412): CodeIgniter\CodeIgniter->runController(Object(App\Controllers\Checkout))
#5 D:\xammp\htdocs\ci4\system\CodeIgniter.php(320): CodeIgniter\CodeIgniter->handleRequest(NULL, Object(Config\Cache), false)
#6 D:\xammp\htdocs\ci4\index.php(37): CodeIgniter\CodeIgniter->run()
#7 {main}
INFO - 2022-03-28 06:46:57 --> Session: Class initialized using 'CodeIgniter\Session\Handlers\FileHandler' driver.
INFO - 2022-03-28 06:46:57 --> Cart Class Initialized
CRITICAL - 2022-03-28 06:46:57 --> Undefined property: CodeIgniter\View\View::$cart
#0 D:\xammp\htdocs\ci4\app\Views\checkout.php(101): CodeIgniter\Debug\Exceptions->errorHandler(8, 'Undefined prope...', 'D:\\xammp\\htdocs...', 101, Array)
#1 D:\xammp\htdocs\ci4\system\View\View.php(210): include('D:\\xammp\\htdocs...')
#2 D:\xammp\htdocs\ci4\system\View\View.php(213): CodeIgniter\View\View->CodeIgniter\View\{closure}()
#3 D:\xammp\htdocs\ci4\system\Common.php(1089): CodeIgniter\View\View->render('checkout.php', Array, true)
#4 D:\xammp\htdocs\ci4\app\Controllers\Checkout.php(30): view('checkout.php', Array)
#5 D:\xammp\htdocs\ci4\system\CodeIgniter.php(825): App\Controllers\Checkout->index()
#6 D:\xammp\htdocs\ci4\system\CodeIgniter.php(412): CodeIgniter\CodeIgniter->runController(Object(App\Controllers\Checkout))
#7 D:\xammp\htdocs\ci4\system\CodeIgniter.php(320): CodeIgniter\CodeIgniter->handleRequest(NULL, Object(Config\Cache), false)
#8 D:\xammp\htdocs\ci4\index.php(37): CodeIgniter\CodeIgniter->run()
#9 {main}
INFO - 2022-03-28 06:47:03 --> Session: Class initialized using 'CodeIgniter\Session\Handlers\FileHandler' driver.
INFO - 2022-03-28 06:47:03 --> Cart Class Initialized
CRITICAL - 2022-03-28 06:47:03 --> Undefined property: CodeIgniter\View\View::$cart
#0 D:\xammp\htdocs\ci4\app\Views\checkout.php(101): CodeIgniter\Debug\Exceptions->errorHandler(8, 'Undefined prope...', 'D:\\xammp\\htdocs...', 101, Array)
#1 D:\xammp\htdocs\ci4\system\View\View.php(210): include('D:\\xammp\\htdocs...')
#2 D:\xammp\htdocs\ci4\system\View\View.php(213): CodeIgniter\View\View->CodeIgniter\View\{closure}()
#3 D:\xammp\htdocs\ci4\system\Common.php(1089): CodeIgniter\View\View->render('checkout.php', Array, true)
#4 D:\xammp\htdocs\ci4\app\Controllers\Checkout.php(30): view('checkout.php', Array)
#5 D:\xammp\htdocs\ci4\system\CodeIgniter.php(825): App\Controllers\Checkout->index()
#6 D:\xammp\htdocs\ci4\system\CodeIgniter.php(412): CodeIgniter\CodeIgniter->runController(Object(App\Controllers\Checkout))
#7 D:\xammp\htdocs\ci4\system\CodeIgniter.php(320): CodeIgniter\CodeIgniter->handleRequest(NULL, Object(Config\Cache), false)
#8 D:\xammp\htdocs\ci4\index.php(37): CodeIgniter\CodeIgniter->run()
#9 {main}
INFO - 2022-03-28 06:47:05 --> Session: Class initialized using 'CodeIgniter\Session\Handlers\FileHandler' driver.
INFO - 2022-03-28 06:47:05 --> Cart Class Initialized
CRITICAL - 2022-03-28 06:47:05 --> Undefined property: CodeIgniter\View\View::$cart
#0 D:\xammp\htdocs\ci4\app\Views\checkout.php(101): CodeIgniter\Debug\Exceptions->errorHandler(8, 'Undefined prope...', 'D:\\xammp\\htdocs...', 101, Array)
#1 D:\xammp\htdocs\ci4\system\View\View.php(210): include('D:\\xammp\\htdocs...')
#2 D:\xammp\htdocs\ci4\system\View\View.php(213): CodeIgniter\View\View->CodeIgniter\View\{closure}()
#3 D:\xammp\htdocs\ci4\system\Common.php(1089): CodeIgniter\View\View->render('checkout.php', Array, true)
#4 D:\xammp\htdocs\ci4\app\Controllers\Checkout.php(30): view('checkout.php', Array)
#5 D:\xammp\htdocs\ci4\system\CodeIgniter.php(825): App\Controllers\Checkout->index()
#6 D:\xammp\htdocs\ci4\system\CodeIgniter.php(412): CodeIgniter\CodeIgniter->runController(Object(App\Controllers\Checkout))
#7 D:\xammp\htdocs\ci4\system\CodeIgniter.php(320): CodeIgniter\CodeIgniter->handleRequest(NULL, Object(Config\Cache), false)
#8 D:\xammp\htdocs\ci4\index.php(37): CodeIgniter\CodeIgniter->run()
#9 {main}
INFO - 2022-03-28 06:47:22 --> Session: Class initialized using 'CodeIgniter\Session\Handlers\FileHandler' driver.
INFO - 2022-03-28 06:47:22 --> Cart Class Initialized
CRITICAL - 2022-03-28 06:47:22 --> Undefined property: CodeIgniter\View\View::$cart
#0 D:\xammp\htdocs\ci4\app\Views\checkout.php(101): CodeIgniter\Debug\Exceptions->errorHandler(8, 'Undefined prope...', 'D:\\xammp\\htdocs...', 101, Array)
#1 D:\xammp\htdocs\ci4\system\View\View.php(210): include('D:\\xammp\\htdocs...')
#2 D:\xammp\htdocs\ci4\system\View\View.php(213): CodeIgniter\View\View->CodeIgniter\View\{closure}()
#3 D:\xammp\htdocs\ci4\system\Common.php(1089): CodeIgniter\View\View->render('checkout.php', Array, true)
#4 D:\xammp\htdocs\ci4\app\Controllers\Checkout.php(30): view('checkout.php', Array)
#5 D:\xammp\htdocs\ci4\system\CodeIgniter.php(825): App\Controllers\Checkout->index()
#6 D:\xammp\htdocs\ci4\system\CodeIgniter.php(412): CodeIgniter\CodeIgniter->runController(Object(App\Controllers\Checkout))
#7 D:\xammp\htdocs\ci4\system\CodeIgniter.php(320): CodeIgniter\CodeIgniter->handleRequest(NULL, Object(Config\Cache), false)
#8 D:\xammp\htdocs\ci4\index.php(37): CodeIgniter\CodeIgniter->run()
#9 {main}
INFO - 2022-03-28 06:47:28 --> Session: Class initialized using 'CodeIgniter\Session\Handlers\FileHandler' driver.
INFO - 2022-03-28 06:47:28 --> Cart Class Initialized
CRITICAL - 2022-03-28 06:47:28 --> Undefined property: CodeIgniter\View\View::$cart
#0 D:\xammp\htdocs\ci4\app\Views\checkout.php(101): CodeIgniter\Debug\Exceptions->errorHandler(8, 'Undefined prope...', 'D:\\xammp\\htdocs...', 101, Array)
#1 D:\xammp\htdocs\ci4\system\View\View.php(210): include('D:\\xammp\\htdocs...')
#2 D:\xammp\htdocs\ci4\system\View\View.php(213): CodeIgniter\View\View->CodeIgniter\View\{closure}()
#3 D:\xammp\htdocs\ci4\system\Common.php(1089): CodeIgniter\View\View->render('checkout.php', Array, true)
#4 D:\xammp\htdocs\ci4\app\Controllers\Checkout.php(30): view('checkout.php', Array)
#5 D:\xammp\htdocs\ci4\system\CodeIgniter.php(825): App\Controllers\Checkout->index()
#6 D:\xammp\htdocs\ci4\system\CodeIgniter.php(412): CodeIgniter\CodeIgniter->runController(Object(App\Controllers\Checkout))
#7 D:\xammp\htdocs\ci4\system\CodeIgniter.php(320): CodeIgniter\CodeIgniter->handleRequest(NULL, Object(Config\Cache), false)
#8 D:\xammp\htdocs\ci4\index.php(37): CodeIgniter\CodeIgniter->run()
#9 {main}
CRITICAL - 2022-03-28 06:48:37 --> syntax error, unexpected 'return' (T_RETURN)
#0 D:\xammp\htdocs\ci4\system\Autoloader\Autoloader.php(241): CodeIgniter\Autoloader\Autoloader->includeFile('D:\\xammp\\htdocs...')
#1 D:\xammp\htdocs\ci4\system\Autoloader\Autoloader.php(219): CodeIgniter\Autoloader\Autoloader->loadInNamespace('App\\Controllers...')
#2 [internal function]: CodeIgniter\Autoloader\Autoloader->loadClass('App\\Controllers...')
#3 [internal function]: spl_autoload_call('App\\Controllers...')
#4 D:\xammp\htdocs\ci4\system\CodeIgniter.php(790): class_exists('\\App\\Controller...', true)
#5 D:\xammp\htdocs\ci4\system\CodeIgniter.php(399): CodeIgniter\CodeIgniter->startController()
#6 D:\xammp\htdocs\ci4\system\CodeIgniter.php(320): CodeIgniter\CodeIgniter->handleRequest(NULL, Object(Config\Cache), false)
#7 D:\xammp\htdocs\ci4\index.php(37): CodeIgniter\CodeIgniter->run()
#8 {main}
INFO - 2022-03-28 06:48:53 --> Session: Class initialized using 'CodeIgniter\Session\Handlers\FileHandler' driver.
INFO - 2022-03-28 06:48:53 --> Cart Class Initialized
CRITICAL - 2022-03-28 06:48:54 --> Undefined property: CodeIgniter\View\View::$cart
#0 D:\xammp\htdocs\ci4\app\Views\checkout.php(101): CodeIgniter\Debug\Exceptions->errorHandler(8, 'Undefined prope...', 'D:\\xammp\\htdocs...', 101, Array)
#1 D:\xammp\htdocs\ci4\system\View\View.php(210): include('D:\\xammp\\htdocs...')
#2 D:\xammp\htdocs\ci4\system\View\View.php(213): CodeIgniter\View\View->CodeIgniter\View\{closure}()
#3 D:\xammp\htdocs\ci4\system\Common.php(1089): CodeIgniter\View\View->render('checkout.php', Array, true)
#4 D:\xammp\htdocs\ci4\app\Controllers\Checkout.php(30): view('checkout.php', Array)
#5 D:\xammp\htdocs\ci4\system\CodeIgniter.php(825): App\Controllers\Checkout->index()
#6 D:\xammp\htdocs\ci4\system\CodeIgniter.php(412): CodeIgniter\CodeIgniter->runController(Object(App\Controllers\Checkout))
#7 D:\xammp\htdocs\ci4\system\CodeIgniter.php(320): CodeIgniter\CodeIgniter->handleRequest(NULL, Object(Config\Cache), false)
#8 D:\xammp\htdocs\ci4\index.php(37): CodeIgniter\CodeIgniter->run()
#9 {main}
INFO - 2022-03-28 06:49:13 --> Session: Class initialized using 'CodeIgniter\Session\Handlers\FileHandler' driver.
INFO - 2022-03-28 06:49:13 --> Cart Class Initialized
CRITICAL - 2022-03-28 06:49:13 --> Array to string conversion
#0 D:\xammp\htdocs\ci4\app\Views\checkout.php(101): CodeIgniter\Debug\Exceptions->errorHandler(8, 'Array to string...', 'D:\\xammp\\htdocs...', 101, Array)
#1 D:\xammp\htdocs\ci4\system\View\View.php(210): include('D:\\xammp\\htdocs...')
#2 D:\xammp\htdocs\ci4\system\View\View.php(213): CodeIgniter\View\View->CodeIgniter\View\{closure}()
#3 D:\xammp\htdocs\ci4\system\Common.php(1089): CodeIgniter\View\View->render('checkout.php', Array, true)
#4 D:\xammp\htdocs\ci4\app\Controllers\Checkout.php(30): view('checkout.php', Array)
#5 D:\xammp\htdocs\ci4\system\CodeIgniter.php(825): App\Controllers\Checkout->index()
#6 D:\xammp\htdocs\ci4\system\CodeIgniter.php(412): CodeIgniter\CodeIgniter->runController(Object(App\Controllers\Checkout))
#7 D:\xammp\htdocs\ci4\system\CodeIgniter.php(320): CodeIgniter\CodeIgniter->handleRequest(NULL, Object(Config\Cache), false)
#8 D:\xammp\htdocs\ci4\index.php(37): CodeIgniter\CodeIgniter->run()
#9 {main}
INFO - 2022-03-28 06:49:14 --> Session: Class initialized using 'CodeIgniter\Session\Handlers\FileHandler' driver.
INFO - 2022-03-28 06:49:14 --> Cart Class Initialized
CRITICAL - 2022-03-28 06:49:14 --> Array to string conversion
#0 D:\xammp\htdocs\ci4\app\Views\checkout.php(101): CodeIgniter\Debug\Exceptions->errorHandler(8, 'Array to string...', 'D:\\xammp\\htdocs...', 101, Array)
#1 D:\xammp\htdocs\ci4\system\View\View.php(210): include('D:\\xammp\\htdocs...')
#2 D:\xammp\htdocs\ci4\system\View\View.php(213): CodeIgniter\View\View->CodeIgniter\View\{closure}()
#3 D:\xammp\htdocs\ci4\system\Common.php(1089): CodeIgniter\View\View->render('checkout.php', Array, true)
#4 D:\xammp\htdocs\ci4\app\Controllers\Checkout.php(30): view('checkout.php', Array)
#5 D:\xammp\htdocs\ci4\system\CodeIgniter.php(825): App\Controllers\Checkout->index()
#6 D:\xammp\htdocs\ci4\system\CodeIgniter.php(412): CodeIgniter\CodeIgniter->runController(Object(App\Controllers\Checkout))
#7 D:\xammp\htdocs\ci4\system\CodeIgniter.php(320): CodeIgniter\CodeIgniter->handleRequest(NULL, Object(Config\Cache), false)
#8 D:\xammp\htdocs\ci4\index.php(37): CodeIgniter\CodeIgniter->run()
#9 {main}
INFO - 2022-03-28 06:49:47 --> Session: Class initialized using 'CodeIgniter\Session\Handlers\FileHandler' driver.
INFO - 2022-03-28 06:49:47 --> Cart Class Initialized
INFO - 2022-03-28 06:49:47 --> Session: Class initialized using 'CodeIgniter\Session\Handlers\FileHandler' driver.
INFO - 2022-03-28 06:49:47 --> Cart Class Initialized
INFO - 2022-03-28 06:49:48 --> Session: Class initialized using 'CodeIgniter\Session\Handlers\FileHandler' driver.
INFO - 2022-03-28 06:49:48 --> Cart Class Initialized
INFO - 2022-03-28 06:50:47 --> Session: Class initialized using 'CodeIgniter\Session\Handlers\FileHandler' driver.
INFO - 2022-03-28 06:50:47 --> Cart Class Initialized
INFO - 2022-03-28 06:50:48 --> Session: Class initialized using 'CodeIgniter\Session\Handlers\FileHandler' driver.
INFO - 2022-03-28 06:50:48 --> Cart Class Initialized
INFO - 2022-03-28 06:50:48 --> Session: Class initialized using 'CodeIgniter\Session\Handlers\FileHandler' driver.
INFO - 2022-03-28 06:50:48 --> Cart Class Initialized
INFO - 2022-03-28 06:50:50 --> Session: Class initialized using 'CodeIgniter\Session\Handlers\FileHandler' driver.
INFO - 2022-03-28 06:50:50 --> Cart Class Initialized
INFO - 2022-03-28 06:50:51 --> Session: Class initialized using 'CodeIgniter\Session\Handlers\FileHandler' driver.
INFO - 2022-03-28 06:50:51 --> Cart Class Initialized
INFO - 2022-03-28 06:51:02 --> Session: Class initialized using 'CodeIgniter\Session\Handlers\FileHandler' driver.
INFO - 2022-03-28 06:51:02 --> Cart Class Initialized
INFO - 2022-03-28 06:51:05 --> Session: Class initialized using 'CodeIgniter\Session\Handlers\FileHandler' driver.
INFO - 2022-03-28 06:51:05 --> Cart Class Initialized
INFO - 2022-03-28 06:51:06 --> Session: Class initialized using 'CodeIgniter\Session\Handlers\FileHandler' driver.
INFO - 2022-03-28 06:51:06 --> Cart Class Initialized
INFO - 2022-03-28 06:57:07 --> Session: Class initialized using 'CodeIgniter\Session\Handlers\FileHandler' driver.
INFO - 2022-03-28 06:57:07 --> Cart Class Initialized
INFO - 2022-03-28 06:57:08 --> Session: Class initialized using 'CodeIgniter\Session\Handlers\FileHandler' driver.
INFO - 2022-03-28 06:57:08 --> Cart Class Initialized
INFO - 2022-03-28 07:06:52 --> Session: Class initialized using 'CodeIgniter\Session\Handlers\FileHandler' driver.
INFO - 2022-03-28 07:06:52 --> Cart Class Initialized
INFO - 2022-03-28 07:06:53 --> Session: Class initialized using 'CodeIgniter\Session\Handlers\FileHandler' driver.
INFO - 2022-03-28 07:06:53 --> Cart Class Initialized
INFO - 2022-03-28 07:08:15 --> Session: Class initialized using 'CodeIgniter\Session\Handlers\FileHandler' driver.
INFO - 2022-03-28 07:08:15 --> Cart Class Initialized
INFO - 2022-03-28 07:08:16 --> Session: Class initialized using 'CodeIgniter\Session\Handlers\FileHandler' driver.
INFO - 2022-03-28 07:08:16 --> Cart Class Initialized
INFO - 2022-03-28 07:08:39 --> Session: Class initialized using 'CodeIgniter\Session\Handlers\FileHandler' driver.
INFO - 2022-03-28 07:08:39 --> Cart Class Initialized
INFO - 2022-03-28 07:08:40 --> Session: Class initialized using 'CodeIgniter\Session\Handlers\FileHandler' driver.
INFO - 2022-03-28 07:08:40 --> Cart Class Initialized
INFO - 2022-03-28 07:10:17 --> Session: Class initialized using 'CodeIgniter\Session\Handlers\FileHandler' driver.
INFO - 2022-03-28 07:10:17 --> Cart Class Initialized
INFO - 2022-03-28 07:10:18 --> Session: Class initialized using 'CodeIgniter\Session\Handlers\FileHandler' driver.
INFO - 2022-03-28 07:10:18 --> Cart Class Initialized
INFO - 2022-03-28 07:10:51 --> Session: Class initialized using 'CodeIgniter\Session\Handlers\FileHandler' driver.
INFO - 2022-03-28 07:10:51 --> Cart Class Initialized
INFO - 2022-03-28 07:10:52 --> Session: Class initialized using 'CodeIgniter\Session\Handlers\FileHandler' driver.
INFO - 2022-03-28 07:10:52 --> Cart Class Initialized
INFO - 2022-03-28 07:11:18 --> Session: Class initialized using 'CodeIgniter\Session\Handlers\FileHandler' driver.
INFO - 2022-03-28 07:11:18 --> Cart Class Initialized
INFO - 2022-03-28 07:11:19 --> Session: Class initialized using 'CodeIgniter\Session\Handlers\FileHandler' driver.
INFO - 2022-03-28 07:11:19 --> Cart Class Initialized
INFO - 2022-03-28 07:11:43 --> Session: Class initialized using 'CodeIgniter\Session\Handlers\FileHandler' driver.
INFO - 2022-03-28 07:11:43 --> Cart Class Initialized
INFO - 2022-03-28 07:11:44 --> Session: Class initialized using 'CodeIgniter\Session\Handlers\FileHandler' driver.
INFO - 2022-03-28 07:11:44 --> Cart Class Initialized
INFO - 2022-03-28 07:12:10 --> Session: Class initialized using 'CodeIgniter\Session\Handlers\FileHandler' driver.
INFO - 2022-03-28 07:12:10 --> Cart Class Initialized
INFO - 2022-03-28 07:12:11 --> Session: Class initialized using 'CodeIgniter\Session\Handlers\FileHandler' driver.
INFO - 2022-03-28 07:12:11 --> Cart Class Initialized
INFO - 2022-03-28 07:12:26 --> Session: Class initialized using 'CodeIgniter\Session\Handlers\FileHandler' driver.
INFO - 2022-03-28 07:12:26 --> Cart Class Initialized
INFO - 2022-03-28 07:12:27 --> Session: Class initialized using 'CodeIgniter\Session\Handlers\FileHandler' driver.
INFO - 2022-03-28 07:12:27 --> Cart Class Initialized
INFO - 2022-03-28 07:12:34 --> Session: Class initialized using 'CodeIgniter\Session\Handlers\FileHandler' driver.
INFO - 2022-03-28 07:12:34 --> Cart Class Initialized
INFO - 2022-03-28 07:12:35 --> Session: Class initialized using 'CodeIgniter\Session\Handlers\FileHandler' driver.
INFO - 2022-03-28 07:12:35 --> Cart Class Initialized
INFO - 2022-03-28 07:12:47 --> Session: Class initialized using 'CodeIgniter\Session\Handlers\FileHandler' driver.
INFO - 2022-03-28 07:12:47 --> Cart Class Initialized
INFO - 2022-03-28 07:12:48 --> Session: Class initialized using 'CodeIgniter\Session\Handlers\FileHandler' driver.
INFO - 2022-03-28 07:12:48 --> Cart Class Initialized
INFO - 2022-03-28 07:13:04 --> Session: Class initialized using 'CodeIgniter\Session\Handlers\FileHandler' driver.
INFO - 2022-03-28 07:13:04 --> Cart Class Initialized
INFO - 2022-03-28 07:13:05 --> Session: Class initialized using 'CodeIgniter\Session\Handlers\FileHandler' driver.
INFO - 2022-03-28 07:13:05 --> Cart Class Initialized
INFO - 2022-03-28 07:13:20 --> Session: Class initialized using 'CodeIgniter\Session\Handlers\FileHandler' driver.
INFO - 2022-03-28 07:13:20 --> Cart Class Initialized
INFO - 2022-03-28 07:13:21 --> Session: Class initialized using 'CodeIgniter\Session\Handlers\FileHandler' driver.
INFO - 2022-03-28 07:13:21 --> Cart Class Initialized
INFO - 2022-03-28 07:13:47 --> Session: Class initialized using 'CodeIgniter\Session\Handlers\FileHandler' driver.
INFO - 2022-03-28 07:13:47 --> Cart Class Initialized
INFO - 2022-03-28 07:13:48 --> Session: Class initialized using 'CodeIgniter\Session\Handlers\FileHandler' driver.
INFO - 2022-03-28 07:13:48 --> Cart Class Initialized
INFO - 2022-03-28 07:21:07 --> Session: Class initialized using 'CodeIgniter\Session\Handlers\FileHandler' driver.
INFO - 2022-03-28 07:21:07 --> Cart Class Initialized
INFO - 2022-03-28 07:56:09 --> Session: Class initialized using 'CodeIgniter\Session\Handlers\FileHandler' driver.
INFO - 2022-03-28 07:56:09 --> Cart Class Initialized
INFO - 2022-03-28 07:58:02 --> Session: Class initialized using 'CodeIgniter\Session\Handlers\FileHandler' driver.
INFO - 2022-03-28 07:58:02 --> Cart Class Initialized
INFO - 2022-03-28 08:01:00 --> Session: Class initialized using 'CodeIgniter\Session\Handlers\FileHandler' driver.
INFO - 2022-03-28 08:01:00 --> Cart Class Initialized
INFO - 2022-03-28 08:01:25 --> Session: Class initialized using 'CodeIgniter\Session\Handlers\FileHandler' driver.
INFO - 2022-03-28 08:01:25 --> Cart Class Initialized
INFO - 2022-03-28 08:02:55 --> Session: Class initialized using 'CodeIgniter\Session\Handlers\FileHandler' driver.
INFO - 2022-03-28 08:02:55 --> Cart Class Initialized
INFO - 2022-03-28 08:03:15 --> Session: Class initialized using 'CodeIgniter\Session\Handlers\FileHandler' driver.
INFO - 2022-03-28 08:03:15 --> Cart Class Initialized
INFO - 2022-03-28 08:03:37 --> Session: Class initialized using 'CodeIgniter\Session\Handlers\FileHandler' driver.
INFO - 2022-03-28 08:03:37 --> Cart Class Initialized
INFO - 2022-03-28 08:04:50 --> Session: Class initialized using 'CodeIgniter\Session\Handlers\FileHandler' driver.
INFO - 2022-03-28 08:04:50 --> Cart Class Initialized
INFO - 2022-03-28 08:05:22 --> Session: Class initialized using 'CodeIgniter\Session\Handlers\FileHandler' driver.
INFO - 2022-03-28 08:05:22 --> Cart Class Initialized
INFO - 2022-03-28 08:06:48 --> Session: Class initialized using 'CodeIgniter\Session\Handlers\FileHandler' driver.
INFO - 2022-03-28 08:06:48 --> Cart Class Initialized
INFO - 2022-03-28 08:07:05 --> Session: Class initialized using 'CodeIgniter\Session\Handlers\FileHandler' driver.
INFO - 2022-03-28 08:07:05 --> Cart Class Initialized
INFO - 2022-03-28 08:08:20 --> Session: Class initialized using 'CodeIgniter\Session\Handlers\FileHandler' driver.
INFO - 2022-03-28 08:08:20 --> Cart Class Initialized
INFO - 2022-03-28 08:10:49 --> Session: Class initialized using 'CodeIgniter\Session\Handlers\FileHandler' driver.
INFO - 2022-03-28 08:10:49 --> Cart Class Initialized
INFO - 2022-03-28 08:12:18 --> Session: Class initialized using 'CodeIgniter\Session\Handlers\FileHandler' driver.
INFO - 2022-03-28 08:12:18 --> Cart Class Initialized
INFO - 2022-03-28 08:12:22 --> Session: Class initialized using 'CodeIgniter\Session\Handlers\FileHandler' driver.
INFO - 2022-03-28 08:12:22 --> Cart Class Initialized
INFO - 2022-03-28 08:12:23 --> Session: Class initialized using 'CodeIgniter\Session\Handlers\FileHandler' driver.
INFO - 2022-03-28 08:12:23 --> Cart Class Initialized
INFO - 2022-03-28 08:12:42 --> Session: Class initialized using 'CodeIgniter\Session\Handlers\FileHandler' driver.
INFO - 2022-03-28 08:12:42 --> Cart Class Initialized
INFO - 2022-03-28 08:12:43 --> Session: Class initialized using 'CodeIgniter\Session\Handlers\FileHandler' driver.
INFO - 2022-03-28 08:12:43 --> Cart Class Initialized
INFO - 2022-03-28 08:13:09 --> Session: Class initialized using 'CodeIgniter\Session\Handlers\FileHandler' driver.
INFO - 2022-03-28 08:13:09 --> Cart Class Initialized
INFO - 2022-03-28 08:13:10 --> Session: Class initialized using 'CodeIgniter\Session\Handlers\FileHandler' driver.
INFO - 2022-03-28 08:13:10 --> Cart Class Initialized
INFO - 2022-03-28 08:13:47 --> Session: Class initialized using 'CodeIgniter\Session\Handlers\FileHandler' driver.
INFO - 2022-03-28 08:13:47 --> Cart Class Initialized
INFO - 2022-03-28 08:13:52 --> Session: Class initialized using 'CodeIgniter\Session\Handlers\FileHandler' driver.
INFO - 2022-03-28 08:13:52 --> Cart Class Initialized
INFO - 2022-03-28 08:13:53 --> Session: Class initialized using 'CodeIgniter\Session\Handlers\FileHandler' driver.
INFO - 2022-03-28 08:13:53 --> Cart Class Initialized
INFO - 2022-03-28 08:14:13 --> Session: Class initialized using 'CodeIgniter\Session\Handlers\FileHandler' driver.
INFO - 2022-03-28 08:14:13 --> Cart Class Initialized
INFO - 2022-03-28 08:14:28 --> Session: Class initialized using 'CodeIgniter\Session\Handlers\FileHandler' driver.
INFO - 2022-03-28 08:14:28 --> Cart Class Initialized
INFO - 2022-03-28 08:14:29 --> Session: Class initialized using 'CodeIgniter\Session\Handlers\FileHandler' driver.
INFO - 2022-03-28 08:14:29 --> Cart Class Initialized
INFO - 2022-03-28 11:23:13 --> Session: Class initialized using 'CodeIgniter\Session\Handlers\FileHandler' driver.
INFO - 2022-03-28 11:23:13 --> Cart Class Initialized
ERROR - 2022-03-28 11:23:13 --> Error connecting to the database: Access denied for user '****'@'localhost' (using password: YES)
CRITICAL - 2022-03-28 11:23:13 --> Unable to connect to the database.
Main connection [MySQLi]: Access denied for user '****'@'localhost' (using password: YES)
#0 F:\xampp7.4\htdocs\ci4\system\Database\BaseConnection.php(577): CodeIgniter\Database\BaseConnection->initialize()
#1 F:\xampp7.4\htdocs\ci4\system\Database\BaseBuilder.php(1455): CodeIgniter\Database\BaseConnection->query('SELECT *\nFROM `...', Array, false)
#2 F:\xampp7.4\htdocs\ci4\system\Model.php(210): CodeIgniter\Database\BaseBuilder->get()
#3 F:\xampp7.4\htdocs\ci4\system\BaseModel.php(622): CodeIgniter\Model->doFirst()
#4 F:\xampp7.4\htdocs\ci4\app\Controllers\Home.php(114): CodeIgniter\BaseModel->first()
#5 F:\xampp7.4\htdocs\ci4\system\CodeIgniter.php(825): App\Controllers\Home->singleProduct('32')
#6 F:\xampp7.4\htdocs\ci4\system\CodeIgniter.php(412): CodeIgniter\CodeIgniter->runController(Object(App\Controllers\Home))
#7 F:\xampp7.4\htdocs\ci4\system\CodeIgniter.php(320): CodeIgniter\CodeIgniter->handleRequest(NULL, Object(Config\Cache), false)
#8 F:\xampp7.4\htdocs\ci4\index.php(37): CodeIgniter\CodeIgniter->run()
#9 {main}
INFO - 2022-03-28 11:23:45 --> Session: Class initialized using 'CodeIgniter\Session\Handlers\FileHandler' driver.
INFO - 2022-03-28 11:23:45 --> Cart Class Initialized
INFO - 2022-03-28 11:23:46 --> Session: Class initialized using 'CodeIgniter\Session\Handlers\FileHandler' driver.
INFO - 2022-03-28 11:23:46 --> Cart Class Initialized
INFO - 2022-03-28 11:23:47 --> Session: Class initialized using 'CodeIgniter\Session\Handlers\FileHandler' driver.
INFO - 2022-03-28 11:23:47 --> Cart Class Initialized
INFO - 2022-03-28 11:23:56 --> Session: Class initialized using 'CodeIgniter\Session\Handlers\FileHandler' driver.
INFO - 2022-03-28 11:23:56 --> Cart Class Initialized
INFO - 2022-03-28 11:23:57 --> Session: Class initialized using 'CodeIgniter\Session\Handlers\FileHandler' driver.
INFO - 2022-03-28 11:23:57 --> Cart Class Initialized
INFO - 2022-03-28 11:24:01 --> Session: Class initialized using 'CodeIgniter\Session\Handlers\FileHandler' driver.
INFO - 2022-03-28 11:24:01 --> Cart Class Initialized
INFO - 2022-03-28 11:24:21 --> Session: Class initialized using 'CodeIgniter\Session\Handlers\FileHandler' driver.
INFO - 2022-03-28 11:24:21 --> Cart Class Initialized
INFO - 2022-03-28 11:24:21 --> Session: Class initialized using 'CodeIgniter\Session\Handlers\FileHandler' driver.
INFO - 2022-03-28 11:24:21 --> Cart Class Initialized
INFO - 2022-03-28 11:24:22 --> Session: Class initialized using 'CodeIgniter\Session\Handlers\FileHandler' driver.
INFO - 2022-03-28 11:24:22 --> Cart Class Initialized
INFO - 2022-03-28 11:24:27 --> Session: Class initialized using 'CodeIgniter\Session\Handlers\FileHandler' driver.
INFO - 2022-03-28 11:24:27 --> Cart Class Initialized
INFO - 2022-03-28 11:24:27 --> Session: Class initialized using 'CodeIgniter\Session\Handlers\FileHandler' driver.
INFO - 2022-03-28 11:24:27 --> Cart Class Initialized
INFO - 2022-03-28 11:24:28 --> Session: Class initialized using 'CodeIgniter\Session\Handlers\FileHandler' driver.
INFO - 2022-03-28 11:24:28 --> Cart Class Initialized
INFO - 2022-03-28 11:26:35 --> Session: Class initialized using 'CodeIgniter\Session\Handlers\FileHandler' driver.
INFO - 2022-03-28 11:26:35 --> Cart Class Initialized
INFO - 2022-03-28 11:26:36 --> Session: Class initialized using 'CodeIgniter\Session\Handlers\FileHandler' driver.
INFO - 2022-03-28 11:26:36 --> Cart Class Initialized
INFO - 2022-03-28 11:26:38 --> Session: Class initialized using 'CodeIgniter\Session\Handlers\FileHandler' driver.
INFO - 2022-03-28 11:26:38 --> Cart Class Initialized
INFO - 2022-03-28 11:26:42 --> Session: Class initialized using 'CodeIgniter\Session\Handlers\FileHandler' driver.
INFO - 2022-03-28 11:26:42 --> Cart Class Initialized
INFO - 2022-03-28 11:26:43 --> Session: Class initialized using 'CodeIgniter\Session\Handlers\FileHandler' driver.
INFO - 2022-03-28 11:26:43 --> Cart Class Initialized
INFO - 2022-03-28 11:26:44 --> Session: Class initialized using 'CodeIgniter\Session\Handlers\FileHandler' driver.
INFO - 2022-03-28 11:26:44 --> Cart Class Initialized
INFO - 2022-03-28 11:28:02 --> Session: Class initialized using 'CodeIgniter\Session\Handlers\FileHandler' driver.
INFO - 2022-03-28 11:28:02 --> Cart Class Initialized
INFO - 2022-03-28 11:28:03 --> Session: Class initialized using 'CodeIgniter\Session\Handlers\FileHandler' driver.
INFO - 2022-03-28 11:28:03 --> Cart Class Initialized
INFO - 2022-03-28 11:28:05 --> Session: Class initialized using 'CodeIgniter\Session\Handlers\FileHandler' driver.
INFO - 2022-03-28 11:28:05 --> Cart Class Initialized
INFO - 2022-03-28 11:30:09 --> Session: Class initialized using 'CodeIgniter\Session\Handlers\FileHandler' driver.
INFO - 2022-03-28 11:30:09 --> Cart Class Initialized
INFO - 2022-03-28 11:30:10 --> Session: Class initialized using 'CodeIgniter\Session\Handlers\FileHandler' driver.
INFO - 2022-03-28 11:30:10 --> Cart Class Initialized
INFO - 2022-03-28 11:30:10 --> Session: Class initialized using 'CodeIgniter\Session\Handlers\FileHandler' driver.
INFO - 2022-03-28 11:30:10 --> Cart Class Initialized
INFO - 2022-03-28 11:30:11 --> Session: Class initialized using 'CodeIgniter\Session\Handlers\FileHandler' driver.
INFO - 2022-03-28 11:30:11 --> Cart Class Initialized
INFO - 2022-03-28 11:30:14 --> Session: Class initialized using 'CodeIgniter\Session\Handlers\FileHandler' driver.
INFO - 2022-03-28 11:30:14 --> Cart Class Initialized
INFO - 2022-03-28 11:30:14 --> Session: Class initialized using 'CodeIgniter\Session\Handlers\FileHandler' driver.
INFO - 2022-03-28 11:30:14 --> Cart Class Initialized
INFO - 2022-03-28 11:31:09 --> Session: Class initialized using 'CodeIgniter\Session\Handlers\FileHandler' driver.
INFO - 2022-03-28 11:31:09 --> Cart Class Initialized
INFO - 2022-03-28 11:31:09 --> Session: Class initialized using 'CodeIgniter\Session\Handlers\FileHandler' driver.
INFO - 2022-03-28 11:31:09 --> Cart Class Initialized
INFO - 2022-03-28 11:50:48 --> Session: Class initialized using 'CodeIgniter\Session\Handlers\FileHandler' driver.
INFO - 2022-03-28 11:50:48 --> Cart Class Initialized
INFO - 2022-03-28 11:50:49 --> Session: Class initialized using 'CodeIgniter\Session\Handlers\FileHandler' driver.
INFO - 2022-03-28 11:50:49 --> Cart Class Initialized
INFO - 2022-03-28 11:50:49 --> Session: Class initialized using 'CodeIgniter\Session\Handlers\FileHandler' driver.
INFO - 2022-03-28 11:50:49 --> Cart Class Initialized
INFO - 2022-03-28 11:50:51 --> Session: Class initialized using 'CodeIgniter\Session\Handlers\FileHandler' driver.
INFO - 2022-03-28 11:50:51 --> Cart Class Initialized
INFO - 2022-03-28 11:51:35 --> Session: Class initialized using 'CodeIgniter\Session\Handlers\FileHandler' driver.
INFO - 2022-03-28 11:51:35 --> Cart Class Initialized
CRITICAL - 2022-03-28 11:51:35 --> Trying to access array offset on value of type null
#0 F:\xampp7.4\htdocs\ci4\app\Controllers\Cart.php(45): CodeIgniter\Debug\Exceptions->errorHandler(8, 'Trying to acces...', 'F:\\xampp7.4\\htd...', 45, Array)
#1 F:\xampp7.4\htdocs\ci4\system\CodeIgniter.php(825): App\Controllers\Cart->cart('add', '2', 'pp')
#2 F:\xampp7.4\htdocs\ci4\system\CodeIgniter.php(412): CodeIgniter\CodeIgniter->runController(Object(App\Controllers\Cart))
#3 F:\xampp7.4\htdocs\ci4\system\CodeIgniter.php(320): CodeIgniter\CodeIgniter->handleRequest(NULL, Object(Config\Cache), false)
#4 F:\xampp7.4\htdocs\ci4\index.php(37): CodeIgniter\CodeIgniter->run()
#5 {main}
INFO - 2022-03-28 11:53:08 --> Session: Class initialized using 'CodeIgniter\Session\Handlers\FileHandler' driver.
INFO - 2022-03-28 11:53:08 --> Cart Class Initialized
INFO - 2022-03-28 11:53:09 --> Session: Class initialized using 'CodeIgniter\Session\Handlers\FileHandler' driver.
INFO - 2022-03-28 11:53:09 --> Cart Class Initialized
INFO - 2022-03-28 11:53:09 --> Session: Class initialized using 'CodeIgniter\Session\Handlers\FileHandler' driver.
INFO - 2022-03-28 11:53:09 --> Cart Class Initialized
INFO - 2022-03-28 11:53:11 --> Session: Class initialized using 'CodeIgniter\Session\Handlers\FileHandler' driver.
INFO - 2022-03-28 11:53:11 --> Cart Class Initialized
INFO - 2022-03-28 11:53:22 --> Session: Class initialized using 'CodeIgniter\Session\Handlers\FileHandler' driver.
INFO - 2022-03-28 11:53:22 --> Cart Class Initialized
INFO - 2022-03-28 11:53:22 --> Session: Class initialized using 'CodeIgniter\Session\Handlers\FileHandler' driver.
INFO - 2022-03-28 11:53:22 --> Cart Class Initialized
INFO - 2022-03-28 11:53:22 --> Session: Class initialized using 'CodeIgniter\Session\Handlers\FileHandler' driver.
INFO - 2022-03-28 11:53:22 --> Cart Class Initialized
INFO - 2022-03-28 11:53:23 --> Session: Class initialized using 'CodeIgniter\Session\Handlers\FileHandler' driver.
INFO - 2022-03-28 11:53:23 --> Cart Class Initialized
INFO - 2022-03-28 11:53:30 --> Session: Class initialized using 'CodeIgniter\Session\Handlers\FileHandler' driver.
INFO - 2022-03-28 11:53:30 --> Cart Class Initialized
CRITICAL - 2022-03-28 11:53:30 --> Trying to access array offset on value of type null
#0 F:\xampp7.4\htdocs\ci4\app\Controllers\Cart.php(45): CodeIgniter\Debug\Exceptions->errorHandler(8, 'Trying to acces...', 'F:\\xampp7.4\\htd...', 45, Array)
#1 F:\xampp7.4\htdocs\ci4\system\CodeIgniter.php(825): App\Controllers\Cart->cart('add', '2', 'pp')
#2 F:\xampp7.4\htdocs\ci4\system\CodeIgniter.php(412): CodeIgniter\CodeIgniter->runController(Object(App\Controllers\Cart))
#3 F:\xampp7.4\htdocs\ci4\system\CodeIgniter.php(320): CodeIgniter\CodeIgniter->handleRequest(NULL, Object(Config\Cache), false)
#4 F:\xampp7.4\htdocs\ci4\index.php(37): CodeIgniter\CodeIgniter->run()
#5 {main}
INFO - 2022-03-28 11:53:39 --> Session: Class initialized using 'CodeIgniter\Session\Handlers\FileHandler' driver.
INFO - 2022-03-28 11:53:39 --> Cart Class Initialized
CRITICAL - 2022-03-28 11:53:39 --> Trying to access array offset on value of type null
#0 F:\xampp7.4\htdocs\ci4\app\Controllers\Cart.php(45): CodeIgniter\Debug\Exceptions->errorHandler(8, 'Trying to acces...', 'F:\\xampp7.4\\htd...', 45, Array)
#1 F:\xampp7.4\htdocs\ci4\system\CodeIgniter.php(825): App\Controllers\Cart->cart('add', '2', 'pp')
#2 F:\xampp7.4\htdocs\ci4\system\CodeIgniter.php(412): CodeIgniter\CodeIgniter->runController(Object(App\Controllers\Cart))
#3 F:\xampp7.4\htdocs\ci4\system\CodeIgniter.php(320): CodeIgniter\CodeIgniter->handleRequest(NULL, Object(Config\Cache), false)
#4 F:\xampp7.4\htdocs\ci4\index.php(37): CodeIgniter\CodeIgniter->run()
#5 {main}
INFO - 2022-03-28 11:53:47 --> Session: Class initialized using 'CodeIgniter\Session\Handlers\FileHandler' driver.
INFO - 2022-03-28 11:53:47 --> Cart Class Initialized
CRITICAL - 2022-03-28 11:53:47 --> Trying to access array offset on value of type null
#0 F:\xampp7.4\htdocs\ci4\app\Controllers\Cart.php(45): CodeIgniter\Debug\Exceptions->errorHandler(8, 'Trying to acces...', 'F:\\xampp7.4\\htd...', 45, Array)
#1 F:\xampp7.4\htdocs\ci4\system\CodeIgniter.php(825): App\Controllers\Cart->cart('add', '2', 'pp')
#2 F:\xampp7.4\htdocs\ci4\system\CodeIgniter.php(412): CodeIgniter\CodeIgniter->runController(Object(App\Controllers\Cart))
#3 F:\xampp7.4\htdocs\ci4\system\CodeIgniter.php(320): CodeIgniter\CodeIgniter->handleRequest(NULL, Object(Config\Cache), false)
#4 F:\xampp7.4\htdocs\ci4\index.php(37): CodeIgniter\CodeIgniter->run()
#5 {main}
INFO - 2022-03-28 11:56:53 --> Session: Class initialized using 'CodeIgniter\Session\Handlers\FileHandler' driver.
INFO - 2022-03-28 11:56:53 --> Cart Class Initialized
CRITICAL - 2022-03-28 11:56:53 --> Trying to access array offset on value of type null
#0 F:\xampp7.4\htdocs\ci4\app\Controllers\Cart.php(45): CodeIgniter\Debug\Exceptions->errorHandler(8, 'Trying to acces...', 'F:\\xampp7.4\\htd...', 45, Array)
#1 F:\xampp7.4\htdocs\ci4\system\CodeIgniter.php(825): App\Controllers\Cart->cart('add', '2', 'pp')
#2 F:\xampp7.4\htdocs\ci4\system\CodeIgniter.php(412): CodeIgniter\CodeIgniter->runController(Object(App\Controllers\Cart))
#3 F:\xampp7.4\htdocs\ci4\system\CodeIgniter.php(320): CodeIgniter\CodeIgniter->handleRequest(NULL, Object(Config\Cache), false)
#4 F:\xampp7.4\htdocs\ci4\index.php(37): CodeIgniter\CodeIgniter->run()
#5 {main}
INFO - 2022-03-28 11:57:12 --> Session: Class initialized using 'CodeIgniter\Session\Handlers\FileHandler' driver.
INFO - 2022-03-28 11:57:12 --> Cart Class Initialized
CRITICAL - 2022-03-28 11:57:12 --> Trying to access array offset on value of type null
#0 F:\xampp7.4\htdocs\ci4\app\Views\single_product.php(64): CodeIgniter\Debug\Exceptions->errorHandler(8, 'Trying to acces...', 'F:\\xampp7.4\\htd...', 64, Array)
#1 F:\xampp7.4\htdocs\ci4\system\View\View.php(210): include('F:\\xampp7.4\\htd...')
#2 F:\xampp7.4\htdocs\ci4\system\View\View.php(213): CodeIgniter\View\View->CodeIgniter\View\{closure}()
#3 F:\xampp7.4\htdocs\ci4\system\Common.php(1089): CodeIgniter\View\View->render('single_product', Array, true)
#4 F:\xampp7.4\htdocs\ci4\app\Controllers\Home.php(128): view('single_product', Array)
#5 F:\xampp7.4\htdocs\ci4\system\CodeIgniter.php(825): App\Controllers\Home->singleProduct('25')
#6 F:\xampp7.4\htdocs\ci4\system\CodeIgniter.php(412): CodeIgniter\CodeIgniter->runController(Object(App\Controllers\Home))
#7 F:\xampp7.4\htdocs\ci4\system\CodeIgniter.php(320): CodeIgniter\CodeIgniter->handleRequest(NULL, Object(Config\Cache), false)
#8 F:\xampp7.4\htdocs\ci4\index.php(37): CodeIgniter\CodeIgniter->run()
#9 {main}
INFO - 2022-03-28 11:57:14 --> Session: Class initialized using 'CodeIgniter\Session\Handlers\FileHandler' driver.
INFO - 2022-03-28 11:57:14 --> Cart Class Initialized
INFO - 2022-03-28 11:57:14 --> Session: Class initialized using 'CodeIgniter\Session\Handlers\FileHandler' driver.
INFO - 2022-03-28 11:57:14 --> Cart Class Initialized
INFO - 2022-03-28 11:57:14 --> Session: Class initialized using 'CodeIgniter\Session\Handlers\FileHandler' driver.
INFO - 2022-03-28 11:57:14 --> Cart Class Initialized
INFO - 2022-03-28 11:57:15 --> Session: Class initialized using 'CodeIgniter\Session\Handlers\FileHandler' driver.
INFO - 2022-03-28 11:57:15 --> Cart Class Initialized
INFO - 2022-03-28 11:57:22 --> Session: Class initialized using 'CodeIgniter\Session\Handlers\FileHandler' driver.
INFO - 2022-03-28 11:57:22 --> Cart Class Initialized
INFO - 2022-03-28 11:57:23 --> Session: Class initialized using 'CodeIgniter\Session\Handlers\FileHandler' driver.
INFO - 2022-03-28 11:57:23 --> Cart Class Initialized
INFO - 2022-03-28 12:00:48 --> Session: Class initialized using 'CodeIgniter\Session\Handlers\FileHandler' driver.
INFO - 2022-03-28 12:00:48 --> Cart Class Initialized
INFO - 2022-03-28 12:00:48 --> Session: Class initialized using 'CodeIgniter\Session\Handlers\FileHandler' driver.
INFO - 2022-03-28 12:00:48 --> Cart Class Initialized
INFO - 2022-03-28 12:04:22 --> Session: Class initialized using 'CodeIgniter\Session\Handlers\FileHandler' driver.
INFO - 2022-03-28 12:04:22 --> Cart Class Initialized
INFO - 2022-03-28 12:04:23 --> Session: Class initialized using 'CodeIgniter\Session\Handlers\FileHandler' driver.
INFO - 2022-03-28 12:04:23 --> Cart Class Initialized
INFO - 2022-03-28 12:10:07 --> Session: Class initialized using 'CodeIgniter\Session\Handlers\FileHandler' driver.
INFO - 2022-03-28 12:10:07 --> Cart Class Initialized
INFO - 2022-03-28 12:10:09 --> Session: Class initialized using 'CodeIgniter\Session\Handlers\FileHandler' driver.
INFO - 2022-03-28 12:10:09 --> Cart Class Initialized
INFO - 2022-03-28 12:15:05 --> Session: Class initialized using 'CodeIgniter\Session\Handlers\FileHandler' driver.
INFO - 2022-03-28 12:15:05 --> Cart Class Initialized
INFO - 2022-03-28 12:15:06 --> Session: Class initialized using 'CodeIgniter\Session\Handlers\FileHandler' driver.
INFO - 2022-03-28 12:15:06 --> Cart Class Initialized
INFO - 2022-03-28 12:19:24 --> Session: Class initialized using 'CodeIgniter\Session\Handlers\FileHandler' driver.
INFO - 2022-03-28 12:19:24 --> Cart Class Initialized
INFO - 2022-03-28 12:19:26 --> Session: Class initialized using 'CodeIgniter\Session\Handlers\FileHandler' driver.
INFO - 2022-03-28 12:19:26 --> Cart Class Initialized
INFO - 2022-03-28 12:20:29 --> Session: Class initialized using 'CodeIgniter\Session\Handlers\FileHandler' driver.
INFO - 2022-03-28 12:20:29 --> Cart Class Initialized
INFO - 2022-03-28 12:20:30 --> Session: Class initialized using 'CodeIgniter\Session\Handlers\FileHandler' driver.
INFO - 2022-03-28 12:20:30 --> Cart Class Initialized
INFO - 2022-03-28 12:22:00 --> Session: Class initialized using 'CodeIgniter\Session\Handlers\FileHandler' driver.
INFO - 2022-03-28 12:22:00 --> Cart Class Initialized
INFO - 2022-03-28 12:22:01 --> Session: Class initialized using 'CodeIgniter\Session\Handlers\FileHandler' driver.
INFO - 2022-03-28 12:22:01 --> Cart Class Initialized
INFO - 2022-03-28 12:22:01 --> Session: Class initialized using 'CodeIgniter\Session\Handlers\FileHandler' driver.
INFO - 2022-03-28 12:22:01 --> Cart Class Initialized
INFO - 2022-03-28 12:22:01 --> Session: Class initialized using 'CodeIgniter\Session\Handlers\FileHandler' driver.
INFO - 2022-03-28 12:22:01 --> Cart Class Initialized
INFO - 2022-03-28 14:07:20 --> Session: Class initialized using 'CodeIgniter\Session\Handlers\FileHandler' driver.
INFO - 2022-03-28 14:07:20 --> Cart Class Initialized
INFO - 2022-03-28 14:07:26 --> Session: Class initialized using 'CodeIgniter\Session\Handlers\FileHandler' driver.
INFO - 2022-03-28 14:07:26 --> Cart Class Initialized
INFO - 2022-03-28 14:07:27 --> Session: Class initialized using 'CodeIgniter\Session\Handlers\FileHandler' driver.
INFO - 2022-03-28 14:07:27 --> Cart Class Initialized
INFO - 2022-03-28 14:07:28 --> Session: Class initialized using 'CodeIgniter\Session\Handlers\FileHandler' driver.
INFO - 2022-03-28 14:07:28 --> Cart Class Initialized
INFO - 2022-03-28 14:08:48 --> Session: Class initialized using 'CodeIgniter\Session\Handlers\FileHandler' driver.
INFO - 2022-03-28 14:08:48 --> Cart Class Initialized
INFO - 2022-03-28 14:08:49 --> Session: Class initialized using 'CodeIgniter\Session\Handlers\FileHandler' driver.
INFO - 2022-03-28 14:08:49 --> Cart Class Initialized
INFO - 2022-03-28 14:08:49 --> Session: Class initialized using 'CodeIgniter\Session\Handlers\FileHandler' driver.
INFO - 2022-03-28 14:08:49 --> Cart Class Initialized
INFO - 2022-03-28 14:08:51 --> Session: Class initialized using 'CodeIgniter\Session\Handlers\FileHandler' driver.
INFO - 2022-03-28 14:08:51 --> Cart Class Initialized
INFO - 2022-03-28 14:16:45 --> Session: Class initialized using 'CodeIgniter\Session\Handlers\FileHandler' driver.
INFO - 2022-03-28 14:16:45 --> Cart Class Initialized
INFO - 2022-03-28 14:16:46 --> Session: Class initialized using 'CodeIgniter\Session\Handlers\FileHandler' driver.
INFO - 2022-03-28 14:16:46 --> Cart Class Initialized
INFO - 2022-03-28 14:16:46 --> Session: Class initialized using 'CodeIgniter\Session\Handlers\FileHandler' driver.
INFO - 2022-03-28 14:16:46 --> Cart Class Initialized
INFO - 2022-03-28 14:16:47 --> Session: Class initialized using 'CodeIgniter\Session\Handlers\FileHandler' driver.
INFO - 2022-03-28 14:16:47 --> Cart Class Initialized
INFO - 2022-03-28 14:17:56 --> Session: Class initialized using 'CodeIgniter\Session\Handlers\FileHandler' driver.
INFO - 2022-03-28 14:17:56 --> Cart Class Initialized
INFO - 2022-03-28 14:17:58 --> Session: Class initialized using 'CodeIgniter\Session\Handlers\FileHandler' driver.
INFO - 2022-03-28 14:17:58 --> Cart Class Initialized
INFO - 2022-03-28 14:17:58 --> Session: Class initialized using 'CodeIgniter\Session\Handlers\FileHandler' driver.
INFO - 2022-03-28 14:17:58 --> Cart Class Initialized
INFO - 2022-03-28 14:18:00 --> Session: Class initialized using 'CodeIgniter\Session\Handlers\FileHandler' driver.
INFO - 2022-03-28 14:18:00 --> Cart Class Initialized
INFO - 2022-03-28 14:18:07 --> Session: Class initialized using 'CodeIgniter\Session\Handlers\FileHandler' driver.
INFO - 2022-03-28 14:18:07 --> Cart Class Initialized
INFO - 2022-03-28 14:18:07 --> Session: Class initialized using 'CodeIgniter\Session\Handlers\FileHandler' driver.
INFO - 2022-03-28 14:18:07 --> Cart Class Initialized
INFO - 2022-03-28 14:18:07 --> Session: Class initialized using 'CodeIgniter\Session\Handlers\FileHandler' driver.
INFO - 2022-03-28 14:18:07 --> Cart Class Initialized
INFO - 2022-03-28 14:18:08 --> Session: Class initialized using 'CodeIgniter\Session\Handlers\FileHandler' driver.
INFO - 2022-03-28 14:18:08 --> Cart Class Initialized
INFO - 2022-03-28 14:18:12 --> Session: Class initialized using 'CodeIgniter\Session\Handlers\FileHandler' driver.
INFO - 2022-03-28 14:18:12 --> Cart Class Initialized
INFO - 2022-03-28 14:18:12 --> Session: Class initialized using 'CodeIgniter\Session\Handlers\FileHandler' driver.
INFO - 2022-03-28 14:18:12 --> Cart Class Initialized
INFO - 2022-03-28 14:19:01 --> Session: Class initialized using 'CodeIgniter\Session\Handlers\FileHandler' driver.
INFO - 2022-03-28 14:19:01 --> Cart Class Initialized
INFO - 2022-03-28 14:19:02 --> Session: Class initialized using 'CodeIgniter\Session\Handlers\FileHandler' driver.
INFO - 2022-03-28 14:19:02 --> Cart Class Initialized
INFO - 2022-03-28 14:19:02 --> Session: Class initialized using 'CodeIgniter\Session\Handlers\FileHandler' driver.
INFO - 2022-03-28 14:19:02 --> Cart Class Initialized
INFO - 2022-03-28 14:19:04 --> Session: Class initialized using 'CodeIgniter\Session\Handlers\FileHandler' driver.
INFO - 2022-03-28 14:19:04 --> Cart Class Initialized
INFO - 2022-03-28 14:19:07 --> Session: Class initialized using 'CodeIgniter\Session\Handlers\FileHandler' driver.
INFO - 2022-03-28 14:19:07 --> Cart Class Initialized
INFO - 2022-03-28 14:19:07 --> Session: Class initialized using 'CodeIgniter\Session\Handlers\FileHandler' driver.
INFO - 2022-03-28 14:19:07 --> Cart Class Initialized
INFO - 2022-03-28 14:25:14 --> Session: Class initialized using 'CodeIgniter\Session\Handlers\FileHandler' driver.
INFO - 2022-03-28 14:25:14 --> Cart Class Initialized
INFO - 2022-03-28 14:25:20 --> Session: Class initialized using 'CodeIgniter\Session\Handlers\FileHandler' driver.
INFO - 2022-03-28 14:25:20 --> Cart Class Initialized
INFO - 2022-03-28 14:25:20 --> Session: Class initialized using 'CodeIgniter\Session\Handlers\FileHandler' driver.
INFO - 2022-03-28 14:25:20 --> Cart Class Initialized
INFO - 2022-03-28 14:25:22 --> Session: Class initialized using 'CodeIgniter\Session\Handlers\FileHandler' driver.
INFO - 2022-03-28 14:25:22 --> Cart Class Initialized
INFO - 2022-03-28 14:25:27 --> Session: Class initialized using 'CodeIgniter\Session\Handlers\FileHandler' driver.
INFO - 2022-03-28 14:25:27 --> Cart Class Initialized
INFO - 2022-03-28 14:25:27 --> Session: Class initialized using 'CodeIgniter\Session\Handlers\FileHandler' driver.
INFO - 2022-03-28 14:25:27 --> Cart Class Initialized
INFO - 2022-03-28 14:26:52 --> Session: Class initialized using 'CodeIgniter\Session\Handlers\FileHandler' driver.
INFO - 2022-03-28 14:26:52 --> Cart Class Initialized
INFO - 2022-03-28 14:26:53 --> Session: Class initialized using 'CodeIgniter\Session\Handlers\FileHandler' driver.
INFO - 2022-03-28 14:26:53 --> Cart Class Initialized
INFO - 2022-03-28 14:26:53 --> Session: Class initialized using 'CodeIgniter\Session\Handlers\FileHandler' driver.
INFO - 2022-03-28 14:26:53 --> Cart Class Initialized
INFO - 2022-03-28 14:26:54 --> Session: Class initialized using 'CodeIgniter\Session\Handlers\FileHandler' driver.
INFO - 2022-03-28 14:26:54 --> Cart Class Initialized
INFO - 2022-03-28 14:26:56 --> Session: Class initialized using 'CodeIgniter\Session\Handlers\FileHandler' driver.
INFO - 2022-03-28 14:26:56 --> Cart Class Initialized
INFO - 2022-03-28 14:26:56 --> Session: Class initialized using 'CodeIgniter\Session\Handlers\FileHandler' driver.
INFO - 2022-03-28 14:26:56 --> Cart Class Initialized
INFO - 2022-03-28 14:27:12 --> Session: Class initialized using 'CodeIgniter\Session\Handlers\FileHandler' driver.
INFO - 2022-03-28 14:27:12 --> Cart Class Initialized
INFO - 2022-03-28 14:27:12 --> Session: Class initialized using 'CodeIgniter\Session\Handlers\FileHandler' driver.
INFO - 2022-03-28 14:27:12 --> Cart Class Initialized
INFO - 2022-03-28 14:28:07 --> Session: Class initialized using 'CodeIgniter\Session\Handlers\FileHandler' driver.
INFO - 2022-03-28 14:28:07 --> Cart Class Initialized
INFO - 2022-03-28 14:28:45 --> Session: Class initialized using 'CodeIgniter\Session\Handlers\FileHandler' driver.
INFO - 2022-03-28 14:28:45 --> Cart Class Initialized
INFO - 2022-03-28 14:28:47 --> Session: Class initialized using 'CodeIgniter\Session\Handlers\FileHandler' driver.
INFO - 2022-03-28 14:28:47 --> Cart Class Initialized
INFO - 2022-03-28 14:28:48 --> Session: Class initialized using 'CodeIgniter\Session\Handlers\FileHandler' driver.
INFO - 2022-03-28 14:28:48 --> Cart Class Initialized
INFO - 2022-03-28 14:29:15 --> Session: Class initialized using 'CodeIgniter\Session\Handlers\FileHandler' driver.
INFO - 2022-03-28 14:29:15 --> Cart Class Initialized
INFO - 2022-03-28 14:29:15 --> Session: Class initialized using 'CodeIgniter\Session\Handlers\FileHandler' driver.
INFO - 2022-03-28 14:29:15 --> Cart Class Initialized
CRITICAL - 2022-03-28 14:29:15 --> file_get_contents(): read of 8192 bytes failed with errno=13 Permission denied
#0 [internal function]: CodeIgniter\Debug\Exceptions->errorHandler(8, 'file_get_conten...', 'F:\\xampp7.4\\htd...', 80, Array)
#1 F:\xampp7.4\htdocs\ci4\system\Debug\Toolbar\Collectors\History.php(80): file_get_contents('F:\\xampp7.4\\htd...')
#2 F:\xampp7.4\htdocs\ci4\system\Debug\Toolbar.php(487): CodeIgniter\Debug\Toolbar\Collectors\History->setFiles(1648495755, 20)
#3 F:\xampp7.4\htdocs\ci4\system\Debug\Toolbar.php(464): CodeIgniter\Debug\Toolbar->format(Array, 'html')
#4 F:\xampp7.4\htdocs\ci4\app\Config\Events.php(48): CodeIgniter\Debug\Toolbar->respond()
#5 F:\xampp7.4\htdocs\ci4\system\Events\Events.php(149): CodeIgniter\Events\Events::Config\{closure}()
#6 F:\xampp7.4\htdocs\ci4\system\CodeIgniter.php(302): CodeIgniter\Events\Events::trigger('pre_system')
#7 F:\xampp7.4\htdocs\ci4\index.php(37): CodeIgniter\CodeIgniter->run()
#8 {main}
INFO - 2022-03-28 14:29:17 --> Session: Class initialized using 'CodeIgniter\Session\Handlers\FileHandler' driver.
INFO - 2022-03-28 14:29:17 --> Cart Class Initialized
INFO - 2022-03-28 14:29:23 --> Session: Class initialized using 'CodeIgniter\Session\Handlers\FileHandler' driver.
INFO - 2022-03-28 14:29:23 --> Cart Class Initialized
INFO - 2022-03-28 14:29:23 --> Session: Class initialized using 'CodeIgniter\Session\Handlers\FileHandler' driver.
INFO - 2022-03-28 14:29:23 --> Cart Class Initialized
INFO - 2022-03-28 14:29:24 --> Session: Class initialized using 'CodeIgniter\Session\Handlers\FileHandler' driver.
INFO - 2022-03-28 14:29:24 --> Cart Class Initialized
INFO - 2022-03-28 14:31:34 --> Session: Class initialized using 'CodeIgniter\Session\Handlers\FileHandler' driver.
INFO - 2022-03-28 14:31:34 --> Cart Class Initialized
INFO - 2022-03-28 14:33:00 --> Session: Class initialized using 'CodeIgniter\Session\Handlers\FileHandler' driver.
INFO - 2022-03-28 14:33:00 --> Cart Class Initialized
INFO - 2022-03-28 14:33:03 --> Session: Class initialized using 'CodeIgniter\Session\Handlers\FileHandler' driver.
INFO - 2022-03-28 14:33:03 --> Cart Class Initialized
INFO - 2022-03-28 14:33:04 --> Session: Class initialized using 'CodeIgniter\Session\Handlers\FileHandler' driver.
INFO - 2022-03-28 14:33:04 --> Cart Class Initialized
INFO - 2022-03-28 14:34:06 --> Session: Class initialized using 'CodeIgniter\Session\Handlers\FileHandler' driver.
INFO - 2022-03-28 14:34:06 --> Cart Class Initialized
INFO - 2022-03-28 14:34:09 --> Session: Class initialized using 'CodeIgniter\Session\Handlers\FileHandler' driver.
INFO - 2022-03-28 14:34:09 --> Cart Class Initialized
INFO - 2022-03-28 14:34:10 --> Session: Class initialized using 'CodeIgniter\Session\Handlers\FileHandler' driver.
INFO - 2022-03-28 14:34:10 --> Cart Class Initialized
INFO - 2022-03-28 14:54:16 --> Session: Class initialized using 'CodeIgniter\Session\Handlers\FileHandler' driver.
INFO - 2022-03-28 14:54:16 --> Cart Class Initialized
INFO - 2022-03-28 14:54:17 --> Session: Class initialized using 'CodeIgniter\Session\Handlers\FileHandler' driver.
INFO - 2022-03-28 14:54:17 --> Cart Class Initialized
INFO - 2022-03-28 14:54:18 --> Session: Class initialized using 'CodeIgniter\Session\Handlers\FileHandler' driver.
INFO - 2022-03-28 14:54:18 --> Cart Class Initialized
INFO - 2022-03-28 14:55:21 --> Session: Class initialized using 'CodeIgniter\Session\Handlers\FileHandler' driver.
INFO - 2022-03-28 14:55:21 --> Cart Class Initialized
INFO - 2022-03-28 14:55:22 --> Session: Class initialized using 'CodeIgniter\Session\Handlers\FileHandler' driver.
INFO - 2022-03-28 14:55:22 --> Cart Class Initialized
INFO - 2022-03-28 14:55:23 --> Session: Class initialized using 'CodeIgniter\Session\Handlers\FileHandler' driver.
INFO - 2022-03-28 14:55:23 --> Cart Class Initialized
INFO - 2022-03-28 14:57:09 --> Session: Class initialized using 'CodeIgniter\Session\Handlers\FileHandler' driver.
INFO - 2022-03-28 14:57:09 --> Cart Class Initialized
INFO - 2022-03-28 14:57:10 --> Session: Class initialized using 'CodeIgniter\Session\Handlers\FileHandler' driver.
INFO - 2022-03-28 14:57:10 --> Cart Class Initialized
INFO - 2022-03-28 14:57:12 --> Session: Class initialized using 'CodeIgniter\Session\Handlers\FileHandler' driver.
INFO - 2022-03-28 14:57:12 --> Cart Class Initialized
INFO - 2022-03-28 14:57:15 --> Session: Class initialized using 'CodeIgniter\Session\Handlers\FileHandler' driver.
INFO - 2022-03-28 14:57:15 --> Cart Class Initialized
INFO - 2022-03-28 14:58:00 --> Session: Class initialized using 'CodeIgniter\Session\Handlers\FileHandler' driver.
INFO - 2022-03-28 14:58:00 --> Cart Class Initialized
INFO - 2022-03-28 14:58:01 --> Session: Class initialized using 'CodeIgniter\Session\Handlers\FileHandler' driver.
INFO - 2022-03-28 14:58:01 --> Cart Class Initialized
INFO - 2022-03-28 14:58:02 --> Session: Class initialized using 'CodeIgniter\Session\Handlers\FileHandler' driver.
INFO - 2022-03-28 14:58:02 --> Cart Class Initialized
INFO - 2022-03-28 14:58:04 --> Session: Class initialized using 'CodeIgniter\Session\Handlers\FileHandler' driver.
INFO - 2022-03-28 14:58:04 --> Cart Class Initialized
INFO - 2022-03-28 14:58:04 --> Session: Class initialized using 'CodeIgniter\Session\Handlers\FileHandler' driver.
INFO - 2022-03-28 14:58:04 --> Cart Class Initialized
INFO - 2022-03-28 14:58:14 --> Session: Class initialized using 'CodeIgniter\Session\Handlers\FileHandler' driver.
INFO - 2022-03-28 14:58:14 --> Cart Class Initialized
INFO - 2022-03-28 14:58:14 --> Session: Class initialized using 'CodeIgniter\Session\Handlers\FileHandler' driver.
INFO - 2022-03-28 14:58:14 --> Cart Class Initialized
INFO - 2022-03-28 14:58:19 --> Session: Class initialized using 'CodeIgniter\Session\Handlers\FileHandler' driver.
INFO - 2022-03-28 14:58:19 --> Cart Class Initialized
INFO - 2022-03-28 14:58:19 --> Session: Class initialized using 'CodeIgniter\Session\Handlers\FileHandler' driver.
INFO - 2022-03-28 14:58:19 --> Cart Class Initialized
INFO - 2022-03-28 14:58:20 --> Session: Class initialized using 'CodeIgniter\Session\Handlers\FileHandler' driver.
INFO - 2022-03-28 14:58:20 --> Cart Class Initialized
INFO - 2022-03-28 14:58:20 --> Session: Class initialized using 'CodeIgniter\Session\Handlers\FileHandler' driver.
INFO - 2022-03-28 14:58:20 --> Cart Class Initialized
INFO - 2022-03-28 14:58:22 --> Session: Class initialized using 'CodeIgniter\Session\Handlers\FileHandler' driver.
INFO - 2022-03-28 14:58:22 --> Cart Class Initialized
INFO - 2022-03-28 14:58:22 --> Session: Class initialized using 'CodeIgniter\Session\Handlers\FileHandler' driver.
INFO - 2022-03-28 14:58:22 --> Cart Class Initialized
INFO - 2022-03-28 14:58:28 --> Session: Class initialized using 'CodeIgniter\Session\Handlers\FileHandler' driver.
INFO - 2022-03-28 14:58:28 --> Cart Class Initialized
INFO - 2022-03-28 14:58:28 --> Session: Class initialized using 'CodeIgniter\Session\Handlers\FileHandler' driver.
INFO - 2022-03-28 14:58:28 --> Cart Class Initialized
INFO - 2022-03-28 14:58:29 --> Session: Class initialized using 'CodeIgniter\Session\Handlers\FileHandler' driver.
INFO - 2022-03-28 14:58:29 --> Cart Class Initialized
INFO - 2022-03-28 14:59:06 --> Session: Class initialized using 'CodeIgniter\Session\Handlers\FileHandler' driver.
INFO - 2022-03-28 14:59:06 --> Cart Class Initialized
INFO - 2022-03-28 14:59:07 --> Session: Class initialized using 'CodeIgniter\Session\Handlers\FileHandler' driver.
INFO - 2022-03-28 14:59:07 --> Cart Class Initialized
INFO - 2022-03-28 14:59:09 --> Session: Class initialized using 'CodeIgniter\Session\Handlers\FileHandler' driver.
INFO - 2022-03-28 14:59:09 --> Cart Class Initialized
INFO - 2022-03-28 14:59:19 --> Session: Class initialized using 'CodeIgniter\Session\Handlers\FileHandler' driver.
INFO - 2022-03-28 14:59:19 --> Cart Class Initialized
INFO - 2022-03-28 14:59:19 --> Session: Class initialized using 'CodeIgniter\Session\Handlers\FileHandler' driver.
INFO - 2022-03-28 14:59:19 --> Cart Class Initialized
INFO - 2022-03-28 15:00:26 --> Session: Class initialized using 'CodeIgniter\Session\Handlers\FileHandler' driver.
INFO - 2022-03-28 15:00:26 --> Cart Class Initialized
INFO - 2022-03-28 15:00:28 --> Session: Class initialized using 'CodeIgniter\Session\Handlers\FileHandler' driver.
INFO - 2022-03-28 15:00:28 --> Cart Class Initialized
INFO - 2022-03-28 15:00:29 --> Session: Class initialized using 'CodeIgniter\Session\Handlers\FileHandler' driver.
INFO - 2022-03-28 15:00:29 --> Cart Class Initialized
INFO - 2022-03-28 15:01:02 --> Session: Class initialized using 'CodeIgniter\Session\Handlers\FileHandler' driver.
INFO - 2022-03-28 15:01:02 --> Cart Class Initialized
INFO - 2022-03-28 15:01:02 --> Session: Class initialized using 'CodeIgniter\Session\Handlers\FileHandler' driver.
INFO - 2022-03-28 15:01:02 --> Cart Class Initialized
INFO - 2022-03-28 15:01:03 --> Session: Class initialized using 'CodeIgniter\Session\Handlers\FileHandler' driver.
INFO - 2022-03-28 15:01:03 --> Cart Class Initialized
INFO - 2022-03-28 15:01:04 --> Session: Class initialized using 'CodeIgniter\Session\Handlers\FileHandler' driver.
INFO - 2022-03-28 15:01:04 --> Cart Class Initialized
INFO - 2022-03-28 15:01:07 --> Session: Class initialized using 'CodeIgniter\Session\Handlers\FileHandler' driver.
INFO - 2022-03-28 15:01:07 --> Cart Class Initialized
INFO - 2022-03-28 15:01:07 --> Session: Class initialized using 'CodeIgniter\Session\Handlers\FileHandler' driver.
INFO - 2022-03-28 15:01:07 --> Cart Class Initialized
INFO - 2022-03-28 15:01:13 --> Session: Class initialized using 'CodeIgniter\Session\Handlers\FileHandler' driver.
INFO - 2022-03-28 15:01:13 --> Cart Class Initialized
INFO - 2022-03-28 15:01:14 --> Session: Class initialized using 'CodeIgniter\Session\Handlers\FileHandler' driver.
INFO - 2022-03-28 15:01:14 --> Cart Class Initialized
INFO - 2022-03-28 15:01:17 --> Session: Class initialized using 'CodeIgniter\Session\Handlers\FileHandler' driver.
INFO - 2022-03-28 15:01:17 --> Cart Class Initialized
INFO - 2022-03-28 15:02:31 --> Session: Class initialized using 'CodeIgniter\Session\Handlers\FileHandler' driver.
INFO - 2022-03-28 15:02:31 --> Cart Class Initialized
INFO - 2022-03-28 15:02:33 --> Session: Class initialized using 'CodeIgniter\Session\Handlers\FileHandler' driver.
INFO - 2022-03-28 15:02:33 --> Cart Class Initialized
INFO - 2022-03-28 15:02:39 --> Session: Class initialized using 'CodeIgniter\Session\Handlers\FileHandler' driver.
INFO - 2022-03-28 15:02:39 --> Cart Class Initialized
INFO - 2022-03-28 15:03:39 --> Session: Class initialized using 'CodeIgniter\Session\Handlers\FileHandler' driver.
INFO - 2022-03-28 15:03:39 --> Cart Class Initialized
INFO - 2022-03-28 15:03:40 --> Session: Class initialized using 'CodeIgniter\Session\Handlers\FileHandler' driver.
INFO - 2022-03-28 15:03:40 --> Cart Class Initialized
INFO - 2022-03-28 15:03:41 --> Session: Class initialized using 'CodeIgniter\Session\Handlers\FileHandler' driver.
INFO - 2022-03-28 15:03:41 --> Cart Class Initialized
INFO - 2022-03-28 15:03:49 --> Session: Class initialized using 'CodeIgniter\Session\Handlers\FileHandler' driver.
INFO - 2022-03-28 15:03:49 --> Cart Class Initialized
INFO - 2022-03-28 15:03:57 --> Session: Class initialized using 'CodeIgniter\Session\Handlers\FileHandler' driver.
INFO - 2022-03-28 15:03:57 --> Cart Class Initialized
INFO - 2022-03-28 15:04:02 --> Session: Class initialized using 'CodeIgniter\Session\Handlers\FileHandler' driver.
INFO - 2022-03-28 15:04:02 --> Cart Class Initialized
INFO - 2022-03-28 15:04:06 --> Session: Class initialized using 'CodeIgniter\Session\Handlers\FileHandler' driver.
INFO - 2022-03-28 15:04:06 --> Cart Class Initialized
INFO - 2022-03-28 15:04:14 --> Session: Class initialized using 'CodeIgniter\Session\Handlers\FileHandler' driver.
INFO - 2022-03-28 15:04:14 --> Cart Class Initialized
INFO - 2022-03-28 15:04:15 --> Session: Class initialized using 'CodeIgniter\Session\Handlers\FileHandler' driver.
INFO - 2022-03-28 15:04:15 --> Cart Class Initialized
INFO - 2022-03-28 15:04:18 --> Session: Class initialized using 'CodeIgniter\Session\Handlers\FileHandler' driver.
INFO - 2022-03-28 15:04:18 --> Cart Class Initialized
INFO - 2022-03-28 15:04:44 --> Session: Class initialized using 'CodeIgniter\Session\Handlers\FileHandler' driver.
INFO - 2022-03-28 15:04:44 --> Cart Class Initialized
INFO - 2022-03-28 15:04:46 --> Session: Class initialized using 'CodeIgniter\Session\Handlers\FileHandler' driver.
INFO - 2022-03-28 15:04:46 --> Cart Class Initialized
INFO - 2022-03-28 15:04:50 --> Session: Class initialized using 'CodeIgniter\Session\Handlers\FileHandler' driver.
INFO - 2022-03-28 15:04:50 --> Cart Class Initialized
INFO - 2022-03-28 15:04:55 --> Session: Class initialized using 'CodeIgniter\Session\Handlers\FileHandler' driver.
INFO - 2022-03-28 15:04:55 --> Cart Class Initialized
INFO - 2022-03-28 15:04:55 --> Session: Class initialized using 'CodeIgniter\Session\Handlers\FileHandler' driver.
INFO - 2022-03-28 15:04:55 --> Cart Class Initialized
INFO - 2022-03-28 15:05:57 --> Session: Class initialized using 'CodeIgniter\Session\Handlers\FileHandler' driver.
INFO - 2022-03-28 15:05:57 --> Cart Class Initialized
INFO - 2022-03-28 15:05:58 --> Session: Class initialized using 'CodeIgniter\Session\Handlers\FileHandler' driver.
INFO - 2022-03-28 15:05:58 --> Cart Class Initialized
INFO - 2022-03-28 15:05:59 --> Session: Class initialized using 'CodeIgniter\Session\Handlers\FileHandler' driver.
INFO - 2022-03-28 15:05:59 --> Cart Class Initialized
INFO - 2022-03-28 15:06:03 --> Session: Class initialized using 'CodeIgniter\Session\Handlers\FileHandler' driver.
INFO - 2022-03-28 15:06:03 --> Cart Class Initialized
INFO - 2022-03-28 15:06:03 --> Session: Class initialized using 'CodeIgniter\Session\Handlers\FileHandler' driver.
INFO - 2022-03-28 15:06:03 --> Cart Class Initialized
INFO - 2022-03-28 15:06:06 --> Session: Class initialized using 'CodeIgniter\Session\Handlers\FileHandler' driver.
INFO - 2022-03-28 15:06:06 --> Cart Class Initialized
INFO - 2022-03-28 15:06:07 --> Session: Class initialized using 'CodeIgniter\Session\Handlers\FileHandler' driver.
INFO - 2022-03-28 15:06:07 --> Cart Class Initialized
INFO - 2022-03-28 15:06:08 --> Session: Class initialized using 'CodeIgniter\Session\Handlers\FileHandler' driver.
INFO - 2022-03-28 15:06:08 --> Cart Class Initialized
INFO - 2022-03-28 15:11:25 --> Session: Class initialized using 'CodeIgniter\Session\Handlers\FileHandler' driver.
INFO - 2022-03-28 15:11:25 --> Cart Class Initialized
INFO - 2022-03-28 15:11:25 --> Session: Class initialized using 'CodeIgniter\Session\Handlers\FileHandler' driver.
INFO - 2022-03-28 15:11:25 --> Cart Class Initialized
INFO - 2022-03-28 15:11:26 --> Session: Class initialized using 'CodeIgniter\Session\Handlers\FileHandler' driver.
INFO - 2022-03-28 15:11:26 --> Cart Class Initialized
INFO - 2022-03-28 15:12:17 --> Session: Class initialized using 'CodeIgniter\Session\Handlers\FileHandler' driver.
INFO - 2022-03-28 15:12:17 --> Cart Class Initialized
INFO - 2022-03-28 15:12:18 --> Session: Class initialized using 'CodeIgniter\Session\Handlers\FileHandler' driver.
INFO - 2022-03-28 15:12:18 --> Cart Class Initialized
INFO - 2022-03-28 15:12:20 --> Session: Class initialized using 'CodeIgniter\Session\Handlers\FileHandler' driver.
INFO - 2022-03-28 15:12:20 --> Cart Class Initialized
INFO - 2022-03-28 15:12:27 --> Session: Class initialized using 'CodeIgniter\Session\Handlers\FileHandler' driver.
INFO - 2022-03-28 15:12:27 --> Cart Class Initialized
INFO - 2022-03-28 15:12:27 --> Session: Class initialized using 'CodeIgniter\Session\Handlers\FileHandler' driver.
INFO - 2022-03-28 15:12:27 --> Cart Class Initialized
INFO - 2022-03-28 15:12:35 --> Session: Class initialized using 'CodeIgniter\Session\Handlers\FileHandler' driver.
INFO - 2022-03-28 15:12:35 --> Cart Class Initialized
INFO - 2022-03-28 15:12:35 --> Session: Class initialized using 'CodeIgniter\Session\Handlers\FileHandler' driver.
INFO - 2022-03-28 15:12:35 --> Cart Class Initialized
INFO - 2022-03-28 15:17:07 --> Session: Class initialized using 'CodeIgniter\Session\Handlers\FileHandler' driver.
INFO - 2022-03-28 15:17:07 --> Cart Class Initialized
INFO - 2022-03-28 15:17:08 --> Session: Class initialized using 'CodeIgniter\Session\Handlers\FileHandler' driver.
INFO - 2022-03-28 15:17:08 --> Cart Class Initialized
INFO - 2022-03-28 15:17:09 --> Session: Class initialized using 'CodeIgniter\Session\Handlers\FileHandler' driver.
INFO - 2022-03-28 15:17:09 --> Cart Class Initialized
INFO - 2022-03-28 15:17:10 --> Session: Class initialized using 'CodeIgniter\Session\Handlers\FileHandler' driver.
INFO - 2022-03-28 15:17:10 --> Cart Class Initialized
INFO - 2022-03-28 15:17:10 --> Session: Class initialized using 'CodeIgniter\Session\Handlers\FileHandler' driver.
INFO - 2022-03-28 15:17:10 --> Cart Class Initialized
INFO - 2022-03-28 15:17:12 --> Session: Class initialized using 'CodeIgniter\Session\Handlers\FileHandler' driver.
INFO - 2022-03-28 15:17:12 --> Cart Class Initialized
INFO - 2022-03-28 15:17:12 --> Session: Class initialized using 'CodeIgniter\Session\Handlers\FileHandler' driver.
INFO - 2022-03-28 15:17:12 --> Cart Class Initialized
INFO - 2022-03-28 15:17:35 --> Session: Class initialized using 'CodeIgniter\Session\Handlers\FileHandler' driver.
INFO - 2022-03-28 15:17:35 --> Cart Class Initialized
INFO - 2022-03-28 15:17:36 --> Session: Class initialized using 'CodeIgniter\Session\Handlers\FileHandler' driver.
INFO - 2022-03-28 15:17:36 --> Cart Class Initialized
INFO - 2022-03-28 15:17:42 --> Session: Class initialized using 'CodeIgniter\Session\Handlers\FileHandler' driver.
INFO - 2022-03-28 15:17:42 --> Cart Class Initialized
INFO - 2022-03-28 15:17:44 --> Session: Class initialized using 'CodeIgniter\Session\Handlers\FileHandler' driver.
INFO - 2022-03-28 15:17:44 --> Cart Class Initialized
INFO - 2022-03-28 15:17:44 --> Session: Class initialized using 'CodeIgniter\Session\Handlers\FileHandler' driver.
INFO - 2022-03-28 15:17:44 --> Cart Class Initialized
INFO - 2022-03-28 15:18:25 --> Session: Class initialized using 'CodeIgniter\Session\Handlers\FileHandler' driver.
INFO - 2022-03-28 15:18:25 --> Cart Class Initialized
INFO - 2022-03-28 15:18:26 --> Session: Class initialized using 'CodeIgniter\Session\Handlers\FileHandler' driver.
INFO - 2022-03-28 15:18:26 --> Cart Class Initialized
INFO - 2022-03-28 15:18:27 --> Session: Class initialized using 'CodeIgniter\Session\Handlers\FileHandler' driver.
INFO - 2022-03-28 15:18:27 --> Cart Class Initialized
INFO - 2022-03-28 15:18:28 --> Session: Class initialized using 'CodeIgniter\Session\Handlers\FileHandler' driver.
INFO - 2022-03-28 15:18:28 --> Cart Class Initialized
INFO - 2022-03-28 15:18:29 --> Session: Class initialized using 'CodeIgniter\Session\Handlers\FileHandler' driver.
INFO - 2022-03-28 15:18:29 --> Cart Class Initialized
INFO - 2022-03-28 15:18:31 --> Session: Class initialized using 'CodeIgniter\Session\Handlers\FileHandler' driver.
INFO - 2022-03-28 15:18:31 --> Cart Class Initialized
INFO - 2022-03-28 15:18:31 --> Session: Class initialized using 'CodeIgniter\Session\Handlers\FileHandler' driver.
INFO - 2022-03-28 15:18:31 --> Cart Class Initialized
INFO - 2022-03-28 15:18:32 --> Session: Class initialized using 'CodeIgniter\Session\Handlers\FileHandler' driver.
INFO - 2022-03-28 15:18:32 --> Cart Class Initialized
INFO - 2022-03-28 15:18:32 --> Session: Class initialized using 'CodeIgniter\Session\Handlers\FileHandler' driver.
INFO - 2022-03-28 15:18:32 --> Cart Class Initialized
INFO - 2022-03-28 15:18:35 --> Session: Class initialized using 'CodeIgniter\Session\Handlers\FileHandler' driver.
INFO - 2022-03-28 15:18:35 --> Cart Class Initialized
INFO - 2022-03-28 15:18:35 --> Session: Class initialized using 'CodeIgniter\Session\Handlers\FileHandler' driver.
INFO - 2022-03-28 15:18:35 --> Cart Class Initialized
INFO - 2022-03-28 15:19:42 --> Session: Class initialized using 'CodeIgniter\Session\Handlers\FileHandler' driver.
INFO - 2022-03-28 15:19:42 --> Cart Class Initialized
INFO - 2022-03-28 15:20:02 --> Session: Class initialized using 'CodeIgniter\Session\Handlers\FileHandler' driver.
INFO - 2022-03-28 15:20:02 --> Cart Class Initialized
INFO - 2022-03-28 15:20:04 --> Session: Class initialized using 'CodeIgniter\Session\Handlers\FileHandler' driver.
INFO - 2022-03-28 15:20:04 --> Cart Class Initialized
INFO - 2022-03-28 15:20:22 --> Session: Class initialized using 'CodeIgniter\Session\Handlers\FileHandler' driver.
INFO - 2022-03-28 15:20:22 --> Cart Class Initialized
INFO - 2022-03-28 15:20:22 --> Session: Class initialized using 'CodeIgniter\Session\Handlers\FileHandler' driver.
INFO - 2022-03-28 15:20:22 --> Cart Class Initialized
INFO - 2022-03-28 15:20:25 --> Session: Class initialized using 'CodeIgniter\Session\Handlers\FileHandler' driver.
INFO - 2022-03-28 15:20:25 --> Cart Class Initialized
INFO - 2022-03-28 15:20:25 --> Session: Class initialized using 'CodeIgniter\Session\Handlers\FileHandler' driver.
INFO - 2022-03-28 15:20:25 --> Cart Class Initialized
INFO - 2022-03-28 15:20:26 --> Session: Class initialized using 'CodeIgniter\Session\Handlers\FileHandler' driver.
INFO - 2022-03-28 15:20:26 --> Cart Class Initialized
INFO - 2022-03-28 15:20:26 --> Session: Class initialized using 'CodeIgniter\Session\Handlers\FileHandler' driver.
INFO - 2022-03-28 15:20:26 --> Cart Class Initialized
INFO - 2022-03-28 15:20:27 --> Session: Class initialized using 'CodeIgniter\Session\Handlers\FileHandler' driver.
INFO - 2022-03-28 15:20:27 --> Cart Class Initialized
INFO - 2022-03-28 15:20:27 --> Session: Class initialized using 'CodeIgniter\Session\Handlers\FileHandler' driver.
INFO - 2022-03-28 15:20:27 --> Cart Class Initialized
INFO - 2022-03-28 15:20:28 --> Session: Class initialized using 'CodeIgniter\Session\Handlers\FileHandler' driver.
INFO - 2022-03-28 15:20:28 --> Cart Class Initialized
INFO - 2022-03-28 15:20:28 --> Session: Class initialized using 'CodeIgniter\Session\Handlers\FileHandler' driver.
INFO - 2022-03-28 15:20:28 --> Cart Class Initialized
INFO - 2022-03-28 15:20:29 --> Session: Class initialized using 'CodeIgniter\Session\Handlers\FileHandler' driver.
INFO - 2022-03-28 15:20:29 --> Cart Class Initialized
INFO - 2022-03-28 15:20:29 --> Session: Class initialized using 'CodeIgniter\Session\Handlers\FileHandler' driver.
INFO - 2022-03-28 15:20:29 --> Cart Class Initialized
INFO - 2022-03-28 15:20:30 --> Session: Class initialized using 'CodeIgniter\Session\Handlers\FileHandler' driver.
INFO - 2022-03-28 15:20:30 --> Cart Class Initialized
INFO - 2022-03-28 15:20:30 --> Session: Class initialized using 'CodeIgniter\Session\Handlers\FileHandler' driver.
INFO - 2022-03-28 15:20:30 --> Cart Class Initialized
INFO - 2022-03-28 15:40:07 --> Session: Class initialized using 'CodeIgniter\Session\Handlers\FileHandler' driver.
INFO - 2022-03-28 15:40:07 --> Cart Class Initialized
INFO - 2022-03-28 15:40:08 --> Session: Class initialized using 'CodeIgniter\Session\Handlers\FileHandler' driver.
INFO - 2022-03-28 15:40:08 --> Cart Class Initialized
INFO - 2022-03-28 15:40:09 --> Session: Class initialized using 'CodeIgniter\Session\Handlers\FileHandler' driver.
INFO - 2022-03-28 15:40:09 --> Cart Class Initialized
INFO - 2022-03-28 15:42:17 --> Session: Class initialized using 'CodeIgniter\Session\Handlers\FileHandler' driver.
INFO - 2022-03-28 15:42:17 --> Cart Class Initialized
INFO - 2022-03-28 15:42:18 --> Session: Class initialized using 'CodeIgniter\Session\Handlers\FileHandler' driver.
INFO - 2022-03-28 15:42:18 --> Cart Class Initialized
INFO - 2022-03-28 15:42:19 --> Session: Class initialized using 'CodeIgniter\Session\Handlers\FileHandler' driver.
INFO - 2022-03-28 15:42:19 --> Cart Class Initialized
INFO - 2022-03-28 15:43:12 --> Session: Class initialized using 'CodeIgniter\Session\Handlers\FileHandler' driver.
INFO - 2022-03-28 15:43:12 --> Cart Class Initialized
INFO - 2022-03-28 15:43:14 --> Session: Class initialized using 'CodeIgniter\Session\Handlers\FileHandler' driver.
INFO - 2022-03-28 15:43:14 --> Cart Class Initialized
INFO - 2022-03-28 15:43:15 --> Session: Class initialized using 'CodeIgniter\Session\Handlers\FileHandler' driver.
INFO - 2022-03-28 15:43:15 --> Cart Class Initialized
INFO - 2022-03-28 15:43:22 --> Session: Class initialized using 'CodeIgniter\Session\Handlers\FileHandler' driver.
INFO - 2022-03-28 15:43:22 --> Cart Class Initialized
INFO - 2022-03-28 15:43:23 --> Session: Class initialized using 'CodeIgniter\Session\Handlers\FileHandler' driver.
INFO - 2022-03-28 15:43:23 --> Cart Class Initialized
INFO - 2022-03-28 15:43:41 --> Session: Class initialized using 'CodeIgniter\Session\Handlers\FileHandler' driver.
INFO - 2022-03-28 15:43:41 --> Cart Class Initialized
INFO - 2022-03-28 15:43:42 --> Session: Class initialized using 'CodeIgniter\Session\Handlers\FileHandler' driver.
INFO - 2022-03-28 15:43:42 --> Cart Class Initialized
INFO - 2022-03-28 15:43:43 --> Session: Class initialized using 'CodeIgniter\Session\Handlers\FileHandler' driver.
INFO - 2022-03-28 15:43:43 --> Cart Class Initialized
INFO - 2022-03-28 15:44:55 --> Session: Class initialized using 'CodeIgniter\Session\Handlers\FileHandler' driver.
INFO - 2022-03-28 15:44:55 --> Cart Class Initialized
INFO - 2022-03-28 15:44:55 --> Session: Class initialized using 'CodeIgniter\Session\Handlers\FileHandler' driver.
INFO - 2022-03-28 15:44:55 --> Cart Class Initialized
INFO - 2022-03-28 15:45:28 --> Session: Class initialized using 'CodeIgniter\Session\Handlers\FileHandler' driver.
INFO - 2022-03-28 15:45:28 --> Cart Class Initialized
INFO - 2022-03-28 15:45:29 --> Session: Class initialized using 'CodeIgniter\Session\Handlers\FileHandler' driver.
INFO - 2022-03-28 15:45:29 --> Cart Class Initialized
INFO - 2022-03-28 15:45:34 --> Session: Class initialized using 'CodeIgniter\Session\Handlers\FileHandler' driver.
INFO - 2022-03-28 15:45:34 --> Cart Class Initialized
INFO - 2022-03-28 15:45:34 --> Session: Class initialized using 'CodeIgniter\Session\Handlers\FileHandler' driver.
INFO - 2022-03-28 15:45:34 --> Cart Class Initialized
INFO - 2022-03-28 15:45:49 --> Session: Class initialized using 'CodeIgniter\Session\Handlers\FileHandler' driver.
INFO - 2022-03-28 15:45:49 --> Cart Class Initialized
INFO - 2022-03-28 15:45:50 --> Session: Class initialized using 'CodeIgniter\Session\Handlers\FileHandler' driver.
INFO - 2022-03-28 15:45:50 --> Cart Class Initialized
INFO - 2022-03-28 15:45:53 --> Session: Class initialized using 'CodeIgniter\Session\Handlers\FileHandler' driver.
INFO - 2022-03-28 15:45:53 --> Cart Class Initialized
INFO - 2022-03-28 15:45:53 --> Session: Class initialized using 'CodeIgniter\Session\Handlers\FileHandler' driver.
INFO - 2022-03-28 15:45:53 --> Cart Class Initialized
INFO - 2022-03-28 15:45:57 --> Session: Class initialized using 'CodeIgniter\Session\Handlers\FileHandler' driver.
INFO - 2022-03-28 15:45:57 --> Cart Class Initialized
INFO - 2022-03-28 15:45:57 --> Session: Class initialized using 'CodeIgniter\Session\Handlers\FileHandler' driver.
INFO - 2022-03-28 15:45:57 --> Cart Class Initialized
INFO - 2022-03-28 15:45:59 --> Session: Class initialized using 'CodeIgniter\Session\Handlers\FileHandler' driver.
INFO - 2022-03-28 15:45:59 --> Cart Class Initialized
INFO - 2022-03-28 15:45:59 --> Session: Class initialized using 'CodeIgniter\Session\Handlers\FileHandler' driver.
INFO - 2022-03-28 15:45:59 --> Cart Class Initialized
INFO - 2022-03-28 15:46:01 --> Session: Class initialized using 'CodeIgniter\Session\Handlers\FileHandler' driver.
INFO - 2022-03-28 15:46:01 --> Cart Class Initialized
INFO - 2022-03-28 15:46:02 --> Session: Class initialized using 'CodeIgniter\Session\Handlers\FileHandler' driver.
INFO - 2022-03-28 15:46:02 --> Cart Class Initialized
INFO - 2022-03-28 15:46:05 --> Session: Class initialized using 'CodeIgniter\Session\Handlers\FileHandler' driver.
INFO - 2022-03-28 15:46:05 --> Cart Class Initialized
INFO - 2022-03-28 15:46:06 --> Session: Class initialized using 'CodeIgniter\Session\Handlers\FileHandler' driver.
INFO - 2022-03-28 15:46:06 --> Cart Class Initialized
INFO - 2022-03-28 15:46:12 --> Session: Class initialized using 'CodeIgniter\Session\Handlers\FileHandler' driver.
INFO - 2022-03-28 15:46:12 --> Cart Class Initialized
INFO - 2022-03-28 15:47:27 --> Session: Class initialized using 'CodeIgniter\Session\Handlers\FileHandler' driver.
INFO - 2022-03-28 15:47:27 --> Cart Class Initialized
INFO - 2022-03-28 15:47:28 --> Session: Class initialized using 'CodeIgniter\Session\Handlers\FileHandler' driver.
INFO - 2022-03-28 15:47:28 --> Cart Class Initialized
INFO - 2022-03-28 15:47:29 --> Session: Class initialized using 'CodeIgniter\Session\Handlers\FileHandler' driver.
INFO - 2022-03-28 15:47:29 --> Cart Class Initialized
INFO - 2022-03-28 15:47:38 --> Session: Class initialized using 'CodeIgniter\Session\Handlers\FileHandler' driver.
INFO - 2022-03-28 15:47:38 --> Cart Class Initialized
INFO - 2022-03-28 15:47:38 --> Session: Class initialized using 'CodeIgniter\Session\Handlers\FileHandler' driver.
INFO - 2022-03-28 15:47:38 --> Cart Class Initialized
INFO - 2022-03-28 15:47:42 --> Session: Class initialized using 'CodeIgniter\Session\Handlers\FileHandler' driver.
INFO - 2022-03-28 15:47:42 --> Cart Class Initialized
INFO - 2022-03-28 15:47:43 --> Session: Class initialized using 'CodeIgniter\Session\Handlers\FileHandler' driver.
INFO - 2022-03-28 15:47:43 --> Cart Class Initialized
INFO - 2022-03-28 15:47:44 --> Session: Class initialized using 'CodeIgniter\Session\Handlers\FileHandler' driver.
INFO - 2022-03-28 15:47:44 --> Cart Class Initialized
INFO - 2022-03-28 15:48:59 --> Session: Class initialized using 'CodeIgniter\Session\Handlers\FileHandler' driver.
INFO - 2022-03-28 15:48:59 --> Cart Class Initialized
INFO - 2022-03-28 15:48:59 --> Session: Class initialized using 'CodeIgniter\Session\Handlers\FileHandler' driver.
INFO - 2022-03-28 15:48:59 --> Cart Class Initialized
INFO - 2022-03-28 15:49:00 --> Session: Class initialized using 'CodeIgniter\Session\Handlers\FileHandler' driver.
INFO - 2022-03-28 15:49:00 --> Cart Class Initialized
INFO - 2022-03-28 15:49:03 --> Session: Class initialized using 'CodeIgniter\Session\Handlers\FileHandler' driver.
INFO - 2022-03-28 15:49:03 --> Cart Class Initialized
INFO - 2022-03-28 15:49:03 --> Session: Class initialized using 'CodeIgniter\Session\Handlers\FileHandler' driver.
INFO - 2022-03-28 15:49:03 --> Cart Class Initialized
INFO - 2022-03-28 15:49:05 --> Session: Class initialized using 'CodeIgniter\Session\Handlers\FileHandler' driver.
INFO - 2022-03-28 15:49:05 --> Cart Class Initialized
INFO - 2022-03-28 15:49:06 --> Session: Class initialized using 'CodeIgniter\Session\Handlers\FileHandler' driver.
INFO - 2022-03-28 15:49:06 --> Cart Class Initialized
INFO - 2022-03-28 15:49:07 --> Session: Class initialized using 'CodeIgniter\Session\Handlers\FileHandler' driver.
INFO - 2022-03-28 15:49:07 --> Cart Class Initialized
INFO - 2022-03-28 15:50:32 --> Session: Class initialized using 'CodeIgniter\Session\Handlers\FileHandler' driver.
INFO - 2022-03-28 15:50:32 --> Cart Class Initialized
INFO - 2022-03-28 15:50:32 --> Session: Class initialized using 'CodeIgniter\Session\Handlers\FileHandler' driver.
INFO - 2022-03-28 15:50:32 --> Cart Class Initialized
INFO - 2022-03-28 15:50:33 --> Session: Class initialized using 'CodeIgniter\Session\Handlers\FileHandler' driver.
INFO - 2022-03-28 15:50:33 --> Cart Class Initialized
INFO - 2022-03-28 15:50:37 --> Session: Class initialized using 'CodeIgniter\Session\Handlers\FileHandler' driver.
INFO - 2022-03-28 15:50:37 --> Cart Class Initialized
INFO - 2022-03-28 15:50:41 --> Session: Class initialized using 'CodeIgniter\Session\Handlers\FileHandler' driver.
INFO - 2022-03-28 15:50:41 --> Cart Class Initialized
INFO - 2022-03-28 16:01:39 --> Session: Class initialized using 'CodeIgniter\Session\Handlers\FileHandler' driver.
INFO - 2022-03-28 16:01:39 --> Cart Class Initialized
INFO - 2022-03-28 16:01:40 --> Session: Class initialized using 'CodeIgniter\Session\Handlers\FileHandler' driver.
INFO - 2022-03-28 16:01:40 --> Cart Class Initialized
INFO - 2022-03-28 16:01:41 --> Session: Class initialized using 'CodeIgniter\Session\Handlers\FileHandler' driver.
INFO - 2022-03-28 16:01:41 --> Cart Class Initialized
INFO - 2022-03-28 16:07:55 --> Session: Class initialized using 'CodeIgniter\Session\Handlers\FileHandler' driver.
INFO - 2022-03-28 16:07:55 --> Cart Class Initialized
INFO - 2022-03-28 16:07:56 --> Session: Class initialized using 'CodeIgniter\Session\Handlers\FileHandler' driver.
INFO - 2022-03-28 16:07:56 --> Cart Class Initialized
INFO - 2022-03-28 16:07:57 --> Session: Class initialized using 'CodeIgniter\Session\Handlers\FileHandler' driver.
INFO - 2022-03-28 16:07:57 --> Cart Class Initialized
INFO - 2022-03-28 16:08:01 --> Session: Class initialized using 'CodeIgniter\Session\Handlers\FileHandler' driver.
INFO - 2022-03-28 16:08:01 --> Cart Class Initialized
INFO - 2022-03-28 16:08:02 --> Session: Class initialized using 'CodeIgniter\Session\Handlers\FileHandler' driver.
INFO - 2022-03-28 16:08:02 --> Cart Class Initialized
INFO - 2022-03-28 16:08:05 --> Session: Class initialized using 'CodeIgniter\Session\Handlers\FileHandler' driver.
INFO - 2022-03-28 16:08:05 --> Cart Class Initialized
INFO - 2022-03-28 16:08:05 --> Session: Class initialized using 'CodeIgniter\Session\Handlers\FileHandler' driver.
INFO - 2022-03-28 16:08:05 --> Cart Class Initialized
