INFO - 2022-03-18 02:59:07 --> Session: Class initialized using 'CodeIgniter\Session\Handlers\FileHandler' driver.
INFO - 2022-03-18 02:59:07 --> Session: Class initialized using 'CodeIgniter\Session\Handlers\FileHandler' driver.
INFO - 2022-03-18 02:59:12 --> Session: Class initialized using 'CodeIgniter\Session\Handlers\FileHandler' driver.
INFO - 2022-03-18 02:59:24 --> Session: Class initialized using 'CodeIgniter\Session\Handlers\FileHandler' driver.
INFO - 2022-03-18 02:59:24 --> Session: Class initialized using 'CodeIgniter\Session\Handlers\FileHandler' driver.
INFO - 2022-03-18 03:00:47 --> Session: Class initialized using 'CodeIgniter\Session\Handlers\FileHandler' driver.
INFO - 2022-03-18 03:03:50 --> Session: Class initialized using 'CodeIgniter\Session\Handlers\FileHandler' driver.
CRITICAL - 2022-03-18 03:03:50 --> Undefined variable: cat
#0 D:\xammp\htdocs\ci4\app\Views\admin\add_categories.php(36): CodeIgniter\Debug\Exceptions->errorHandler(8, 'Undefined varia...', 'D:\\xammp\\htdocs...', 36, Array)
#1 D:\xammp\htdocs\ci4\system\View\View.php(210): include('D:\\xammp\\htdocs...')
#2 D:\xammp\htdocs\ci4\system\View\View.php(213): CodeIgniter\View\View->CodeIgniter\View\{closure}()
#3 D:\xammp\htdocs\ci4\system\Common.php(1089): CodeIgniter\View\View->render('admin/add_categ...', Array, true)
#4 D:\xammp\htdocs\ci4\app\Controllers\Admin_Categories.php(26): view('admin/add_categ...', Array)
#5 D:\xammp\htdocs\ci4\system\CodeIgniter.php(825): App\Controllers\Admin_Categories->addCategoriesView()
#6 D:\xammp\htdocs\ci4\system\CodeIgniter.php(412): CodeIgniter\CodeIgniter->runController(Object(App\Controllers\Admin_Categories))
#7 D:\xammp\htdocs\ci4\system\CodeIgniter.php(320): CodeIgniter\CodeIgniter->handleRequest(NULL, Object(Config\Cache), false)
#8 D:\xammp\htdocs\ci4\index.php(37): CodeIgniter\CodeIgniter->run()
#9 {main}
INFO - 2022-03-18 03:04:48 --> Session: Class initialized using 'CodeIgniter\Session\Handlers\FileHandler' driver.
INFO - 2022-03-18 03:05:47 --> Session: Class initialized using 'CodeIgniter\Session\Handlers\FileHandler' driver.
INFO - 2022-03-18 03:06:21 --> Session: Class initialized using 'CodeIgniter\Session\Handlers\FileHandler' driver.
INFO - 2022-03-18 03:07:13 --> Session: Class initialized using 'CodeIgniter\Session\Handlers\FileHandler' driver.
INFO - 2022-03-18 03:07:37 --> Session: Class initialized using 'CodeIgniter\Session\Handlers\FileHandler' driver.
INFO - 2022-03-18 03:09:49 --> Session: Class initialized using 'CodeIgniter\Session\Handlers\FileHandler' driver.
INFO - 2022-03-18 03:10:33 --> Session: Class initialized using 'CodeIgniter\Session\Handlers\FileHandler' driver.
INFO - 2022-03-18 03:11:46 --> Session: Class initialized using 'CodeIgniter\Session\Handlers\FileHandler' driver.
INFO - 2022-03-18 03:12:32 --> Session: Class initialized using 'CodeIgniter\Session\Handlers\FileHandler' driver.
INFO - 2022-03-18 03:13:34 --> Session: Class initialized using 'CodeIgniter\Session\Handlers\FileHandler' driver.
INFO - 2022-03-18 03:14:01 --> Session: Class initialized using 'CodeIgniter\Session\Handlers\FileHandler' driver.
INFO - 2022-03-18 03:14:19 --> Session: Class initialized using 'CodeIgniter\Session\Handlers\FileHandler' driver.
INFO - 2022-03-18 03:14:56 --> Session: Class initialized using 'CodeIgniter\Session\Handlers\FileHandler' driver.
INFO - 2022-03-18 03:16:00 --> Session: Class initialized using 'CodeIgniter\Session\Handlers\FileHandler' driver.
INFO - 2022-03-18 03:16:14 --> Session: Class initialized using 'CodeIgniter\Session\Handlers\FileHandler' driver.
INFO - 2022-03-18 03:16:46 --> Session: Class initialized using 'CodeIgniter\Session\Handlers\FileHandler' driver.
INFO - 2022-03-18 03:16:47 --> Session: Class initialized using 'CodeIgniter\Session\Handlers\FileHandler' driver.
INFO - 2022-03-18 03:17:17 --> Session: Class initialized using 'CodeIgniter\Session\Handlers\FileHandler' driver.
INFO - 2022-03-18 03:19:18 --> Session: Class initialized using 'CodeIgniter\Session\Handlers\FileHandler' driver.
INFO - 2022-03-18 03:29:01 --> Session: Class initialized using 'CodeIgniter\Session\Handlers\FileHandler' driver.
INFO - 2022-03-18 03:29:50 --> Session: Class initialized using 'CodeIgniter\Session\Handlers\FileHandler' driver.
CRITICAL - 2022-03-18 03:30:04 --> Undefined property: App\Controllers\Seller_Products::$input
#0 D:\xammp\htdocs\ci4\app\Controllers\Seller_Products.php(69): CodeIgniter\Debug\Exceptions->errorHandler(8, 'Undefined prope...', 'D:\\xammp\\htdocs...', 69, Array)
#1 D:\xammp\htdocs\ci4\system\CodeIgniter.php(825): App\Controllers\Seller_Products->getSubCategories()
#2 D:\xammp\htdocs\ci4\system\CodeIgniter.php(412): CodeIgniter\CodeIgniter->runController(Object(App\Controllers\Seller_Products))
#3 D:\xammp\htdocs\ci4\system\CodeIgniter.php(320): CodeIgniter\CodeIgniter->handleRequest(NULL, Object(Config\Cache), false)
#4 D:\xammp\htdocs\ci4\index.php(37): CodeIgniter\CodeIgniter->run()
#5 {main}
INFO - 2022-03-18 03:31:27 --> Session: Class initialized using 'CodeIgniter\Session\Handlers\FileHandler' driver.
CRITICAL - 2022-03-18 03:31:32 --> Undefined property: App\Controllers\Seller_Products::$input
#0 D:\xammp\htdocs\ci4\app\Controllers\Seller_Products.php(69): CodeIgniter\Debug\Exceptions->errorHandler(8, 'Undefined prope...', 'D:\\xammp\\htdocs...', 69, Array)
#1 D:\xammp\htdocs\ci4\system\CodeIgniter.php(825): App\Controllers\Seller_Products->getSubCategories()
#2 D:\xammp\htdocs\ci4\system\CodeIgniter.php(412): CodeIgniter\CodeIgniter->runController(Object(App\Controllers\Seller_Products))
#3 D:\xammp\htdocs\ci4\system\CodeIgniter.php(320): CodeIgniter\CodeIgniter->handleRequest(NULL, Object(Config\Cache), false)
#4 D:\xammp\htdocs\ci4\index.php(37): CodeIgniter\CodeIgniter->run()
#5 {main}
INFO - 2022-03-18 03:34:17 --> Session: Class initialized using 'CodeIgniter\Session\Handlers\FileHandler' driver.
INFO - 2022-03-18 03:34:57 --> Session: Class initialized using 'CodeIgniter\Session\Handlers\FileHandler' driver.
INFO - 2022-03-18 03:35:15 --> Session: Class initialized using 'CodeIgniter\Session\Handlers\FileHandler' driver.
INFO - 2022-03-18 03:35:39 --> Session: Class initialized using 'CodeIgniter\Session\Handlers\FileHandler' driver.
INFO - 2022-03-18 03:37:29 --> Session: Class initialized using 'CodeIgniter\Session\Handlers\FileHandler' driver.
INFO - 2022-03-18 03:39:05 --> Session: Class initialized using 'CodeIgniter\Session\Handlers\FileHandler' driver.
INFO - 2022-03-18 03:40:21 --> Session: Class initialized using 'CodeIgniter\Session\Handlers\FileHandler' driver.
CRITICAL - 2022-03-18 03:40:25 --> Undefined property: App\Controllers\Seller_Products::$input
#0 D:\xammp\htdocs\ci4\app\Controllers\Seller_Products.php(69): CodeIgniter\Debug\Exceptions->errorHandler(8, 'Undefined prope...', 'D:\\xammp\\htdocs...', 69, Array)
#1 D:\xammp\htdocs\ci4\system\CodeIgniter.php(825): App\Controllers\Seller_Products->getSubCategories()
#2 D:\xammp\htdocs\ci4\system\CodeIgniter.php(412): CodeIgniter\CodeIgniter->runController(Object(App\Controllers\Seller_Products))
#3 D:\xammp\htdocs\ci4\system\CodeIgniter.php(320): CodeIgniter\CodeIgniter->handleRequest(NULL, Object(Config\Cache), false)
#4 D:\xammp\htdocs\ci4\index.php(37): CodeIgniter\CodeIgniter->run()
#5 {main}
INFO - 2022-03-18 03:40:46 --> Session: Class initialized using 'CodeIgniter\Session\Handlers\FileHandler' driver.
INFO - 2022-03-18 03:40:47 --> Session: Class initialized using 'CodeIgniter\Session\Handlers\FileHandler' driver.
CRITICAL - 2022-03-18 03:40:54 --> Undefined property: App\Controllers\Seller_Products::$input
#0 D:\xammp\htdocs\ci4\app\Controllers\Seller_Products.php(69): CodeIgniter\Debug\Exceptions->errorHandler(8, 'Undefined prope...', 'D:\\xammp\\htdocs...', 69, Array)
#1 D:\xammp\htdocs\ci4\system\CodeIgniter.php(825): App\Controllers\Seller_Products->getSubCategories()
#2 D:\xammp\htdocs\ci4\system\CodeIgniter.php(412): CodeIgniter\CodeIgniter->runController(Object(App\Controllers\Seller_Products))
#3 D:\xammp\htdocs\ci4\system\CodeIgniter.php(320): CodeIgniter\CodeIgniter->handleRequest(NULL, Object(Config\Cache), false)
#4 D:\xammp\htdocs\ci4\index.php(37): CodeIgniter\CodeIgniter->run()
#5 {main}
